****************************************
Report : area
Design : top
Version: U-2022.12-SP6
Date   : Sun Jun  1 00:33:46 2025
****************************************

Number of ports:                           18
Number of nets:                            47
Number of cells:                           33
Number of combinational cells:             33
Number of sequential cells:                 0
Number of macros/black boxes:               0
Number of buf/inv:                          0
Number of references:                      11

Combinational area:                    123.20
Buf/Inv area:                            0.00
Noncombinational area:                   0.00
Macro/Black Box area:                    0.00

Total cell area:                       123.20
1
