Verdi>restart
*Verdi* Loading libsscore_vcs202012.so
FSDB Dumper for VCS, Release Verdi_R-2020.12-SP2, Linux x86_64/64bit, 05/23/2021
(C) 1996 - 2021 by Synopsys, Inc.
*Verdi* FSDB WARNING: The FSDB file already exists. Overwriting the FSDB file may crash the programs that are using this file.
*Verdi* : Create FSDB file '/mnt/vol_NFS_rh003/estudiantes/DANIELA_VARGAS/Version_final/0516/versiones_finales/semana14/Registro_TMR/TMR_4/FLOW/common/rtl/sverilog/inter.fsdb'
*Verdi* : Flush all FSDB Files at 0 ps.
*Verdi* : Enable RPC Server(3933267)
*Verdi* : Flush all FSDB Files at 0 ps.
Chronologic VCS simulator copyright 1991-2020
Contains Synopsys proprietary information.
Compiler version R-2020.12-SP2_Full64; Runtime version R-2020.12-SP2_Full64;  May 26 23:15 2025
xterm-256color is Not a valid terminal...
Verdi>run

Test 1: Modo SISO

Test 2: Modo SIPO

Test 3: Modo PISO

Test 4: Modo PIPO
Inyectando errores en reg_parallel de u0 y u2 antes de la carga

Test 2: Modo SIPO
$finish called from file "tb_sin_errores.sv", line 105.
$finish at simulation time               315000
Simulation complete, time is 315000 ps.
tb_sin_errores.sv, 105 :     #20 $finish;
           V C S   S i m u l a t i o n   R e p o r t 
Time: 315000 ps
CPU Time:      0.090 seconds;       Data structure size:   0.0Mb
Mon May 26 23:37:44 2025
debExit
