version: (200506)

available memory: 64M bytes
used memory: 180224 bytes [need 176K bytes if disable swap]

used block: 8 [memory(8) file(0)]
                 [ 8K(6) 64K(2) { total 176K bytes } ]
overhead: (9538) bytes for (8) blocks [Average: (1192) bytes/block]

write  => 0(times) 0K(bytes) [0K bytes to file]
read   => 2(times) 35K(bytes) [5K bytes compressed data from file]
access => 220284(times) 1731M(bytes)
          [hit ratio: 99.9991%]

time: write(0) read(0)  unit: second

swap file directory: (/mnt/vol_NFS_rh003/estudiantes/DANIELA_VARGAS/Version_final/0516/versiones_finales/semana14/Registro_TMR/TMR_4/FLOW/common/rtl/sverilog/verdiLog)
used swap file number: (3)



swap file manager:
arrSize: (256)
idxCnt: (4)
closeHead: (1)
closeTail: (3)
openCnt: (3)
fid(3): fd(1073741825) fileName(/mnt/vol_NFS_rh003/estudiantes/DANIELA_VARGAS/Version_final/0516/versiones_finales/semana14/Registro_TMR/TMR_4/FLOW/common/rtl/sverilog/prueba5.daidir/kdb.elab++/work.lib++/top.sv#inc___vcs_unit__1__1#.tdc)
	size(4696) lastModTime(1748227815) curModTime(1748227815)
	mode(rb)	hot(0) cool(2) pos(0)
fid(2): fd(33) fileName(/mnt/vol_NFS_rh003/estudiantes/DANIELA_VARGAS/Version_final/0516/versiones_finales/semana14/Registro_TMR/TMR_4/FLOW/common/rtl/sverilog/verdiLog/_swap_0001#8323328#3369556)
	size(0) lastModTime(0) curModTime(1748227892)
	mode(w+b)	hot(3) cool(1) pos(0)
fid(1): fd(1073741824) fileName(/mnt/vol_NFS_rh003/estudiantes/DANIELA_VARGAS/Version_final/0516/versiones_finales/semana14/Registro_TMR/TMR_4/FLOW/common/rtl/sverilog/prueba5.daidir/kdb.elab++/work.lib++/tb3.sv.tdc)
	size(4813) lastModTime(1748227815) curModTime(1748227815)
	mode(rb)	hot(2) cool(0) pos(0)
fid(0): fd(0) fileName(NULL)
	mode(NULL)	hot(0) cool(0) pos(0)
==================================================
mySelf(169cbe80) pre(1507c5e0) next(0)
version(200506)
date(May 19 2021 05:00:27)
