version: (200506)

available memory: 64M bytes
used memory: 245760 bytes [need 240K bytes if disable swap]

used block: 16 [memory(16) file(0)]
                 [ 8K(14) 64K(2) { total 240K bytes } ]
overhead: (9555) bytes for (16) blocks [Average: (597) bytes/block]

write  => 0(times) 0K(bytes) [0K bytes to file]
read   => 2(times) 67K(bytes) [7K bytes compressed data from file]
access => 119444(times) 948M(bytes)
          [hit ratio: 99.9983%]

time: write(0) read(0)  unit: second

swap file directory: (/mnt/vol_NFS_rh003/estudiantes/DANIELA_VARGAS/Version_final/0516/versiones_finales/semana14/Registro_TMR/TMR_4_2/FLOW/fc_flow/results/verdiLog)
used swap file number: (3)



swap file manager:
arrSize: (256)
idxCnt: (4)
closeHead: (1)
closeTail: (3)
openCnt: (3)
fid(3): fd(1073741825) fileName(/mnt/vol_NFS_rh003/estudiantes/DANIELA_VARGAS/Version_final/0516/versiones_finales/semana14/Registro_TMR/TMR_4_2/FLOW/fc_flow/results/prueba3.daidir/kdb.elab++/work.lib++/top_initial_syn.v#inc___vcs_unit__1__1#.tdc)
	size(15712) lastModTime(1748239892) curModTime(1748239892)
	mode(rb)	hot(0) cool(2) pos(0)
fid(2): fd(33) fileName(/mnt/vol_NFS_rh003/estudiantes/DANIELA_VARGAS/Version_final/0516/versiones_finales/semana14/Registro_TMR/TMR_4_2/FLOW/fc_flow/results/verdiLog/_swap_0001#8323328#3451075)
	size(0) lastModTime(0) curModTime(1748240409)
	mode(w+b)	hot(3) cool(1) pos(0)
fid(1): fd(1073741824) fileName(/mnt/vol_NFS_rh003/estudiantes/DANIELA_VARGAS/Version_final/0516/versiones_finales/semana14/Registro_TMR/TMR_4_2/FLOW/fc_flow/results/prueba3.daidir/kdb.elab++/work.lib++/tb.sv.tdc)
	size(3853) lastModTime(1748239892) curModTime(1748239892)
	mode(rb)	hot(2) cool(0) pos(0)
fid(0): fd(0) fileName(NULL)
	mode(NULL)	hot(0) cool(0) pos(0)
==================================================
mySelf(16f9fe60) pre(167d5e40) next(0)
version(200506)
date(May 19 2021 05:00:27)
