****************************************
Report : area
Design : top
Version: U-2022.12-SP6
Date   : Thu Jun  5 14:59:24 2025
****************************************

Number of ports:                          200
Number of nets:                           501
Number of cells:                          316
Number of combinational cells:            237
Number of sequential cells:                79
Number of macros/black boxes:               0
Number of buf/inv:                         13
Number of references:                      37

Combinational area:                    656.40
Buf/Inv area:                           15.60
Noncombinational area:                 906.00
Macro/Black Box area:                    0.00

Total cell area:                      1562.40
1
