version: (200506)

available memory: 64M bytes
used memory: 491520 bytes [need 480K bytes if disable swap]

used block: 32 [memory(32) file(0)]
                 [ 8K(28) 64K(4) { total 480K bytes } ]
overhead: (9589) bytes for (32) blocks [Average: (299) bytes/block]

write  => 0(times) 0K(bytes) [0K bytes to file]
read   => 4(times) 131K(bytes) [14K bytes compressed data from file]
access => 146221(times) 1164M(bytes)
          [hit ratio: 99.9973%]

time: write(0) read(0)  unit: second

swap file directory: (/mnt/vol_NFS_rh003/estudiantes/DANIELA_VARGAS/Version_final/0516/versiones_finales/semana14/Contador_Hamming/TSMC_16_v2_sint2/FLOW/fc_flow/results/verdiLog)
used swap file number: (3)



swap file manager:
arrSize: (256)
idxCnt: (4)
closeHead: (1)
closeTail: (3)
openCnt: (3)
fid(3): fd(1073741825) fileName(/mnt/vol_NFS_rh003/estudiantes/DANIELA_VARGAS/Version_final/0516/versiones_finales/semana14/Contador_Hamming/TSMC_16_v2_sint2/FLOW/fc_flow/results/results.daidir/kdb.elab++/work.lib++/top_initial_syn.v#inc___vcs_unit__1__1#.tdc)
	size(28037) lastModTime(1748572498) curModTime(1748572498)
	mode(rb)	hot(0) cool(2) pos(0)
fid(2): fd(33) fileName(/mnt/vol_NFS_rh003/estudiantes/DANIELA_VARGAS/Version_final/0516/versiones_finales/semana14/Contador_Hamming/TSMC_16_v2_sint2/FLOW/fc_flow/results/verdiLog/_swap_0001#8323328#231449)
	size(0) lastModTime(0) curModTime(1748572533)
	mode(w+b)	hot(3) cool(1) pos(0)
fid(1): fd(1073741824) fileName(/mnt/vol_NFS_rh003/estudiantes/DANIELA_VARGAS/Version_final/0516/versiones_finales/semana14/Contador_Hamming/TSMC_16_v2_sint2/FLOW/fc_flow/results/results.daidir/kdb.elab++/work.lib++/tb.sv.tdc)
	size(2039) lastModTime(1748572498) curModTime(1748572498)
	mode(rb)	hot(2) cool(0) pos(0)
fid(0): fd(0) fileName(NULL)
	mode(NULL)	hot(0) cool(0) pos(0)
==================================================
mySelf(14f5bb60) pre(16c1bd90) next(0)
version(200506)
date(May 19 2021 05:00:27)
