Invoking simulator...

./results -sml=verdi +UVM_VERDI_TRACE=UVM_AWARE +fsdb+gate=off -ucli2Proc -ucli
debImport "-i" "-simflow" "-dbdir" "./results.daidir"
*Verdi* Loading libsscore_vcs202012.so

*Verdi* : Enable RPC Server(4033324)

srcTBInvokeSim
Chronologic VCS simulator copyright 1991-2020
Contains Synopsys proprietary information.
Compiler version R-2020.12-SP2_Full64; Runtime version R-2020.12-SP2_Full64;  May 28 19:10 2025
xterm-256color is Not a valid terminal...
Verdi>fsdbDumpvars 1 "tb_top.dut.clk"  +all +trace_process;fsdbDumpvars 1 "tb_top.dut.rst"  +all +trace_process;fsdbDumpvars 1 "tb_top.dut.enable"  +all +trace_process;fsdbDumpvars 1 "tb_top.dut.counter"  +all +trace_process;fsdbDumpvars 1 "tb_top.dut.parity_stored"  +all +trace_process;fsdbDumpvars 1 "tb_top.dut.corrected_counter"  +all +trace_process;fsdbDumpvars 1 "tb_top.dut.corrected_parity"  +all +trace_process;fsdbDumpvars 1 "tb_top.dut.syndrome"  +all +trace_process;fsdbDumpvars 1 "tb_top.dut.\\counter_and_parity/count_neg "  +all +trace_process;fsdbDumpvars 1 "tb_top.dut.\\counter_and_parity/counter_stored "  +all +trace_process;fsdbDumpvars 1 "tb_top.dut.\\counter_and_parity/N19 "  +all +trace_process;fsdbDumpvars 1 "tb_top.dut.\\counter_and_parity/N33 "  +all +trace_process;fsdbDumpvars 1 "tb_top.dut.busy"  +all +trace_process;fsdbDumpvars 1 "tb_top.dut.\\syndrome_inst/N69 "  +all +trace_process;fsdbDumpvars 1 "tb_top.dut.\\syndrome_inst/N75 "  +all +trace_process;fsdbDumpvars 1 "tb_top.dut.\\syndrome_inst/N0 "  +all +trace_process;fsdbDumpvars 1 "tb_top.dut.\\syndrome_inst/N1 "  +all +trace_process;fsdbDumpflush 

*Verdi* : Dumping the signal (tb_top.dut.clk).
*Verdi* : Dumping the signal (tb_top.dut.rst).
*Verdi* : Dumping the signal (tb_top.dut.enable).
*Verdi* : Dumping the signal (tb_top.dut.counter).
*Verdi* : Dumping the signal (tb_top.dut.parity_stored).
*Verdi* : Dumping the signal (tb_top.dut.corrected_counter).
*Verdi* : Dumping the signal (tb_top.dut.corrected_parity).
*Verdi* : Dumping the signal (tb_top.dut.syndrome).
*Verdi* : Dumping the signal (tb_top.dut.\counter_and_parity/count_neg ).
*Verdi* : Dumping the signal (tb_top.dut.\counter_and_parity/counter_stored ).
*Verdi* : Dumping the signal (tb_top.dut.\counter_and_parity/N19 ).
*Verdi* : Dumping the signal (tb_top.dut.\counter_and_parity/N33 ).
*Verdi* : Dumping the signal (tb_top.dut.busy).
*Verdi* : Dumping the signal (tb_top.dut.\syndrome_inst/N69 ).
*Verdi* : Dumping the signal (tb_top.dut.\syndrome_inst/N75 ).
*Verdi* : Dumping the signal (tb_top.dut.\syndrome_inst/N0 ).
*Verdi* : Dumping the signal (tb_top.dut.\syndrome_inst/N1 ).
*Verdi* : Flush all FSDB Files at 0 ps.

Verdi>run
tb.sv, 43 :         $stop;
           V C S   S i m u l a t i o n   R e p o r t 
Time: 215000 ps
CPU Time:      0.210 seconds;       Data structure size:   0.2Mb
Wed May 28 19:20:29 2025
debExit
