version: (200506)

available memory: 64M bytes
used memory: 925696 bytes [need 904K bytes if disable swap]

used block: 71 [memory(71) file(0)]
                 [ 8K(65) 64K(6) { total 904K bytes } ]
overhead: (16144) bytes for (71) blocks [Average: (227) bytes/block]

write  => 0(times) 0K(bytes) [0K bytes to file]
read   => 6(times) 318K(bytes) [34K bytes compressed data from file]
access => 172998(times) 1403M(bytes)
          [hit ratio: 99.9965%]

time: write(0) read(0)  unit: second

swap file directory: (/mnt/vol_NFS_rh003/estudiantes/DANIELA_VARGAS/Version_final/0516/versiones_finales/semana14/Contador_Hamming/TSMC_16/FLOW/fc_flow/results/verdiLog)
used swap file number: (3)



swap file manager:
arrSize: (256)
idxCnt: (4)
closeHead: (1)
closeTail: (3)
openCnt: (3)
fid(3): fd(1073741825) fileName(/mnt/vol_NFS_rh003/estudiantes/DANIELA_VARGAS/Version_final/0516/versiones_finales/semana14/Contador_Hamming/TSMC_16/FLOW/fc_flow/results/results.daidir/kdb.elab++/work.lib++/top_initial_syn.v#inc___vcs_unit__1__1#.tdc)
	size(46957) lastModTime(1748480769) curModTime(1748480769)
	mode(rb)	hot(0) cool(2) pos(0)
fid(2): fd(33) fileName(/mnt/vol_NFS_rh003/estudiantes/DANIELA_VARGAS/Version_final/0516/versiones_finales/semana14/Contador_Hamming/TSMC_16/FLOW/fc_flow/results/verdiLog/_swap_0001#8323328#4033243)
	size(0) lastModTime(0) curModTime(1748481013)
	mode(w+b)	hot(3) cool(1) pos(0)
fid(1): fd(1073741824) fileName(/mnt/vol_NFS_rh003/estudiantes/DANIELA_VARGAS/Version_final/0516/versiones_finales/semana14/Contador_Hamming/TSMC_16/FLOW/fc_flow/results/results.daidir/kdb.elab++/work.lib++/tb.sv.tdc)
	size(1987) lastModTime(1748480769) curModTime(1748480769)
	mode(rb)	hot(2) cool(0) pos(0)
fid(0): fd(0) fileName(NULL)
	mode(NULL)	hot(0) cool(0) pos(0)
==================================================
mySelf(16f5a400) pre(167cea40) next(0)
version(200506)
date(May 19 2021 05:00:27)
