****************************************
Report : design
Design : top
Version: U-2022.12-SP6
Date   : Sun May 25 01:24:30 2025
****************************************

Total number of std cells in library : 896
Total number of dont_use lib cells   : 72
Total number of dont_touch lib cells : 71
Total number of buffers              : 44
Total number of inverters            : 35
Total number of flip-flops           : 249
Total number of latches              : 84
Total number of ICGs                 : 20

Cell Instance Type  Count         Area
--------------------------------------
TOTAL LEAF CELLS      741     2173.200
unit                  741     2173.200
Standard cells        741     2173.200
unit                  741     2173.200
Hard macro cells        0        0.000
unit                  741     2173.200
Soft macro cells        0        0.000
unit                  741     2173.200
Always on cells         0        0.000
unit                  741     2173.200
Physical only         323      372.800
unit                  741     2173.200
Fixed cells           323      372.800
unit                  741     2173.200
Moveable cells        418     1800.400
unit                  741     2173.200
Placed cells          737     2156.400
unit                  741     2173.200
Sequential             57      687.600
unit                  741     2173.200
Buffer/inverter        21       34.400
unit                  741     2173.200
ICG cells               1        7.600
unit                  741     2173.200

Logic Hierarchies                    : 0
Design Masters count                 : 45
Total Flat nets count                : 497
Total FloatingNets count             : 0
Total no of Ports                    : 74
Number of Master Clocks in design    : 1
Number of Generated Clocks in design : 0
Number of Path Groups in design      : 7 (1 of them Non Default)
Number of Scan Chains in design      : 0
List of Modes                        : mode1
List of Corners                      : cornerSS, cornerFF
List of Scenarios                    : scenarioFF, scenarioSS

Core Area                            : 3504.000
Chip Area                            : 6324.000
Total Site Row Area                  : 3504.000
Number of Blockages                  : 0
Total area of Blockages              : 0.000
Number of Power Domains              : 1
Number of Voltage Areas              : 1
Number of Group Bounds               : 0
Number of Exclusive MoveBounds       : 0
Number of Hard or Soft MoveBounds    : 0
Number of Multibit Registers         : 0
Number of Multibit LS/ISO Cells      : 0
Number of Top Level RP Groups        : 0
Number of Tech Layers                : 37 (27 of them have unknown routing dir.)

Total wire length                    : 761.38 micron
Total number of wires                : 353
Total number of contacts             : 1108
1
