Warning: Scenario scenarioSS is not configured for hold analysis: skipping. (UIC-058)
****************************************
Report : timing
        -path_type full
        -delay_type min
        -max_paths 1
        -report_by design
Design : top
Version: U-2022.12-SP6
Date   : Sun May 25 01:25:28 2025
****************************************

  Startpoint: reg_data_reg[30] (rising edge-triggered flip-flop clocked by SYS_CLK)
  Endpoint: p1_reg[7] (rising edge-triggered flip-flop clocked by SYS_CLK)
  Mode: mode1
  Corner: cornerFF
  Scenario: scenarioFF
  Path Group: SYS_CLK
  Path Type: min

  Point                                            Incr      Path  
  ------------------------------------------------------------------------
  clock SYS_CLK (rise edge)                        0.00      0.00
  clock network delay (propagated)                 0.07      0.07

  reg_data_reg[30]/CP (SDFCND0HPBWP)               0.00      0.07 r
  reg_data_reg[30]/Q (SDFCND0HPBWP)                0.15      0.22 f
  ctmi_1046/ZN (XNR3D0HPBWP)                       0.07      0.29 r
  ctmi_1348/ZN (MUX3ND0HPBWP)                      0.06      0.35 f
  p1_reg[7]/D (SDFCND0HPBWP)                       0.00      0.35 f
  data arrival time                                          0.35

  clock SYS_CLK (rise edge)                        0.00      0.00
  clock network delay (propagated)                 0.16      0.16
  p1_reg[7]/CP (SDFCND0HPBWP)                      0.00      0.16 r
  library hold time                                0.00      0.17
  data required time                                         0.17
  ------------------------------------------------------------------------
  data required time                                         0.17
  data arrival time                                         -0.35
  ------------------------------------------------------------------------
  slack (MET)                                                0.18


1
