Warning: Scenario scenarioFF is not configured for setup analysis: skipping. (UIC-058)
****************************************
Report : timing
        -path_type full
        -delay_type max
        -max_paths 1
        -report_by design
Design : top
Version: U-2022.12-SP6
Date   : Sun May 25 01:22:44 2025
****************************************

  Startpoint: reg_data_reg[0] (rising edge-triggered flip-flop clocked by SYS_CLK)
  Endpoint: parallel_out[1] (output port clocked by SYS_CLK)
  Mode: mode1
  Corner: cornerSS
  Scenario: scenarioSS
  Path Group: **reg2out_default**
  Path Type: max

  Point                                            Incr      Path  
  ------------------------------------------------------------------------
  clock SYS_CLK (rise edge)                        0.00      0.00
  clock network delay (ideal)                      0.00      0.00

  reg_data_reg[0]/CP (SDFCND0HPBWP)                0.00      0.00 r
  reg_data_reg[0]/QN (SDFCND0HPBWP)                0.47      0.47 r
  ctmi_1037/ZN (OAI22D0HPBWP)                      0.18      0.64 f
  ctmi_1072/ZN (MUX2ND0HPBWP)                      0.17      0.82 f
  ctmi_1071/ZN (MOAI22D0HPBWP)                     0.21      1.02 r
  phfnr_buf_194/ZN (CKND0HPBWP)                    0.19      1.21 f
  ctmi_1110/ZN (NR2D0HPBWP)                        0.16      1.36 r
  ctmi_1109/ZN (MUX2ND0HPBWP)                      0.18      1.55 f
  parallel_out[1] (out)                            0.00      1.55 f
  data arrival time                                          1.55

  clock SYS_CLK (rise edge)                       10.00     10.00
  clock network delay (ideal)                      0.00     10.00
  clock uncertainty                               -0.30      9.70
  output external delay                           -1.00      8.70
  data required time                                         8.70
  ------------------------------------------------------------------------
  data required time                                         8.70
  data arrival time                                         -1.55
  ------------------------------------------------------------------------
  slack (MET)                                                7.15


1
