****************************************
Report : area
Design : top
Version: U-2022.12-SP6
Date   : Mon Jun  9 17:31:58 2025
****************************************

Number of ports:                         2225
Number of nets:                          5035
Number of cells:                         2956
Number of combinational cells:           2568
Number of sequential cells:               388
Number of macros/black boxes:               0
Number of buf/inv:                        474
Number of references:                      44

Combinational area:                   6053.20
Buf/Inv area:                          572.80
Noncombinational area:                4484.80
Macro/Black Box area:                    0.00

Total cell area:                     10538.00
1
