Warning: Scenario scenarioSS is not configured for hold analysis: skipping. (UIC-058)
****************************************
Report : timing
        -path_type full
        -delay_type min
        -max_paths 1
        -report_by design
Design : top
Version: U-2022.12-SP6
Date   : Mon Jun  9 17:31:58 2025
****************************************

  Startpoint: counter_3/q_reg[105] (rising edge-triggered flip-flop clocked by SYS_CLK)
  Endpoint: counter_3/q_reg[105] (rising edge-triggered flip-flop clocked by SYS_CLK)
  Mode: mode1
  Corner: cornerFF
  Scenario: scenarioFF
  Path Group: SYS_CLK
  Path Type: min

  Point                                            Incr      Path  
  ------------------------------------------------------------------------
  clock SYS_CLK (rise edge)                        0.00      0.00
  clock network delay (ideal)                      0.00      0.00

  counter_3/q_reg[105]/CP (SDFCNQD0HPBWP)          0.00      0.00 r
  counter_3/q_reg[105]/Q (SDFCNQD0HPBWP)           0.14      0.14 f
  counter_3/DP_OP_6_40867_55635_J2/ctmi_570/ZN (AOI22D1HPBWP)
                                                   0.04      0.18 r
  counter_3/ctmi_3196/ZN (MOAI22D0HPBWP)           0.03      0.21 f
  counter_3/q_reg[105]/D (SDFCNQD0HPBWP)           0.00      0.21 f
  data arrival time                                          0.21

  clock SYS_CLK (rise edge)                        0.00      0.00
  clock network delay (ideal)                      0.00      0.00
  counter_3/q_reg[105]/CP (SDFCNQD0HPBWP)          0.00      0.00 r
  library hold time                                0.01      0.01
  data required time                                         0.01
  ------------------------------------------------------------------------
  data required time                                         0.01
  data arrival time                                         -0.21
  ------------------------------------------------------------------------
  slack (MET)                                                0.20


1
