Warning: Scenario scenarioFF is not configured for setup analysis: skipping. (UIC-058)
****************************************
Report : timing
        -path_type full
        -delay_type max
        -max_paths 1
        -report_by design
Design : top
Version: U-2022.12-SP6
Date   : Sun May 25 02:39:33 2025
****************************************

  Startpoint: reg_data_reg[0] (rising edge-triggered flip-flop clocked by SYS_CLK)
  Endpoint: parallel_out[0] (output port clocked by SYS_CLK)
  Mode: mode1
  Corner: cornerSS
  Scenario: scenarioSS
  Path Group: **reg2out_default**
  Path Type: max

  Point                                            Incr      Path  
  ------------------------------------------------------------------------
  clock SYS_CLK (rise edge)                        0.00      0.00
  clock network delay (propagated)                 0.16      0.16

  reg_data_reg[0]/CP (SDFCNQD0HPBWP)               0.00      0.16 r
  reg_data_reg[0]/Q (SDFCNQD0HPBWP)                0.40      0.56 r
  ctmi_159/ZN (IAO22D0HPBWP)                       0.23      0.79 r
  ctmi_161/ZN (XNR3D0HPBWP)                        0.38      1.17 f
  place_optctmTdsLR_1_30/ZN (INR2D0HPBWP)          0.13      1.30 r
  ctmi_208/ZN (CKND2D0HPBWP)                       0.15      1.45 f
  ctmi_207/ZN (IOA22D0HPBWP)                       0.18      1.63 f
  parallel_out[0] (out)                            0.00      1.63 f
  data arrival time                                          1.63

  clock SYS_CLK (rise edge)                       10.00     10.00
  clock network delay (propagated)                 0.16     10.16
  clock uncertainty                               -0.30      9.86
  output external delay                           -1.00      8.86
  data required time                                         8.86
  ------------------------------------------------------------------------
  data required time                                         8.86
  data arrival time                                         -1.63
  ------------------------------------------------------------------------
  slack (MET)                                                7.23


1
