Warning: Scenario scenarioFF is not configured for setup analysis: skipping. (UIC-058)
****************************************
Report : timing
        -path_type full
        -delay_type max
        -max_paths 1
        -report_by design
Design : top
Version: U-2022.12-SP6
Date   : Sun May 25 02:33:44 2025
****************************************

  Startpoint: reg_data_reg[0] (rising edge-triggered flip-flop clocked by SYS_CLK)
  Endpoint: parallel_out[0] (output port clocked by SYS_CLK)
  Mode: mode1
  Corner: cornerSS
  Scenario: scenarioSS
  Path Group: **reg2out_default**
  Path Type: max

  Point                                            Incr      Path  
  ------------------------------------------------------------------------
  clock SYS_CLK (rise edge)                        0.00      0.00
  clock network delay (ideal)                      0.00      0.00

  reg_data_reg[0]/CP (SDFCNQD0HPBWP)               0.00      0.00 r
  reg_data_reg[0]/Q (SDFCNQD0HPBWP)                0.39      0.39 r
  ctmi_159/ZN (MAOI22D0HPBWP)                      0.23      0.62 r
  ctmi_161/ZN (XNR3D0HPBWP)                        0.37      0.99 f
  place_optctmTdsLR_1_30/ZN (INR2D0HPBWP)          0.12      1.10 r
  ctmi_208/ZN (CKND2D0HPBWP)                       0.14      1.24 f
  ctmi_207/ZN (MOAI22D0HPBWP)                      0.19      1.43 f
  parallel_out[0] (out)                            0.00      1.43 f
  data arrival time                                          1.43

  clock SYS_CLK (rise edge)                       10.00     10.00
  clock network delay (ideal)                      0.00     10.00
  clock uncertainty                               -0.30      9.70
  output external delay                           -1.00      8.70
  data required time                                         8.70
  ------------------------------------------------------------------------
  data required time                                         8.70
  data arrival time                                         -1.43
  ------------------------------------------------------------------------
  slack (MET)                                                7.27


1
