Warning: Scenario scenarioFF is not configured for setup analysis: skipping. (UIC-058)
****************************************
Report : timing
        -path_type full
        -delay_type max
        -max_paths 1
        -report_by design
Design : top
Version: U-2022.12-SP6
Date   : Tue Jun  3 22:24:41 2025
****************************************

  Startpoint: q_reg[0] (rising edge-triggered flip-flop clocked by SYS_CLK)
  Endpoint: q[0] (output port clocked by SYS_CLK)
  Mode: mode1
  Corner: cornerSS
  Scenario: scenarioSS
  Path Group: **reg2out_default**
  Path Type: max

  Point                                            Incr      Path  
  ------------------------------------------------------------------------
  clock SYS_CLK (rise edge)                        0.00      0.00
  clock network delay (ideal)                      0.00      0.00

  q_reg[0]/CP (SDFCNQD0HPBWP)                      0.00      0.00 r
  q_reg[0]/Q (SDFCNQD0HPBWP)                       0.36      0.36 r
  q[0] (out)                                       0.00      0.36 r
  data arrival time                                          0.36

  clock SYS_CLK (rise edge)                       10.00     10.00
  clock network delay (ideal)                      0.00     10.00
  clock uncertainty                               -0.30      9.70
  output external delay                           -1.00      8.70
  data required time                                         8.70
  ------------------------------------------------------------------------
  data required time                                         8.70
  data arrival time                                         -0.36
  ------------------------------------------------------------------------
  slack (MET)                                                8.34


1
