Warning: Scenario scenarioSS is not configured for hold analysis: skipping. (UIC-058)
****************************************
Report : timing
        -path_type full
        -delay_type min
        -max_paths 1
        -report_by design
Design : top
Version: U-2022.12-SP6
Date   : Mon May 26 19:24:11 2025
****************************************

  Startpoint: counter_1/q_reg[3] (rising edge-triggered flip-flop clocked by SYS_CLK)
  Endpoint: counter_1/q_reg[3] (rising edge-triggered flip-flop clocked by SYS_CLK)
  Mode: mode1
  Corner: cornerFF
  Scenario: scenarioFF
  Path Group: SYS_CLK
  Path Type: min

  Point                                            Incr      Path  
  ------------------------------------------------------------------------
  clock SYS_CLK (rise edge)                        0.00      0.00
  clock network delay (ideal)                      0.00      0.00

  counter_1/q_reg[3]/CP (SDFCNQD0HPBWP)            0.00      0.00 r
  counter_1/q_reg[3]/Q (SDFCNQD0HPBWP)             0.16      0.16 f
  counter_1/ctmi_217/ZN (OAI211D1HPBWP)            0.04      0.20 r
  counter_1/ctmi_216/ZN (CKND2D1HPBWP)             0.02      0.22 f
  counter_1/q_reg[3]/D (SDFCNQD0HPBWP)             0.00      0.22 f
  data arrival time                                          0.22

  clock SYS_CLK (rise edge)                        0.00      0.00
  clock network delay (ideal)                      0.00      0.00
  counter_1/q_reg[3]/CP (SDFCNQD0HPBWP)            0.00      0.00 r
  library hold time                                0.01      0.01
  data required time                                         0.01
  ------------------------------------------------------------------------
  data required time                                         0.01
  data arrival time                                         -0.22
  ------------------------------------------------------------------------
  slack (MET)                                                0.21


1
