****************************************
Report : qor
Design : top
Version: U-2022.12-SP6
Date   : Mon May 26 19:24:11 2025
****************************************


Scenario           'scenarioFF'
Timing Path Group  '**in2reg_default**'
----------------------------------------
Worst Hold Violation:              0.00
Total Hold Violation:              0.00
No. of Hold Violations:               0
----------------------------------------

Scenario           'scenarioFF'
Timing Path Group  '**reg2out_default**'
----------------------------------------
Worst Hold Violation:              0.00
Total Hold Violation:              0.00
No. of Hold Violations:               0
----------------------------------------

Scenario           'scenarioFF'
Timing Path Group  'SYS_CLK'
----------------------------------------
Worst Hold Violation:              0.00
Total Hold Violation:              0.00
No. of Hold Violations:               0
----------------------------------------

Scenario           'scenarioSS'
Timing Path Group  '**in2reg_default**'
----------------------------------------
Levels of Logic:                      0
Critical Path Length:              0.80
Critical Path Slack:               8.71
Critical Path Clk Period:         10.00
Total Negative Slack:              0.00
No. of Violating Paths:               0
----------------------------------------

Scenario           'scenarioSS'
Timing Path Group  '**reg2out_default**'
----------------------------------------
Levels of Logic:                      2
Critical Path Length:              0.87
Critical Path Slack:               7.83
Critical Path Clk Period:         10.00
Total Negative Slack:              0.00
No. of Violating Paths:               0
----------------------------------------

Scenario           'scenarioSS'
Timing Path Group  'SYS_CLK'
----------------------------------------
Levels of Logic:                      9
Critical Path Length:              1.93
Critical Path Slack:               7.69
Critical Path Clk Period:         10.00
Total Negative Slack:              0.00
No. of Violating Paths:               0
----------------------------------------


Cell Count
----------------------------------------
Hierarchical Cell Count:              7
Hierarchical Port Count:            172
Leaf Cell Count:                    191
Buf/Inv Cell Count:                  17
Buf Cell Count:                       0
Inv Cell Count:                      17
Combinational Cell Count:           163
   Single-bit Isolation Cell Count:                        0
   Multi-bit Isolation Cell Count:                         0
   Isolation Cell Banking Ratio:                           0.00%
   Single-bit Level Shifter Cell Count:                    0
   Multi-bit Level Shifter Cell Count:                     0
   Level Shifter Cell Banking Ratio:                       0.00%
   Single-bit ELS Cell Count:                              0
   Multi-bit ELS Cell Count:                               0
   ELS Cell Banking Ratio:                                 0.00%
Sequential Cell Count:               28
   Integrated Clock-Gating Cell Count:                     4
   Sequential Macro Cell Count:                            0
   Single-bit Sequential Cell Count:                       24
   Multi-bit Sequential Cell Count:                        0
   Sequential Cell Banking Ratio:                          0.00%
   BitsPerflop:                                            1.00
Macro Count:                          0
----------------------------------------


Area
----------------------------------------
Combinational Area:              408.40
Noncombinational Area:           308.80
Buf/Inv Area:                     20.40
Total Buffer Area:                 0.00
Total Inverter Area:              20.40
Macro/Black Box Area:              0.00
Net Area:                             0
Net XLength:                    1091.96
Net YLength:                    1280.29
----------------------------------------
Cell Area (netlist):                            717.20
Cell Area (netlist and physical only):          717.20
Net Length:                     2372.25


Design Rules
----------------------------------------
Total Number of Nets:               199
Nets with Violations:                 0
Max Trans Violations:                 0
Max Cap Violations:                   0
----------------------------------------

1
