Information: Corner cornerFF: no PVT mismatches. (PVT-032)
Information: Corner cornerSS: no PVT mismatches. (PVT-032)
****************************************
Report : power
        -significant_digits 2
Design : top
Version: U-2022.12-SP6
Date   : Tue Jun  3 22:17:22 2025
****************************************
Information: Activity propagation will be performed for scenario scenarioSS.
Information: Doing activity propagation for mode 'mode1' and corner 'cornerSS' with effort level 'medium'. (POW-024)
Information: Timer-derived activity data is cached on scenario scenarioSS (POW-052)
Infomation: Fast mode activity propagation power.rtl_activity_annotation setup is ignored. Always use accurate mode.
Information: Running switching activity propagation in scalar mode!

 **** Information : No. of simulation cycles = 6 ****
Information: Propagated activity on scenario scenarioFF identical to that on scenarioSS (POW-006)
Information: The stitching and editing of coupling caps is turned OFF for design 'top_lib:top/auto_floorplan.design'. (TIM-125)
Information: Design Average RC for design top  (NEX-011)
Information: r = 0.815901 ohm/um, via_r = 1.815407 ohm/cut, c = 0.106835 ff/um, cc = 0.000000 ff/um (X dir) (NEX-017)
Information: r = 0.808151 ohm/um, via_r = 1.815407 ohm/cut, c = 0.126658 ff/um, cc = 0.000000 ff/um (Y dir) (NEX-017)
Information: The RC mode used is VR for design 'top'. (NEX-022)
Information: Update timing completed net estimation for all the timing graph nets (TIM-111)
Information: Net estimation statistics: timing graph nets = 15, routed nets = 0, across physical hierarchy nets = 0, parasitics cached nets = 15, delay annotated nets = 0, parasitics annotated nets = 0, multi-voltage nets = 0. (TIM-112)
************************************************************
Timer Settings:
Delay Calculation Style:                   auto
Signal Integrity Analysis:                 disabled
Timing Window Analysis:                    disabled
Advanced Waveform Propagation:             disabled
Variation Type:                            fixed_derate
Clock Reconvergence Pessimism Removal:     disabled
Advanced Receiver Model:                   disabled
ML Acceleration:                           off
************************************************************
Mode: mode1
Corner: cornerFF
Scenario: scenarioFF
Voltage: 1.32
Temperature: 125.00

Voltage Unit         : 1V
Capacitance Unit     : 1pF
Time Unit            : 1ns
Temperature Unit     : 1C
Dynamic Power Unit   : 1nW
Leakage Power Unit   : 1nW

Switched supply net power scaling:
scaling for leakage power

Supply nets:
VDD (power) probability 1.00 (default)
VSS (ground) probability 1.00 (default)
Warning: Power table extrapolation (extrapolation mode) for port ZN on cell phfnr_buf_8 for parameter Tinp. Lowest table value = 0.004000, highest table value = 0.331200, value = 0.000076 (POW-046)
Warning: Power table extrapolation (extrapolation mode) for port E on cell clock_gate_q_reg for parameter Tinp. Lowest table value = 0.004000, highest table value = 0.331200, value = 0.000038 (POW-046)

  Cell Internal Power    = 7.51e+03 nW ( 89.3%)
  Net Switching Power    = 9.02e+02 nW ( 10.7%)
Total Dynamic Power      = 8.41e+03 nW (100.0%)

Cell Leakage Power       = 2.00e+03 nW


  Attributes
  ----------
      u  -  User defined power group
      i  -  Includes clock pin internal power

Power Group         Internal Power        Switching Power          Leakage Power            Total Power    (   %  )    Attrs
-----------------------------------------------------------------------------------------------------------------------------
io_pad                    0.00e+00               0.00e+00               0.00e+00               0.00e+00    (  0.0%)         
memory                    0.00e+00               0.00e+00               0.00e+00               0.00e+00    (  0.0%)         
black_box                 0.00e+00               0.00e+00               0.00e+00               0.00e+00    (  0.0%)         
clock_network             6.33e+03               4.31e+02               2.16e+02               6.98e+03    ( 67.1%)        i
register                  8.46e+02               2.64e+02               9.44e+02               2.05e+03    ( 19.7%)         
sequential                0.00e+00               0.00e+00               0.00e+00               0.00e+00    (  0.0%)         
combinational             3.26e+02               2.08e+02               8.40e+02               1.37e+03    ( 13.2%)         
-----------------------------------------------------------------------------------------------------------------------------
Total                     7.51e+03 nW            9.02e+02 nW            2.00e+03 nW            1.04e+04 nW
Mode: mode1
Corner: cornerSS
Scenario: scenarioSS
Voltage: 1.08
Temperature: 125.00

Voltage Unit         : 1V
Capacitance Unit     : 1pF
Time Unit            : 1ns
Temperature Unit     : 1C
Dynamic Power Unit   : 1nW
Leakage Power Unit   : 1nW

Switched supply net power scaling:
scaling for leakage power

Supply nets:
VDD (power) probability 1.00 (default)
VSS (ground) probability 1.00 (default)

  Cell Internal Power    = 3.80e+03 nW ( 86.5%)
  Net Switching Power    = 5.94e+02 nW ( 13.5%)
Total Dynamic Power      = 4.40e+03 nW (100.0%)

Cell Leakage Power       = 2.41e+01 nW


  Attributes
  ----------
      u  -  User defined power group
      i  -  Includes clock pin internal power

Power Group         Internal Power        Switching Power          Leakage Power            Total Power    (   %  )    Attrs
-----------------------------------------------------------------------------------------------------------------------------
io_pad                    0.00e+00               0.00e+00               0.00e+00               0.00e+00    (  0.0%)         
memory                    0.00e+00               0.00e+00               0.00e+00               0.00e+00    (  0.0%)         
black_box                 0.00e+00               0.00e+00               0.00e+00               0.00e+00    (  0.0%)         
clock_network             3.13e+03               2.76e+02               2.75e+00               3.41e+03    ( 77.2%)        i
register                  4.79e+02               1.79e+02               1.04e+01               6.68e+02    ( 15.1%)         
sequential                0.00e+00               0.00e+00               0.00e+00               0.00e+00    (  0.0%)         
combinational             1.88e+02               1.39e+02               1.09e+01               3.38e+02    (  7.6%)         
-----------------------------------------------------------------------------------------------------------------------------
Total                     3.80e+03 nW            5.94e+02 nW            2.41e+01 nW            4.42e+03 nW
1
