Information: Corner cornerFF: no PVT mismatches. (PVT-032)
Information: Corner cornerSS: no PVT mismatches. (PVT-032)
****************************************
Report : power
        -significant_digits 2
Design : top
Version: U-2022.12-SP6
Date   : Tue Jun  3 22:33:21 2025
****************************************
Information: Activity propagation will be performed for scenario scenarioFF.
Information: Doing activity propagation for mode 'mode1' and corner 'cornerFF' with effort level 'medium'. (POW-024)
Information: Timer-derived activity data is cached on scenario scenarioFF (POW-052)
Infomation: Fast mode activity propagation power.rtl_activity_annotation setup is ignored. Always use accurate mode.
Information: Running switching activity propagation in scalar mode!

 **** Information : No. of simulation cycles = 6 ****
Information: Propagated activity on scenario scenarioSS identical to that on scenarioFF (POW-006)
Information: The stitching and editing of coupling caps is turned OFF for design 'top_lib:top/auto_floorplan.design'. (TIM-125)
Information: Design Average RC for design top  (NEX-011)
Information: r = 0.821209 ohm/um, via_r = 1.815407 ohm/cut, c = 0.112231 ff/um, cc = 0.000000 ff/um (X dir) (NEX-017)
Information: r = 0.821852 ohm/um, via_r = 1.815407 ohm/cut, c = 0.132885 ff/um, cc = 0.000000 ff/um (Y dir) (NEX-017)
Information: The RC mode used is VR for design 'top'. (NEX-022)
Information: Update timing completed net estimation for all the timing graph nets (TIM-111)
Information: Net estimation statistics: timing graph nets = 99, routed nets = 0, across physical hierarchy nets = 0, parasitics cached nets = 99, delay annotated nets = 0, parasitics annotated nets = 0, multi-voltage nets = 0. (TIM-112)
************************************************************
Timer Settings:
Delay Calculation Style:                   auto
Signal Integrity Analysis:                 disabled
Timing Window Analysis:                    disabled
Advanced Waveform Propagation:             disabled
Variation Type:                            fixed_derate
Clock Reconvergence Pessimism Removal:     disabled
Advanced Receiver Model:                   disabled
ML Acceleration:                           off
************************************************************
Mode: mode1
Corner: cornerFF
Scenario: scenarioFF
Voltage: 1.32
Temperature: 125.00

Voltage Unit         : 1V
Capacitance Unit     : 1pF
Time Unit            : 1ns
Temperature Unit     : 1C
Dynamic Power Unit   : 1nW
Leakage Power Unit   : 1nW

Switched supply net power scaling:
scaling for leakage power

Supply nets:
VDD (power) probability 1.00 (default)
VSS (ground) probability 1.00 (default)
Warning: Power table extrapolation (extrapolation mode) for port CDN on cell q_reg[29] for parameter Tinp. Lowest table value = 0.004000, highest table value = 0.331200, value = 0.453167 (POW-046)
Warning: Power table extrapolation (extrapolation mode) for port CDN on cell q_reg[28] for parameter Tinp. Lowest table value = 0.004000, highest table value = 0.331200, value = 0.453167 (POW-046)
Warning: Power table extrapolation (extrapolation mode) for port CDN on cell q_reg[27] for parameter Tinp. Lowest table value = 0.004000, highest table value = 0.331200, value = 0.453167 (POW-046)
Warning: Power table extrapolation (extrapolation mode) for port CDN on cell q_reg[26] for parameter Tinp. Lowest table value = 0.004000, highest table value = 0.331200, value = 0.453167 (POW-046)
Warning: Power table extrapolation (extrapolation mode) for port CDN on cell q_reg[25] for parameter Tinp. Lowest table value = 0.004000, highest table value = 0.331200, value = 0.453167 (POW-046)
Warning: Power table extrapolation (extrapolation mode) for port CDN on cell q_reg[24] for parameter Tinp. Lowest table value = 0.004000, highest table value = 0.331200, value = 0.453167 (POW-046)
Warning: Power table extrapolation (extrapolation mode) for port CDN on cell q_reg[23] for parameter Tinp. Lowest table value = 0.004000, highest table value = 0.331200, value = 0.453167 (POW-046)
Warning: Power table extrapolation (extrapolation mode) for port CDN on cell q_reg[22] for parameter Tinp. Lowest table value = 0.004000, highest table value = 0.331200, value = 0.453167 (POW-046)
Warning: Power table extrapolation (extrapolation mode) for port CDN on cell q_reg[21] for parameter Tinp. Lowest table value = 0.004000, highest table value = 0.331200, value = 0.453167 (POW-046)
Warning: Power table extrapolation (extrapolation mode) for port CDN on cell q_reg[20] for parameter Tinp. Lowest table value = 0.004000, highest table value = 0.331200, value = 0.453167 (POW-046)
Note - message 'POW-046' limit (10) exceeded. Remainder will be suppressed.

  Cell Internal Power    = 3.49e+04 nW ( 86.4%)
  Net Switching Power    = 5.51e+03 nW ( 13.6%)
Total Dynamic Power      = 4.05e+04 nW (100.0%)

Cell Leakage Power       = 1.77e+04 nW


  Attributes
  ----------
      u  -  User defined power group
      i  -  Includes clock pin internal power

Power Group         Internal Power        Switching Power          Leakage Power            Total Power    (   %  )    Attrs
-----------------------------------------------------------------------------------------------------------------------------
io_pad                    0.00e+00               0.00e+00               0.00e+00               0.00e+00    (  0.0%)         
memory                    0.00e+00               0.00e+00               0.00e+00               0.00e+00    (  0.0%)         
black_box                 0.00e+00               0.00e+00               0.00e+00               0.00e+00    (  0.0%)         
clock_network             3.32e+04               4.26e+03               2.16e+02               3.76e+04    ( 64.7%)        i
register                  1.42e+03               3.11e+02               7.25e+03               8.99e+03    ( 15.4%)         
sequential                0.00e+00               0.00e+00               0.00e+00               0.00e+00    (  0.0%)         
combinational             3.51e+02               9.44e+02               1.03e+04               1.16e+04    ( 19.9%)         
-----------------------------------------------------------------------------------------------------------------------------
Total                     3.49e+04 nW            5.51e+03 nW            1.77e+04 nW            5.82e+04 nW
Mode: mode1
Corner: cornerSS
Scenario: scenarioSS
Voltage: 1.08
Temperature: 125.00

Voltage Unit         : 1V
Capacitance Unit     : 1pF
Time Unit            : 1ns
Temperature Unit     : 1C
Dynamic Power Unit   : 1nW
Leakage Power Unit   : 1nW

Switched supply net power scaling:
scaling for leakage power

Supply nets:
VDD (power) probability 1.00 (default)
VSS (ground) probability 1.00 (default)

  Cell Internal Power    = 1.81e+04 nW ( 83.3%)
  Net Switching Power    = 3.63e+03 nW ( 16.7%)
Total Dynamic Power      = 2.17e+04 nW (100.0%)

Cell Leakage Power       = 2.24e+02 nW


  Attributes
  ----------
      u  -  User defined power group
      i  -  Includes clock pin internal power

Power Group         Internal Power        Switching Power          Leakage Power            Total Power    (   %  )    Attrs
-----------------------------------------------------------------------------------------------------------------------------
io_pad                    0.00e+00               0.00e+00               0.00e+00               0.00e+00    (  0.0%)         
memory                    0.00e+00               0.00e+00               0.00e+00               0.00e+00    (  0.0%)         
black_box                 0.00e+00               0.00e+00               0.00e+00               0.00e+00    (  0.0%)         
clock_network             1.71e+04               2.79e+03               2.75e+00               1.99e+04    ( 90.6%)        i
register                  7.92e+02               2.12e+02               8.17e+01               1.09e+03    (  4.9%)         
sequential                0.00e+00               0.00e+00               0.00e+00               0.00e+00    (  0.0%)         
combinational             2.01e+02               6.32e+02               1.39e+02               9.72e+02    (  4.4%)         
-----------------------------------------------------------------------------------------------------------------------------
Total                     1.81e+04 nW            3.63e+03 nW            2.24e+02 nW            2.20e+04 nW
1
