Information: Corner cornerFF: no PVT mismatches. (PVT-032)
Information: Corner cornerSS: no PVT mismatches. (PVT-032)
****************************************
Report : power
        -significant_digits 2
Design : top
Version: U-2022.12-SP6
Date   : Mon May 26 20:47:49 2025
****************************************
Information: Activity propagation will be performed for scenario scenarioSS.
Information: Doing activity propagation for mode 'mode1' and corner 'cornerSS' with effort level 'medium'. (POW-024)
Information: Timer-derived activity data is cached on scenario scenarioSS (POW-052)
Infomation: Fast mode activity propagation power.rtl_activity_annotation setup is ignored. Always use accurate mode.
Information: Running switching activity propagation in scalar mode!

 **** Information : No. of simulation cycles = 6 ****
Information: Propagated activity on scenario scenarioFF identical to that on scenarioSS (POW-006)
Information: The stitching and editing of coupling caps is turned OFF for design 'top_lib:top/auto_floorplan.design'. (TIM-125)
Information: Design Average RC for design top  (NEX-011)
Information: r = 0.852869 ohm/um, via_r = 1.815407 ohm/cut, c = 0.131541 ff/um, cc = 0.000000 ff/um (X dir) (NEX-017)
Information: r = 0.859941 ohm/um, via_r = 1.815407 ohm/cut, c = 0.151003 ff/um, cc = 0.000000 ff/um (Y dir) (NEX-017)
Information: The RC mode used is VR for design 'top'. (NEX-022)
Information: Update timing completed net estimation for all the timing graph nets (TIM-111)
Information: Net estimation statistics: timing graph nets = 770, routed nets = 0, across physical hierarchy nets = 0, parasitics cached nets = 770, delay annotated nets = 0, parasitics annotated nets = 0, multi-voltage nets = 0. (TIM-112)
************************************************************
Timer Settings:
Delay Calculation Style:                   auto
Signal Integrity Analysis:                 disabled
Timing Window Analysis:                    disabled
Advanced Waveform Propagation:             disabled
Variation Type:                            fixed_derate
Clock Reconvergence Pessimism Removal:     disabled
Advanced Receiver Model:                   disabled
ML Acceleration:                           off
************************************************************
Mode: mode1
Corner: cornerFF
Scenario: scenarioFF
Voltage: 1.32
Temperature: 125.00

Voltage Unit         : 1V
Capacitance Unit     : 1pF
Time Unit            : 1ns
Temperature Unit     : 1C
Dynamic Power Unit   : 1nW
Leakage Power Unit   : 1nW

Switched supply net power scaling:
scaling for leakage power

Supply nets:
VDD (power) probability 1.00 (default)
VSS (ground) probability 1.00 (default)
Warning: Power table extrapolation (extrapolation mode) for port CDN on cell counter_1/q_reg[29] for parameter Tinp. Lowest table value = 0.004000, highest table value = 0.331200, value = 0.579987 (POW-046)
Warning: Power table extrapolation (extrapolation mode) for port CDN on cell counter_1/q_reg[28] for parameter Tinp. Lowest table value = 0.004000, highest table value = 0.331200, value = 0.579987 (POW-046)
Warning: Power table extrapolation (extrapolation mode) for port CDN on cell counter_1/q_reg[27] for parameter Tinp. Lowest table value = 0.004000, highest table value = 0.331200, value = 0.579987 (POW-046)
Warning: Power table extrapolation (extrapolation mode) for port CDN on cell counter_1/q_reg[26] for parameter Tinp. Lowest table value = 0.004000, highest table value = 0.331200, value = 0.578079 (POW-046)
Warning: Power table extrapolation (extrapolation mode) for port CDN on cell counter_1/q_reg[25] for parameter Tinp. Lowest table value = 0.004000, highest table value = 0.331200, value = 0.578079 (POW-046)
Warning: Power table extrapolation (extrapolation mode) for port CDN on cell counter_1/q_reg[24] for parameter Tinp. Lowest table value = 0.004000, highest table value = 0.331200, value = 0.581608 (POW-046)
Warning: Power table extrapolation (extrapolation mode) for port CDN on cell counter_1/q_reg[23] for parameter Tinp. Lowest table value = 0.004000, highest table value = 0.331200, value = 0.581608 (POW-046)
Warning: Power table extrapolation (extrapolation mode) for port CDN on cell counter_1/q_reg[22] for parameter Tinp. Lowest table value = 0.004000, highest table value = 0.331200, value = 0.581608 (POW-046)
Warning: Power table extrapolation (extrapolation mode) for port CDN on cell counter_1/q_reg[21] for parameter Tinp. Lowest table value = 0.004000, highest table value = 0.331200, value = 0.579033 (POW-046)
Warning: Power table extrapolation (extrapolation mode) for port CDN on cell counter_1/q_reg[20] for parameter Tinp. Lowest table value = 0.004000, highest table value = 0.331200, value = 0.579033 (POW-046)
Note - message 'POW-046' limit (10) exceeded. Remainder will be suppressed.

  Cell Internal Power    = 3.75e+04 nW ( 73.5%)
  Net Switching Power    = 1.35e+04 nW ( 26.5%)
Total Dynamic Power      = 5.10e+04 nW (100.0%)

Cell Leakage Power       = 6.13e+04 nW


  Attributes
  ----------
      u  -  User defined power group
      i  -  Includes clock pin internal power

Power Group         Internal Power        Switching Power          Leakage Power            Total Power    (   %  )    Attrs
-----------------------------------------------------------------------------------------------------------------------------
io_pad                    0.00e+00               0.00e+00               0.00e+00               0.00e+00    (  0.0%)         
memory                    0.00e+00               0.00e+00               0.00e+00               0.00e+00    (  0.0%)         
black_box                 0.00e+00               0.00e+00               0.00e+00               0.00e+00    (  0.0%)         
clock_network             3.08e+04               6.20e+03               8.62e+02               3.79e+04    ( 33.7%)        i
register                  4.85e+03               1.73e+03               2.28e+04               2.94e+04    ( 26.2%)         
sequential                0.00e+00               0.00e+00               0.00e+00               0.00e+00    (  0.0%)         
combinational             1.84e+03               5.57e+03               3.76e+04               4.50e+04    ( 40.1%)         
-----------------------------------------------------------------------------------------------------------------------------
Total                     3.75e+04 nW            1.35e+04 nW            6.13e+04 nW            1.12e+05 nW
Mode: mode1
Corner: cornerSS
Scenario: scenarioSS
Voltage: 1.08
Temperature: 125.00

Voltage Unit         : 1V
Capacitance Unit     : 1pF
Time Unit            : 1ns
Temperature Unit     : 1C
Dynamic Power Unit   : 1nW
Leakage Power Unit   : 1nW

Switched supply net power scaling:
scaling for leakage power

Supply nets:
VDD (power) probability 1.00 (default)
VSS (ground) probability 1.00 (default)

  Cell Internal Power    = 1.91e+04 nW ( 68.0%)
  Net Switching Power    = 9.00e+03 nW ( 32.0%)
Total Dynamic Power      = 2.81e+04 nW (100.0%)

Cell Leakage Power       = 7.15e+02 nW


  Attributes
  ----------
      u  -  User defined power group
      i  -  Includes clock pin internal power

Power Group         Internal Power        Switching Power          Leakage Power            Total Power    (   %  )    Attrs
-----------------------------------------------------------------------------------------------------------------------------
io_pad                    0.00e+00               0.00e+00               0.00e+00               0.00e+00    (  0.0%)         
memory                    0.00e+00               0.00e+00               0.00e+00               0.00e+00    (  0.0%)         
black_box                 0.00e+00               0.00e+00               0.00e+00               0.00e+00    (  0.0%)         
clock_network             1.57e+04               4.18e+03               1.10e+01               1.99e+04    ( 68.8%)        i
register                  2.52e+03               1.12e+03               2.59e+02               3.89e+03    ( 13.5%)         
sequential                0.00e+00               0.00e+00               0.00e+00               0.00e+00    (  0.0%)         
combinational             9.72e+02               3.70e+03               4.45e+02               5.12e+03    ( 17.7%)         
-----------------------------------------------------------------------------------------------------------------------------
Total                     1.91e+04 nW            9.00e+03 nW            7.15e+02 nW            2.89e+04 nW
1
