version: (200506)

available memory: 64M bytes
used memory: 393216 bytes [need 384K bytes if disable swap]

used block: 27 [memory(27) file(0)]
                 [ 8K(24) 64K(3) { total 384K bytes } ]
overhead: (9555) bytes for (27) blocks [Average: (353) bytes/block]

write  => 0(times) 0K(bytes) [0K bytes to file]
read   => 3(times) 115K(bytes) [13K bytes compressed data from file]
access => 150569(times) 1196M(bytes)
          [hit ratio: 99.998%]

time: write(0) read(0)  unit: second

swap file directory: (/mnt/vol_NFS_rh003/estudiantes/DANIELA_VARGAS/Version_final/0516/versiones_finales/Registro/TSMC_Hamming_8_version2/FLOW/fc_flow/results/verdiLog)
used swap file number: (3)



swap file manager:
arrSize: (256)
idxCnt: (4)
closeHead: (1)
closeTail: (3)
openCnt: (3)
fid(3): fd(1073741825) fileName(/mnt/vol_NFS_rh003/estudiantes/DANIELA_VARGAS/Version_final/0516/versiones_finales/Registro/TSMC_Hamming_8_version2/FLOW/fc_flow/results/prueba_1.daidir/kdb.elab++/work.lib++/top_initial_syn.v#inc___vcs_unit__1__1#.tdc)
	size(15441) lastModTime(1747861616) curModTime(1747861616)
	mode(rb)	hot(0) cool(2) pos(0)
fid(2): fd(33) fileName(/mnt/vol_NFS_rh003/estudiantes/DANIELA_VARGAS/Version_final/0516/versiones_finales/Registro/TSMC_Hamming_8_version2/FLOW/fc_flow/results/verdiLog/_swap_0001#8323328#292547)
	size(0) lastModTime(0) curModTime(1747861649)
	mode(w+b)	hot(3) cool(1) pos(0)
fid(1): fd(1073741824) fileName(/mnt/vol_NFS_rh003/estudiantes/DANIELA_VARGAS/Version_final/0516/versiones_finales/Registro/TSMC_Hamming_8_version2/FLOW/fc_flow/results/prueba_1.daidir/kdb.elab++/work.lib++/tb.sv.tdc)
	size(4117) lastModTime(1747861616) curModTime(1747861616)
	mode(rb)	hot(2) cool(0) pos(0)
fid(0): fd(0) fileName(NULL)
	mode(NULL)	hot(0) cool(0) pos(0)
==================================================
mySelf(1549de50) pre(16814cf0) next(0)
version(200506)
date(May 19 2021 05:00:27)
