****************************************
Report : qor
Design : top
Version: U-2022.12-SP6
Date   : Mon Jun  9 17:57:24 2025
****************************************


Scenario           'scenarioFF'
Timing Path Group  '**in2reg_default**'
----------------------------------------
Worst Hold Violation:              0.00
Total Hold Violation:              0.00
No. of Hold Violations:               0
----------------------------------------

Scenario           'scenarioFF'
Timing Path Group  '**reg2out_default**'
----------------------------------------
Worst Hold Violation:              0.00
Total Hold Violation:              0.00
No. of Hold Violations:               0
----------------------------------------

Scenario           'scenarioFF'
Timing Path Group  'SYS_CLK'
----------------------------------------
Worst Hold Violation:              0.00
Total Hold Violation:              0.00
No. of Hold Violations:               0
----------------------------------------

Scenario           'scenarioSS'
Timing Path Group  '**in2reg_default**'
----------------------------------------
Levels of Logic:                      0
Critical Path Length:              0.80
Critical Path Slack:               8.71
Critical Path Clk Period:         10.00
Total Negative Slack:              0.00
No. of Violating Paths:               0
----------------------------------------

Scenario           'scenarioSS'
Timing Path Group  '**reg2out_default**'
----------------------------------------
Levels of Logic:                      2
Critical Path Length:              0.94
Critical Path Slack:               7.76
Critical Path Clk Period:         10.00
Total Negative Slack:              0.00
No. of Violating Paths:               0
----------------------------------------

Scenario           'scenarioSS'
Timing Path Group  'SYS_CLK'
----------------------------------------
Levels of Logic:                     18
Critical Path Length:              2.71
Critical Path Slack:               6.89
Critical Path Clk Period:         10.00
Total Negative Slack:              0.00
No. of Violating Paths:               0
----------------------------------------


Cell Count
----------------------------------------
Hierarchical Cell Count:              7
Hierarchical Port Count:            300
Leaf Cell Count:                    378
Buf/Inv Cell Count:                  22
Buf Cell Count:                       0
Inv Cell Count:                      22
Combinational Cell Count:           326
   Single-bit Isolation Cell Count:                        0
   Multi-bit Isolation Cell Count:                         0
   Isolation Cell Banking Ratio:                           0.00%
   Single-bit Level Shifter Cell Count:                    0
   Multi-bit Level Shifter Cell Count:                     0
   Level Shifter Cell Banking Ratio:                       0.00%
   Single-bit ELS Cell Count:                              0
   Multi-bit ELS Cell Count:                               0
   ELS Cell Banking Ratio:                                 0.00%
Sequential Cell Count:               52
   Integrated Clock-Gating Cell Count:                     4
   Sequential Macro Cell Count:                            0
   Single-bit Sequential Cell Count:                       48
   Multi-bit Sequential Cell Count:                        0
   Sequential Cell Banking Ratio:                          0.00%
   BitsPerflop:                                            1.00
Macro Count:                          0
----------------------------------------


Area
----------------------------------------
Combinational Area:              830.80
Noncombinational Area:           587.20
Buf/Inv Area:                     27.20
Total Buffer Area:                 0.00
Total Inverter Area:              27.20
Macro/Black Box Area:              0.00
Net Area:                             0
Net XLength:                    2592.23
Net YLength:                    2461.99
----------------------------------------
Cell Area (netlist):                           1418.00
Cell Area (netlist and physical only):         1418.00
Net Length:                     5054.22


Design Rules
----------------------------------------
Total Number of Nets:               386
Nets with Violations:                 1
Max Trans Violations:                 1
Max Cap Violations:                   0
----------------------------------------

1
