Command: /mnt/vol_NFS_rh003/estudiantes/DANIELA_VARGAS/Version_final/0516/versiones_finales/Contador/TSMC_Hamming_16_version3/FLOW/fc_flow/results/prueba -sml=verdi +UVM_VERDI_TRACE=UVM_AWARE +fsdb+gate=off -ucli2Proc -ucli -l /mnt/vol_NFS_rh003/estudiantes/DANIELA_VARGAS/Version_final/0516/versiones_finales/Contador/TSMC_Hamming_16_version3/FLOW/fc_flow/results/verdiLog/sim.log
Chronologic VCS simulator copyright 1991-2020
Contains Synopsys proprietary information.
Compiler version R-2020.12-SP2_Full64; Runtime version R-2020.12-SP2_Full64;  May 22 15:34 2025

ucli% loaddl -simv /mnt/vol_NFS_rh003/tools/verdi/R-2020.12-SP2/share/PLI/VCS/LINUXAMD64/libnovas.so LoadFSDBDumpCmd;LoadFSDBDumpCmd
LoadFSDBDumpCmd success
ucli% config ckptfsdbcheck off;config endofsim noexit;config onfail {enable all};config followactivescope on;catch {setUcliVerdiConnected};set watch::resultTagsForVerdiBP {<ucli_break_bp_status_begin> <ucli_break_bp_status_end>};set ucliCore::support_restore_through_stask_in_verdi 1;cbug::config pretty_print auto;fsdbDumpfile {/mnt/vol_NFS_rh003/estudiantes/DANIELA_VARGAS/Version_final/0516/versiones_finales/Contador/TSMC_Hamming_16_version3/FLOW/fc_flow/results/inter.fsdb} ;fsdbDumpflush ; 
*Verdi* Loading libsscore_vcs202012.so
FSDB Dumper for VCS, Release Verdi_R-2020.12-SP2, Linux x86_64/64bit, 05/23/2021
(C) 1996 - 2021 by Synopsys, Inc.
*Verdi* FSDB WARNING: The FSDB file already exists. Overwriting the FSDB file may crash the programs that are using this file.
*Verdi* : Create FSDB file '/mnt/vol_NFS_rh003/estudiantes/DANIELA_VARGAS/Version_final/0516/versiones_finales/Contador/TSMC_Hamming_16_version3/FLOW/fc_flow/results/inter.fsdb'
*Verdi* : Flush all FSDB Files at 0 ps.

ucli% fsdbDumpvars 0 "tb_top.dut.\\syndrome_inst/syndrome_reg\[0\] .Q"  +all +trace_process
*Verdi* : Dumping the signal (tb_top.dut.\syndrome_inst/syndrome_reg[0] .Q).

ucli% synEnv::hasFataled
0
ucli% ucliCore::getToolPID
1154238
ucli% sps_interactive
*Verdi* : Enable RPC Server(1154238)

ucli% ucliCore::getToolPID
1154238
ucli% ucliCore::getToolPID
1154238
ucli% if {[catch {ucliCore::setFocus tool}]} {}

ucli% puts $ucliCore::nativeUcliMode
0

ucli% ucliCore::getToolTopPID
1154238
ucli% pid
1154259
ucli% synUtils::sendTool -active {_icl_createSharedMemory /tmp/vcs_dve_general.VARGAS_CHAVARRIA_2025.1154238 }

ucli% if { [info vars watch::vcbp_str_len_limit_of_get_value] != ""} {set watch::vcbp_str_len_limit_of_get_value 1024}
1024
ucli% info command stateVerdiChangeCB

ucli% proc stateVerdiChangeCB args { if {$ucliGUI::state eq "terminated"} {puts "\n<VERDI_Terminated>\n";catch {setVerdiSimTerminated}}}

ucli% trace variable ucliGUI::state wu stateVerdiChangeCB

ucli% if {[catch {rename synopsys::restore verdiHack::restore} ]} {puts "0"}

ucli% proc synopsys::restore {args} { verdiHack::restore $args; puts "\n<VERDI_RESTORE>\n"}

ucli% if {[catch {rename quit verdiHack::quit} ]} {puts "0"}

ucli% proc quit {args} { if {[string length $args] == 0} { verdiHack::quit; } elseif {([string equal "-h" $args] == 1)||([string equal "-he" $args] == 1)||([string equal "-hel" $args] == 1)||([string equal "-help" $args] == 1)} { puts "\n quit           # Exit the simulation.\n \[-noprompt\]        (Exit the simulation and Verdi.)\n"} elseif {([string equal "-n" $args] == 1)||([string equal "-no" $args] == 1)||([string equal "-nop" $args] == 1)||([string equal "-nopr" $args] == 1)||([string equal "-nopro" $args] == 1)||([string equal "-noprom" $args] == 1)||([string equal "-nopromp" $args] == 1)||([string equal "-noprompt" $args] == 1)} { puts "\nVERDI_EXIT_N\n" } else { verdiHack::quit $args; } }

ucli% if {[catch {rename exit verdiHack::exit} ]} {puts "0"}

ucli% proc exit {args} { if {[string length $args] == 0} { verdiHack::exit; } elseif {([string equal "-h" $args] == 1)||([string equal "-he" $args] == 1)||([string equal "-hel" $args] == 1)||([string equal "-help" $args] == 1)} { puts "\n exit           # Exit the simulation.\n \[-noprompt\]        (Exit the simulation and Verdi.)\n"} elseif {([string equal "-n" $args] == 1)||([string equal "-no" $args] == 1)||([string equal "-nop" $args] == 1)||([string equal "-nopr" $args] == 1)||([string equal "-nopro" $args] == 1)||([string equal "-noprom" $args] == 1)||([string equal "-nopromp" $args] == 1)||([string equal "-noprompt" $args] == 1)} { puts "\nVERDI_EXIT_N\n" } else { verdiHack::exit $args; } }

ucli% proc checkpoint::beforeRecreate {} { sps_interactive }

ucli% if {[catch {ucliCore::setFocus tool}]} {}

ucli% save::getUserdefinedProcs
::stateVerdiChangeCB ::LoadFSDBDumpCmd
ucli% set ucliCore::resultTagsForVerdi [list <?special_verdi_begin?> <?special_verdi_end?>]
<?special_verdi_begin?> <?special_verdi_end?>
ucli% if {[catch {ucliCore::setFocus tool}]} {}

ucli% fsdbDumpflush 
*Verdi* : Flush all FSDB Files at 0 ps.

ucli% if {[catch {ucliCore::setFocus tool}]} {}

ucli% fsdbDumpvars 0 "tb_top.dut.clk"  +all +trace_process;fsdbDumpvars 0 "tb_top.dut.reset"  +all +trace_process;fsdbDumpvars 0 "tb_top.dut.enable"  +all +trace_process;fsdbDumpvars 0 "tb_top.dut.enable_last"  +all +trace_process;fsdbDumpvars 0 "tb_top.dut.busy"  +all +trace_process;fsdbDumpvars 0 "tb_top.dut.counter"  +all +trace_process;fsdbDumpvars 0 "tb_top.dut.\\counter_and_parity/counter_stored "  +all +trace_process;fsdbDumpvars 0 "tb_top.dut.\\counter_and_parity/count_neg "  +all +trace_process;fsdbDumpvars 0 "tb_top.dut.parity_stored"  +all +trace_process;fsdbDumpvars 0 "tb_top.dut.\\clk_clock_gate_counter_and_parity/counter_stored_reg "  +all +trace_process;fsdbDumpvars 0 "tb_top.dut.\\clk_clock_gate_counter_and_parity/count_reg_reg "  +all +trace_process;fsdbDumpvars 0 "tb_top.dut.corrected_counter"  +all +trace_process;fsdbDumpvars 0 "tb_top.dut.syndrome"  +all +trace_process;fsdbDumpvars 0 "tb_top.dut.\\clk_clock_gate_counter_and_parity/parity_stored_reg "  +all +trace_process;fsdbDumpvars 0 "tb_top.dut.\\clk_clock_gate_syndrome_inst/corrected_parity_reg "  +all +trace_process
*Verdi* : Dumping the signal (tb_top.dut.clk).
*Verdi* : Dumping the signal (tb_top.dut.reset).
*Verdi* : Dumping the signal (tb_top.dut.enable).
*Verdi* : Dumping the signal (tb_top.dut.enable_last).
*Verdi* : Dumping the signal (tb_top.dut.busy).
*Verdi* : Dumping the signal (tb_top.dut.counter).
*Verdi* : Dumping the signal (tb_top.dut.\counter_and_parity/counter_stored ).
*Verdi* : Dumping the signal (tb_top.dut.\counter_and_parity/count_neg ).
*Verdi* : Dumping the signal (tb_top.dut.parity_stored).
*Verdi* : Dumping the signal (tb_top.dut.\clk_clock_gate_counter_and_parity/counter_stored_reg ).
*Verdi* : Dumping the signal (tb_top.dut.\clk_clock_gate_counter_and_parity/count_reg_reg ).
*Verdi* : Dumping the signal (tb_top.dut.corrected_counter).
*Verdi* : Dumping the signal (tb_top.dut.syndrome).
*Verdi* : Dumping the signal (tb_top.dut.\clk_clock_gate_counter_and_parity/parity_stored_reg ).
*Verdi* : Dumping the signal (tb_top.dut.\clk_clock_gate_syndrome_inst/corrected_parity_reg ).

ucli% fsdbDumpflush 
*Verdi* : Flush all FSDB Files at 0 ps.

ucli% if {[catch {ucliCore::setFocus tool}]} {}

ucli% fsdbDumpflush 
*Verdi* : Flush all FSDB Files at 0 ps.

ucli% senv
activeDomain: Verilog
activeFile: tb_sin_errores.sv
activeFrame: 
activeLine: 4
activeScope: tb_top
activeThread: 
endCol: 0
file: tb_sin_errores.sv
frame: 
fsdbFilename: 
hasTB: 0
inputFilename: 
keyFilename: ucli.key
line: 4
logFilename: /mnt/vol_NFS_rh003/estudiantes/DANIELA_VARGAS/Version_final/0516/versiones_finales/Contador/TSMC_Hamming_16_version3/FLOW/fc_flow/results/verdiLog/sim.log
macroIndex: -1
macroOffset: -1
pid: 1154238
scope: tb_top
startCol: 0
state: stopped
thread: 
time: 0
timePrecision: 1 ps
vcdFilename: 
vpdFilename:
ucli% synUtils::resolveSourceFilename tb_sin_errores.sv
tb_sin_errores.sv
ucli% puts $::ucliCore::cbug_active
0

ucli% if {[catch {ucliCore::setFocus tool}]} {}

ucli% checkpoint -list -all
There are no checkpoints present.
ucli% if {[catch {ucliCore::setFocus tool}]} {}

ucli% stop
No stop points are set
ucli% if {[catch {ucliCore::setFocus tool}]} {}

ucli% run
tb_sin_errores.sv, 50 :         $stop;

ucli% synEnv::hasFataled
0
ucli% ucliCore::getToolPID
1154238
ucli% synEnv::isFinished
0
ucli% save::getUserdefinedProcs
::stateVerdiChangeCB ::LoadFSDBDumpCmd
ucli% if {[catch {ucliCore::setFocus tool}]} {}

ucli% fsdbDumpflush 
*Verdi* : Flush all FSDB Files at 555,000 ps.

ucli% senv
activeDomain: Verilog
activeFile: tb_sin_errores.sv
activeFrame: 
activeLine: 50
activeScope: tb_top
activeThread: 
endCol: 0
file: tb_sin_errores.sv
frame: 
fsdbFilename: 
hasTB: 0
inputFilename: 
keyFilename: ucli.key
line: 50
logFilename: /mnt/vol_NFS_rh003/estudiantes/DANIELA_VARGAS/Version_final/0516/versiones_finales/Contador/TSMC_Hamming_16_version3/FLOW/fc_flow/results/verdiLog/sim.log
macroIndex: -1
macroOffset: -1
pid: 1154238
scope: tb_top
startCol: 0
state: stopped
thread: 
time: 555000
timePrecision: 1 ps
vcdFilename: 
vpdFilename:
ucli% synUtils::resolveSourceFilename tb_sin_errores.sv
tb_sin_errores.sv
ucli% puts $::ucliCore::cbug_active
0

ucli% if {[catch {ucliCore::setFocus tool}]} {}

ucli% checkpoint -list -all
There are no checkpoints present.
ucli% if {[catch {ucliCore::setFocus tool}]} {}

ucli% stop
No stop points are set
ucli% if {[catch {ucliCore::setFocus tool}]} {}

ucli% finish; quit
           V C S   S i m u l a t i o n   R e p o r t 
Time: 555000 ps
CPU Time:      0.150 seconds;       Data structure size:   0.2Mb
Thu May 22 15:39:38 2025

<VERDI_Terminated>

