Verdi>restart
*Verdi* Loading libsscore_vcs202012.so
FSDB Dumper for VCS, Release Verdi_R-2020.12-SP2, Linux x86_64/64bit, 05/23/2021
(C) 1996 - 2021 by Synopsys, Inc.
*Verdi* FSDB WARNING: The FSDB file already exists. Overwriting the FSDB file may crash the programs that are using this file.
*Verdi* : Create FSDB file '/mnt/vol_NFS_rh003/estudiantes/DANIELA_VARGAS/Version_final/0516/versiones_finales/semana14/Registro_Hamming/Hamming_4/FLOW/common/rtl/sverilog/inter.fsdb'
*Verdi* : Flush all FSDB Files at 0 ps.
*Verdi* : Enable RPC Server(3199022)
*Verdi* : Flush all FSDB Files at 0 ps.
Chronologic VCS simulator copyright 1991-2020
Contains Synopsys proprietary information.
Compiler version R-2020.12-SP2_Full64; Runtime version R-2020.12-SP2_Full64;  May 24 17:32 2025
xterm-256color is Not a valid terminal...
Verdi>run
Test 1: Modo SISO (00)
Test 2: Modo SIPO (01)
Test 3: Modo PISO (10)
$finish called from file "tb.sv", line 107.
$finish at simulation time               345000
Simulation complete, time is 345000 ps.
tb.sv, 107 :     #20 $finish;
           V C S   S i m u l a t i o n   R e p o r t 
Time: 345000 ps
CPU Time:      0.090 seconds;       Data structure size:   0.0Mb
Sat May 24 21:38:13 2025
debExit
