****************************************
Report : design
Design : top
Version: U-2022.12-SP6
Date   : Thu May 29 19:27:11 2025
****************************************

Total number of std cells in library : 896
Total number of dont_use lib cells   : 76
Total number of dont_touch lib cells : 71
Total number of buffers              : 44
Total number of inverters            : 35
Total number of flip-flops           : 249
Total number of latches              : 84
Total number of ICGs                 : 20

Cell Instance Type  Count         Area
--------------------------------------
TOTAL LEAF CELLS      260     1253.600
unit                  260     1253.600
Standard cells        260     1253.600
unit                  260     1253.600
Hard macro cells        0        0.000
unit                  260     1253.600
Soft macro cells        0        0.000
unit                  260     1253.600
Always on cells         0        0.000
unit                  260     1253.600
Physical only           0        0.000
unit                  260     1253.600
Fixed cells             0        0.000
unit                  260     1253.600
Moveable cells        260     1253.600
unit                  260     1253.600
Placed cells          260     1253.600
unit                  260     1253.600
Sequential             73      768.400
unit                  260     1253.600
Buffer/inverter         3        3.600
unit                  260     1253.600
ICG cells               4       30.400
unit                  260     1253.600

Logic Hierarchies                    : 0
Design Masters count                 : 33
Total Flat nets count                : 282
Total FloatingNets count             : 1
Total no of Ports                    : 21
Number of Master Clocks in design    : 1
Number of Generated Clocks in design : 0
Number of Path Groups in design      : 7 (1 of them Non Default)
Number of Scan Chains in design      : 0
List of Modes                        : mode1
List of Corners                      : cornerSS, cornerFF
List of Scenarios                    : scenarioFF, scenarioSS

Core Area                            : 2448.000
Chip Area                            : 4864.000
Total Site Row Area                  : 2448.000
Number of Blockages                  : 0
Total area of Blockages              : 0.000
Number of Power Domains              : 1
Number of Voltage Areas              : 1
Number of Group Bounds               : 0
Number of Exclusive MoveBounds       : 0
Number of Hard or Soft MoveBounds    : 0
Number of Multibit Registers         : 0
Number of Multibit LS/ISO Cells      : 0
Number of Top Level RP Groups        : 0
Number of Tech Layers                : 37 (27 of them have unknown routing dir.)

Total wire length                    : 0.00 micron
Total number of wires                : 0
Total number of contacts             : 0
1
