****************************************
Report : area
Design : top
Version: U-2022.12-SP6
Date   : Thu May 29 19:27:11 2025
****************************************

Number of ports:                           21
Number of nets:                           282
Number of cells:                          260
Number of combinational cells:            187
Number of sequential cells:                73
Number of macros/black boxes:               0
Number of buf/inv:                          3
Number of references:                      33

Combinational area:                    485.20
Buf/Inv area:                            3.60
Noncombinational area:                 768.40
Macro/Black Box area:                    0.00

Total cell area:                      1253.60
1
