****************************************
Report : qor
Design : top
Version: U-2022.12-SP6
Date   : Thu May 29 19:27:11 2025
****************************************


Scenario           'scenarioFF'
Timing Path Group  '**in2reg_default**'
----------------------------------------
Worst Hold Violation:              0.00
Total Hold Violation:              0.00
No. of Hold Violations:               0
----------------------------------------

Scenario           'scenarioFF'
Timing Path Group  '**reg2out_default**'
----------------------------------------
Worst Hold Violation:              0.00
Total Hold Violation:              0.00
No. of Hold Violations:               0
----------------------------------------

Scenario           'scenarioFF'
Timing Path Group  'SYS_CLK'
----------------------------------------
Worst Hold Violation:              0.00
Total Hold Violation:              0.00
No. of Hold Violations:               0
----------------------------------------

Scenario           'scenarioSS'
Timing Path Group  '**in2reg_default**'
----------------------------------------
Levels of Logic:                      1
Critical Path Length:              1.64
Critical Path Slack:               7.79
Critical Path Clk Period:         10.00
Total Negative Slack:              0.00
No. of Violating Paths:               0
----------------------------------------

Scenario           'scenarioSS'
Timing Path Group  '**reg2out_default**'
----------------------------------------
Levels of Logic:                      0
Critical Path Length:              0.39
Critical Path Slack:               8.31
Critical Path Clk Period:         10.00
Total Negative Slack:              0.00
No. of Violating Paths:               0
----------------------------------------

Scenario           'scenarioSS'
Timing Path Group  'SYS_CLK'
----------------------------------------
Levels of Logic:                     15
Critical Path Length:              2.02
Critical Path Slack:               7.60
Critical Path Clk Period:         10.00
Total Negative Slack:              0.00
No. of Violating Paths:               0
----------------------------------------


Cell Count
----------------------------------------
Hierarchical Cell Count:              0
Hierarchical Port Count:              0
Leaf Cell Count:                    260
Buf/Inv Cell Count:                   3
Buf Cell Count:                       0
Inv Cell Count:                       3
Combinational Cell Count:           187
   Single-bit Isolation Cell Count:                        0
   Multi-bit Isolation Cell Count:                         0
   Isolation Cell Banking Ratio:                           0.00%
   Single-bit Level Shifter Cell Count:                    0
   Multi-bit Level Shifter Cell Count:                     0
   Level Shifter Cell Banking Ratio:                       0.00%
   Single-bit ELS Cell Count:                              0
   Multi-bit ELS Cell Count:                               0
   ELS Cell Banking Ratio:                                 0.00%
Sequential Cell Count:               73
   Integrated Clock-Gating Cell Count:                     4
   Sequential Macro Cell Count:                            0
   Single-bit Sequential Cell Count:                       69
   Multi-bit Sequential Cell Count:                        0
   Sequential Cell Banking Ratio:                          0.00%
   BitsPerflop:                                            1.00
Macro Count:                          0
----------------------------------------


Area
----------------------------------------
Combinational Area:              485.20
Noncombinational Area:           768.40
Buf/Inv Area:                      3.60
Total Buffer Area:                 0.00
Total Inverter Area:               3.60
Macro/Black Box Area:              0.00
Net Area:                             0
Net XLength:                    2244.12
Net YLength:                    2390.19
----------------------------------------
Cell Area (netlist):                           1253.60
Cell Area (netlist and physical only):         1253.60
Net Length:                     4634.31


Design Rules
----------------------------------------
Total Number of Nets:               282
Nets with Violations:                 1
Max Trans Violations:                 1
Max Cap Violations:                   1
----------------------------------------

1
