Warning: Scenario scenarioSS is not configured for hold analysis: skipping. (UIC-058)
****************************************
Report : timing
        -path_type full
        -delay_type min
        -max_paths 1
        -report_by design
Design : top
Version: U-2022.12-SP6
Date   : Mon Jun  9 17:20:05 2025
****************************************

  Startpoint: counter_3/q_reg[0] (rising edge-triggered flip-flop clocked by SYS_CLK)
  Endpoint: counter_3/q_reg[0] (rising edge-triggered flip-flop clocked by SYS_CLK)
  Mode: mode1
  Corner: cornerFF
  Scenario: scenarioFF
  Path Group: SYS_CLK
  Path Type: min

  Point                                            Incr      Path  
  ------------------------------------------------------------------------
  clock SYS_CLK (rise edge)                        0.00      0.00
  clock network delay (ideal)                      0.00      0.00

  counter_3/q_reg[0]/CP (SDFCNQD1HPBWP)            0.00      0.00 r
  counter_3/q_reg[0]/Q (SDFCNQD1HPBWP)             0.15      0.15 r
  counter_3/ctmi_77/ZN (OAI22D1HPBWP)              0.03      0.18 f
  counter_3/q_reg[0]/D (SDFCNQD1HPBWP)             0.00      0.18 f
  data arrival time                                          0.18

  clock SYS_CLK (rise edge)                        0.00      0.00
  clock network delay (ideal)                      0.00      0.00
  counter_3/q_reg[0]/CP (SDFCNQD1HPBWP)            0.00      0.00 r
  library hold time                                0.01      0.01
  data required time                                         0.01
  ------------------------------------------------------------------------
  data required time                                         0.01
  data arrival time                                         -0.18
  ------------------------------------------------------------------------
  slack (MET)                                                0.17


1
