Information: Corner cornerFF: no PVT mismatches. (PVT-032)
Information: Corner cornerSS: no PVT mismatches. (PVT-032)
****************************************
Report : power
        -significant_digits 2
Design : top
Version: U-2022.12-SP6
Date   : Mon Jun  9 17:20:04 2025
****************************************
Information: Activity propagation will be performed for scenario scenarioSS.
Information: Doing activity propagation for mode 'mode1' and corner 'cornerSS' with effort level 'medium'. (POW-024)
Information: Timer-derived activity data is cached on scenario scenarioSS (POW-052)
Infomation: Fast mode activity propagation power.rtl_activity_annotation setup is ignored. Always use accurate mode.
Information: Running switching activity propagation in scalar mode!

 **** Information : No. of simulation cycles = 6 ****
Information: Propagated activity on scenario scenarioFF identical to that on scenarioSS (POW-006)
Information: The stitching and editing of coupling caps is turned OFF for design 'top_lib:top/auto_floorplan.design'. (TIM-125)
Information: Design Average RC for design top  (NEX-011)
Information: r = 0.852869 ohm/um, via_r = 1.815407 ohm/cut, c = 0.131959 ff/um, cc = 0.000000 ff/um (X dir) (NEX-017)
Information: r = 0.862668 ohm/um, via_r = 1.815407 ohm/cut, c = 0.151966 ff/um, cc = 0.000000 ff/um (Y dir) (NEX-017)
Information: The RC mode used is VR for design 'top'. (NEX-022)
Information: Update timing completed net estimation for all the timing graph nets (TIM-111)
Information: Net estimation statistics: timing graph nets = 1533, routed nets = 0, across physical hierarchy nets = 0, parasitics cached nets = 1533, delay annotated nets = 0, parasitics annotated nets = 0, multi-voltage nets = 0. (TIM-112)
************************************************************
Timer Settings:
Delay Calculation Style:                   auto
Signal Integrity Analysis:                 disabled
Timing Window Analysis:                    disabled
Advanced Waveform Propagation:             disabled
Variation Type:                            fixed_derate
Clock Reconvergence Pessimism Removal:     disabled
Advanced Receiver Model:                   disabled
ML Acceleration:                           off
************************************************************
Mode: mode1
Corner: cornerFF
Scenario: scenarioFF
Voltage: 1.32
Temperature: 125.00

Voltage Unit         : 1V
Capacitance Unit     : 1pF
Time Unit            : 1ns
Temperature Unit     : 1C
Dynamic Power Unit   : 1nW
Leakage Power Unit   : 1nW

Switched supply net power scaling:
scaling for leakage power

Supply nets:
VDD (power) probability 1.00 (default)
VSS (ground) probability 1.00 (default)
Warning: Power table extrapolation (extrapolation mode) for port CDN on cell counter_1/q_reg[61] for parameter Tinp. Lowest table value = 0.004000, highest table value = 0.331200, value = 1.089993 (POW-046)
Warning: Power table extrapolation (extrapolation mode) for port CDN on cell counter_1/q_reg[60] for parameter Tinp. Lowest table value = 0.004000, highest table value = 0.331200, value = 1.089993 (POW-046)
Warning: Power table extrapolation (extrapolation mode) for port CDN on cell counter_1/q_reg[59] for parameter Tinp. Lowest table value = 0.004000, highest table value = 0.331200, value = 1.089993 (POW-046)
Warning: Power table extrapolation (extrapolation mode) for port CDN on cell counter_1/q_reg[58] for parameter Tinp. Lowest table value = 0.004000, highest table value = 0.331200, value = 1.089993 (POW-046)
Warning: Power table extrapolation (extrapolation mode) for port CDN on cell counter_1/q_reg[57] for parameter Tinp. Lowest table value = 0.004000, highest table value = 0.331200, value = 1.090260 (POW-046)
Warning: Power table extrapolation (extrapolation mode) for port CDN on cell counter_1/q_reg[56] for parameter Tinp. Lowest table value = 0.004000, highest table value = 0.331200, value = 1.090260 (POW-046)
Warning: Power table extrapolation (extrapolation mode) for port CDN on cell counter_1/q_reg[55] for parameter Tinp. Lowest table value = 0.004000, highest table value = 0.331200, value = 1.090260 (POW-046)
Warning: Power table extrapolation (extrapolation mode) for port CDN on cell counter_1/q_reg[54] for parameter Tinp. Lowest table value = 0.004000, highest table value = 0.331200, value = 1.090260 (POW-046)
Warning: Power table extrapolation (extrapolation mode) for port CDN on cell counter_1/q_reg[53] for parameter Tinp. Lowest table value = 0.004000, highest table value = 0.331200, value = 1.090260 (POW-046)
Warning: Power table extrapolation (extrapolation mode) for port CDN on cell counter_1/q_reg[52] for parameter Tinp. Lowest table value = 0.004000, highest table value = 0.331200, value = 1.090889 (POW-046)
Note - message 'POW-046' limit (10) exceeded. Remainder will be suppressed.

  Cell Internal Power    = 6.32e+04 nW ( 75.3%)
  Net Switching Power    = 2.07e+04 nW ( 24.7%)
Total Dynamic Power      = 8.40e+04 nW (100.0%)

Cell Leakage Power       = 2.11e+05 nW


  Attributes
  ----------
      u  -  User defined power group
      i  -  Includes clock pin internal power

Power Group         Internal Power        Switching Power          Leakage Power            Total Power    (   %  )    Attrs
-----------------------------------------------------------------------------------------------------------------------------
io_pad                    0.00e+00               0.00e+00               0.00e+00               0.00e+00    (  0.0%)         
memory                    0.00e+00               0.00e+00               0.00e+00               0.00e+00    (  0.0%)         
black_box                 0.00e+00               0.00e+00               0.00e+00               0.00e+00    (  0.0%)         
clock_network             5.35e+04               1.08e+04               8.62e+02               6.52e+04    ( 22.1%)        i
register                  7.01e+03               1.45e+03               4.52e+04               5.37e+04    ( 18.2%)         
sequential                0.00e+00               0.00e+00               0.00e+00               0.00e+00    (  0.0%)         
combinational             2.72e+03               8.49e+03               1.65e+05               1.76e+05    ( 59.7%)         
-----------------------------------------------------------------------------------------------------------------------------
Total                     6.32e+04 nW            2.07e+04 nW            2.11e+05 nW            2.95e+05 nW
Mode: mode1
Corner: cornerSS
Scenario: scenarioSS
Voltage: 1.08
Temperature: 125.00

Voltage Unit         : 1V
Capacitance Unit     : 1pF
Time Unit            : 1ns
Temperature Unit     : 1C
Dynamic Power Unit   : 1nW
Leakage Power Unit   : 1nW

Switched supply net power scaling:
scaling for leakage power

Supply nets:
VDD (power) probability 1.00 (default)
VSS (ground) probability 1.00 (default)

  Cell Internal Power    = 3.25e+04 nW ( 70.0%)
  Net Switching Power    = 1.39e+04 nW ( 30.0%)
Total Dynamic Power      = 4.64e+04 nW (100.0%)

Cell Leakage Power       = 2.68e+03 nW


  Attributes
  ----------
      u  -  User defined power group
      i  -  Includes clock pin internal power

Power Group         Internal Power        Switching Power          Leakage Power            Total Power    (   %  )    Attrs
-----------------------------------------------------------------------------------------------------------------------------
io_pad                    0.00e+00               0.00e+00               0.00e+00               0.00e+00    (  0.0%)         
memory                    0.00e+00               0.00e+00               0.00e+00               0.00e+00    (  0.0%)         
black_box                 0.00e+00               0.00e+00               0.00e+00               0.00e+00    (  0.0%)         
clock_network             2.75e+04               7.28e+03               1.10e+01               3.48e+04    ( 70.9%)        i
register                  3.51e+03               9.39e+02               5.10e+02               4.96e+03    ( 10.1%)         
sequential                0.00e+00               0.00e+00               0.00e+00               0.00e+00    (  0.0%)         
combinational             1.47e+03               5.72e+03               2.16e+03               9.35e+03    ( 19.0%)         
-----------------------------------------------------------------------------------------------------------------------------
Total                     3.25e+04 nW            1.39e+04 nW            2.68e+03 nW            4.91e+04 nW
1
