Information: Corner cornerFF: no PVT mismatches. (PVT-032)
Information: Corner cornerSS: no PVT mismatches. (PVT-032)
****************************************
Report : power
        -significant_digits 2
Design : top
Version: U-2022.12-SP6
Date   : Mon Jun  9 18:05:01 2025
****************************************
Information: Activity propagation will be performed for scenario scenarioSS.
Information: Doing activity propagation for mode 'mode1' and corner 'cornerSS' with effort level 'medium'. (POW-024)
Information: Timer-derived activity data is cached on scenario scenarioSS (POW-052)
Infomation: Fast mode activity propagation power.rtl_activity_annotation setup is ignored. Always use accurate mode.
Information: Running switching activity propagation in scalar mode!

 **** Information : No. of simulation cycles = 6 ****
Information: Propagated activity on scenario scenarioFF identical to that on scenarioSS (POW-006)
Information: The stitching and editing of coupling caps is turned OFF for design 'top_lib:top/auto_floorplan.design'. (TIM-125)
Information: Design Average RC for design top  (NEX-011)
Information: r = 0.847579 ohm/um, via_r = 1.815407 ohm/cut, c = 0.129036 ff/um, cc = 0.000000 ff/um (X dir) (NEX-017)
Information: r = 0.857214 ohm/um, via_r = 1.815407 ohm/cut, c = 0.149423 ff/um, cc = 0.000000 ff/um (Y dir) (NEX-017)
Information: The RC mode used is VR for design 'top'. (NEX-022)
Information: Update timing completed net estimation for all the timing graph nets (TIM-111)
Information: Net estimation statistics: timing graph nets = 770, routed nets = 0, across physical hierarchy nets = 0, parasitics cached nets = 770, delay annotated nets = 0, parasitics annotated nets = 0, multi-voltage nets = 0. (TIM-112)
************************************************************
Timer Settings:
Delay Calculation Style:                   auto
Signal Integrity Analysis:                 disabled
Timing Window Analysis:                    disabled
Advanced Waveform Propagation:             disabled
Variation Type:                            fixed_derate
Clock Reconvergence Pessimism Removal:     disabled
Advanced Receiver Model:                   disabled
ML Acceleration:                           off
************************************************************
Mode: mode1
Corner: cornerFF
Scenario: scenarioFF
Voltage: 1.32
Temperature: 125.00

Voltage Unit         : 1V
Capacitance Unit     : 1pF
Time Unit            : 1ns
Temperature Unit     : 1C
Dynamic Power Unit   : 1nW
Leakage Power Unit   : 1nW

Switched supply net power scaling:
scaling for leakage power

Supply nets:
VDD (power) probability 1.00 (default)
VSS (ground) probability 1.00 (default)
Warning: Power table extrapolation (extrapolation mode) for port CDN on cell counter_1/q_reg[29] for parameter Tinp. Lowest table value = 0.004000, highest table value = 0.331200, value = 0.564480 (POW-046)
Warning: Power table extrapolation (extrapolation mode) for port CDN on cell counter_1/q_reg[28] for parameter Tinp. Lowest table value = 0.004000, highest table value = 0.331200, value = 0.564480 (POW-046)
Warning: Power table extrapolation (extrapolation mode) for port CDN on cell counter_1/q_reg[27] for parameter Tinp. Lowest table value = 0.004000, highest table value = 0.331200, value = 0.564480 (POW-046)
Warning: Power table extrapolation (extrapolation mode) for port CDN on cell counter_1/q_reg[26] for parameter Tinp. Lowest table value = 0.004000, highest table value = 0.331200, value = 0.566978 (POW-046)
Warning: Power table extrapolation (extrapolation mode) for port CDN on cell counter_1/q_reg[25] for parameter Tinp. Lowest table value = 0.004000, highest table value = 0.331200, value = 0.566978 (POW-046)
Warning: Power table extrapolation (extrapolation mode) for port CDN on cell counter_1/q_reg[24] for parameter Tinp. Lowest table value = 0.004000, highest table value = 0.331200, value = 0.566978 (POW-046)
Warning: Power table extrapolation (extrapolation mode) for port CDN on cell counter_1/q_reg[23] for parameter Tinp. Lowest table value = 0.004000, highest table value = 0.331200, value = 0.563564 (POW-046)
Warning: Power table extrapolation (extrapolation mode) for port CDN on cell counter_1/q_reg[22] for parameter Tinp. Lowest table value = 0.004000, highest table value = 0.331200, value = 0.563564 (POW-046)
Warning: Power table extrapolation (extrapolation mode) for port CDN on cell counter_1/q_reg[21] for parameter Tinp. Lowest table value = 0.004000, highest table value = 0.331200, value = 0.563564 (POW-046)
Warning: Power table extrapolation (extrapolation mode) for port CDN on cell counter_1/q_reg[20] for parameter Tinp. Lowest table value = 0.004000, highest table value = 0.331200, value = 0.566063 (POW-046)
Note - message 'POW-046' limit (10) exceeded. Remainder will be suppressed.

  Cell Internal Power    = 3.75e+04 nW ( 73.9%)
  Net Switching Power    = 1.32e+04 nW ( 26.1%)
Total Dynamic Power      = 5.07e+04 nW (100.0%)

Cell Leakage Power       = 6.09e+04 nW


  Attributes
  ----------
      u  -  User defined power group
      i  -  Includes clock pin internal power

Power Group         Internal Power        Switching Power          Leakage Power            Total Power    (   %  )    Attrs
-----------------------------------------------------------------------------------------------------------------------------
io_pad                    0.00e+00               0.00e+00               0.00e+00               0.00e+00    (  0.0%)         
memory                    0.00e+00               0.00e+00               0.00e+00               0.00e+00    (  0.0%)         
black_box                 0.00e+00               0.00e+00               0.00e+00               0.00e+00    (  0.0%)         
clock_network             3.08e+04               5.95e+03               8.62e+02               3.76e+04    ( 33.7%)        i
register                  4.83e+03               1.74e+03               2.28e+04               2.93e+04    ( 26.3%)         
sequential                0.00e+00               0.00e+00               0.00e+00               0.00e+00    (  0.0%)         
combinational             1.88e+03               5.52e+03               3.73e+04               4.47e+04    ( 40.0%)         
-----------------------------------------------------------------------------------------------------------------------------
Total                     3.75e+04 nW            1.32e+04 nW            6.09e+04 nW            1.12e+05 nW
Mode: mode1
Corner: cornerSS
Scenario: scenarioSS
Voltage: 1.08
Temperature: 125.00

Voltage Unit         : 1V
Capacitance Unit     : 1pF
Time Unit            : 1ns
Temperature Unit     : 1C
Dynamic Power Unit   : 1nW
Leakage Power Unit   : 1nW

Switched supply net power scaling:
scaling for leakage power

Supply nets:
VDD (power) probability 1.00 (default)
VSS (ground) probability 1.00 (default)

  Cell Internal Power    = 1.92e+04 nW ( 68.6%)
  Net Switching Power    = 8.79e+03 nW ( 31.4%)
Total Dynamic Power      = 2.80e+04 nW (100.0%)

Cell Leakage Power       = 7.04e+02 nW


  Attributes
  ----------
      u  -  User defined power group
      i  -  Includes clock pin internal power

Power Group         Internal Power        Switching Power          Leakage Power            Total Power    (   %  )    Attrs
-----------------------------------------------------------------------------------------------------------------------------
io_pad                    0.00e+00               0.00e+00               0.00e+00               0.00e+00    (  0.0%)         
memory                    0.00e+00               0.00e+00               0.00e+00               0.00e+00    (  0.0%)         
black_box                 0.00e+00               0.00e+00               0.00e+00               0.00e+00    (  0.0%)         
clock_network             1.57e+04               4.01e+03               1.10e+01               1.97e+04    ( 68.7%)        i
register                  2.52e+03               1.12e+03               2.57e+02               3.89e+03    ( 13.6%)         
sequential                0.00e+00               0.00e+00               0.00e+00               0.00e+00    (  0.0%)         
combinational             9.91e+02               3.66e+03               4.36e+02               5.09e+03    ( 17.8%)         
-----------------------------------------------------------------------------------------------------------------------------
Total                     1.92e+04 nW            8.79e+03 nW            7.04e+02 nW            2.87e+04 nW
1
