Warning: Scenario scenarioFF is not configured for setup analysis: skipping. (UIC-058)
****************************************
Report : timing
        -path_type full
        -delay_type max
        -max_paths 1
        -report_by design
Design : top
Version: U-2022.12-SP6
Date   : Sun May 25 02:35:08 2025
****************************************

  Startpoint: reg_data_reg[0] (rising edge-triggered flip-flop clocked by SYS_CLK)
  Endpoint: parallel_out[2] (output port clocked by SYS_CLK)
  Mode: mode1
  Corner: cornerSS
  Scenario: scenarioSS
  Path Group: **reg2out_default**
  Path Type: max

  Point                                            Incr      Path  
  ------------------------------------------------------------------------
  clock SYS_CLK (rise edge)                        0.00      0.00
  clock network delay (propagated)                 0.17      0.17

  reg_data_reg[0]/CP (SDFCNQD0HPBWP)               0.00      0.17 r
  reg_data_reg[0]/Q (SDFCNQD0HPBWP)                0.39      0.55 r
  ctmi_159/ZN (MAOI22D0HPBWP)                      0.23      0.78 r
  ctmi_161/ZN (XNR3D0HPBWP)                        0.37      1.14 f
  place_optctmTdsLR_1_30/ZN (INR2D0HPBWP)          0.12      1.27 r
  ctmi_164/ZN (CKND2D0HPBWP)                       0.13      1.40 f
  ctmi_162/ZN (MUX2ND0HPBWP)                       0.18      1.58 f
  parallel_out[2] (out)                            0.00      1.58 f
  data arrival time                                          1.58

  clock SYS_CLK (rise edge)                       10.00     10.00
  clock network delay (propagated)                 0.17     10.17
  clock uncertainty                               -0.30      9.87
  output external delay                           -1.00      8.87
  data required time                                         8.87
  ------------------------------------------------------------------------
  data required time                                         8.87
  data arrival time                                         -1.58
  ------------------------------------------------------------------------
  slack (MET)                                                7.29


1
