****************************************
Report : power
        -significant_digits 2
Design : top
Version: U-2022.12-SP6
Date   : Sun May 25 02:33:43 2025
****************************************
Information: Activity propagation will be performed for scenario scenarioSS.
Information: Doing activity propagation for mode 'mode1' and corner 'cornerSS' with effort level 'medium'. (POW-024)
Information: Timer-derived activity data is cached on scenario scenarioSS (POW-052)
Infomation: Fast mode activity propagation power.rtl_activity_annotation setup is ignored. Always use accurate mode.
Information: Running switching activity propagation in scalar mode!

 **** Information : No. of simulation cycles = 6 ****
Information: Propagated activity on scenario scenarioFF identical to that on scenarioSS (POW-006)
Information: The stitching and editing of coupling caps is turned OFF for design 'top_lib:top/place_opt.design'. (TIM-125)
Information: Design Average RC for design top  (NEX-011)
Information: r = 0.894195 ohm/um, via_r = 1.815407 ohm/cut, c = 0.141923 ff/um, cc = 0.000000 ff/um (X dir) (NEX-017)
Information: r = 0.833386 ohm/um, via_r = 1.815407 ohm/cut, c = 0.144401 ff/um, cc = 0.000000 ff/um (Y dir) (NEX-017)
Information: The RC mode used is VR for design 'top'. (NEX-022)
Information: Update timing completed net estimation for all the timing graph nets (TIM-111)
Information: Net estimation statistics: timing graph nets = 78, routed nets = 0, across physical hierarchy nets = 0, parasitics cached nets = 78, delay annotated nets = 0, parasitics annotated nets = 0, multi-voltage nets = 0. (TIM-112)
Mode: mode1
Corner: cornerFF
Scenario: scenarioFF
Voltage: 1.32
Temperature: 125.00

Voltage Unit         : 1V
Capacitance Unit     : 1pF
Time Unit            : 1ns
Temperature Unit     : 1C
Dynamic Power Unit   : 1nW
Leakage Power Unit   : 1nW

Switched supply net power scaling:
scaling for leakage power

Supply nets:
VDD (power) probability 1.00 (default)
VSS (ground) probability 1.00 (default)
Warning: Power table extrapolation (extrapolation mode) for port CDN on cell p2_reg[0] for parameter Tinp. Lowest table value = 0.004000, highest table value = 0.331200, value = 0.000572 (POW-046)
Warning: Power table extrapolation (extrapolation mode) for port Q on cell p2_reg[0] for parameter Tinp. Lowest table value = 0.004000, highest table value = 0.331200, value = 0.000572 (POW-046)
Warning: Power table extrapolation (extrapolation mode) for port CDN on cell reg_data_reg[0] for parameter Tinp. Lowest table value = 0.004000, highest table value = 0.331200, value = 0.001049 (POW-046)
Warning: Power table extrapolation (extrapolation mode) for port Q on cell reg_data_reg[0] for parameter Tinp. Lowest table value = 0.004000, highest table value = 0.331200, value = 0.001030 (POW-046)
Warning: Power table extrapolation (extrapolation mode) for port ZN on cell ctmi_7 for parameter Tinp. Lowest table value = 0.004000, highest table value = 0.331200, value = 0.000076 (POW-046)
Warning: Power table extrapolation (extrapolation mode) for port CDN on cell p3_reg[0] for parameter Tinp. Lowest table value = 0.004000, highest table value = 0.331200, value = 0.000706 (POW-046)
Warning: Power table extrapolation (extrapolation mode) for port Q on cell p3_reg[0] for parameter Tinp. Lowest table value = 0.004000, highest table value = 0.331200, value = 0.000687 (POW-046)
Warning: Power table extrapolation (extrapolation mode) for port Z on cell ctmi_210 for parameter Tinp. Lowest table value = 0.004000, highest table value = 0.331200, value = 0.000725 (POW-046)
Warning: Power table extrapolation (extrapolation mode) for port CDN on cell p1_reg[0] for parameter Tinp. Lowest table value = 0.004000, highest table value = 0.331200, value = 0.000553 (POW-046)
Warning: Power table extrapolation (extrapolation mode) for port Q on cell p1_reg[0] for parameter Tinp. Lowest table value = 0.004000, highest table value = 0.331200, value = 0.000553 (POW-046)
Note - message 'POW-046' limit (10) exceeded. Remainder will be suppressed.

  Cell Internal Power    = 1.22e+04 nW ( 78.5%)
  Net Switching Power    = 3.33e+03 nW ( 21.5%)
Total Dynamic Power      = 1.55e+04 nW (100.0%)

Cell Leakage Power       = 5.60e+03 nW


  Attributes
  ----------
      u  -  User defined power group
      i  -  Includes clock pin internal power

Power Group         Internal Power        Switching Power          Leakage Power            Total Power    (   %  )    Attrs
-----------------------------------------------------------------------------------------------------------------------------
io_pad                    0.00e+00               0.00e+00               0.00e+00               0.00e+00    (  0.0%)         
memory                    0.00e+00               0.00e+00               0.00e+00               0.00e+00    (  0.0%)         
black_box                 0.00e+00               0.00e+00               5.55e+00               5.55e+00    (  0.0%)         
clock_network             9.41e+03               1.06e+03               2.16e+02               1.07e+04    ( 50.7%)        i
register                  1.23e+03               4.54e+02               1.76e+03               3.44e+03    ( 16.3%)         
sequential                0.00e+00               0.00e+00               0.00e+00               0.00e+00    (  0.0%)         
combinational             1.52e+03               1.82e+03               3.61e+03               6.95e+03    ( 33.0%)         
-----------------------------------------------------------------------------------------------------------------------------
Total                     1.22e+04 nW            3.33e+03 nW            5.60e+03 nW            2.11e+04 nW
Mode: mode1
Corner: cornerSS
Scenario: scenarioSS
Voltage: 1.08
Temperature: 125.00

Voltage Unit         : 1V
Capacitance Unit     : 1pF
Time Unit            : 1ns
Temperature Unit     : 1C
Dynamic Power Unit   : 1nW
Leakage Power Unit   : 1nW

Switched supply net power scaling:
scaling for leakage power

Supply nets:
VDD (power) probability 1.00 (default)
VSS (ground) probability 1.00 (default)

  Cell Internal Power    = 6.27e+03 nW ( 74.1%)
  Net Switching Power    = 2.19e+03 nW ( 25.9%)
Total Dynamic Power      = 8.46e+03 nW (100.0%)

Cell Leakage Power       = 5.87e+01 nW


  Attributes
  ----------
      u  -  User defined power group
      i  -  Includes clock pin internal power

Power Group         Internal Power        Switching Power          Leakage Power            Total Power    (   %  )    Attrs
-----------------------------------------------------------------------------------------------------------------------------
io_pad                    0.00e+00               0.00e+00               0.00e+00               0.00e+00    (  0.0%)         
memory                    0.00e+00               0.00e+00               0.00e+00               0.00e+00    (  0.0%)         
black_box                 0.00e+00               0.00e+00               3.12e-01               3.12e-01    (  0.0%)         
clock_network             4.74e+03               6.96e+02               2.75e+00               5.44e+03    ( 63.8%)        i
register                  6.96e+02               3.00e+02               1.94e+01               1.02e+03    ( 11.9%)         
sequential                0.00e+00               0.00e+00               0.00e+00               0.00e+00    (  0.0%)         
combinational             8.34e+02               1.20e+03               3.62e+01               2.07e+03    ( 24.3%)         
-----------------------------------------------------------------------------------------------------------------------------
Total                     6.27e+03 nW            2.19e+03 nW            5.87e+01 nW            8.52e+03 nW
1
