Warning: Scenario scenarioSS is not configured for hold analysis: skipping. (UIC-058)
****************************************
Report : timing
        -path_type full
        -delay_type min
        -max_paths 1
        -report_by design
Design : top
Version: U-2022.12-SP6
Date   : Mon May 26 21:45:21 2025
****************************************

  Startpoint: counter_3/q_reg[0] (rising edge-triggered flip-flop clocked by SYS_CLK)
  Endpoint: counter_3/q_reg[0] (rising edge-triggered flip-flop clocked by SYS_CLK)
  Mode: mode1
  Corner: cornerFF
  Scenario: scenarioFF
  Path Group: SYS_CLK
  Path Type: min

  Point                                            Incr      Path  
  ------------------------------------------------------------------------
  clock SYS_CLK (rise edge)                        0.00      0.00
  clock network delay (ideal)                      0.00      0.00

  counter_3/q_reg[0]/CP (SDFCNQD0HPBWP)            0.00      0.00 r
  counter_3/q_reg[0]/Q (SDFCNQD0HPBWP)             0.15      0.15 r
  counter_3/DP_OP_6_1157_55635_J2/ctmi_558/ZN (AOI22D1HPBWP)
                                                   0.06      0.20 f
  counter_3/q_reg[0]/D (SDFCNQD0HPBWP)             0.00      0.20 f
  data arrival time                                          0.20

  clock SYS_CLK (rise edge)                        0.00      0.00
  clock network delay (ideal)                      0.00      0.00
  counter_3/q_reg[0]/CP (SDFCNQD0HPBWP)            0.00      0.00 r
  library hold time                                0.01      0.01
  data required time                                         0.01
  ------------------------------------------------------------------------
  data required time                                         0.01
  data arrival time                                         -0.20
  ------------------------------------------------------------------------
  slack (MET)                                                0.20


1
