Warning: Scenario scenarioFF is not configured for setup analysis: skipping. (UIC-058)
****************************************
Report : timing
        -path_type full
        -delay_type max
        -max_paths 1
        -report_by design
Design : top
Version: U-2022.12-SP6
Date   : Thu May 29 22:30:25 2025
****************************************

  Startpoint: enable (input port clocked by SYS_CLK)
  Endpoint: counter_and_parity/busy_reg (rising edge-triggered flip-flop clocked by SYS_CLK)
  Mode: mode1
  Corner: cornerSS
  Scenario: scenarioSS
  Path Group: **in2reg_default**
  Path Type: max

  Point                                            Incr      Path  
  ------------------------------------------------------------------------
  clock SYS_CLK (rise edge)                        0.00      0.00
  clock network delay (ideal)                      0.00      0.00
  input external delay                             0.80      0.80 f
  enable (in)                                      0.00      0.80 f
  counter_and_parity/ctmi_114/Z (OR2D0HPBWP)       0.10      0.90 f
  counter_and_parity/ctmi_113/Z (OR4D0HPBWP)       0.21      1.12 f
  counter_and_parity/ctmi_125/Z (OR2D0HPBWP)       0.14      1.25 f
  counter_and_parity/busy_reg/E (SEDFCNQD0HPBWP)   0.00      1.25 f
  data arrival time                                          1.25

  clock SYS_CLK (rise edge)                       10.00     10.00
  clock network delay (ideal)                      0.00     10.00
  counter_and_parity/busy_reg/CP (SEDFCNQD0HPBWP)
                                                   0.00     10.00 r
  clock uncertainty                               -0.30      9.70
  library setup time                              -0.21      9.49
  data required time                                         9.49
  ------------------------------------------------------------------------
  data required time                                         9.49
  data arrival time                                         -1.25
  ------------------------------------------------------------------------
  slack (MET)                                                8.24


1
