****************************************
Report : area
Design : top
Version: U-2022.12-SP6
Date   : Thu May 29 22:30:25 2025
****************************************

Number of ports:                           71
Number of nets:                           156
Number of cells:                           93
Number of combinational cells:             65
Number of sequential cells:                28
Number of macros/black boxes:               0
Number of buf/inv:                          8
Number of references:                      30

Combinational area:                    167.60
Buf/Inv area:                           10.00
Noncombinational area:                 291.60
Macro/Black Box area:                    0.00

Total cell area:                       459.20
1
