Warning: Scenario scenarioSS is not configured for hold analysis: skipping. (UIC-058)
****************************************
Report : timing
        -path_type full
        -delay_type min
        -max_paths 1
        -report_by design
Design : top
Version: U-2022.12-SP6
Date   : Thu May 29 22:30:25 2025
****************************************

  Startpoint: counter_and_parity/count_reg_reg[1] (rising edge-triggered flip-flop clocked by SYS_CLK)
  Endpoint: counter_and_parity/counter_stored_reg[1] (rising edge-triggered flip-flop clocked by SYS_CLK)
  Mode: mode1
  Corner: cornerFF
  Scenario: scenarioFF
  Path Group: SYS_CLK
  Path Type: min

  Point                                            Incr      Path  
  ------------------------------------------------------------------------
  clock SYS_CLK (rise edge)                        0.00      0.00
  clock network delay (ideal)                      0.00      0.00

  counter_and_parity/count_reg_reg[1]/CP (SDFCNQD1HPBWP)
                                                   0.00      0.00 r
  counter_and_parity/count_reg_reg[1]/Q (SDFCNQD1HPBWP)
                                                   0.16      0.16 f
  counter_and_parity/counter_stored_reg[1]/D (SDFCNQD0HPBWP)
                                                   0.00      0.16 f
  data arrival time                                          0.16

  clock SYS_CLK (rise edge)                        0.00      0.00
  clock network delay (ideal)                      0.00      0.00
  counter_and_parity/counter_stored_reg[1]/CP (SDFCNQD0HPBWP)
                                                   0.00      0.00 r
  library hold time                                0.00      0.00
  data required time                                         0.00
  ------------------------------------------------------------------------
  data required time                                         0.00
  data arrival time                                         -0.16
  ------------------------------------------------------------------------
  slack (MET)                                                0.15


1
