****************************************
Report : area
Design : top
Version: U-2022.12-SP6
Date   : Thu May 29 22:11:11 2025
****************************************

Number of ports:                          114
Number of nets:                           267
Number of cells:                          160
Number of combinational cells:            111
Number of sequential cells:                49
Number of macros/black boxes:               0
Number of buf/inv:                          2
Number of references:                      29

Combinational area:                    319.20
Buf/Inv area:                            2.40
Noncombinational area:                 520.40
Macro/Black Box area:                    0.00

Total cell area:                       839.60
1
