Verdi>restart
*Verdi* Loading libsscore_vcs202012.so
FSDB Dumper for VCS, Release Verdi_R-2020.12-SP2, Linux x86_64/64bit, 05/23/2021
(C) 1996 - 2021 by Synopsys, Inc.
*Verdi* FSDB WARNING: The FSDB file already exists. Overwriting the FSDB file may crash the programs that are using this file.
*Verdi* : Create FSDB file '/mnt/vol_NFS_rh003/estudiantes/DANIELA_VARGAS/Version_final/0516/versiones_finales/semana14/Votador_Hamming/TSMC_Hamming/FLOW/common/rtl/sverilog/inter.fsdb'
*Verdi* : Flush all FSDB Files at 0 ps.
*Verdi* : Enable RPC Server(4088959)
*Verdi* : Flush all FSDB Files at 0 ps.
Chronologic VCS simulator copyright 1991-2020
Contains Synopsys proprietary information.
Compiler version R-2020.12-SP2_Full64; Runtime version R-2020.12-SP2_Full64;  May 29 09:41 2025
xterm-256color is Not a valid terminal...
Verdi>run
$finish called from file "tb_sin_errores.sv", line 238.
$finish at simulation time               160000
Simulation complete, time is 160000 ps.
tb_sin_errores.sv, 238 :     $finish;
           V C S   S i m u l a t i o n   R e p o r t 
Time: 160000 ps
CPU Time:      0.110 seconds;       Data structure size:   0.0Mb
Thu May 29 12:50:05 2025
debExit
