****************************************
Report : area
Design : top
Version: U-2022.12-SP6
Date   : Thu Jun  5 14:39:18 2025
****************************************

Number of ports:                          114
Number of nets:                           267
Number of cells:                          164
Number of combinational cells:            121
Number of sequential cells:                43
Number of macros/black boxes:               0
Number of buf/inv:                          6
Number of references:                      29

Combinational area:                    332.80
Buf/Inv area:                            7.20
Noncombinational area:                 485.20
Macro/Black Box area:                    0.00

Total cell area:                       818.00
1
