Warning: Scenario scenarioFF is not configured for setup analysis: skipping. (UIC-058)
****************************************
Report : timing
        -path_type full
        -delay_type max
        -max_paths 1
        -report_by design
Design : top
Version: U-2022.12-SP6
Date   : Thu Jun  5 14:39:18 2025
****************************************

  Startpoint: counter_and_parity/count_reg_reg[2] (rising edge-triggered flip-flop clocked by SYS_CLK)
  Endpoint: syndrome_inst/corrected_counter_reg[3] (rising edge-triggered flip-flop clocked by SYS_CLK)
  Mode: mode1
  Corner: cornerSS
  Scenario: scenarioSS
  Path Group: SYS_CLK
  Path Type: max

  Point                                            Incr      Path  
  ------------------------------------------------------------------------
  clock SYS_CLK (rise edge)                        0.00      0.00
  clock network delay (ideal)                      0.00      0.00

  counter_and_parity/count_reg_reg[2]/CP (SDFCND0HPBWP)
                                                   0.00      0.00 r
  counter_and_parity/count_reg_reg[2]/Q (SDFCND0HPBWP)
                                                   0.45      0.45 r
  syndrome_inst/ctmi_166/ZN (MAOI22D0HPBWP)        0.24      0.69 r
  syndrome_inst/ctmi_168/ZN (XNR3D0HPBWP)          0.32      1.01 f
  syndrome_inst/ctmi_167/ZN (NR2XD0HPBWP)          0.17      1.18 r
  syndrome_inst/ctmi_6/ZN (CKND1HPBWP)             0.10      1.28 f
  syndrome_inst/ctmi_174/ZN (NR2XD0HPBWP)          0.08      1.36 r
  syndrome_inst/ctmi_173/ZN (CKND2D1HPBWP)         0.08      1.44 f
  syndrome_inst/ctmi_172/ZN (MAOI22D0HPBWP)        0.13      1.56 f
  syndrome_inst/ctmi_171/ZN (NR2XD0HPBWP)          0.08      1.64 r
  syndrome_inst/corrected_counter_reg[3]/D (SDFCNQD0HPBWP)
                                                   0.00      1.64 r
  data arrival time                                          1.64

  clock SYS_CLK (rise edge)                       10.00     10.00
  clock network delay (ideal)                      0.00     10.00
  syndrome_inst/corrected_counter_reg[3]/CP (SDFCNQD0HPBWP)
                                                   0.00     10.00 r
  clock uncertainty                               -0.30      9.70
  library setup time                              -0.08      9.62
  data required time                                         9.62
  ------------------------------------------------------------------------
  data required time                                         9.62
  data arrival time                                         -1.64
  ------------------------------------------------------------------------
  slack (MET)                                                7.98


1
