Invoking simulator...

./prueba_3 -sml=verdi +UVM_VERDI_TRACE=UVM_AWARE +fsdb+gate=off -ucli2Proc -ucli
debImport "-i" "-simflow" "-dbdir" "./prueba_3.daidir"
*Verdi* Loading libsscore_vcs202012.so

*Verdi* : Enable RPC Server(224556)

srcTBInvokeSim
Chronologic VCS simulator copyright 1991-2020
Contains Synopsys proprietary information.
Compiler version R-2020.12-SP2_Full64; Runtime version R-2020.12-SP2_Full64;  May 21 01:18 2025
xterm-256color is Not a valid terminal...
Verdi>fsdbDumpvars 1 "tb_sram_2kbit.dut.enable"  +all +trace_process;fsdbDumpflush 

*Verdi* : Dumping the signal (tb_sram_2kbit.dut.enable).
*Verdi* : Flush all FSDB Files at 0 ps.

Verdi>fsdbDumpvars 1 "tb_sram_2kbit.dut.write_back"  +all +trace_process;fsdbDumpflush 

*Verdi* : Dumping the signal (tb_sram_2kbit.dut.write_back).
*Verdi* : Flush all FSDB Files at 0 ps.

Verdi>run
t=25000 en=0 ? data_out=xxxxxxxx (esperado X)
Lectura normal 10 ? xx (esperado A5)
mem[10] antes del error = 01010100111100
Error inyectado en bit 2 de mem[10]
mem[10] después del error = 01010100111100
Lectura tras corrección ? 2c (esperado A5)
Lectura 20 ? 2c (esperado 3C)
Lectura 255 ? 2c (esperado FF)
mem[20] = 00100110111110
mem[10] después del error corregido = 01010100111100
mem[10] después del error corregido = 01010100111100
mem[20] = 00100110111110
t=145000 en=0 post ? data_out=00101100 (esperado X)
Lectura normal 10 ? 2c (esperado A5)
mem[10] antes del error = 01010100111100
Error inyectado en bit 2 de mem[10]
mem[10] después del error = 01010100111100
Lectura tras corrección ? 2c (esperado A5)
Lectura 20 ? 48 (esperado 3C)
Lectura 255 ? 2f (esperado FF)
mem[20] = 00100110111110
mem[10] después del error corregido = 01010100111100
mem[10] después del error corregido = 01010100111100
mem[20] = 00100110111110
t=275000 en=0 post ? data_out=10101000 (esperado X)
$finish called from file "tb_prueba3.sv", line 157.
$finish at simulation time               325000
Simulation complete, time is 325000 ps.
tb_prueba3.sv, 157 :         $finish;
           V C S   S i m u l a t i o n   R e p o r t 
Time: 325000 ps
CPU Time:      0.650 seconds;       Data structure size:   0.0Mb
Wed May 21 01:26:15 2025
debExit
