version: (200506)

available memory: 64M bytes
used memory: 188416 bytes [need 184K bytes if disable swap]

used block: 9 [memory(9) file(0)]
                 [ 8K(7) 64K(2) { total 184K bytes } ]
overhead: (9538) bytes for (9) blocks [Average: (1059) bytes/block]

write  => 0(times) 0K(bytes) [0K bytes to file]
read   => 2(times) 38K(bytes) [6K bytes compressed data from file]
access => 501370(times) 3932M(bytes)
          [hit ratio: 99.9996%]

time: write(0) read(0)  unit: second

swap file directory: (/mnt/vol_NFS_rh003/estudiantes/DANIELA_VARGAS/TFG_SEMANA12/sintesis_0511/versiones_finales/Memoria/TSMC_memoria_Hamming/FLOW/common/rtl/sverilog/verdiLog)
used swap file number: (3)



swap file manager:
arrSize: (256)
idxCnt: (4)
closeHead: (1)
closeTail: (3)
openCnt: (3)
fid(3): fd(1073741825) fileName(/mnt/vol_NFS_rh003/estudiantes/DANIELA_VARGAS/TFG_SEMANA12/sintesis_0511/versiones_finales/Memoria/TSMC_memoria_Hamming/FLOW/common/rtl/sverilog/results_3.daidir/kdb.elab++/work.lib++/top.sv#inc___vcs_unit__1__1#.tdc)
	size(5527) lastModTime(1747450085) curModTime(1747450085)
	mode(rb)	hot(0) cool(2) pos(0)
fid(2): fd(34) fileName(/mnt/vol_NFS_rh003/estudiantes/DANIELA_VARGAS/TFG_SEMANA12/sintesis_0511/versiones_finales/Memoria/TSMC_memoria_Hamming/FLOW/common/rtl/sverilog/verdiLog/_swap_0001#8323328#2933388)
	size(0) lastModTime(0) curModTime(1747450145)
	mode(w+b)	hot(3) cool(1) pos(0)
fid(1): fd(1073741824) fileName(/mnt/vol_NFS_rh003/estudiantes/DANIELA_VARGAS/TFG_SEMANA12/sintesis_0511/versiones_finales/Memoria/TSMC_memoria_Hamming/FLOW/common/rtl/sverilog/results_3.daidir/kdb.elab++/work.lib++/tb_sinerrores.sv.tdc)
	size(5358) lastModTime(1747450085) curModTime(1747450085)
	mode(rb)	hot(2) cool(0) pos(0)
fid(0): fd(0) fileName(NULL)
	mode(NULL)	hot(0) cool(0) pos(0)
==================================================
mySelf(0x1ac977d0) pre(0x19862840) next((nil))
version(200506)
date(Aug 13 2023 07:34:34)
