****************************************
Report : area
Design : top
Version: U-2022.12-SP6
Date   : Sun May 25 23:33:57 2025
****************************************

Number of ports:                          154
Number of nets:                           258
Number of cells:                          127
Number of combinational cells:            112
Number of sequential cells:                15
Number of macros/black boxes:               0
Number of buf/inv:                         26
Number of references:                      22

Combinational area:                    270.40
Buf/Inv area:                           31.20
Noncombinational area:                 162.00
Macro/Black Box area:                    0.00

Total cell area:                       432.40
1
