Information: Corner cornerFF: no PVT mismatches. (PVT-032)
Information: Corner cornerSS: no PVT mismatches. (PVT-032)
****************************************
Report : power
        -significant_digits 2
Design : top
Version: U-2022.12-SP6
Date   : Sun May 25 23:33:57 2025
****************************************
Information: Activity propagation will be performed for scenario scenarioFF.
Information: Doing activity propagation for mode 'mode1' and corner 'cornerFF' with effort level 'medium'. (POW-024)
Information: Timer-derived activity data is cached on scenario scenarioFF (POW-052)
Infomation: Fast mode activity propagation power.rtl_activity_annotation setup is ignored. Always use accurate mode.
Information: Running switching activity propagation in scalar mode!

 **** Information : No. of simulation cycles = 6 ****
Information: Propagated activity on scenario scenarioSS identical to that on scenarioFF (POW-006)
Information: The stitching and editing of coupling caps is turned OFF for design 'top_lib:top/auto_floorplan.design'. (TIM-125)
Information: Design Average RC for design top  (NEX-011)
Information: r = 0.831736 ohm/um, via_r = 1.815407 ohm/cut, c = 0.119055 ff/um, cc = 0.000000 ff/um (X dir) (NEX-017)
Information: r = 0.835421 ohm/um, via_r = 1.815407 ohm/cut, c = 0.139490 ff/um, cc = 0.000000 ff/um (Y dir) (NEX-017)
Information: The RC mode used is VR for design 'top'. (NEX-022)
Information: Update timing completed net estimation for all the timing graph nets (TIM-111)
Information: Net estimation statistics: timing graph nets = 138, routed nets = 0, across physical hierarchy nets = 0, parasitics cached nets = 138, delay annotated nets = 0, parasitics annotated nets = 0, multi-voltage nets = 0. (TIM-112)
************************************************************
Timer Settings:
Delay Calculation Style:                   auto
Signal Integrity Analysis:                 disabled
Timing Window Analysis:                    disabled
Advanced Waveform Propagation:             disabled
Variation Type:                            fixed_derate
Clock Reconvergence Pessimism Removal:     disabled
Advanced Receiver Model:                   disabled
ML Acceleration:                           off
************************************************************
Mode: mode1
Corner: cornerFF
Scenario: scenarioFF
Voltage: 1.32
Temperature: 125.00

Voltage Unit         : 1V
Capacitance Unit     : 1pF
Time Unit            : 1ns
Temperature Unit     : 1C
Dynamic Power Unit   : 1nW
Leakage Power Unit   : 1nW

Switched supply net power scaling:
scaling for leakage power

Supply nets:
VDD (power) probability 1.00 (default)
VSS (ground) probability 1.00 (default)
Warning: Power table extrapolation (extrapolation mode) for port ZN on cell register_1/phfnr_buf_78 for parameter Tinp. Lowest table value = 0.004000, highest table value = 0.331200, value = 0.001106 (POW-046)
Warning: Power table extrapolation (extrapolation mode) for port Z on cell register_1/ctmi_98 for parameter Tinp. Lowest table value = 0.004000, highest table value = 0.331200, value = 0.000381 (POW-046)
Warning: Power table extrapolation (extrapolation mode) for port ZN on cell register_1/phfnr_buf_79 for parameter Tinp. Lowest table value = 0.004000, highest table value = 0.331200, value = 0.000362 (POW-046)
Warning: Power table extrapolation (extrapolation mode) for port ZN on cell register_1/ctmi_97 for parameter Tinp. Lowest table value = 0.004000, highest table value = 0.331200, value = 0.000629 (POW-046)
Warning: Power table extrapolation (extrapolation mode) for port CDN on cell register_1/reg_data_reg[2] for parameter Tinp. Lowest table value = 0.004000, highest table value = 0.331200, value = 0.000896 (POW-046)
Warning: Power table extrapolation (extrapolation mode) for port Q on cell register_1/reg_data_reg[2] for parameter Tinp. Lowest table value = 0.004000, highest table value = 0.331200, value = 0.000896 (POW-046)
Warning: Power table extrapolation (extrapolation mode) for port CDN on cell register_1/reg_data_reg[1] for parameter Tinp. Lowest table value = 0.004000, highest table value = 0.331200, value = 0.000820 (POW-046)
Warning: Power table extrapolation (extrapolation mode) for port Q on cell register_1/reg_data_reg[1] for parameter Tinp. Lowest table value = 0.004000, highest table value = 0.331200, value = 0.000820 (POW-046)
Warning: Power table extrapolation (extrapolation mode) for port CDN on cell register_1/reg_data_reg[0] for parameter Tinp. Lowest table value = 0.004000, highest table value = 0.331200, value = 0.000648 (POW-046)
Warning: Power table extrapolation (extrapolation mode) for port Q on cell register_1/reg_data_reg[0] for parameter Tinp. Lowest table value = 0.004000, highest table value = 0.331200, value = 0.000648 (POW-046)
Note - message 'POW-046' limit (10) exceeded. Remainder will be suppressed.

  Cell Internal Power    = 2.14e+04 nW ( 80.4%)
  Net Switching Power    = 5.20e+03 nW ( 19.6%)
Total Dynamic Power      = 2.66e+04 nW (100.0%)

Cell Leakage Power       = 9.54e+03 nW


  Attributes
  ----------
      u  -  User defined power group
      i  -  Includes clock pin internal power

Power Group         Internal Power        Switching Power          Leakage Power            Total Power    (   %  )    Attrs
-----------------------------------------------------------------------------------------------------------------------------
io_pad                    0.00e+00               0.00e+00               0.00e+00               0.00e+00    (  0.0%)         
memory                    0.00e+00               0.00e+00               0.00e+00               0.00e+00    (  0.0%)         
black_box                 0.00e+00               0.00e+00               0.00e+00               0.00e+00    (  0.0%)         
clock_network             1.73e+04               1.86e+03               6.45e+02               1.98e+04    ( 54.9%)        i
register                  1.86e+03               6.27e+02               2.86e+03               5.35e+03    ( 14.8%)         
sequential                0.00e+00               0.00e+00               0.00e+00               0.00e+00    (  0.0%)         
combinational             2.17e+03               2.71e+03               6.04e+03               1.09e+04    ( 30.2%)         
-----------------------------------------------------------------------------------------------------------------------------
Total                     2.14e+04 nW            5.20e+03 nW            9.54e+03 nW            3.61e+04 nW
Mode: mode1
Corner: cornerSS
Scenario: scenarioSS
Voltage: 1.08
Temperature: 125.00

Voltage Unit         : 1V
Capacitance Unit     : 1pF
Time Unit            : 1ns
Temperature Unit     : 1C
Dynamic Power Unit   : 1nW
Leakage Power Unit   : 1nW

Switched supply net power scaling:
scaling for leakage power

Supply nets:
VDD (power) probability 1.00 (default)
VSS (ground) probability 1.00 (default)

  Cell Internal Power    = 1.09e+04 nW ( 76.2%)
  Net Switching Power    = 3.41e+03 nW ( 23.8%)
Total Dynamic Power      = 1.44e+04 nW (100.0%)

Cell Leakage Power       = 1.09e+02 nW


  Attributes
  ----------
      u  -  User defined power group
      i  -  Includes clock pin internal power

Power Group         Internal Power        Switching Power          Leakage Power            Total Power    (   %  )    Attrs
-----------------------------------------------------------------------------------------------------------------------------
io_pad                    0.00e+00               0.00e+00               0.00e+00               0.00e+00    (  0.0%)         
memory                    0.00e+00               0.00e+00               0.00e+00               0.00e+00    (  0.0%)         
black_box                 0.00e+00               0.00e+00               0.00e+00               0.00e+00    (  0.0%)         
clock_network             8.58e+03               1.24e+03               8.20e+00               9.83e+03    ( 67.9%)        i
register                  1.05e+03               4.05e+02               3.14e+01               1.49e+03    ( 10.3%)         
sequential                0.00e+00               0.00e+00               0.00e+00               0.00e+00    (  0.0%)         
combinational             1.32e+03               1.77e+03               6.91e+01               3.15e+03    ( 21.8%)         
-----------------------------------------------------------------------------------------------------------------------------
Total                     1.09e+04 nW            3.41e+03 nW            1.09e+02 nW            1.45e+04 nW
1
