Warning: Scenario scenarioSS is not configured for hold analysis: skipping. (UIC-058)
****************************************
Report : timing
        -path_type full
        -delay_type min
        -max_paths 1
        -report_by design
Design : top
Version: U-2022.12-SP6
Date   : Mon May 26 19:13:03 2025
****************************************

  Startpoint: counter_1/q_reg[0] (rising edge-triggered flip-flop clocked by SYS_CLK)
  Endpoint: counter_1/q_reg[0] (rising edge-triggered flip-flop clocked by SYS_CLK)
  Mode: mode1
  Corner: cornerFF
  Scenario: scenarioFF
  Path Group: SYS_CLK
  Path Type: min

  Point                                            Incr      Path  
  ------------------------------------------------------------------------
  clock SYS_CLK (rise edge)                        0.00      0.00
  clock network delay (ideal)                      0.00      0.00

  counter_1/q_reg[0]/CP (SDFCNQD0HPBWP)            0.00      0.00 r
  counter_1/q_reg[0]/Q (SDFCNQD0HPBWP)             0.17      0.17 r
  counter_1/ctmi_86/ZN (OAI22D0HPBWP)              0.04      0.21 f
  counter_1/q_reg[0]/D (SDFCNQD0HPBWP)             0.00      0.21 f
  data arrival time                                          0.21

  clock SYS_CLK (rise edge)                        0.00      0.00
  clock network delay (ideal)                      0.00      0.00
  counter_1/q_reg[0]/CP (SDFCNQD0HPBWP)            0.00      0.00 r
  library hold time                                0.01      0.01
  data required time                                         0.01
  ------------------------------------------------------------------------
  data required time                                         0.01
  data arrival time                                         -0.21
  ------------------------------------------------------------------------
  slack (MET)                                                0.20


1
