****************************************
Report : area
Design : top
Version: U-2022.12-SP6
Date   : Thu Jun  5 15:16:14 2025
****************************************

Number of ports:                          716
Number of nets:                          1872
Number of cells:                         1165
Number of combinational cells:            870
Number of sequential cells:               295
Number of macros/black boxes:               0
Number of buf/inv:                         31
Number of references:                      34

Combinational area:                   2748.40
Buf/Inv area:                           37.20
Noncombinational area:                3407.60
Macro/Black Box area:                    0.00

Total cell area:                      6156.00
1
