Command: /mnt/vol_NFS_rh003/estudiantes/DANIELA_VARGAS/Version_final/0516/versiones_finales/semana14/Contador_Hamming/TSMC_16_v2/FLOW/common/rtl/sverilog/results -sml=verdi +UVM_VERDI_TRACE=UVM_AWARE +fsdb+gate=off -ucli2Proc -ucli -l /mnt/vol_NFS_rh003/estudiantes/DANIELA_VARGAS/Version_final/0516/versiones_finales/semana14/Contador_Hamming/TSMC_16_v2/FLOW/common/rtl/sverilog/verdiLog/sim.log
Chronologic VCS simulator copyright 1991-2020
Contains Synopsys proprietary information.
Compiler version R-2020.12-SP2_Full64; Runtime version R-2020.12-SP2_Full64;  May 29 18:33 2025

ucli% loaddl -simv /mnt/vol_NFS_rh003/tools/verdi/R-2020.12-SP2/share/PLI/VCS/LINUXAMD64/libnovas.so LoadFSDBDumpCmd;LoadFSDBDumpCmd
LoadFSDBDumpCmd success
ucli% config ckptfsdbcheck off;config endofsim noexit;config onfail {enable all};config followactivescope on;catch {setUcliVerdiConnected};set watch::resultTagsForVerdiBP {<ucli_break_bp_status_begin> <ucli_break_bp_status_end>};set ucliCore::support_restore_through_stask_in_verdi 1;cbug::config pretty_print auto;fsdbDumpfile {/mnt/vol_NFS_rh003/estudiantes/DANIELA_VARGAS/Version_final/0516/versiones_finales/semana14/Contador_Hamming/TSMC_16_v2/FLOW/common/rtl/sverilog/inter.fsdb} ;fsdbDumpflush ; 
*Verdi* Loading libsscore_vcs202012.so
FSDB Dumper for VCS, Release Verdi_R-2020.12-SP2, Linux x86_64/64bit, 05/23/2021
(C) 1996 - 2021 by Synopsys, Inc.
*Verdi* FSDB WARNING: The FSDB file already exists. Overwriting the FSDB file may crash the programs that are using this file.
*Verdi* : Create FSDB file '/mnt/vol_NFS_rh003/estudiantes/DANIELA_VARGAS/Version_final/0516/versiones_finales/semana14/Contador_Hamming/TSMC_16_v2/FLOW/common/rtl/sverilog/inter.fsdb'
*Verdi* : Flush all FSDB Files at 0 ps.

ucli% fsdbDumpvars 1 "tb_top.dut.counter_and_parity"  +all +trace_process;fsdbDumpflush 
*Verdi* : Begin traversing the scope (tb_top.dut.counter_and_parity), layer (1).
*Verdi* : Enable +trace_process and +all dumping.
*Verdi* : End of traversing.
*Verdi* : Flush all FSDB Files at 0 ps.

ucli% fsdbDumpvars 1 "tb_top.dut.syndrome_inst"  +all +trace_process;fsdbDumpflush 
*Verdi* : Begin traversing the scope (tb_top.dut.syndrome_inst), layer (1).
*Verdi* : Enable +trace_process and +all dumping.
*Verdi* : End of traversing.
*Verdi* : Flush all FSDB Files at 0 ps.

ucli% fsdbDumpvars 1 "tb_top.dut"  +all +trace_process;fsdbDumpflush 
*Verdi* : Begin traversing the scope (tb_top.dut), layer (1).
*Verdi* : Enable +trace_process and +all dumping.
*Verdi* : End of traversing.
*Verdi* : Flush all FSDB Files at 0 ps.

ucli% synEnv::hasFataled
0
ucli% ucliCore::getToolPID
209004
ucli% sps_interactive
*Verdi* : Enable RPC Server(209004)

ucli% ucliCore::getToolPID
209004
ucli% ucliCore::getToolPID
209004
ucli% if {[catch {ucliCore::setFocus tool}]} {}

ucli% puts $ucliCore::nativeUcliMode
0

ucli% ucliCore::getToolTopPID
209004
ucli% pid
209025
ucli% synUtils::sendTool -active {_icl_createSharedMemory /tmp/vcs_dve_general.VARGAS_CHAVARRIA_2025.209004 }

ucli% if { [info vars watch::vcbp_str_len_limit_of_get_value] != ""} {set watch::vcbp_str_len_limit_of_get_value 1024}
1024
ucli% info command stateVerdiChangeCB

ucli% proc stateVerdiChangeCB args { if {$ucliGUI::state eq "terminated"} {puts "\n<VERDI_Terminated>\n";catch {setVerdiSimTerminated}}}

ucli% trace variable ucliGUI::state wu stateVerdiChangeCB

ucli% if {[catch {rename synopsys::restore verdiHack::restore} ]} {puts "0"}

ucli% proc synopsys::restore {args} { verdiHack::restore $args; puts "\n<VERDI_RESTORE>\n"}

ucli% if {[catch {rename quit verdiHack::quit} ]} {puts "0"}

ucli% proc quit {args} { if {[string length $args] == 0} { verdiHack::quit; } elseif {([string equal "-h" $args] == 1)||([string equal "-he" $args] == 1)||([string equal "-hel" $args] == 1)||([string equal "-help" $args] == 1)} { puts "\n quit           # Exit the simulation.\n \[-noprompt\]        (Exit the simulation and Verdi.)\n"} elseif {([string equal "-n" $args] == 1)||([string equal "-no" $args] == 1)||([string equal "-nop" $args] == 1)||([string equal "-nopr" $args] == 1)||([string equal "-nopro" $args] == 1)||([string equal "-noprom" $args] == 1)||([string equal "-nopromp" $args] == 1)||([string equal "-noprompt" $args] == 1)} { puts "\nVERDI_EXIT_N\n" } else { verdiHack::quit $args; } }

ucli% if {[catch {rename exit verdiHack::exit} ]} {puts "0"}

ucli% proc exit {args} { if {[string length $args] == 0} { verdiHack::exit; } elseif {([string equal "-h" $args] == 1)||([string equal "-he" $args] == 1)||([string equal "-hel" $args] == 1)||([string equal "-help" $args] == 1)} { puts "\n exit           # Exit the simulation.\n \[-noprompt\]        (Exit the simulation and Verdi.)\n"} elseif {([string equal "-n" $args] == 1)||([string equal "-no" $args] == 1)||([string equal "-nop" $args] == 1)||([string equal "-nopr" $args] == 1)||([string equal "-nopro" $args] == 1)||([string equal "-noprom" $args] == 1)||([string equal "-nopromp" $args] == 1)||([string equal "-noprompt" $args] == 1)} { puts "\nVERDI_EXIT_N\n" } else { verdiHack::exit $args; } }

ucli% proc checkpoint::beforeRecreate {} { sps_interactive }

ucli% if {[catch {ucliCore::setFocus tool}]} {}

ucli% save::getUserdefinedProcs
::stateVerdiChangeCB ::LoadFSDBDumpCmd
ucli% set ucliCore::resultTagsForVerdi [list <?special_verdi_begin?> <?special_verdi_end?>]
<?special_verdi_begin?> <?special_verdi_end?>
ucli% if {[catch {ucliCore::setFocus tool}]} {}

ucli% fsdbDumpflush 
*Verdi* : Flush all FSDB Files at 0 ps.

ucli% if {[catch {ucliCore::setFocus tool}]} {}

ucli% fsdbDumpflush 
*Verdi* : Flush all FSDB Files at 0 ps.

ucli% senv
activeDomain: Verilog
activeFile: tb4.sv
activeFrame: 
activeLine: 4
activeScope: tb_top
activeThread: 
endCol: 0
file: tb4.sv
frame: 
fsdbFilename: 
hasTB: 0
inputFilename: 
keyFilename: ucli.key
line: 4
logFilename: /mnt/vol_NFS_rh003/estudiantes/DANIELA_VARGAS/Version_final/0516/versiones_finales/semana14/Contador_Hamming/TSMC_16_v2/FLOW/common/rtl/sverilog/verdiLog/sim.log
macroIndex: -1
macroOffset: -1
pid: 209004
scope: tb_top
startCol: 0
state: stopped
thread: 
time: 0
timePrecision: 1 ps
vcdFilename: 
vpdFilename:
ucli% synUtils::resolveSourceFilename tb4.sv
tb4.sv
ucli% puts $::ucliCore::cbug_active
0

ucli% if {[catch {ucliCore::setFocus tool}]} {}

ucli% checkpoint -list -all
There are no checkpoints present.
ucli% if {[catch {ucliCore::setFocus tool}]} {}

ucli% stop
No stop points are set
ucli% if {[catch {ucliCore::setFocus tool}]} {}

ucli% run
tb4.sv, 44 :         $stop;

ucli% synEnv::hasFataled
0
ucli% ucliCore::getToolPID
209004
ucli% synEnv::isFinished
0
ucli% save::getUserdefinedProcs
::stateVerdiChangeCB ::LoadFSDBDumpCmd
ucli% if {[catch {ucliCore::setFocus tool}]} {}

ucli% fsdbDumpflush 
*Verdi* : Flush all FSDB Files at 245,000 ps.

ucli% senv
activeDomain: Verilog
activeFile: tb4.sv
activeFrame: 
activeLine: 44
activeScope: tb_top
activeThread: 
endCol: 0
file: tb4.sv
frame: 
fsdbFilename: 
hasTB: 0
inputFilename: 
keyFilename: ucli.key
line: 44
logFilename: /mnt/vol_NFS_rh003/estudiantes/DANIELA_VARGAS/Version_final/0516/versiones_finales/semana14/Contador_Hamming/TSMC_16_v2/FLOW/common/rtl/sverilog/verdiLog/sim.log
macroIndex: -1
macroOffset: -1
pid: 209004
scope: tb_top
startCol: 0
state: stopped
thread: 
time: 245000
timePrecision: 1 ps
vcdFilename: 
vpdFilename:
ucli% synUtils::resolveSourceFilename tb4.sv
tb4.sv
ucli% puts $::ucliCore::cbug_active
0

ucli% if {[catch {ucliCore::setFocus tool}]} {}

ucli% checkpoint -list -all
There are no checkpoints present.
ucli% if {[catch {ucliCore::setFocus tool}]} {}

ucli% stop
No stop points are set
ucli% if {[catch {ucliCore::setFocus tool}]} {}

ucli% finish; quit
           V C S   S i m u l a t i o n   R e p o r t 
Time: 245000 ps
CPU Time:      0.090 seconds;       Data structure size:   0.0Mb
Thu May 29 18:46:51 2025

<VERDI_Terminated>

