****************************************
Report : area
Design : top
Version: U-2022.12-SP6
Date   : Sun May 25 01:12:00 2025
****************************************

Number of ports:                           42
Number of nets:                           254
Number of cells:                          211
Number of combinational cells:            182
Number of sequential cells:                29
Number of macros/black boxes:               0
Number of buf/inv:                         10
Number of references:                      42

Combinational area:                    559.20
Buf/Inv area:                           12.40
Noncombinational area:                 348.00
Macro/Black Box area:                    0.00

Total cell area:                       907.20
1
