Information: Timer using 1 threads
Information: Corner cornerFF: no PVT mismatches. (PVT-032)
Information: Corner cornerSS: no PVT mismatches. (PVT-032)
****************************************
Report : power
        -significant_digits 2
Design : top
Version: U-2022.12-SP6
Date   : Sun May 25 01:11:56 2025
****************************************
Information: Activity propagation will be performed for scenario scenarioFF.
Warning: Mapping to scan cell 'GSDFCNQD1HPBWP' in library is not possible because cell has 'dont_use' attribute. (SQM-1067)
Information: Doing activity propagation for mode 'mode1' and corner 'cornerFF' with effort level 'medium'. (POW-024)
Information: Timer-derived activity data is cached on scenario scenarioFF (POW-052)
Infomation: Fast mode activity propagation power.rtl_activity_annotation setup is ignored. Always use accurate mode.
Information: Running switching activity propagation in scalar mode!

 **** Information : No. of simulation cycles = 6 ****
Information: Propagated activity on scenario scenarioSS identical to that on scenarioFF (POW-006)
Information: The stitching and editing of coupling caps is turned OFF for design 'top_lib:top/signoff.design'. (TIM-125)
Information: Design top has 254 nets, 0 global routed, 252 detail routed. (NEX-024)
Information: The RC mode used is DR for design 'top'. (NEX-022)
---extraction options---
Corner: cornerSS
 late_cap_scale                : 1
 late_res_scale                : 1
 early_cap_scale               : 1
 early_res_scale               : 1
Corner: cornerFF
 late_cap_scale                : 1
 late_res_scale                : 1
 early_cap_scale               : 1
 early_res_scale               : 1
Global options:
 reference_direction       : use_from_tluplus
 real_metalfill_extraction : none
 virtual_shield_extraction : true
---app options---
 host.max_cores                   : 1
 extract.connect_open           : true
 extract.enable_coupling_cap    : false
Extracting design: top 
NEX: virtual shield is applied in extraction.
Information: coupling capacitance is lumped to ground. (NEX-030)
Information: 252 nets are successfully extracted. (NEX-028)
Warning: Advanced receiver model has not been enabled for detailed routed design. (TIM-204)
Information: Update timing completed net estimation for all the timing graph nets (TIM-111)
Information: Net estimation statistics: timing graph nets = 252, routed nets = 252, across physical hierarchy nets = 0, parasitics cached nets = 252, delay annotated nets = 0, parasitics annotated nets = 0, multi-voltage nets = 0. (TIM-112)
************************************************************
Timer Settings:
Delay Calculation Style:                   auto
Signal Integrity Analysis:                 disabled
Timing Window Analysis:                    disabled
Advanced Waveform Propagation:             disabled
Variation Type:                            fixed_derate
Clock Reconvergence Pessimism Removal:     disabled
Advanced Receiver Model:                   disabled
ML Acceleration:                           off
************************************************************
Mode: mode1
Corner: cornerFF
Scenario: scenarioFF
Voltage: 1.32
Temperature: 125.00

Voltage Unit         : 1V
Capacitance Unit     : 1pF
Time Unit            : 1ns
Temperature Unit     : 1C
Dynamic Power Unit   : 1nW
Leakage Power Unit   : 1nW

Switched supply net power scaling:
scaling for leakage power

Supply nets:
VDD (power) probability 1.00 (default)
VSS (ground) probability 1.00 (default)
Warning: Power table extrapolation (extrapolation mode) for port ZN on cell ctmi_656 for parameter Tinp. Lowest table value = 0.004000, highest table value = 0.331200, value = 0.002670 (POW-046)
Warning: Power table extrapolation (extrapolation mode) for port ZN on cell phfnr_buf_118 for parameter Tinp. Lowest table value = 0.004000, highest table value = 0.331200, value = 0.000267 (POW-046)
Warning: Power table extrapolation (extrapolation mode) for port ZN on cell ctmi_658 for parameter Tinp. Lowest table value = 0.004000, highest table value = 0.331200, value = 0.342407 (POW-046)
Warning: Power table extrapolation (extrapolation mode) for port CDN on cell p1_reg[3] for parameter Tinp. Lowest table value = 0.004000, highest table value = 0.331200, value = 0.002937 (POW-046)
Warning: Power table extrapolation (extrapolation mode) for port Q on cell p1_reg[3] for parameter Tinp. Lowest table value = 0.004000, highest table value = 0.331200, value = 0.002899 (POW-046)
Warning: Power table extrapolation (extrapolation mode) for port ZN on cell ctmi_693 for parameter Tinp. Lowest table value = 0.004000, highest table value = 0.331200, value = 0.003281 (POW-046)
Warning: Power table extrapolation (extrapolation mode) for port Z on cell ctmi_707 for parameter Tinp. Lowest table value = 0.004000, highest table value = 0.331200, value = 0.002670 (POW-046)
Warning: Power table extrapolation (extrapolation mode) for port ZN on cell place_optHFSINV_1560_130 for parameter Tinp. Lowest table value = 0.004000, highest table value = 0.331200, value = 0.002651 (POW-046)
Warning: Power table extrapolation (extrapolation mode) for port ZN on cell phfnr_buf_117 for parameter Tinp. Lowest table value = 0.004000, highest table value = 0.331200, value = 0.000095 (POW-046)
Warning: Power table extrapolation (extrapolation mode) for port ZN on cell ctmi_613 for parameter Tinp. Lowest table value = 0.004000, highest table value = 0.331200, value = 0.000248 (POW-046)
Note - message 'POW-046' limit (10) exceeded. Remainder will be suppressed.

  Cell Internal Power    = 3.58e+04 nW ( 70.0%)
  Net Switching Power    = 1.53e+04 nW ( 30.0%)
Total Dynamic Power      = 5.11e+04 nW (100.0%)

Cell Leakage Power       = 2.04e+04 nW


  Attributes
  ----------
      u  -  User defined power group
      i  -  Includes clock pin internal power

Power Group         Internal Power        Switching Power          Leakage Power            Total Power    (   %  )    Attrs
-----------------------------------------------------------------------------------------------------------------------------
io_pad                    0.00e+00               0.00e+00               0.00e+00               0.00e+00    (  0.0%)         
memory                    0.00e+00               0.00e+00               0.00e+00               0.00e+00    (  0.0%)         
black_box                 0.00e+00               0.00e+00               8.76e+01               8.76e+01    (  0.1%)         
clock_network             2.78e+04               7.88e+03               3.49e+02               3.60e+04    ( 50.4%)        i
register                  3.70e+03               1.64e+03               7.33e+03               1.27e+04    ( 17.7%)         
sequential                0.00e+00               0.00e+00               0.00e+00               0.00e+00    (  0.0%)         
combinational             4.29e+03               5.79e+03               1.27e+04               2.27e+04    ( 31.8%)         
-----------------------------------------------------------------------------------------------------------------------------
Total                     3.58e+04 nW            1.53e+04 nW            2.04e+04 nW            7.15e+04 nW
Mode: mode1
Corner: cornerSS
Scenario: scenarioSS
Voltage: 1.08
Temperature: 125.00

Voltage Unit         : 1V
Capacitance Unit     : 1pF
Time Unit            : 1ns
Temperature Unit     : 1C
Dynamic Power Unit   : 1nW
Leakage Power Unit   : 1nW

Switched supply net power scaling:
scaling for leakage power

Supply nets:
VDD (power) probability 1.00 (default)
VSS (ground) probability 1.00 (default)

  Cell Internal Power    = 2.00e+04 nW ( 65.7%)
  Net Switching Power    = 1.05e+04 nW ( 34.3%)
Total Dynamic Power      = 3.04e+04 nW (100.0%)

Cell Leakage Power       = 2.26e+02 nW


  Attributes
  ----------
      u  -  User defined power group
      i  -  Includes clock pin internal power

Power Group         Internal Power        Switching Power          Leakage Power            Total Power    (   %  )    Attrs
-----------------------------------------------------------------------------------------------------------------------------
io_pad                    0.00e+00               0.00e+00               0.00e+00               0.00e+00    (  0.0%)         
memory                    0.00e+00               0.00e+00               0.00e+00               0.00e+00    (  0.0%)         
black_box                 0.00e+00               0.00e+00               4.57e+00               4.57e+00    (  0.0%)         
clock_network             1.55e+04               5.46e+03               4.64e+00               2.10e+04    ( 68.5%)        i
register                  2.15e+03               1.10e+03               8.26e+01               3.33e+03    ( 10.9%)         
sequential                0.00e+00               0.00e+00               0.00e+00               0.00e+00    (  0.0%)         
combinational             2.30e+03               3.89e+03               1.34e+02               6.33e+03    ( 20.6%)         
-----------------------------------------------------------------------------------------------------------------------------
Total                     2.00e+04 nW            1.05e+04 nW            2.26e+02 nW            3.07e+04 nW
1
