Warning: Scenario scenarioSS is not configured for hold analysis: skipping. (UIC-058)
****************************************
Report : timing
        -path_type full
        -delay_type min
        -max_paths 1
        -report_by design
Design : top
Version: U-2022.12-SP6
Date   : Sun May 25 01:12:00 2025
****************************************

  Startpoint: p1_reg[0] (rising edge-triggered flip-flop clocked by SYS_CLK)
  Endpoint: p1_reg[0] (rising edge-triggered flip-flop clocked by SYS_CLK)
  Mode: mode1
  Corner: cornerFF
  Scenario: scenarioFF
  Path Group: SYS_CLK
  Path Type: min

  Point                                            Incr      Path  
  ------------------------------------------------------------------------
  clock SYS_CLK (rise edge)                        0.00      0.00
  clock network delay (propagated)                 0.14      0.14

  p1_reg[0]/CP (SDFCNQD0HPBWP)                     0.00      0.14 r
  p1_reg[0]/Q (SDFCNQD0HPBWP)                      0.13      0.27 r
  place_optctmTdsLR_2_76/ZN (IAO22D0HPBWP)         0.03      0.31 f
  place_optctmTdsLR_3_77/ZN (IOA22D0HPBWP)         0.04      0.35 f
  p1_reg[0]/D (SDFCNQD0HPBWP)                      0.00      0.35 f
  data arrival time                                          0.35

  clock SYS_CLK (rise edge)                        0.00      0.00
  clock network delay (propagated)                 0.14      0.14
  p1_reg[0]/CP (SDFCNQD0HPBWP)                     0.00      0.14 r
  library hold time                                0.01      0.14
  data required time                                         0.14
  ------------------------------------------------------------------------
  data required time                                         0.14
  data arrival time                                         -0.35
  ------------------------------------------------------------------------
  slack (MET)                                                0.20


1
