****************************************
Report : qor
Design : top
Version: U-2022.12-SP6
Date   : Sun May 25 01:07:03 2025
****************************************


Scenario           'scenarioFF'
Timing Path Group  '**in2reg_default**'
----------------------------------------
Worst Hold Violation:              0.00
Total Hold Violation:              0.00
No. of Hold Violations:               0
----------------------------------------

Scenario           'scenarioFF'
Timing Path Group  '**reg2out_default**'
----------------------------------------
Worst Hold Violation:              0.00
Total Hold Violation:              0.00
No. of Hold Violations:               0
----------------------------------------

Scenario           'scenarioFF'
Timing Path Group  '**in2out_default**'
----------------------------------------
Worst Hold Violation:              0.00
Total Hold Violation:              0.00
No. of Hold Violations:               0
----------------------------------------

Scenario           'scenarioFF'
Timing Path Group  'SYS_CLK'
----------------------------------------
Worst Hold Violation:              0.00
Total Hold Violation:              0.00
No. of Hold Violations:               0
----------------------------------------

Scenario           'scenarioSS'
Timing Path Group  '**in2reg_default**'
----------------------------------------
Levels of Logic:                      6
Critical Path Length:              2.38
Critical Path Slack:               7.24
Critical Path Clk Period:         10.00
Total Negative Slack:              0.00
No. of Violating Paths:               0
----------------------------------------

Scenario           'scenarioSS'
Timing Path Group  '**reg2out_default**'
----------------------------------------
Levels of Logic:                      5
Critical Path Length:              1.53
Critical Path Slack:               7.16
Critical Path Clk Period:         10.00
Total Negative Slack:              0.00
No. of Violating Paths:               0
----------------------------------------

Scenario           'scenarioSS'
Timing Path Group  '**in2out_default**'
----------------------------------------
Levels of Logic:                      2
Critical Path Length:              0.98
Critical Path Slack:               7.72
Critical Path Clk Period:         10.00
Total Negative Slack:              0.00
No. of Violating Paths:               0
----------------------------------------

Scenario           'scenarioSS'
Timing Path Group  'SYS_CLK'
----------------------------------------
Levels of Logic:                      5
Critical Path Length:              1.41
Critical Path Slack:               7.93
Critical Path Clk Period:         10.00
Total Negative Slack:              0.00
No. of Violating Paths:               0
----------------------------------------


Cell Count
----------------------------------------
Hierarchical Cell Count:              0
Hierarchical Port Count:              0
Leaf Cell Count:                    211
Buf/Inv Cell Count:                  10
Buf Cell Count:                       0
Inv Cell Count:                      10
Combinational Cell Count:           182
   Single-bit Isolation Cell Count:                        0
   Multi-bit Isolation Cell Count:                         0
   Isolation Cell Banking Ratio:                           0.00%
   Single-bit Level Shifter Cell Count:                    0
   Multi-bit Level Shifter Cell Count:                     0
   Level Shifter Cell Banking Ratio:                       0.00%
   Single-bit ELS Cell Count:                              0
   Multi-bit ELS Cell Count:                               0
   ELS Cell Banking Ratio:                                 0.00%
Sequential Cell Count:               29
   Integrated Clock-Gating Cell Count:                     1
   Sequential Macro Cell Count:                            0
   Single-bit Sequential Cell Count:                       28
   Multi-bit Sequential Cell Count:                        0
   Sequential Cell Banking Ratio:                          0.00%
   BitsPerflop:                                            1.00
Macro Count:                          0
----------------------------------------


Area
----------------------------------------
Combinational Area:              552.80
Noncombinational Area:           348.00
Buf/Inv Area:                     12.40
Total Buffer Area:                 0.00
Total Inverter Area:              12.40
Macro/Black Box Area:              0.00
Net Area:                             0
Net XLength:                    2866.38
Net YLength:                    1705.90
----------------------------------------
Cell Area (netlist):                            900.80
Cell Area (netlist and physical only):         1158.40
Net Length:                     4572.28


Design Rules
----------------------------------------
Total Number of Nets:               254
Nets with Violations:                 0
Max Trans Violations:                 0
Max Cap Violations:                   0
----------------------------------------

1
