Warning: Scenario scenarioSS is not configured for hold analysis: skipping. (UIC-058)
****************************************
Report : timing
        -path_type full
        -delay_type min
        -max_paths 1
        -report_by design
Design : top
Version: U-2022.12-SP6
Date   : Sun May 25 01:07:03 2025
****************************************

  Startpoint: p3_reg[0] (rising edge-triggered flip-flop clocked by SYS_CLK)
  Endpoint: p3_reg[0] (rising edge-triggered flip-flop clocked by SYS_CLK)
  Mode: mode1
  Corner: cornerFF
  Scenario: scenarioFF
  Path Group: SYS_CLK
  Path Type: min

  Point                                            Incr      Path  
  ------------------------------------------------------------------------
  clock SYS_CLK (rise edge)                        0.00      0.00
  clock network delay (propagated)                 0.14      0.14

  p3_reg[0]/CP (SDFCNQD0HPBWP)                     0.00      0.14 r
  p3_reg[0]/Q (SDFCNQD0HPBWP)                      0.14      0.28 f
  ctmi_665/ZN (MOAI22D0HPBWP)                      0.04      0.31 r
  ctmi_656/ZN (OAI22D0HPBWP)                       0.03      0.35 f
  p3_reg[0]/D (SDFCNQD0HPBWP)                      0.00      0.35 f
  data arrival time                                          0.35

  clock SYS_CLK (rise edge)                        0.00      0.00
  clock network delay (propagated)                 0.14      0.14
  p3_reg[0]/CP (SDFCNQD0HPBWP)                     0.00      0.14 r
  library hold time                                0.01      0.15
  data required time                                         0.15
  ------------------------------------------------------------------------
  data required time                                         0.15
  data arrival time                                         -0.35
  ------------------------------------------------------------------------
  slack (MET)                                                0.20


1
