Warning: Scenario scenarioFF is not configured for setup analysis: skipping. (UIC-058)
****************************************
Report : timing
        -path_type full
        -delay_type max
        -max_paths 1
        -report_by design
Design : top
Version: U-2022.12-SP6
Date   : Sun May 25 01:07:03 2025
****************************************

  Startpoint: reg_data_reg[0] (rising edge-triggered flip-flop clocked by SYS_CLK)
  Endpoint: parallel_out[1] (output port clocked by SYS_CLK)
  Mode: mode1
  Corner: cornerSS
  Scenario: scenarioSS
  Path Group: **reg2out_default**
  Path Type: max

  Point                                            Incr      Path  
  ------------------------------------------------------------------------
  clock SYS_CLK (rise edge)                        0.00      0.00
  clock network delay (propagated)                 0.27      0.27

  reg_data_reg[0]/CP (SDFCND0HPBWP)                0.00      0.27 r
  reg_data_reg[0]/QN (SDFCND0HPBWP)                0.45      0.72 r
  ctmi_551/ZN (OAI22D0HPBWP)                       0.15      0.87 f
  ctmi_550/ZN (XNR3D0HPBWP)                        0.36      1.23 r
  phfnr_buf_126/ZN (CKND0HPBWP)                    0.15      1.38 f
  ctmi_572/ZN (CKND2D0HPBWP)                       0.16      1.54 r
  ctmi_571/ZN (MUX2ND0HPBWP)                       0.26      1.80 f
  parallel_out[1] (out)                            0.00      1.80 f
  data arrival time                                          1.80

  clock SYS_CLK (rise edge)                       10.00     10.00
  clock network delay (propagated)                 0.27     10.27
  clock uncertainty                               -0.30      9.97
  output external delay                           -1.00      8.97
  data required time                                         8.97
  ------------------------------------------------------------------------
  data required time                                         8.97
  data arrival time                                         -1.80
  ------------------------------------------------------------------------
  slack (MET)                                                7.16


1
