****************************************
Report : area
Design : top
Version: U-2022.12-SP6
Date   : Sun May 25 01:05:30 2025
****************************************

Number of ports:                           42
Number of nets:                           254
Number of cells:                          211
Number of combinational cells:            182
Number of sequential cells:                29
Number of macros/black boxes:               0
Number of buf/inv:                         10
Number of references:                      36

Combinational area:                    552.00
Buf/Inv area:                           12.00
Noncombinational area:                 346.80
Macro/Black Box area:                    0.00

Total cell area:                       898.80
1
