Information: Corner cornerFF: no PVT mismatches. (PVT-032)
Information: Corner cornerSS: no PVT mismatches. (PVT-032)
****************************************
Report : power
        -significant_digits 2
Design : top
Version: U-2022.12-SP6
Date   : Tue Jun  3 22:00:16 2025
****************************************
Information: Activity propagation will be performed for scenario scenarioFF.
Information: Doing activity propagation for mode 'mode1' and corner 'cornerFF' with effort level 'medium'. (POW-024)
Information: Timer-derived activity data is cached on scenario scenarioFF (POW-052)
Infomation: Fast mode activity propagation power.rtl_activity_annotation setup is ignored. Always use accurate mode.
Information: Running switching activity propagation in scalar mode!

 **** Information : No. of simulation cycles = 6 ****
Information: Propagated activity on scenario scenarioSS identical to that on scenarioFF (POW-006)
Information: The stitching and editing of coupling caps is turned OFF for design 'top_lib:top/auto_floorplan.design'. (TIM-125)
Information: Design Average RC for design top  (NEX-011)
Information: r = 0.852869 ohm/um, via_r = 1.815407 ohm/cut, c = 0.128165 ff/um, cc = 0.000000 ff/um (X dir) (NEX-017)
Information: r = 0.838141 ohm/um, via_r = 1.815407 ohm/cut, c = 0.143110 ff/um, cc = 0.000000 ff/um (Y dir) (NEX-017)
Information: The RC mode used is VR for design 'top'. (NEX-022)
Information: Update timing completed net estimation for all the timing graph nets (TIM-111)
Information: Net estimation statistics: timing graph nets = 210, routed nets = 0, across physical hierarchy nets = 0, parasitics cached nets = 210, delay annotated nets = 0, parasitics annotated nets = 0, multi-voltage nets = 0. (TIM-112)
************************************************************
Timer Settings:
Delay Calculation Style:                   auto
Signal Integrity Analysis:                 disabled
Timing Window Analysis:                    disabled
Advanced Waveform Propagation:             disabled
Variation Type:                            fixed_derate
Clock Reconvergence Pessimism Removal:     disabled
Advanced Receiver Model:                   disabled
ML Acceleration:                           off
************************************************************
Mode: mode1
Corner: cornerFF
Scenario: scenarioFF
Voltage: 1.32
Temperature: 125.00

Voltage Unit         : 1V
Capacitance Unit     : 1pF
Time Unit            : 1ns
Temperature Unit     : 1C
Dynamic Power Unit   : 1nW
Leakage Power Unit   : 1nW

Switched supply net power scaling:
scaling for leakage power

Supply nets:
VDD (power) probability 1.00 (default)
VSS (ground) probability 1.00 (default)
Warning: Power table extrapolation (extrapolation mode) for port Z on cell ctmi_730 for parameter Tinp. Lowest table value = 0.004000, highest table value = 0.331200, value = 0.000229 (POW-046)
Warning: Power table extrapolation (extrapolation mode) for port Z on cell ctmi_666 for parameter Tinp. Lowest table value = 0.004000, highest table value = 0.331200, value = 0.000038 (POW-046)
Warning: Power table extrapolation (extrapolation mode) for port Z on cell ctmi_668 for parameter Tinp. Lowest table value = 0.004000, highest table value = 0.331200, value = 0.000095 (POW-046)
Warning: Power table extrapolation (extrapolation mode) for port CDN on cell reg_data_reg[62] for parameter Tinp. Lowest table value = 0.004000, highest table value = 0.331200, value = 0.002594 (POW-046)
Warning: Power table extrapolation (extrapolation mode) for port Q on cell reg_data_reg[62] for parameter Tinp. Lowest table value = 0.004000, highest table value = 0.331200, value = 0.002556 (POW-046)
Warning: Power table extrapolation (extrapolation mode) for port Z on cell ctmi_64 for parameter Tinp. Lowest table value = 0.004000, highest table value = 0.331200, value = 0.000191 (POW-046)
Warning: Power table extrapolation (extrapolation mode) for port Z on cell ctmi_669 for parameter Tinp. Lowest table value = 0.004000, highest table value = 0.331200, value = 0.000114 (POW-046)
Warning: Power table extrapolation (extrapolation mode) for port Z on cell ctmi_670 for parameter Tinp. Lowest table value = 0.004000, highest table value = 0.331200, value = 0.000114 (POW-046)
Warning: Power table extrapolation (extrapolation mode) for port Z on cell ctmi_671 for parameter Tinp. Lowest table value = 0.004000, highest table value = 0.331200, value = 0.000076 (POW-046)
Warning: Power table extrapolation (extrapolation mode) for port Z on cell ctmi_661 for parameter Tinp. Lowest table value = 0.004000, highest table value = 0.331200, value = 0.000095 (POW-046)
Note - message 'POW-046' limit (10) exceeded. Remainder will be suppressed.

  Cell Internal Power    = 6.98e+04 nW ( 83.0%)
  Net Switching Power    = 1.43e+04 nW ( 17.0%)
Total Dynamic Power      = 8.42e+04 nW (100.0%)

Cell Leakage Power       = 2.05e+04 nW


  Attributes
  ----------
      u  -  User defined power group
      i  -  Includes clock pin internal power

Power Group         Internal Power        Switching Power          Leakage Power            Total Power    (   %  )    Attrs
-----------------------------------------------------------------------------------------------------------------------------
io_pad                    0.00e+00               0.00e+00               0.00e+00               0.00e+00    (  0.0%)         
memory                    0.00e+00               0.00e+00               0.00e+00               0.00e+00    (  0.0%)         
black_box                 0.00e+00               0.00e+00               0.00e+00               0.00e+00    (  0.0%)         
clock_network             5.64e+04               7.52e+03               2.15e+02               6.41e+04    ( 61.2%)        i
register                  8.16e+03               1.88e+03               1.50e+04               2.51e+04    ( 23.9%)         
sequential                0.00e+00               0.00e+00               0.00e+00               0.00e+00    (  0.0%)         
combinational             5.30e+03               4.94e+03               5.28e+03               1.55e+04    ( 14.8%)         
-----------------------------------------------------------------------------------------------------------------------------
Total                     6.98e+04 nW            1.43e+04 nW            2.05e+04 nW            1.05e+05 nW
Mode: mode1
Corner: cornerSS
Scenario: scenarioSS
Voltage: 1.08
Temperature: 125.00

Voltage Unit         : 1V
Capacitance Unit     : 1pF
Time Unit            : 1ns
Temperature Unit     : 1C
Dynamic Power Unit   : 1nW
Leakage Power Unit   : 1nW

Switched supply net power scaling:
scaling for leakage power

Supply nets:
VDD (power) probability 1.00 (default)
VSS (ground) probability 1.00 (default)

  Cell Internal Power    = 3.67e+04 nW ( 79.5%)
  Net Switching Power    = 9.45e+03 nW ( 20.5%)
Total Dynamic Power      = 4.61e+04 nW (100.0%)

Cell Leakage Power       = 2.25e+02 nW


  Attributes
  ----------
      u  -  User defined power group
      i  -  Includes clock pin internal power

Power Group         Internal Power        Switching Power          Leakage Power            Total Power    (   %  )    Attrs
-----------------------------------------------------------------------------------------------------------------------------
io_pad                    0.00e+00               0.00e+00               0.00e+00               0.00e+00    (  0.0%)         
memory                    0.00e+00               0.00e+00               0.00e+00               0.00e+00    (  0.0%)         
black_box                 0.00e+00               0.00e+00               0.00e+00               0.00e+00    (  0.0%)         
clock_network             2.92e+04               4.92e+03               2.73e+00               3.41e+04    ( 73.6%)        i
register                  4.61e+03               1.26e+03               1.66e+02               6.04e+03    ( 13.0%)         
sequential                0.00e+00               0.00e+00               0.00e+00               0.00e+00    (  0.0%)         
combinational             2.89e+03               3.26e+03               5.64e+01               6.21e+03    ( 13.4%)         
-----------------------------------------------------------------------------------------------------------------------------
Total                     3.67e+04 nW            9.45e+03 nW            2.25e+02 nW            4.64e+04 nW
1
