****************************************
Report : area
Design : top
Version: U-2022.12-SP6
Date   : Tue Jun  3 22:00:16 2025
****************************************

Number of ports:                          138
Number of nets:                           212
Number of cells:                          139
Number of combinational cells:             74
Number of sequential cells:                65
Number of macros/black boxes:               0
Number of buf/inv:                          3
Number of references:                       9

Combinational area:                    328.80
Buf/Inv area:                            3.60
Noncombinational area:                 750.00
Macro/Black Box area:                    0.00

Total cell area:                      1078.80
1
