Warning: Scenario scenarioSS is not configured for hold analysis: skipping. (UIC-058)
****************************************
Report : timing
        -path_type full
        -delay_type min
        -max_paths 1
        -report_by design
Design : top
Version: U-2022.12-SP6
Date   : Sun May 25 23:51:18 2025
****************************************

  Startpoint: register_1/reg_data_reg[26] (rising edge-triggered flip-flop clocked by SYS_CLK)
  Endpoint: register_1/reg_data_reg[27] (rising edge-triggered flip-flop clocked by SYS_CLK)
  Mode: mode1
  Corner: cornerFF
  Scenario: scenarioFF
  Path Group: SYS_CLK
  Path Type: min

  Point                                            Incr      Path  
  ------------------------------------------------------------------------
  clock SYS_CLK (rise edge)                        0.00      0.00
  clock network delay (ideal)                      0.00      0.00

  register_1/reg_data_reg[26]/CP (SDFCNQD0HPBWP)   0.00      0.00 r
  register_1/reg_data_reg[26]/Q (SDFCNQD0HPBWP)    0.15      0.15 f
  register_1/ctmi_557/ZN (OAI22D1HPBWP)            0.05      0.21 r
  register_1/ctmi_320/ZN (OAI221D0HPBWP)           0.04      0.25 f
  register_1/reg_data_reg[27]/D (SDFCNQD0HPBWP)    0.00      0.25 f
  data arrival time                                          0.25

  clock SYS_CLK (rise edge)                        0.00      0.00
  clock network delay (ideal)                      0.00      0.00
  register_1/reg_data_reg[27]/CP (SDFCNQD0HPBWP)   0.00      0.00 r
  library hold time                                0.01      0.01
  data required time                                         0.01
  ------------------------------------------------------------------------
  data required time                                         0.01
  data arrival time                                         -0.25
  ------------------------------------------------------------------------
  slack (MET)                                                0.24


1
