****************************************
Report : qor
Design : top
Version: U-2022.12-SP6
Date   : Sun May 25 23:51:18 2025
****************************************


Scenario           'scenarioFF'
Timing Path Group  '**in2reg_default**'
----------------------------------------
Worst Hold Violation:              0.00
Total Hold Violation:              0.00
No. of Hold Violations:               0
----------------------------------------

Scenario           'scenarioFF'
Timing Path Group  '**reg2out_default**'
----------------------------------------
Worst Hold Violation:              0.00
Total Hold Violation:              0.00
No. of Hold Violations:               0
----------------------------------------

Scenario           'scenarioFF'
Timing Path Group  '**in2out_default**'
----------------------------------------
Worst Hold Violation:              0.00
Total Hold Violation:              0.00
No. of Hold Violations:               0
----------------------------------------

Scenario           'scenarioFF'
Timing Path Group  'SYS_CLK'
----------------------------------------
Worst Hold Violation:              0.00
Total Hold Violation:              0.00
No. of Hold Violations:               0
----------------------------------------

Scenario           'scenarioSS'
Timing Path Group  '**in2reg_default**'
----------------------------------------
Levels of Logic:                      4
Critical Path Length:              1.87
Critical Path Slack:               7.75
Critical Path Clk Period:         10.00
Total Negative Slack:              0.00
No. of Violating Paths:               0
----------------------------------------

Scenario           'scenarioSS'
Timing Path Group  '**reg2out_default**'
----------------------------------------
Levels of Logic:                      2
Critical Path Length:              0.94
Critical Path Slack:               7.76
Critical Path Clk Period:         10.00
Total Negative Slack:              0.00
No. of Violating Paths:               0
----------------------------------------

Scenario           'scenarioSS'
Timing Path Group  '**in2out_default**'
----------------------------------------
Levels of Logic:                      4
Critical Path Length:              1.15
Critical Path Slack:               7.55
Critical Path Clk Period:         10.00
Total Negative Slack:              0.00
No. of Violating Paths:               0
----------------------------------------

Scenario           'scenarioSS'
Timing Path Group  'SYS_CLK'
----------------------------------------
Levels of Logic:                     11
Critical Path Length:              4.90
Critical Path Slack:               4.69
Critical Path Clk Period:         10.00
Total Negative Slack:              0.00
No. of Violating Paths:               0
----------------------------------------


Cell Count
----------------------------------------
Hierarchical Cell Count:              7
Hierarchical Port Count:            668
Leaf Cell Count:                    714
Buf/Inv Cell Count:                  51
Buf Cell Count:                       0
Inv Cell Count:                      51
Combinational Cell Count:           615
   Single-bit Isolation Cell Count:                        0
   Multi-bit Isolation Cell Count:                         0
   Isolation Cell Banking Ratio:                           0.00%
   Single-bit Level Shifter Cell Count:                    0
   Multi-bit Level Shifter Cell Count:                     0
   Level Shifter Cell Banking Ratio:                       0.00%
   Single-bit ELS Cell Count:                              0
   Multi-bit ELS Cell Count:                               0
   ELS Cell Banking Ratio:                                 0.00%
Sequential Cell Count:               99
   Integrated Clock-Gating Cell Count:                     3
   Sequential Macro Cell Count:                            0
   Single-bit Sequential Cell Count:                       96
   Multi-bit Sequential Cell Count:                        0
   Sequential Cell Banking Ratio:                          0.00%
   BitsPerflop:                                            1.00
Macro Count:                          0
----------------------------------------


Area
----------------------------------------
Combinational Area:             1674.80
Noncombinational Area:          1136.40
Buf/Inv Area:                     63.20
Total Buffer Area:                 0.00
Total Inverter Area:              63.20
Macro/Black Box Area:              0.00
Net Area:                             0
Net XLength:                    9190.64
Net YLength:                    8124.04
----------------------------------------
Cell Area (netlist):                           2811.20
Cell Area (netlist and physical only):         2811.20
Net Length:                    17314.68


Design Rules
----------------------------------------
Total Number of Nets:               755
Nets with Violations:                10
Max Trans Violations:                10
Max Cap Violations:                  10
----------------------------------------

1
