Information: Corner cornerFF: no PVT mismatches. (PVT-032)
Information: Corner cornerSS: no PVT mismatches. (PVT-032)
****************************************
Report : power
        -significant_digits 2
Design : top
Version: U-2022.12-SP6
Date   : Sun May 25 23:51:17 2025
****************************************
Information: Activity propagation will be performed for scenario scenarioSS.
Information: Doing activity propagation for mode 'mode1' and corner 'cornerSS' with effort level 'medium'. (POW-024)
Information: Timer-derived activity data is cached on scenario scenarioSS (POW-052)
Infomation: Fast mode activity propagation power.rtl_activity_annotation setup is ignored. Always use accurate mode.
Information: Running switching activity propagation in scalar mode!

 **** Information : No. of simulation cycles = 6 ****
Information: Propagated activity on scenario scenarioFF identical to that on scenarioSS (POW-006)
Information: The stitching and editing of coupling caps is turned OFF for design 'top_lib:top/auto_floorplan.design'. (TIM-125)
Information: Design Average RC for design top  (NEX-011)
Information: r = 0.863454 ohm/um, via_r = 1.815407 ohm/cut, c = 0.136043 ff/um, cc = 0.000000 ff/um (X dir) (NEX-017)
Information: r = 0.862668 ohm/um, via_r = 1.815407 ohm/cut, c = 0.153166 ff/um, cc = 0.000000 ff/um (Y dir) (NEX-017)
Information: The RC mode used is VR for design 'top'. (NEX-022)
Information: Update timing completed net estimation for all the timing graph nets (TIM-111)
Information: Net estimation statistics: timing graph nets = 753, routed nets = 0, across physical hierarchy nets = 0, parasitics cached nets = 753, delay annotated nets = 0, parasitics annotated nets = 0, multi-voltage nets = 0. (TIM-112)
************************************************************
Timer Settings:
Delay Calculation Style:                   auto
Signal Integrity Analysis:                 disabled
Timing Window Analysis:                    disabled
Advanced Waveform Propagation:             disabled
Variation Type:                            fixed_derate
Clock Reconvergence Pessimism Removal:     disabled
Advanced Receiver Model:                   disabled
ML Acceleration:                           off
************************************************************
Mode: mode1
Corner: cornerFF
Scenario: scenarioFF
Voltage: 1.32
Temperature: 125.00

Voltage Unit         : 1V
Capacitance Unit     : 1pF
Time Unit            : 1ns
Temperature Unit     : 1C
Dynamic Power Unit   : 1nW
Leakage Power Unit   : 1nW

Switched supply net power scaling:
scaling for leakage power

Supply nets:
VDD (power) probability 1.00 (default)
VSS (ground) probability 1.00 (default)
Warning: Power table extrapolation (extrapolation mode) for port Z on cell register_1/ctmi_575 for parameter Tinp. Lowest table value = 0.004000, highest table value = 0.331200, value = 0.001183 (POW-046)
Warning: Power table extrapolation (extrapolation mode) for port ZN on cell register_1/phfnr_buf_96 for parameter Tinp. Lowest table value = 0.004000, highest table value = 0.331200, value = 0.001259 (POW-046)
Warning: Power table extrapolation (extrapolation mode) for port Z on cell register_1/ctmi_39 for parameter Tinp. Lowest table value = 0.004000, highest table value = 0.331200, value = 0.001755 (POW-046)
Warning: Power table extrapolation (extrapolation mode) for port ZN on cell register_1/ctmi_78 for parameter Tinp. Lowest table value = 0.004000, highest table value = 0.331200, value = 0.000496 (POW-046)
Warning: Power table extrapolation (extrapolation mode) for port ZN on cell register_1/ctmi_270 for parameter Tinp. Lowest table value = 0.004000, highest table value = 0.331200, value = 0.400944 (POW-046)
Warning: Power table extrapolation (extrapolation mode) for port ZN on cell register_1/ctmi_484 for parameter Tinp. Lowest table value = 0.004000, highest table value = 0.331200, value = 0.000324 (POW-046)
Warning: Power table extrapolation (extrapolation mode) for port ZN on cell register_1/ctmi_272 for parameter Tinp. Lowest table value = 0.004000, highest table value = 0.331200, value = 0.402489 (POW-046)
Warning: Power table extrapolation (extrapolation mode) for port ZN on cell register_1/ctmi_487 for parameter Tinp. Lowest table value = 0.004000, highest table value = 0.331200, value = 0.000401 (POW-046)
Warning: Power table extrapolation (extrapolation mode) for port ZN on cell register_1/ctmi_490 for parameter Tinp. Lowest table value = 0.004000, highest table value = 0.331200, value = 0.000439 (POW-046)
Warning: Power table extrapolation (extrapolation mode) for port ZN on cell register_1/ctmi_493 for parameter Tinp. Lowest table value = 0.004000, highest table value = 0.331200, value = 0.000343 (POW-046)
Note - message 'POW-046' limit (10) exceeded. Remainder will be suppressed.

  Cell Internal Power    = 1.15e+05 nW ( 73.4%)
  Net Switching Power    = 4.17e+04 nW ( 26.6%)
Total Dynamic Power      = 1.57e+05 nW (100.0%)

Cell Leakage Power       = 6.60e+04 nW


  Attributes
  ----------
      u  -  User defined power group
      i  -  Includes clock pin internal power

Power Group         Internal Power        Switching Power          Leakage Power            Total Power    (   %  )    Attrs
-----------------------------------------------------------------------------------------------------------------------------
io_pad                    0.00e+00               0.00e+00               0.00e+00               0.00e+00    (  0.0%)         
memory                    0.00e+00               0.00e+00               0.00e+00               0.00e+00    (  0.0%)         
black_box                 0.00e+00               0.00e+00               0.00e+00               0.00e+00    (  0.0%)         
clock_network             8.82e+04               1.71e+04               6.45e+02               1.06e+05    ( 47.6%)        i
register                  1.34e+04               4.14e+03               2.29e+04               4.05e+04    ( 18.2%)         
sequential                0.00e+00               0.00e+00               0.00e+00               0.00e+00    (  0.0%)         
combinational             1.35e+04               2.04e+04               4.24e+04               7.63e+04    ( 34.3%)         
-----------------------------------------------------------------------------------------------------------------------------
Total                     1.15e+05 nW            4.17e+04 nW            6.60e+04 nW            2.23e+05 nW
Mode: mode1
Corner: cornerSS
Scenario: scenarioSS
Voltage: 1.08
Temperature: 125.00

Voltage Unit         : 1V
Capacitance Unit     : 1pF
Time Unit            : 1ns
Temperature Unit     : 1C
Dynamic Power Unit   : 1nW
Leakage Power Unit   : 1nW

Switched supply net power scaling:
scaling for leakage power

Supply nets:
VDD (power) probability 1.00 (default)
VSS (ground) probability 1.00 (default)

  Cell Internal Power    = 6.00e+04 nW ( 68.4%)
  Net Switching Power    = 2.77e+04 nW ( 31.6%)
Total Dynamic Power      = 8.77e+04 nW (100.0%)

Cell Leakage Power       = 8.01e+02 nW


  Attributes
  ----------
      u  -  User defined power group
      i  -  Includes clock pin internal power

Power Group         Internal Power        Switching Power          Leakage Power            Total Power    (   %  )    Attrs
-----------------------------------------------------------------------------------------------------------------------------
io_pad                    0.00e+00               0.00e+00               0.00e+00               0.00e+00    (  0.0%)         
memory                    0.00e+00               0.00e+00               0.00e+00               0.00e+00    (  0.0%)         
black_box                 0.00e+00               0.00e+00               0.00e+00               0.00e+00    (  0.0%)         
clock_network             4.54e+04               1.15e+04               8.20e+00               5.69e+04    ( 64.3%)        i
register                  7.44e+03               2.68e+03               2.54e+02               1.04e+04    ( 11.7%)         
sequential                0.00e+00               0.00e+00               0.00e+00               0.00e+00    (  0.0%)         
combinational             7.11e+03               1.35e+04               5.39e+02               2.12e+04    ( 23.9%)         
-----------------------------------------------------------------------------------------------------------------------------
Total                     6.00e+04 nW            2.77e+04 nW            8.01e+02 nW            8.85e+04 nW
1
