****************************************
Report : area
Design : top
Version: U-2022.12-SP6
Date   : Sun May 25 00:38:18 2025
****************************************

Number of ports:                           26
Number of nets:                           138
Number of cells:                          113
Number of combinational cells:             98
Number of sequential cells:                15
Number of macros/black boxes:               0
Number of buf/inv:                          8
Number of references:                      33

Combinational area:                    284.80
Buf/Inv area:                            9.60
Noncombinational area:                 177.20
Macro/Black Box area:                    0.00

Total cell area:                       462.00
1
