Warning: Scenario scenarioFF is not configured for setup analysis: skipping. (UIC-058)
****************************************
Report : timing
        -path_type full
        -delay_type max
        -max_paths 1
        -report_by design
Design : top
Version: U-2022.12-SP6
Date   : Sun May 25 00:21:19 2025
****************************************

  Startpoint: reg_data_reg[4] (rising edge-triggered flip-flop clocked by SYS_CLK)
  Endpoint: parallel_out[4] (output port clocked by SYS_CLK)
  Mode: mode1
  Corner: cornerSS
  Scenario: scenarioSS
  Path Group: **reg2out_default**
  Path Type: max

  Point                                            Incr      Path  
  ------------------------------------------------------------------------
  clock SYS_CLK (rise edge)                        0.00      0.00
  clock network delay (ideal)                      0.00      0.00

  reg_data_reg[4]/CP (SDFCND0HPBWP)                0.00      0.00 r
  reg_data_reg[4]/QN (SDFCND0HPBWP)                0.45      0.45 r
  ctmi_260/ZN (OAI22D1HPBWP)                       0.12      0.57 f
  ctmi_270/ZN (MOAI22D0HPBWP)                      0.17      0.74 r
  ctmi_269/ZN (MUX2ND0HPBWP)                       0.26      1.00 f
  ctmi_290/ZN (IND3D1HPBWP)                        0.20      1.20 f
  ctmi_289/ZN (MUX2ND0HPBWP)                       0.22      1.42 f
  parallel_out[4] (out)                            0.00      1.42 f
  data arrival time                                          1.42

  clock SYS_CLK (rise edge)                       10.00     10.00
  clock network delay (ideal)                      0.00     10.00
  clock uncertainty                               -0.30      9.70
  output external delay                           -1.00      8.70
  data required time                                         8.70
  ------------------------------------------------------------------------
  data required time                                         8.70
  data arrival time                                         -1.42
  ------------------------------------------------------------------------
  slack (MET)                                                7.28


1
