Information: Corner cornerFF: no PVT mismatches. (PVT-032)
Information: Corner cornerSS: no PVT mismatches. (PVT-032)
****************************************
Report : power
        -significant_digits 2
Design : top
Version: U-2022.12-SP6
Date   : Sun May 25 00:21:19 2025
****************************************
Information: Activity propagation will be performed for scenario scenarioSS.
Information: Doing activity propagation for mode 'mode1' and corner 'cornerSS' with effort level 'medium'. (POW-024)
Information: Timer-derived activity data is cached on scenario scenarioSS (POW-052)
Infomation: Fast mode activity propagation power.rtl_activity_annotation setup is ignored. Always use accurate mode.
Information: Running switching activity propagation in scalar mode!

 **** Information : No. of simulation cycles = 6 ****
Information: Propagated activity on scenario scenarioFF identical to that on scenarioSS (POW-006)
Information: The stitching and editing of coupling caps is turned OFF for design 'top_lib:top/auto_floorplan.design'. (TIM-125)
Information: Design Average RC for design top  (NEX-011)
Information: r = 0.831736 ohm/um, via_r = 1.815407 ohm/cut, c = 0.119055 ff/um, cc = 0.000000 ff/um (X dir) (NEX-017)
Information: r = 0.835421 ohm/um, via_r = 1.815407 ohm/cut, c = 0.139490 ff/um, cc = 0.000000 ff/um (Y dir) (NEX-017)
Information: The RC mode used is VR for design 'top'. (NEX-022)
Information: Update timing completed net estimation for all the timing graph nets (TIM-111)
Information: Net estimation statistics: timing graph nets = 134, routed nets = 0, across physical hierarchy nets = 0, parasitics cached nets = 134, delay annotated nets = 0, parasitics annotated nets = 0, multi-voltage nets = 0. (TIM-112)
************************************************************
Timer Settings:
Delay Calculation Style:                   auto
Signal Integrity Analysis:                 disabled
Timing Window Analysis:                    disabled
Advanced Waveform Propagation:             disabled
Variation Type:                            fixed_derate
Clock Reconvergence Pessimism Removal:     disabled
Advanced Receiver Model:                   disabled
ML Acceleration:                           off
************************************************************
Mode: mode1
Corner: cornerFF
Scenario: scenarioFF
Voltage: 1.32
Temperature: 125.00

Voltage Unit         : 1V
Capacitance Unit     : 1pF
Time Unit            : 1ns
Temperature Unit     : 1C
Dynamic Power Unit   : 1nW
Leakage Power Unit   : 1nW

Switched supply net power scaling:
scaling for leakage power

Supply nets:
VDD (power) probability 1.00 (default)
VSS (ground) probability 1.00 (default)
Warning: Power table extrapolation (extrapolation mode) for port ZN on cell ctmi_272 for parameter Tinp. Lowest table value = 0.004000, highest table value = 0.331200, value = 0.000477 (POW-046)
Warning: Power table extrapolation (extrapolation mode) for port CDN on cell reg_data_reg[7] for parameter Tinp. Lowest table value = 0.004000, highest table value = 0.331200, value = 0.001736 (POW-046)
Warning: Power table extrapolation (extrapolation mode) for port Q on cell reg_data_reg[7] for parameter Tinp. Lowest table value = 0.004000, highest table value = 0.331200, value = 0.001717 (POW-046)
Warning: Power table extrapolation (extrapolation mode) for port QN on cell reg_data_reg[7] for parameter Tinp. Lowest table value = 0.004000, highest table value = 0.331200, value = 0.001717 (POW-046)
Warning: Power table extrapolation (extrapolation mode) for port CDN on cell reg_data_reg[6] for parameter Tinp. Lowest table value = 0.004000, highest table value = 0.331200, value = 0.001259 (POW-046)
Warning: Power table extrapolation (extrapolation mode) for port Q on cell reg_data_reg[6] for parameter Tinp. Lowest table value = 0.004000, highest table value = 0.331200, value = 0.001240 (POW-046)
Warning: Power table extrapolation (extrapolation mode) for port QN on cell reg_data_reg[6] for parameter Tinp. Lowest table value = 0.004000, highest table value = 0.331200, value = 0.001240 (POW-046)
Warning: Power table extrapolation (extrapolation mode) for port CDN on cell p3_reg[0] for parameter Tinp. Lowest table value = 0.004000, highest table value = 0.331200, value = 0.001297 (POW-046)
Warning: Power table extrapolation (extrapolation mode) for port Q on cell p3_reg[0] for parameter Tinp. Lowest table value = 0.004000, highest table value = 0.331200, value = 0.001278 (POW-046)
Warning: Power table extrapolation (extrapolation mode) for port Z on cell ctmi_14 for parameter Tinp. Lowest table value = 0.004000, highest table value = 0.331200, value = 0.000362 (POW-046)
Note - message 'POW-046' limit (10) exceeded. Remainder will be suppressed.

  Cell Internal Power    = 2.07e+04 nW ( 77.8%)
  Net Switching Power    = 5.88e+03 nW ( 22.2%)
Total Dynamic Power      = 2.65e+04 nW (100.0%)

Cell Leakage Power       = 1.14e+04 nW


  Attributes
  ----------
      u  -  User defined power group
      i  -  Includes clock pin internal power

Power Group         Internal Power        Switching Power          Leakage Power            Total Power    (   %  )    Attrs
-----------------------------------------------------------------------------------------------------------------------------
io_pad                    0.00e+00               0.00e+00               0.00e+00               0.00e+00    (  0.0%)         
memory                    0.00e+00               0.00e+00               0.00e+00               0.00e+00    (  0.0%)         
black_box                 0.00e+00               0.00e+00               0.00e+00               0.00e+00    (  0.0%)         
clock_network             1.60e+04               2.15e+03               2.16e+02               1.83e+04    ( 48.4%)        i
register                  2.06e+03               7.93e+02               3.62e+03               6.48e+03    ( 17.1%)         
sequential                0.00e+00               0.00e+00               0.00e+00               0.00e+00    (  0.0%)         
combinational             2.63e+03               2.93e+03               7.54e+03               1.31e+04    ( 34.6%)         
-----------------------------------------------------------------------------------------------------------------------------
Total                     2.07e+04 nW            5.88e+03 nW            1.14e+04 nW            3.79e+04 nW
Mode: mode1
Corner: cornerSS
Scenario: scenarioSS
Voltage: 1.08
Temperature: 125.00

Voltage Unit         : 1V
Capacitance Unit     : 1pF
Time Unit            : 1ns
Temperature Unit     : 1C
Dynamic Power Unit   : 1nW
Leakage Power Unit   : 1nW

Switched supply net power scaling:
scaling for leakage power

Supply nets:
VDD (power) probability 1.00 (default)
VSS (ground) probability 1.00 (default)

  Cell Internal Power    = 1.08e+04 nW ( 73.7%)
  Net Switching Power    = 3.86e+03 nW ( 26.3%)
Total Dynamic Power      = 1.47e+04 nW (100.0%)

Cell Leakage Power       = 1.34e+02 nW


  Attributes
  ----------
      u  -  User defined power group
      i  -  Includes clock pin internal power

Power Group         Internal Power        Switching Power          Leakage Power            Total Power    (   %  )    Attrs
-----------------------------------------------------------------------------------------------------------------------------
io_pad                    0.00e+00               0.00e+00               0.00e+00               0.00e+00    (  0.0%)         
memory                    0.00e+00               0.00e+00               0.00e+00               0.00e+00    (  0.0%)         
black_box                 0.00e+00               0.00e+00               0.00e+00               0.00e+00    (  0.0%)         
clock_network             8.14e+03               1.42e+03               2.74e+00               9.57e+03    ( 64.5%)        i
register                  1.17e+03               5.18e+02               4.07e+01               1.73e+03    ( 11.7%)         
sequential                0.00e+00               0.00e+00               0.00e+00               0.00e+00    (  0.0%)         
combinational             1.52e+03               1.92e+03               9.04e+01               3.53e+03    ( 23.8%)         
-----------------------------------------------------------------------------------------------------------------------------
Total                     1.08e+04 nW            3.86e+03 nW            1.34e+02 nW            1.48e+04 nW
1
