Warning: Scenario scenarioSS is not configured for hold analysis: skipping. (UIC-058)
****************************************
Report : timing
        -path_type full
        -delay_type min
        -max_paths 1
        -report_by design
Design : top
Version: U-2022.12-SP6
Date   : Sun May 25 00:35:48 2025
****************************************

  Startpoint: p2_reg[1] (rising edge-triggered flip-flop clocked by SYS_CLK)
  Endpoint: p2_reg[1] (rising edge-triggered flip-flop clocked by SYS_CLK)
  Mode: mode1
  Corner: cornerFF
  Scenario: scenarioFF
  Path Group: SYS_CLK
  Path Type: min

  Point                                            Incr      Path  
  ------------------------------------------------------------------------
  clock SYS_CLK (rise edge)                        0.00      0.00
  clock network delay (ideal)                      0.00      0.00

  p2_reg[1]/CP (SDFCNQD0HPBWP)                     0.00      0.00 r
  p2_reg[1]/Q (SDFCNQD0HPBWP)                      0.14      0.14 f
  ctmi_327/ZN (MOAI22D0HPBWP)                      0.04      0.18 r
  ctmi_326/ZN (OAI22D0HPBWP)                       0.03      0.20 f
  p2_reg[1]/D (SDFCNQD0HPBWP)                      0.00      0.20 f
  data arrival time                                          0.20

  clock SYS_CLK (rise edge)                        0.00      0.00
  clock network delay (ideal)                      0.00      0.00
  p2_reg[1]/CP (SDFCNQD0HPBWP)                     0.00      0.00 r
  library hold time                                0.01      0.01
  data required time                                         0.01
  ------------------------------------------------------------------------
  data required time                                         0.01
  data arrival time                                         -0.20
  ------------------------------------------------------------------------
  slack (MET)                                                0.19


1
