Warning: Scenario scenarioFF is not configured for setup analysis: skipping. (UIC-058)
****************************************
Report : timing
        -path_type full
        -delay_type max
        -max_paths 1
        -report_by design
Design : top
Version: U-2022.12-SP6
Date   : Sun May 25 00:35:48 2025
****************************************

  Startpoint: reg_data_reg[0] (rising edge-triggered flip-flop clocked by SYS_CLK)
  Endpoint: parallel_out[2] (output port clocked by SYS_CLK)
  Mode: mode1
  Corner: cornerSS
  Scenario: scenarioSS
  Path Group: **reg2out_default**
  Path Type: max

  Point                                            Incr      Path  
  ------------------------------------------------------------------------
  clock SYS_CLK (rise edge)                        0.00      0.00
  clock network delay (ideal)                      0.00      0.00

  reg_data_reg[0]/CP (SDFCND0HPBWP)                0.00      0.00 r
  reg_data_reg[0]/QN (SDFCND0HPBWP)                0.46      0.46 r
  ctmi_254/ZN (OAI22D0HPBWP)                       0.18      0.64 f
  ctmi_268/ZN (MOAI22D0HPBWP)                      0.20      0.84 f
  ctmi_267/ZN (MUX2ND0HPBWP)                       0.19      1.03 r
  ctmi_285/ZN (CKND2D0HPBWP)                       0.17      1.20 f
  place_optctmTdsLR_1_36/ZN (INR2D0HPBWP)          0.13      1.33 r
  ctmi_283/ZN (MUX2ND0HPBWP)                       0.20      1.53 f
  parallel_out[2] (out)                            0.00      1.53 f
  data arrival time                                          1.53

  clock SYS_CLK (rise edge)                       10.00     10.00
  clock network delay (ideal)                      0.00     10.00
  clock uncertainty                               -0.30      9.70
  output external delay                           -1.00      8.70
  data required time                                         8.70
  ------------------------------------------------------------------------
  data required time                                         8.70
  data arrival time                                         -1.53
  ------------------------------------------------------------------------
  slack (MET)                                                7.17


1
