****************************************
Report : power
        -significant_digits 2
Design : top
Version: U-2022.12-SP6
Date   : Sun May 25 00:35:48 2025
****************************************
Information: Activity propagation will be performed for scenario scenarioFF.
Information: Doing activity propagation for mode 'mode1' and corner 'cornerFF' with effort level 'medium'. (POW-024)
Information: Timer-derived activity data is cached on scenario scenarioFF (POW-052)
Infomation: Fast mode activity propagation power.rtl_activity_annotation setup is ignored. Always use accurate mode.
Information: Running switching activity propagation in scalar mode!

 **** Information : No. of simulation cycles = 6 ****
Information: Propagated activity on scenario scenarioSS identical to that on scenarioFF (POW-006)
Information: The stitching and editing of coupling caps is turned OFF for design 'top_lib:top/place_opt.design'. (TIM-125)
Information: Design Average RC for design top  (NEX-011)
Information: r = 0.911913 ohm/um, via_r = 1.815407 ohm/cut, c = 0.148761 ff/um, cc = 0.000000 ff/um (X dir) (NEX-017)
Information: r = 0.838118 ohm/um, via_r = 1.815407 ohm/cut, c = 0.148432 ff/um, cc = 0.000000 ff/um (Y dir) (NEX-017)
Information: The RC mode used is VR for design 'top'. (NEX-022)
Information: Update timing completed net estimation for all the timing graph nets (TIM-111)
Information: Net estimation statistics: timing graph nets = 136, routed nets = 0, across physical hierarchy nets = 0, parasitics cached nets = 136, delay annotated nets = 0, parasitics annotated nets = 0, multi-voltage nets = 0. (TIM-112)
Mode: mode1
Corner: cornerFF
Scenario: scenarioFF
Voltage: 1.32
Temperature: 125.00

Voltage Unit         : 1V
Capacitance Unit     : 1pF
Time Unit            : 1ns
Temperature Unit     : 1C
Dynamic Power Unit   : 1nW
Leakage Power Unit   : 1nW

Switched supply net power scaling:
scaling for leakage power

Supply nets:
VDD (power) probability 1.00 (default)
VSS (ground) probability 1.00 (default)
Warning: Power table extrapolation (extrapolation mode) for port ZN on cell ctmi_272 for parameter Tinp. Lowest table value = 0.004000, highest table value = 0.331200, value = 0.000401 (POW-046)
Warning: Power table extrapolation (extrapolation mode) for port CDN on cell reg_data_reg[7] for parameter Tinp. Lowest table value = 0.004000, highest table value = 0.331200, value = 0.001812 (POW-046)
Warning: Power table extrapolation (extrapolation mode) for port Q on cell reg_data_reg[7] for parameter Tinp. Lowest table value = 0.004000, highest table value = 0.331200, value = 0.001793 (POW-046)
Warning: Power table extrapolation (extrapolation mode) for port QN on cell reg_data_reg[7] for parameter Tinp. Lowest table value = 0.004000, highest table value = 0.331200, value = 0.001793 (POW-046)
Warning: Power table extrapolation (extrapolation mode) for port CDN on cell reg_data_reg[6] for parameter Tinp. Lowest table value = 0.004000, highest table value = 0.331200, value = 0.002460 (POW-046)
Warning: Power table extrapolation (extrapolation mode) for port Q on cell reg_data_reg[6] for parameter Tinp. Lowest table value = 0.004000, highest table value = 0.331200, value = 0.002441 (POW-046)
Warning: Power table extrapolation (extrapolation mode) for port QN on cell reg_data_reg[6] for parameter Tinp. Lowest table value = 0.004000, highest table value = 0.331200, value = 0.002441 (POW-046)
Warning: Power table extrapolation (extrapolation mode) for port CDN on cell p3_reg[0] for parameter Tinp. Lowest table value = 0.004000, highest table value = 0.331200, value = 0.002270 (POW-046)
Warning: Power table extrapolation (extrapolation mode) for port Q on cell p3_reg[0] for parameter Tinp. Lowest table value = 0.004000, highest table value = 0.331200, value = 0.002251 (POW-046)
Warning: Power table extrapolation (extrapolation mode) for port Z on cell ctmi_14 for parameter Tinp. Lowest table value = 0.004000, highest table value = 0.331200, value = 0.000248 (POW-046)
Note - message 'POW-046' limit (10) exceeded. Remainder will be suppressed.

  Cell Internal Power    = 2.04e+04 nW ( 77.8%)
  Net Switching Power    = 5.82e+03 nW ( 22.2%)
Total Dynamic Power      = 2.62e+04 nW (100.0%)

Cell Leakage Power       = 1.05e+04 nW


  Attributes
  ----------
      u  -  User defined power group
      i  -  Includes clock pin internal power

Power Group         Internal Power        Switching Power          Leakage Power            Total Power    (   %  )    Attrs
-----------------------------------------------------------------------------------------------------------------------------
io_pad                    0.00e+00               0.00e+00               0.00e+00               0.00e+00    (  0.0%)         
memory                    0.00e+00               0.00e+00               0.00e+00               0.00e+00    (  0.0%)         
black_box                 0.00e+00               0.00e+00               7.58e+00               7.58e+00    (  0.0%)         
clock_network             1.60e+04               2.27e+03               2.16e+02               1.85e+04    ( 50.3%)        i
register                  2.06e+03               7.42e+02               3.62e+03               6.43e+03    ( 17.5%)         
sequential                0.00e+00               0.00e+00               0.00e+00               0.00e+00    (  0.0%)         
combinational             2.38e+03               2.80e+03               6.65e+03               1.18e+04    ( 32.2%)         
-----------------------------------------------------------------------------------------------------------------------------
Total                     2.04e+04 nW            5.82e+03 nW            1.05e+04 nW            3.67e+04 nW
Mode: mode1
Corner: cornerSS
Scenario: scenarioSS
Voltage: 1.08
Temperature: 125.00

Voltage Unit         : 1V
Capacitance Unit     : 1pF
Time Unit            : 1ns
Temperature Unit     : 1C
Dynamic Power Unit   : 1nW
Leakage Power Unit   : 1nW

Switched supply net power scaling:
scaling for leakage power

Supply nets:
VDD (power) probability 1.00 (default)
VSS (ground) probability 1.00 (default)

  Cell Internal Power    = 1.06e+04 nW ( 73.4%)
  Net Switching Power    = 3.84e+03 nW ( 26.6%)
Total Dynamic Power      = 1.44e+04 nW (100.0%)

Cell Leakage Power       = 1.14e+02 nW


  Attributes
  ----------
      u  -  User defined power group
      i  -  Includes clock pin internal power

Power Group         Internal Power        Switching Power          Leakage Power            Total Power    (   %  )    Attrs
-----------------------------------------------------------------------------------------------------------------------------
io_pad                    0.00e+00               0.00e+00               0.00e+00               0.00e+00    (  0.0%)         
memory                    0.00e+00               0.00e+00               0.00e+00               0.00e+00    (  0.0%)         
black_box                 0.00e+00               0.00e+00               4.26e-01               4.26e-01    (  0.0%)         
clock_network             8.14e+03               1.50e+03               2.74e+00               9.64e+03    ( 66.3%)        i
register                  1.17e+03               4.87e+02               4.07e+01               1.70e+03    ( 11.7%)         
sequential                0.00e+00               0.00e+00               0.00e+00               0.00e+00    (  0.0%)         
combinational             1.29e+03               1.85e+03               6.97e+01               3.21e+03    ( 22.0%)         
-----------------------------------------------------------------------------------------------------------------------------
Total                     1.06e+04 nW            3.84e+03 nW            1.14e+02 nW            1.45e+04 nW
1
