Invoking simulator...

./results -sml=verdi +UVM_VERDI_TRACE=UVM_AWARE +fsdb+gate=off -ucli2Proc -ucli
debImport "-i" "-simflow" "-dbdir" "./results.daidir"
*Verdi* Loading libsscore_vcs202012.so

*Verdi* : Enable RPC Server(726023)

srcTBInvokeSim
Chronologic VCS simulator copyright 1991-2020
Contains Synopsys proprietary information.
Compiler version R-2020.12-SP2_Full64; Runtime version R-2020.12-SP2_Full64;  Jun  2 18:49 2025
xterm-256color is Not a valid terminal...
Verdi>fsdbDumpvars 1 "tb_sram_2kbit.dut"  +all +trace_process;fsdbDumpflush 

*Verdi* : Begin traversing the scope (tb_sram_2kbit.dut), layer (1).
*Verdi* : Enable +trace_process and +all dumping.
*Verdi* : End of traversing.
*Verdi* : Flush all FSDB Files at 0 ps.

Verdi>fsdbDumpvars 1 "tb_sram_2kbit.dut.syndrome_hight"  +all +trace_process;fsdbDumpflush 

*Verdi* : Begin traversing the scope (tb_sram_2kbit.dut.syndrome_hight), layer (1).
*Verdi* : Enable +trace_process and +all dumping.
*Verdi* : End of traversing.
*Verdi* : Flush all FSDB Files at 0 ps.

Verdi>fsdbDumpvars 1 "tb_sram_2kbit.dut.syndrome_hight"  +all +trace_process;fsdbDumpflush 

*Verdi* : Begin traversing the scope (tb_sram_2kbit.dut.syndrome_hight), layer (1).
*Verdi* : Enable +trace_process and +all dumping.
*Verdi* : End of traversing.
*Verdi* : Flush all FSDB Files at 0 ps.

Verdi>fsdbDumpvars 1 "tb_sram_2kbit.dut.syndrome_low"  +all +trace_process;fsdbDumpflush 

*Verdi* : Begin traversing the scope (tb_sram_2kbit.dut.syndrome_low), layer (1).
*Verdi* : Enable +trace_process and +all dumping.
*Verdi* : End of traversing.
*Verdi* : Flush all FSDB Files at 0 ps.

Verdi>run
t=25000 en=0 ? data_out=xxxxxxxx (esperado X)
Lectura normal 10 ? xx (esperado A5)
mem[10] antes del error = 01010100111100
Error inyectado en bit 2 de mem[10]
mem[10] después del error = 01010100111100
Lectura tras corrección ? 2c (esperado A5)
Lectura 20 ? 2c (esperado 3C)
Lectura 255 ? 2c (esperado FF)
mem[20] = 01100110111110
mem[10] después del error corregido = 01010100111100
mem[10] después del error corregido = 01010100111100
mem[20] = 01100110111110
t=115000 en=0 post ? data_out=00101100 (esperado X)
Lectura normal 10 ? 2c (esperado A5)
mem[10] antes del error = 01010100111100
Error inyectado en bit 2 de mem[10]
mem[10] después del error = 01010100111100
Lectura tras corrección ? 2c (esperado A5)
Lectura 20 ? 48 (esperado 3C)
Lectura 255 ? 2f (esperado FF)
mem[20] = 01100110111100
mem[10] después del error corregido = 01010100111100
mem[10] después del error corregido = 01010100111100
mem[20] = 01100110111100
t=245000 en=0 post ? data_out=10101000 (esperado X)
$finish called from file "tb_prueba2TMR.sv", line 158.
$finish at simulation time               295000
Simulation complete, time is 295000 ps.
tb_prueba2TMR.sv, 158 :         $finish;
           V C S   S i m u l a t i o n   R e p o r t 
Time: 295000 ps
CPU Time:      0.150 seconds;       Data structure size:   0.0Mb
Mon Jun  2 19:19:35 2025
debExit
