version: (200506)

available memory: 64M bytes
used memory: 180224 bytes [need 176K bytes if disable swap]

used block: 8 [memory(8) file(0)]
                 [ 8K(6) 64K(2) { total 176K bytes } ]
overhead: (9538) bytes for (8) blocks [Average: (1192) bytes/block]

write  => 0(times) 0K(bytes) [0K bytes to file]
read   => 2(times) 39K(bytes) [6K bytes compressed data from file]
access => 241527(times) 1900M(bytes)
          [hit ratio: 99.9992%]

time: write(0) read(0)  unit: second

swap file directory: (/mnt/vol_NFS_rh003/estudiantes/DANIELA_VARGAS/Version_final/0516/versiones_finales/semana14/MemoriaHamming/TSMC_memoria_Hamming/FLOW/common/rtl/sverilog/verdiLog)
used swap file number: (3)



swap file manager:
arrSize: (256)
idxCnt: (4)
closeHead: (1)
closeTail: (3)
openCnt: (3)
fid(3): fd(1073741825) fileName(/mnt/vol_NFS_rh003/estudiantes/DANIELA_VARGAS/Version_final/0516/versiones_finales/semana14/MemoriaHamming/TSMC_memoria_Hamming/FLOW/common/rtl/sverilog/results.daidir/kdb.elab++/work.lib++/top.sv#inc___vcs_unit__1__1#.tdc)
	size(5551) lastModTime(1748911710) curModTime(1748911710)
	mode(rb)	hot(0) cool(2) pos(0)
fid(2): fd(33) fileName(/mnt/vol_NFS_rh003/estudiantes/DANIELA_VARGAS/Version_final/0516/versiones_finales/semana14/MemoriaHamming/TSMC_memoria_Hamming/FLOW/common/rtl/sverilog/verdiLog/_swap_0001#8323328#725670)
	size(0) lastModTime(0) curModTime(1748911786)
	mode(w+b)	hot(3) cool(1) pos(0)
fid(1): fd(1073741824) fileName(/mnt/vol_NFS_rh003/estudiantes/DANIELA_VARGAS/Version_final/0516/versiones_finales/semana14/MemoriaHamming/TSMC_memoria_Hamming/FLOW/common/rtl/sverilog/results.daidir/kdb.elab++/work.lib++/tb_prueba2TMR.sv.tdc)
	size(5591) lastModTime(1748911710) curModTime(1748911710)
	mode(rb)	hot(2) cool(0) pos(0)
fid(0): fd(0) fileName(NULL)
	mode(NULL)	hot(0) cool(0) pos(0)
==================================================
mySelf(1545c470) pre(16816e30) next(0)
version(200506)
date(May 19 2021 05:00:27)
