****************************************
Report : qor
Design : top
Version: U-2022.12-SP6
Date   : Thu May 22 12:25:39 2025
****************************************


Scenario           'scenarioFF'
Timing Path Group  '**in2reg_default**'
----------------------------------------
Worst Hold Violation:              0.00
Total Hold Violation:              0.00
No. of Hold Violations:               0
----------------------------------------

Scenario           'scenarioFF'
Timing Path Group  '**reg2out_default**'
----------------------------------------
Worst Hold Violation:              0.00
Total Hold Violation:              0.00
No. of Hold Violations:               0
----------------------------------------

Scenario           'scenarioFF'
Timing Path Group  '**in2out_default**'
----------------------------------------
Worst Hold Violation:              0.00
Total Hold Violation:              0.00
No. of Hold Violations:               0
----------------------------------------

Scenario           'scenarioFF'
Timing Path Group  'SYS_CLK'
----------------------------------------
Worst Hold Violation:              0.00
Total Hold Violation:              0.00
No. of Hold Violations:               0
----------------------------------------

Scenario           'scenarioSS'
Timing Path Group  '**in2reg_default**'
----------------------------------------
Levels of Logic:                      4
Critical Path Length:              4.00
Critical Path Slack:               5.47
Critical Path Clk Period:         10.00
Total Negative Slack:              0.00
No. of Violating Paths:               0
----------------------------------------

Scenario           'scenarioSS'
Timing Path Group  '**reg2out_default**'
----------------------------------------
Levels of Logic:                      5
Critical Path Length:              1.52
Critical Path Slack:               7.18
Critical Path Clk Period:         10.00
Total Negative Slack:              0.00
No. of Violating Paths:               0
----------------------------------------

Scenario           'scenarioSS'
Timing Path Group  '**in2out_default**'
----------------------------------------
Levels of Logic:                      2
Critical Path Length:              0.91
Critical Path Slack:               7.79
Critical Path Clk Period:         10.00
Total Negative Slack:              0.00
No. of Violating Paths:               0
----------------------------------------

Scenario           'scenarioSS'
Timing Path Group  'SYS_CLK'
----------------------------------------
Levels of Logic:                      6
Critical Path Length:              1.90
Critical Path Slack:               7.57
Critical Path Clk Period:         10.00
Total Negative Slack:              0.00
No. of Violating Paths:               0
----------------------------------------


Cell Count
----------------------------------------
Hierarchical Cell Count:              0
Hierarchical Port Count:              0
Leaf Cell Count:                   1594
Buf/Inv Cell Count:                  66
Buf Cell Count:                       0
Inv Cell Count:                      66
Combinational Cell Count:          1369
   Single-bit Isolation Cell Count:                        0
   Multi-bit Isolation Cell Count:                         0
   Isolation Cell Banking Ratio:                           0.00%
   Single-bit Level Shifter Cell Count:                    0
   Multi-bit Level Shifter Cell Count:                     0
   Level Shifter Cell Banking Ratio:                       0.00%
   Single-bit ELS Cell Count:                              0
   Multi-bit ELS Cell Count:                               0
   ELS Cell Banking Ratio:                                 0.00%
Sequential Cell Count:              225
   Integrated Clock-Gating Cell Count:                     1
   Sequential Macro Cell Count:                            0
   Single-bit Sequential Cell Count:                       224
   Multi-bit Sequential Cell Count:                        0
   Sequential Cell Banking Ratio:                          0.00%
   BitsPerflop:                                            1.00
Macro Count:                          0
----------------------------------------


Area
----------------------------------------
Combinational Area:             4319.20
Noncombinational Area:          2724.40
Buf/Inv Area:                     79.20
Total Buffer Area:                 0.00
Total Inverter Area:              79.20
Macro/Black Box Area:              0.00
Net Area:                             0
Net XLength:                   21440.95
Net YLength:                   16263.96
----------------------------------------
Cell Area (netlist):                           7043.60
Cell Area (netlist and physical only):         7043.60
Net Length:                    37704.91


Design Rules
----------------------------------------
Total Number of Nets:              1879
Nets with Violations:                80
Max Trans Violations:                80
Max Cap Violations:                   5
----------------------------------------

1
