Warning: Scenario scenarioSS is not configured for hold analysis: skipping. (UIC-058)
****************************************
Report : timing
        -path_type full
        -delay_type min
        -max_paths 1
        -report_by design
Design : top
Version: U-2022.12-SP6
Date   : Thu May 22 12:25:39 2025
****************************************

  Startpoint: p1_reg[8] (rising edge-triggered flip-flop clocked by SYS_CLK)
  Endpoint: p1_reg[8] (rising edge-triggered flip-flop clocked by SYS_CLK)
  Mode: mode1
  Corner: cornerFF
  Scenario: scenarioFF
  Path Group: SYS_CLK
  Path Type: min

  Point                                            Incr      Path  
  ------------------------------------------------------------------------
  clock SYS_CLK (rise edge)                        0.00      0.00
  clock network delay (ideal)                      0.00      0.00

  p1_reg[8]/CP (SDFCND0HPBWP)                      0.00      0.00 r
  p1_reg[8]/QN (SDFCND0HPBWP)                      0.16      0.16 r
  ctmi_5366/ZN (MUX3ND0HPBWP)                      0.04      0.21 f
  p1_reg[8]/D (SDFCND0HPBWP)                       0.00      0.21 f
  data arrival time                                          0.21

  clock SYS_CLK (rise edge)                        0.00      0.00
  clock network delay (ideal)                      0.00      0.00
  p1_reg[8]/CP (SDFCND0HPBWP)                      0.00      0.00 r
  library hold time                                0.01      0.01
  data required time                                         0.01
  ------------------------------------------------------------------------
  data required time                                         0.01
  data arrival time                                         -0.21
  ------------------------------------------------------------------------
  slack (MET)                                                0.19


1
