Warning: Scenario scenarioSS is not configured for hold analysis: skipping. (UIC-058)
****************************************
Report : timing
        -path_type full
        -delay_type min
        -max_paths 1
        -report_by design
Design : top
Version: U-2022.12-SP6
Date   : Tue Jun  3 18:22:06 2025
****************************************

  Startpoint: reg_data_reg[1] (rising edge-triggered flip-flop clocked by SYS_CLK)
  Endpoint: reg_data_reg[0] (rising edge-triggered flip-flop clocked by SYS_CLK)
  Mode: mode1
  Corner: cornerFF
  Scenario: scenarioFF
  Path Group: SYS_CLK
  Path Type: min

  Point                                            Incr      Path  
  ------------------------------------------------------------------------
  clock SYS_CLK (rise edge)                        0.00      0.00
  clock network delay (ideal)                      0.00      0.00

  reg_data_reg[1]/CP (SDFCNQD0HPBWP)               0.00      0.00 r
  reg_data_reg[1]/Q (SDFCNQD0HPBWP)                0.14      0.14 f
  ctmi_69/Z (AO222D0HPBWP)                         0.07      0.21 f
  reg_data_reg[0]/D (SDFCNQD0HPBWP)                0.00      0.21 f
  data arrival time                                          0.21

  clock SYS_CLK (rise edge)                        0.00      0.00
  clock network delay (ideal)                      0.00      0.00
  reg_data_reg[0]/CP (SDFCNQD0HPBWP)               0.00      0.00 r
  library hold time                                0.01      0.01
  data required time                                         0.01
  ------------------------------------------------------------------------
  data required time                                         0.01
  data arrival time                                         -0.21
  ------------------------------------------------------------------------
  slack (MET)                                                0.20


1
