****************************************
Report : design
Design : top
Version: U-2022.12-SP6
Date   : Mon Jun  9 17:44:47 2025
****************************************

Total number of std cells in library : 896
Total number of dont_use lib cells   : 76
Total number of dont_touch lib cells : 71
Total number of buffers              : 44
Total number of inverters            : 35
Total number of flip-flops           : 249
Total number of latches              : 84
Total number of ICGs                 : 20

Cell Instance Type  Count         Area
--------------------------------------
TOTAL LEAF CELLS       96      360.000
unit                   96      360.000
Standard cells         96      360.000
unit                   96      360.000
Hard macro cells        0        0.000
unit                   96      360.000
Soft macro cells        0        0.000
unit                   96      360.000
Always on cells         0        0.000
unit                   96      360.000
Physical only           0        0.000
unit                   96      360.000
Fixed cells             0        0.000
unit                   96      360.000
Moveable cells         96      360.000
unit                   96      360.000
Placed cells           96      360.000
unit                   96      360.000
Sequential             16      169.600
unit                   96      360.000
Buffer/inverter        16       19.200
unit                   96      360.000
ICG cells               4       30.400
unit                   96      360.000

Logic Hierarchies                    : 7
Design Masters count                 : 15
Total Flat nets count                : 104
Total FloatingNets count             : 3
Total no of Ports                    : 9
Number of Master Clocks in design    : 1
Number of Generated Clocks in design : 0
Number of Path Groups in design      : 7 (1 of them Non Default)
Number of Scan Chains in design      : 0
List of Modes                        : mode1
List of Corners                      : cornerSS, cornerFF
List of Scenarios                    : scenarioFF, scenarioSS

Core Area                            : 697.600
Chip Area                            : 2173.600
Total Site Row Area                  : 697.600
Number of Blockages                  : 0
Total area of Blockages              : 0.000
Number of Power Domains              : 1
Number of Voltage Areas              : 1
Number of Group Bounds               : 0
Number of Exclusive MoveBounds       : 0
Number of Hard or Soft MoveBounds    : 0
Number of Multibit Registers         : 0
Number of Multibit LS/ISO Cells      : 0
Number of Top Level RP Groups        : 0
Number of Tech Layers                : 37 (27 of them have unknown routing dir.)

Total wire length                    : 0.00 micron
Total number of wires                : 0
Total number of contacts             : 0
1
