Verdi>restart
*Verdi* Loading libsscore_vcs202012.so
FSDB Dumper for VCS, Release Verdi_R-2020.12-SP2, Linux x86_64/64bit, 05/23/2021
(C) 1996 - 2021 by Synopsys, Inc.
*Verdi* FSDB WARNING: The FSDB file already exists. Overwriting the FSDB file may crash the programs that are using this file.
*Verdi* : Create FSDB file '/mnt/vol_NFS_rh003/estudiantes/DANIELA_VARGAS/Version_final/0516/versiones_finales/Contador/TSMC_TMR_8/FLOW/common/rtl/sverilog/inter.fsdb'
*Verdi* : Flush all FSDB Files at 0 ps.
*Verdi* : Enable RPC Server(401008)
*Verdi* : Flush all FSDB Files at 0 ps.
Chronologic VCS simulator copyright 1991-2020
Contains Synopsys proprietary information.
Compiler version R-2020.12-SP2_Full64; Runtime version R-2020.12-SP2_Full64;  May 31 12:16 2025
xterm-256color is Not a valid terminal...
Verdi>run
tb_sin_errores.sv, 69 :         $stop;
Verdi>fsdbDumpvars 1 "tb_TMR_system.q_out"  +all +trace_process;fsdbDumpflush 

*Verdi* : Dumping the signal (tb_TMR_system.q_out).
*Verdi* : Flush all FSDB Files at 315,000 ps.

           V C S   S i m u l a t i o n   R e p o r t 
Time: 315000 ps
CPU Time:      0.090 seconds;       Data structure size:   0.0Mb
Sat May 31 12:31:33 2025
debExit
