****************************************
Report : area
Design : top
Version: U-2022.12-SP6
Date   : Wed May 28 18:52:48 2025
****************************************

Number of ports:                           69
Number of nets:                          1319
Number of cells:                         1206
Number of combinational cells:            798
Number of sequential cells:               408
Number of macros/black boxes:               0
Number of buf/inv:                          5
Number of references:                      39

Combinational area:                   2649.20
Buf/Inv area:                            6.00
Noncombinational area:                4506.40
Macro/Black Box area:                    0.00

Total cell area:                      7155.60
1
