Warning: Scenario scenarioFF is not configured for setup analysis: skipping. (UIC-058)
****************************************
Report : timing
        -path_type full
        -delay_type max
        -max_paths 1
        -report_by design
Design : top
Version: U-2022.12-SP6
Date   : Wed May 28 18:52:48 2025
****************************************

  Startpoint: rst (input port clocked by SYS_CLK)
  Endpoint: counter_and_parity/count_neg_reg[53] (recovery check against falling-edge clock clocked by SYS_CLK)
  Mode: mode1
  Corner: cornerSS
  Scenario: scenarioSS
  Path Group: **in2reg_default**
  Path Type: max

  Point                                            Incr      Path  
  ------------------------------------------------------------------------
  clock SYS_CLK (rise edge)                        0.00      0.00
  clock network delay (ideal)                      0.00      0.00
  input external delay                             0.80      0.80 f
  rst (in)                                         0.00      0.80 f
  phfnr_buf_446/ZN (INVD1HPBWP)                    5.02      5.82 r
  counter_and_parity/count_neg_reg[53]/CDN (SDFNCND0HPBWP)
                                                   0.05      5.87 r
  data arrival time                                          5.87

  clock SYS_CLK (fall edge)                        5.00      5.00
  clock network delay (ideal)                      0.00      5.00
  counter_and_parity/count_neg_reg[53]/CPN (SDFNCND0HPBWP)
                                                   0.00      5.00 f
  clock uncertainty                               -0.30      4.70
  library setup time                              -2.26      2.44
  data required time                                         2.44
  ------------------------------------------------------------------------
  data required time                                         2.44
  data arrival time                                         -5.87
  ------------------------------------------------------------------------
  slack (VIOLATED)                                          -3.43


1
