Warning: Scenario scenarioFF is not configured for setup analysis: skipping. (UIC-058)
****************************************
Report : timing
        -path_type full
        -delay_type max
        -max_paths 1
        -report_by design
Design : top
Version: U-2022.12-SP6
Date   : Thu May 22 12:20:08 2025
****************************************

  Startpoint: load (input port clocked by SYS_CLK)
  Endpoint: p3_reg[6] (rising edge-triggered flip-flop clocked by SYS_CLK)
  Mode: mode1
  Corner: cornerSS
  Scenario: scenarioSS
  Path Group: **in2reg_default**
  Path Type: max

  Point                                            Incr      Path  
  ------------------------------------------------------------------------
  clock SYS_CLK (rise edge)                        0.00      0.00
  clock network delay (ideal)                      0.00      0.00
  input external delay                             0.80      0.80 r
  load (in)                                        0.00      0.80 r
  ctmi_118/Z (AN2D2HPBWP)                          0.44      1.24 r
  ctmi_117/Z (OR2D2HPBWP)                          0.65      1.89 r
  ctmi_2489/ZN (OAI221D1HPBWP)                     0.35      2.24 f
  ctmi_2488/ZN (IAO22D1HPBWP)                      0.20      2.44 f
  ctmi_2485/ZN (MOAI22D0HPBWP)                     0.16      2.60 f
  ctmi_2484/ZN (OAI22D0HPBWP)                      0.12      2.72 r
  p3_reg[6]/D (SDFCNQD0HPBWP)                      0.00      2.72 r
  data arrival time                                          2.72

  clock SYS_CLK (rise edge)                       10.00     10.00
  clock network delay (ideal)                      0.00     10.00
  p3_reg[6]/CP (SDFCNQD0HPBWP)                     0.00     10.00 r
  clock uncertainty                               -0.30      9.70
  library setup time                              -0.14      9.56
  data required time                                         9.56
  ------------------------------------------------------------------------
  data required time                                         9.56
  data arrival time                                         -2.72
  ------------------------------------------------------------------------
  slack (MET)                                                6.84


1
