****************************************
Report : qor
Design : top
Version: U-2022.12-SP6
Date   : Thu May 22 12:20:09 2025
****************************************


Scenario           'scenarioFF'
Timing Path Group  '**in2reg_default**'
----------------------------------------
Worst Hold Violation:              0.00
Total Hold Violation:              0.00
No. of Hold Violations:               0
----------------------------------------

Scenario           'scenarioFF'
Timing Path Group  '**reg2out_default**'
----------------------------------------
Worst Hold Violation:              0.00
Total Hold Violation:              0.00
No. of Hold Violations:               0
----------------------------------------

Scenario           'scenarioFF'
Timing Path Group  '**in2out_default**'
----------------------------------------
Worst Hold Violation:              0.00
Total Hold Violation:              0.00
No. of Hold Violations:               0
----------------------------------------

Scenario           'scenarioFF'
Timing Path Group  'SYS_CLK'
----------------------------------------
Worst Hold Violation:              0.00
Total Hold Violation:              0.00
No. of Hold Violations:               0
----------------------------------------

Scenario           'scenarioSS'
Timing Path Group  '**in2reg_default**'
----------------------------------------
Levels of Logic:                      6
Critical Path Length:              2.72
Critical Path Slack:               6.84
Critical Path Clk Period:         10.00
Total Negative Slack:              0.00
No. of Violating Paths:               0
----------------------------------------

Scenario           'scenarioSS'
Timing Path Group  '**reg2out_default**'
----------------------------------------
Levels of Logic:                      4
Critical Path Length:              1.41
Critical Path Slack:               7.29
Critical Path Clk Period:         10.00
Total Negative Slack:              0.00
No. of Violating Paths:               0
----------------------------------------

Scenario           'scenarioSS'
Timing Path Group  '**in2out_default**'
----------------------------------------
Levels of Logic:                      2
Critical Path Length:              0.90
Critical Path Slack:               7.80
Critical Path Clk Period:         10.00
Total Negative Slack:              0.00
No. of Violating Paths:               0
----------------------------------------

Scenario           'scenarioSS'
Timing Path Group  'SYS_CLK'
----------------------------------------
Levels of Logic:                      5
Critical Path Length:              1.70
Critical Path Slack:               7.82
Critical Path Clk Period:         10.00
Total Negative Slack:              0.00
No. of Violating Paths:               0
----------------------------------------


Cell Count
----------------------------------------
Hierarchical Cell Count:              0
Hierarchical Port Count:              0
Leaf Cell Count:                    788
Buf/Inv Cell Count:                  25
Buf Cell Count:                       0
Inv Cell Count:                      25
Combinational Cell Count:           675
   Single-bit Isolation Cell Count:                        0
   Multi-bit Isolation Cell Count:                         0
   Isolation Cell Banking Ratio:                           0.00%
   Single-bit Level Shifter Cell Count:                    0
   Multi-bit Level Shifter Cell Count:                     0
   Level Shifter Cell Banking Ratio:                       0.00%
   Single-bit ELS Cell Count:                              0
   Multi-bit ELS Cell Count:                               0
   ELS Cell Banking Ratio:                                 0.00%
Sequential Cell Count:              113
   Integrated Clock-Gating Cell Count:                     1
   Sequential Macro Cell Count:                            0
   Single-bit Sequential Cell Count:                       112
   Multi-bit Sequential Cell Count:                        0
   Sequential Cell Banking Ratio:                          0.00%
   BitsPerflop:                                            1.00
Macro Count:                          0
----------------------------------------


Area
----------------------------------------
Combinational Area:             2168.00
Noncombinational Area:          1364.40
Buf/Inv Area:                     30.00
Total Buffer Area:                 0.00
Total Inverter Area:              30.00
Macro/Black Box Area:              0.00
Net Area:                             0
Net XLength:                   10097.52
Net YLength:                    7333.61
----------------------------------------
Cell Area (netlist):                           3532.40
Cell Area (netlist and physical only):         3532.40
Net Length:                    17431.13


Design Rules
----------------------------------------
Total Number of Nets:               933
Nets with Violations:                 5
Max Trans Violations:                 5
Max Cap Violations:                   5
----------------------------------------

1
