Invoking simulator...

./results -sml=verdi +UVM_VERDI_TRACE=UVM_AWARE +fsdb+gate=off -ucli2Proc -ucli
debImport "-i" "-simflow" "-dbdir" "./results.daidir"
*Verdi* Loading libsscore_vcs202012.so

*Verdi* : Enable RPC Server(403439)

srcTBInvokeSim
Chronologic VCS simulator copyright 1991-2020
Contains Synopsys proprietary information.
Compiler version R-2020.12-SP2_Full64; Runtime version R-2020.12-SP2_Full64;  May 31 12:38 2025
xterm-256color is Not a valid terminal...
Verdi>fsdbDumpvars 1 "tb_sram_2kbit.dut"  +all +trace_process;fsdbDumpflush 

*Verdi* : Begin traversing the scope (tb_sram_2kbit.dut), layer (1).
*Verdi* : Enable +trace_process and +all dumping.
*Verdi* : End of traversing.
*Verdi* : Flush all FSDB Files at 0 ps.

Verdi>fsdbDumpvars 1 "tb_sram_2kbit.dut.memory_1"  +all +trace_process;fsdbDumpflush 

*Verdi* : Begin traversing the scope (tb_sram_2kbit.dut.memory_1), layer (1).
*Verdi* : Enable +trace_process and +all dumping.
*Verdi* : End of traversing.
*Verdi* : Flush all FSDB Files at 0 ps.

Verdi>fsdbDumpvars 1 "tb_sram_2kbit.dut.memory_2"  +all +trace_process;fsdbDumpflush 

*Verdi* : Begin traversing the scope (tb_sram_2kbit.dut.memory_2), layer (1).
*Verdi* : Enable +trace_process and +all dumping.
*Verdi* : End of traversing.
*Verdi* : Flush all FSDB Files at 0 ps.

Verdi>fsdbDumpvars 1 "tb_sram_2kbit.dut.memory_3"  +all +trace_process;fsdbDumpflush 

*Verdi* : Begin traversing the scope (tb_sram_2kbit.dut.memory_3), layer (1).
*Verdi* : Enable +trace_process and +all dumping.
*Verdi* : End of traversing.
*Verdi* : Flush all FSDB Files at 0 ps.

Verdi>fsdbDumpvars 1 "tb_sram_2kbit.dut.voter"  +all +trace_process;fsdbDumpflush 

*Verdi* : Begin traversing the scope (tb_sram_2kbit.dut.voter), layer (1).
*Verdi* : Enable +trace_process and +all dumping.
*Verdi* : End of traversing.
*Verdi* : Flush all FSDB Files at 0 ps.

Verdi>run

>> FORCE: Error en mem2 (posición 30)

>> FORCE: Error en las 3 memorias (posición 20)

Test terminado.
$finish called from file "tb2.sv", line 102.
$finish at simulation time               165000
Simulation complete, time is 165000 ps.
tb2.sv, 102 :     $finish;
           V C S   S i m u l a t i o n   R e p o r t 
Time: 165000 ps
CPU Time:      1.000 seconds;       Data structure size:   0.0Mb
Sat May 31 15:45:54 2025
debExit
