Command: /mnt/vol_NFS_rh003/estudiantes/DANIELA_VARGAS/Version_final/0516/versiones_finales/Memoria/TSMC_memoria_TMR/FLOW/common/rtl/sverilog/results -sml=verdi +UVM_VERDI_TRACE=UVM_AWARE +fsdb+gate=off -ucli2Proc -ucli -l /mnt/vol_NFS_rh003/estudiantes/DANIELA_VARGAS/Version_final/0516/versiones_finales/Memoria/TSMC_memoria_TMR/FLOW/common/rtl/sverilog/verdiLog/sim.log
Chronologic VCS simulator copyright 1991-2023
Contains Synopsys proprietary information.
Compiler version U-2023.03-SP2_Full64; Runtime version U-2023.03-SP2_Full64;  May 17 03:13 2025

ucli% loaddl -simv /mnt/vol_synopsys2023/synopsys/verdi/U-2023.03-SP2/share/PLI/VCS/LINUXAMD64/libnovas.so LoadFSDBDumpCmd;LoadFSDBDumpCmd
LoadFSDBDumpCmd success
ucli% config ckptfsdbcheck off;config endofsim noexit;config onfail {enable all};config followactivescope on;catch {setUcliVerdiConnected};set watch::resultTagsForVerdiBP {<ucli_break_bp_status_begin> <ucli_break_bp_status_end>};set ucliCore::support_restore_through_stask_in_verdi 1;cbug::config pretty_print auto;fsdbDumpfile {/mnt/vol_NFS_rh003/estudiantes/DANIELA_VARGAS/Version_final/0516/versiones_finales/Memoria/TSMC_memoria_TMR/FLOW/common/rtl/sverilog/inter.fsdb} ;fsdbDumpflush ; 
*Verdi* Loading libsscore_vcs202303.so
FSDB Dumper for VCS, Release Verdi_U-2023.03-SP2, Linux x86_64/64bit, 08/28/2023
(C) 1996 - 2023 by Synopsys, Inc.
*Verdi* FSDB WARNING: The FSDB file already exists. Overwriting the FSDB file may crash the programs that are using this file.
*Verdi* : Create FSDB file '/mnt/vol_NFS_rh003/estudiantes/DANIELA_VARGAS/Version_final/0516/versiones_finales/Memoria/TSMC_memoria_TMR/FLOW/common/rtl/sverilog/inter.fsdb'
*Verdi* : Flush all FSDB Files at 0 ps.

ucli% fsdbDumpvars 1 "tb_sram_2kbit.dut.voter"  +all +trace_process;fsdbDumpflush 
*Verdi* : Begin traversing the scope (tb_sram_2kbit.dut.voter), layer (1).
*Verdi* : Enable +trace_process and +all dumping.
*Verdi* : End of traversing.
*Verdi* : Flush all FSDB Files at 0 ps.

ucli% fsdbDumpvars 1 "tb_sram_2kbit.dut.memory_1.corrected_data"  +all +trace_process;fsdbDumpvars 1 "tb_sram_2kbit.dut.memory_1.write_back"  +all +trace_process;fsdbDumpflush 
*Verdi* : Dumping the signal (tb_sram_2kbit.dut.memory_1.corrected_data).
*Verdi* : Dumping the signal (tb_sram_2kbit.dut.memory_1.write_back).
*Verdi* : Flush all FSDB Files at 0 ps.

ucli% fsdbDumpvars 1 "tb_sram_2kbit.dut.memory_2.corrected_data"  +all +trace_process;fsdbDumpvars 1 "tb_sram_2kbit.dut.memory_2.write_back"  +all +trace_process;fsdbDumpflush 
*Verdi* : Dumping the signal (tb_sram_2kbit.dut.memory_2.corrected_data).
*Verdi* : Dumping the signal (tb_sram_2kbit.dut.memory_2.write_back).
*Verdi* : Flush all FSDB Files at 0 ps.

ucli% fsdbDumpvars 1 "tb_sram_2kbit.dut.memory_3.write_back"  +all +trace_process;fsdbDumpvars 1 "tb_sram_2kbit.dut.memory_3.corrected_data"  +all +trace_process;fsdbDumpflush 
*Verdi* : Dumping the signal (tb_sram_2kbit.dut.memory_3.write_back).
*Verdi* : Dumping the signal (tb_sram_2kbit.dut.memory_3.corrected_data).
*Verdi* : Flush all FSDB Files at 0 ps.

ucli% fsdbDumpvars 1 "tb_sram_2kbit.dut.addr"  +all +trace_process;fsdbDumpvars 1 "tb_sram_2kbit.dut.data_in"  +all +trace_process;fsdbDumpvars 1 "tb_sram_2kbit.dut.data_out"  +all +trace_process;fsdbDumpflush 
*Verdi* : Dumping the signal (tb_sram_2kbit.dut.addr).
*Verdi* : Dumping the signal (tb_sram_2kbit.dut.data_in).
*Verdi* : Dumping the signal (tb_sram_2kbit.dut.data_out).
*Verdi* : Flush all FSDB Files at 0 ps.

ucli% fsdbDumpvars 1 "tb_sram_2kbit.dut.we"  +all +trace_process;fsdbDumpvars 1 "tb_sram_2kbit.dut.clk"  +all +trace_process;fsdbDumpflush 
*Verdi* : Dumping the signal (tb_sram_2kbit.dut.we).
*Verdi* : Dumping the signal (tb_sram_2kbit.dut.clk).
*Verdi* : Flush all FSDB Files at 0 ps.

ucli% fsdbDumpvars 1 "tb_sram_2kbit.dut.memory_1.mem"  +all +trace_process;fsdbDumpflush 
*Verdi* : Dumping the signal (tb_sram_2kbit.dut.memory_1.mem).
*Verdi* : Flush all FSDB Files at 0 ps.

ucli% synEnv::hasFataled
0
ucli% ucliCore::getToolPID
3179078
ucli% sps_interactive
*Verdi* : Enable RPC Server(3179078)

ucli% ucliCore::getToolPID
3179078
ucli% ucliCore::getToolPID
3179078
ucli% if {[catch {ucliCore::setFocus tool}]} {}

ucli% puts $ucliCore::nativeUcliMode
0

ucli% ucliCore::getToolTopPID
3179078
ucli% pid
3179090
ucli% synUtils::sendTool -active {_icl_createSharedMemory /tmp/vcs_dve_general.VARGAS_CHAVARRIA_2025.3179078 }

ucli% if { [info vars watch::vcbp_str_len_limit_of_get_value] != ""} {set watch::vcbp_str_len_limit_of_get_value 1024}
1024
ucli% info command stateVerdiChangeCB

ucli% proc stateVerdiChangeCB args { if {$ucliGUI::state eq "terminated"} {puts "\n<VERDI_Terminated>\n";catch {setVerdiSimTerminated}}}

ucli% trace variable ucliGUI::state wu stateVerdiChangeCB

ucli% if {[catch {rename synopsys::restore verdiHack::restore} ]} {puts "0"}

ucli% proc synopsys::restore {args} { verdiHack::restore $args; puts "\n<VERDI_RESTORE>\n"}

ucli% if {[catch {rename quit verdiHack::quit} ]} {puts "0"}

ucli% proc quit {args} { if {[string length $args] == 0} { verdiHack::quit; } elseif {([string equal "-h" $args] == 1)||([string equal "-he" $args] == 1)||([string equal "-hel" $args] == 1)||([string equal "-help" $args] == 1)} { puts "\n quit           # Exit the simulation.\n \[-noprompt\]        (Exit the simulation and Verdi.)\n"} elseif {([string equal "-n" $args] == 1)||([string equal "-no" $args] == 1)||([string equal "-nop" $args] == 1)||([string equal "-nopr" $args] == 1)||([string equal "-nopro" $args] == 1)||([string equal "-noprom" $args] == 1)||([string equal "-nopromp" $args] == 1)||([string equal "-noprompt" $args] == 1)} { puts "\nVERDI_EXIT_N\n" } else { verdiHack::quit $args; } }

ucli% if {[catch {rename exit verdiHack::exit} ]} {puts "0"}

ucli% proc exit {args} { if {[string length $args] == 0} { verdiHack::exit; } elseif {([string equal "-h" $args] == 1)||([string equal "-he" $args] == 1)||([string equal "-hel" $args] == 1)||([string equal "-help" $args] == 1)} { puts "\n exit           # Exit the simulation.\n \[-noprompt\]        (Exit the simulation and Verdi.)\n"} elseif {([string equal "-n" $args] == 1)||([string equal "-no" $args] == 1)||([string equal "-nop" $args] == 1)||([string equal "-nopr" $args] == 1)||([string equal "-nopro" $args] == 1)||([string equal "-noprom" $args] == 1)||([string equal "-nopromp" $args] == 1)||([string equal "-noprompt" $args] == 1)} { puts "\nVERDI_EXIT_N\n" } else { verdiHack::exit $args; } }

ucli% proc checkpoint::beforeRecreate {} { sps_interactive }

ucli% if {[catch {ucliCore::setFocus tool}]} {}

ucli% save::getUserdefinedProcs
::stateVerdiChangeCB ::LoadFSDBDumpCmd
ucli% set ucliCore::resultTagsForVerdi [list <?special_verdi_begin?> <?special_verdi_end?>]
<?special_verdi_begin?> <?special_verdi_end?>
ucli% if {[catch {ucliCore::setFocus tool}]} {}

ucli% fsdbDumpflush 
*Verdi* : Flush all FSDB Files at 0 ps.

ucli% if {[catch {ucliCore::setFocus tool}]} {}

ucli% fsdbDumpflush 
*Verdi* : Flush all FSDB Files at 0 ps.

ucli% senv
activeDomain: Verilog
activeFile: tb.sv
activeFrame: 
activeLine: 9
activeScope: tb_sram_2kbit
activeThread: 
endCol: 0
file: tb.sv
frame: 
fsdbFilename: 
hasTB: 0
inputFilename: 
keyFilename: ucli.key
line: 9
logFilename: /mnt/vol_NFS_rh003/estudiantes/DANIELA_VARGAS/Version_final/0516/versiones_finales/Memoria/TSMC_memoria_TMR/FLOW/common/rtl/sverilog/verdiLog/sim.log
macroIndex: -1
macroOffset: -1
pid: 3179078
scope: tb_sram_2kbit
startCol: 0
state: stopped
thread: 
time: 0
timePrecision: 1 ps
vcdFilename: 
vpdFilename:
ucli% synUtils::resolveSourceFilename tb.sv
tb.sv
ucli% puts $::ucliCore::cbug_active
0

ucli% if {[catch {ucliCore::setFocus tool}]} {}

ucli% checkpoint -list -all
There are no checkpoints present.
ucli% if {[catch {ucliCore::setFocus tool}]} {}

ucli% stop
No stop points are set
ucli% if {[catch {ucliCore::setFocus tool}]} {}

ucli% fsdbDumpvars 1 "tb_sram_2kbit.dut.memory_2.mem"  +all +trace_process;fsdbDumpflush 
*Verdi* : Dumping the signal (tb_sram_2kbit.dut.memory_2.mem).
*Verdi* : Flush all FSDB Files at 0 ps.

ucli% if {[catch {ucliCore::setFocus tool}]} {}

ucli% fsdbDumpvars 1 "tb_sram_2kbit.dut.memory_3.mem"  +all +trace_process;fsdbDumpflush 
*Verdi* : Dumping the signal (tb_sram_2kbit.dut.memory_3.mem).
*Verdi* : Flush all FSDB Files at 0 ps.

ucli% if {[catch {ucliCore::setFocus tool}]} {}

ucli% run
<slp!&*()_+>

>> FORCE: Error en mem2 (posición 30)
<slb!&*()_+>---<sls!&*()_+>loc: -1<sls!&*()_+>src: tb.sv<sls!&*()_+>line: 75<sls!&*()_+>time: 95000 ps<sls!&*()_+>length: 0<sls!&*()_+>...<sls!&*()_+><sle!&*()_+>
<slp!&*()_+>

>> FORCE: Error en las 3 memorias (posición 20)
<slb!&*()_+>---<sls!&*()_+>loc: -1<sls!&*()_+>src: tb.sv<sls!&*()_+>line: 89<sls!&*()_+>time: 115000 ps<sls!&*()_+>length: 0<sls!&*()_+>...<sls!&*()_+><sle!&*()_+>
<slp!&*()_+>

Test terminado.
<slb!&*()_+>---<sls!&*()_+>loc: -1<sls!&*()_+>src: tb.sv<sls!&*()_+>line: 104<sls!&*()_+>time: 165000 ps<sls!&*()_+>length: 0<sls!&*()_+>...<sls!&*()_+><sle!&*()_+>
$finish called from file "tb.sv", line 105.
$finish at simulation time               165000
Simulation complete, time is 165000 ps.
tb.sv, 105 :     $finish;

ucli% synEnv::hasFataled
0
ucli% ucliCore::getToolPID
3179078
ucli% save::getUserdefinedProcs
::stateVerdiChangeCB ::LoadFSDBDumpCmd
ucli% if {[catch {ucliCore::setFocus tool}]} {}

ucli% fsdbDumpflush 
*Verdi* : Flush all FSDB Files at 165,000 ps.

ucli% senv
activeDomain: Verilog
activeFile: tb.sv
activeFrame: 
activeLine: 105
activeScope: tb_sram_2kbit
activeThread: 
endCol: 0
file: tb.sv
frame: 
fsdbFilename: 
hasTB: 0
inputFilename: 
keyFilename: ucli.key
line: 105
logFilename: /mnt/vol_NFS_rh003/estudiantes/DANIELA_VARGAS/Version_final/0516/versiones_finales/Memoria/TSMC_memoria_TMR/FLOW/common/rtl/sverilog/verdiLog/sim.log
macroIndex: -1
macroOffset: -1
pid: 3179078
scope: tb_sram_2kbit
startCol: 0
state: stopped
thread: 
time: 165000
timePrecision: 1 ps
vcdFilename: 
vpdFilename:
ucli% synUtils::resolveSourceFilename tb.sv
tb.sv
ucli% puts $::ucliCore::cbug_active
0

ucli% if {[catch {ucliCore::setFocus tool}]} {}

ucli% checkpoint -list -all
There are no checkpoints present.
ucli% if {[catch {ucliCore::setFocus tool}]} {}

ucli% stop
No stop points are set
ucli% if {[catch {ucliCore::setFocus tool}]} {}

ucli% finish; quit
           V C S   S i m u l a t i o n   R e p o r t 
Time: 165000 ps
CPU Time:      0.120 seconds;       Data structure size:   0.0Mb
Sat May 17 03:20:07 2025

<VERDI_Terminated>

