version: (200506)

available memory: 64M bytes
used memory: 180224 bytes [need 176K bytes if disable swap]

used block: 8 [memory(8) file(0)]
                 [ 8K(6) 64K(2) { total 176K bytes } ]
overhead: (9538) bytes for (8) blocks [Average: (1192) bytes/block]

write  => 0(times) 0K(bytes) [0K bytes to file]
read   => 2(times) 28K(bytes) [4K bytes compressed data from file]
access => 1393087(times) 10896M(bytes)
          [hit ratio: 99.9999%]

time: write(0) read(0)  unit: second

swap file directory: (/mnt/vol_NFS_rh003/estudiantes/DANIELA_VARGAS/Version_final/0516/versiones_finales/Memoria/TSMC_memoria_TMR/FLOW/common/rtl/sverilog/verdiLog)
used swap file number: (3)



swap file manager:
arrSize: (256)
idxCnt: (4)
closeHead: (1)
closeTail: (3)
openCnt: (3)
fid(3): fd(1073741825) fileName(/mnt/vol_NFS_rh003/estudiantes/DANIELA_VARGAS/Version_final/0516/versiones_finales/Memoria/TSMC_memoria_TMR/FLOW/common/rtl/sverilog/results.daidir/kdb.elab++/work.lib++/top.sv#inc___vcs_unit__1__1#.tdc)
	size(4760) lastModTime(1747472293) curModTime(1747472293)
	mode(rb)	hot(0) cool(2) pos(0)
fid(2): fd(34) fileName(/mnt/vol_NFS_rh003/estudiantes/DANIELA_VARGAS/Version_final/0516/versiones_finales/Memoria/TSMC_memoria_TMR/FLOW/common/rtl/sverilog/verdiLog/_swap_0001#8323328#3172028)
	size(0) lastModTime(0) curModTime(1747472348)
	mode(w+b)	hot(3) cool(1) pos(0)
fid(1): fd(1073741824) fileName(/mnt/vol_NFS_rh003/estudiantes/DANIELA_VARGAS/Version_final/0516/versiones_finales/Memoria/TSMC_memoria_TMR/FLOW/common/rtl/sverilog/results.daidir/kdb.elab++/work.lib++/tb.sv.tdc)
	size(3882) lastModTime(1747472293) curModTime(1747472293)
	mode(rb)	hot(2) cool(0) pos(0)
fid(0): fd(0) fileName(NULL)
	mode(NULL)	hot(0) cool(0) pos(0)
==================================================
mySelf(0x18bd9a00) pre(0x198004e0) next((nil))
version(200506)
date(Aug 13 2023 07:34:34)
