Information: Corner cornerFF: no PVT mismatches. (PVT-032)
Information: Corner cornerSS: no PVT mismatches. (PVT-032)
****************************************
Report : power
        -significant_digits 2
Design : top
Version: U-2022.12-SP6
Date   : Sun May 25 23:41:36 2025
****************************************
Information: Activity propagation will be performed for scenario scenarioSS.
Information: Doing activity propagation for mode 'mode1' and corner 'cornerSS' with effort level 'medium'. (POW-024)
Information: Timer-derived activity data is cached on scenario scenarioSS (POW-052)
Infomation: Fast mode activity propagation power.rtl_activity_annotation setup is ignored. Always use accurate mode.
Information: Running switching activity propagation in scalar mode!

 **** Information : No. of simulation cycles = 6 ****
Information: Propagated activity on scenario scenarioFF identical to that on scenarioSS (POW-006)
Information: The stitching and editing of coupling caps is turned OFF for design 'top_lib:top/auto_floorplan.design'. (TIM-125)
Information: Design Average RC for design top  (NEX-011)
Information: r = 0.837011 ohm/um, via_r = 1.815407 ohm/cut, c = 0.122150 ff/um, cc = 0.000000 ff/um (X dir) (NEX-017)
Information: r = 0.840862 ohm/um, via_r = 1.815407 ohm/cut, c = 0.142191 ff/um, cc = 0.000000 ff/um (Y dir) (NEX-017)
Information: The RC mode used is VR for design 'top'. (NEX-022)
Information: Update timing completed net estimation for all the timing graph nets (TIM-111)
Information: Net estimation statistics: timing graph nets = 225, routed nets = 0, across physical hierarchy nets = 0, parasitics cached nets = 225, delay annotated nets = 0, parasitics annotated nets = 0, multi-voltage nets = 0. (TIM-112)
************************************************************
Timer Settings:
Delay Calculation Style:                   auto
Signal Integrity Analysis:                 disabled
Timing Window Analysis:                    disabled
Advanced Waveform Propagation:             disabled
Variation Type:                            fixed_derate
Clock Reconvergence Pessimism Removal:     disabled
Advanced Receiver Model:                   disabled
ML Acceleration:                           off
************************************************************
Mode: mode1
Corner: cornerFF
Scenario: scenarioFF
Voltage: 1.32
Temperature: 125.00

Voltage Unit         : 1V
Capacitance Unit     : 1pF
Time Unit            : 1ns
Temperature Unit     : 1C
Dynamic Power Unit   : 1nW
Leakage Power Unit   : 1nW

Switched supply net power scaling:
scaling for leakage power

Supply nets:
VDD (power) probability 1.00 (default)
VSS (ground) probability 1.00 (default)
Warning: Power table extrapolation (extrapolation mode) for port Z on cell register_1/ctmi_166 for parameter Tinp. Lowest table value = 0.004000, highest table value = 0.331200, value = 0.001049 (POW-046)
Warning: Power table extrapolation (extrapolation mode) for port ZN on cell register_1/phfnr_buf_68 for parameter Tinp. Lowest table value = 0.004000, highest table value = 0.331200, value = 0.002327 (POW-046)
Warning: Power table extrapolation (extrapolation mode) for port ZN on cell register_1/phfnr_buf_69 for parameter Tinp. Lowest table value = 0.004000, highest table value = 0.331200, value = 0.001068 (POW-046)
Warning: Power table extrapolation (extrapolation mode) for port ZN on cell register_1/ctmi_47 for parameter Tinp. Lowest table value = 0.004000, highest table value = 0.331200, value = 0.000343 (POW-046)
Warning: Power table extrapolation (extrapolation mode) for port CDN on cell register_1/reg_data_reg[6] for parameter Tinp. Lowest table value = 0.004000, highest table value = 0.331200, value = 0.002632 (POW-046)
Warning: Power table extrapolation (extrapolation mode) for port Q on cell register_1/reg_data_reg[6] for parameter Tinp. Lowest table value = 0.004000, highest table value = 0.331200, value = 0.002594 (POW-046)
Warning: Power table extrapolation (extrapolation mode) for port CDN on cell register_1/reg_data_reg[5] for parameter Tinp. Lowest table value = 0.004000, highest table value = 0.331200, value = 0.002651 (POW-046)
Warning: Power table extrapolation (extrapolation mode) for port Q on cell register_1/reg_data_reg[5] for parameter Tinp. Lowest table value = 0.004000, highest table value = 0.331200, value = 0.002613 (POW-046)
Warning: Power table extrapolation (extrapolation mode) for port CDN on cell register_1/reg_data_reg[4] for parameter Tinp. Lowest table value = 0.004000, highest table value = 0.331200, value = 0.002556 (POW-046)
Warning: Power table extrapolation (extrapolation mode) for port Q on cell register_1/reg_data_reg[4] for parameter Tinp. Lowest table value = 0.004000, highest table value = 0.331200, value = 0.002518 (POW-046)
Note - message 'POW-046' limit (10) exceeded. Remainder will be suppressed.

  Cell Internal Power    = 3.49e+04 nW ( 76.5%)
  Net Switching Power    = 1.07e+04 nW ( 23.5%)
Total Dynamic Power      = 4.56e+04 nW (100.0%)

Cell Leakage Power       = 1.77e+04 nW


  Attributes
  ----------
      u  -  User defined power group
      i  -  Includes clock pin internal power

Power Group         Internal Power        Switching Power          Leakage Power            Total Power    (   %  )    Attrs
-----------------------------------------------------------------------------------------------------------------------------
io_pad                    0.00e+00               0.00e+00               0.00e+00               0.00e+00    (  0.0%)         
memory                    0.00e+00               0.00e+00               0.00e+00               0.00e+00    (  0.0%)         
black_box                 0.00e+00               0.00e+00               0.00e+00               0.00e+00    (  0.0%)         
clock_network             2.74e+04               4.39e+03               6.45e+02               3.25e+04    ( 51.3%)        i
register                  3.56e+03               1.11e+03               5.71e+03               1.04e+04    ( 16.4%)         
sequential                0.00e+00               0.00e+00               0.00e+00               0.00e+00    (  0.0%)         
combinational             3.90e+03               5.20e+03               1.14e+04               2.05e+04    ( 32.3%)         
-----------------------------------------------------------------------------------------------------------------------------
Total                     3.49e+04 nW            1.07e+04 nW            1.77e+04 nW            6.33e+04 nW
Mode: mode1
Corner: cornerSS
Scenario: scenarioSS
Voltage: 1.08
Temperature: 125.00

Voltage Unit         : 1V
Capacitance Unit     : 1pF
Time Unit            : 1ns
Temperature Unit     : 1C
Dynamic Power Unit   : 1nW
Leakage Power Unit   : 1nW

Switched supply net power scaling:
scaling for leakage power

Supply nets:
VDD (power) probability 1.00 (default)
VSS (ground) probability 1.00 (default)

  Cell Internal Power    = 1.82e+04 nW ( 71.9%)
  Net Switching Power    = 7.10e+03 nW ( 28.1%)
Total Dynamic Power      = 2.53e+04 nW (100.0%)

Cell Leakage Power       = 2.07e+02 nW


  Attributes
  ----------
      u  -  User defined power group
      i  -  Includes clock pin internal power

Power Group         Internal Power        Switching Power          Leakage Power            Total Power    (   %  )    Attrs
-----------------------------------------------------------------------------------------------------------------------------
io_pad                    0.00e+00               0.00e+00               0.00e+00               0.00e+00    (  0.0%)         
memory                    0.00e+00               0.00e+00               0.00e+00               0.00e+00    (  0.0%)         
black_box                 0.00e+00               0.00e+00               0.00e+00               0.00e+00    (  0.0%)         
clock_network             1.39e+04               2.95e+03               8.20e+00               1.68e+04    ( 66.1%)        i
register                  1.99e+03               7.14e+02               6.27e+01               2.77e+03    ( 10.9%)         
sequential                0.00e+00               0.00e+00               0.00e+00               0.00e+00    (  0.0%)         
combinational             2.30e+03               3.43e+03               1.36e+02               5.87e+03    ( 23.0%)         
-----------------------------------------------------------------------------------------------------------------------------
Total                     1.82e+04 nW            7.10e+03 nW            2.07e+02 nW            2.55e+04 nW
1
