Warning: Scenario scenarioSS is not configured for hold analysis: skipping. (UIC-058)
****************************************
Report : timing
        -path_type full
        -delay_type min
        -max_paths 1
        -report_by design
Design : top
Version: U-2022.12-SP6
Date   : Sun May 25 23:41:36 2025
****************************************

  Startpoint: register_2/reg_data_reg[3] (rising edge-triggered flip-flop clocked by SYS_CLK)
  Endpoint: register_2/reg_data_reg[4] (rising edge-triggered flip-flop clocked by SYS_CLK)
  Mode: mode1
  Corner: cornerFF
  Scenario: scenarioFF
  Path Group: SYS_CLK
  Path Type: min

  Point                                            Incr      Path  
  ------------------------------------------------------------------------
  clock SYS_CLK (rise edge)                        0.00      0.00
  clock network delay (ideal)                      0.00      0.00

  register_2/reg_data_reg[3]/CP (SDFCNQD0HPBWP)    0.00      0.00 r
  register_2/reg_data_reg[3]/Q (SDFCNQD0HPBWP)     0.15      0.15 f
  register_2/ctmi_151/ZN (OAI22D1HPBWP)            0.06      0.21 r
  register_2/ctmi_81/ZN (OAI221D1HPBWP)            0.04      0.25 f
  register_2/reg_data_reg[4]/D (SDFCNQD0HPBWP)     0.00      0.25 f
  data arrival time                                          0.25

  clock SYS_CLK (rise edge)                        0.00      0.00
  clock network delay (ideal)                      0.00      0.00
  register_2/reg_data_reg[4]/CP (SDFCNQD0HPBWP)    0.00      0.00 r
  library hold time                                0.01      0.01
  data required time                                         0.01
  ------------------------------------------------------------------------
  data required time                                         0.01
  data arrival time                                         -0.25
  ------------------------------------------------------------------------
  slack (MET)                                                0.24


1
