Warning: Scenario scenarioFF is not configured for setup analysis: skipping. (UIC-058)
****************************************
Report : timing
        -path_type full
        -delay_type max
        -max_paths 1
        -report_by design
Design : top
Version: U-2022.12-SP6
Date   : Sun May 25 23:41:36 2025
****************************************

  Startpoint: register_3/reg_data_reg[7] (rising edge-triggered flip-flop clocked by SYS_CLK)
  Endpoint: register_2/reg_data_reg[3] (rising edge-triggered flip-flop clocked by SYS_CLK)
  Mode: mode1
  Corner: cornerSS
  Scenario: scenarioSS
  Path Group: SYS_CLK
  Path Type: max

  Point                                            Incr      Path  
  ------------------------------------------------------------------------
  clock SYS_CLK (rise edge)                        0.00      0.00
  clock network delay (ideal)                      0.00      0.00

  register_3/reg_data_reg[7]/CP (SDFCNQD0HPBWP)    0.00      0.00 r
  register_3/reg_data_reg[7]/Q (SDFCNQD0HPBWP)     0.39      0.39 f
  voter_inst/ctmi_72/ZN (MAOI222D1HPBWP)           0.12      0.52 r
  voter_inst/ctmi_17/ZN (CKND0HPBWP)               0.37      0.89 f
  ne_31/ctmi_77/ZN (MAOI22D0HPBWP)                 0.24      1.13 f
  ne_31/ctmi_75/ZN (NR4D0HPBWP)                    0.20      1.33 r
  ne_31/ctmi_18/Z (AN4D0HPBWP)                     0.25      1.58 r
  ne_31/ctmi_19/ZN (INVD1HPBWP)                    0.12      1.70 f
  register_2/phfnr_buf_76/ZN (INVD1HPBWP)          0.23      1.93 r
  register_2/ctmi_154/ZN (OAI22D1HPBWP)            0.15      2.08 f
  register_2/ctmi_153/ZN (MAOI22D0HPBWP)           0.17      2.25 f
  register_2/ctmi_83/ZN (OAI221D0HPBWP)            0.11      2.35 r
  register_2/reg_data_reg[3]/D (SDFCNQD0HPBWP)     0.00      2.35 r
  data arrival time                                          2.35

  clock SYS_CLK (rise edge)                       10.00     10.00
  clock network delay (ideal)                      0.00     10.00
  register_2/reg_data_reg[3]/CP (SDFCNQD0HPBWP)    0.00     10.00 r
  clock uncertainty                               -0.30      9.70
  library setup time                              -0.11      9.59
  data required time                                         9.59
  ------------------------------------------------------------------------
  data required time                                         9.59
  data arrival time                                         -2.35
  ------------------------------------------------------------------------
  slack (MET)                                                7.24


1
