****************************************
Report : area
Design : top
Version: U-2022.12-SP6
Date   : Mon May 26 00:05:26 2025
****************************************

Number of ports:                         2758
Number of nets:                          5341
Number of cells:                         2730
Number of combinational cells:           2343
Number of sequential cells:               387
Number of macros/black boxes:               0
Number of buf/inv:                        147
Number of references:                      34

Combinational area:                   6496.80
Buf/Inv area:                          194.80
Noncombinational area:                4477.20
Macro/Black Box area:                    0.00

Total cell area:                     10974.00
1
