Invoking simulator...

./results_errors -sml=verdi +UVM_VERDI_TRACE=UVM_AWARE +fsdb+gate=off -ucli2Proc -ucli
debImport "-i" "-simflow" "-dbdir" "./results_errors.daidir"
*Verdi* Loading libsscore_vcs202303.so

*Verdi* : Enable RPC Server(3969213)

srcTBInvokeSim
Chronologic VCS simulator copyright 1991-2023
Contains Synopsys proprietary information.
Compiler version U-2023.03-SP2_Full64; Runtime version U-2023.03-SP2_Full64;  May 18 16:11 2025
xterm-256color is Not a valid terminal...
Verdi>fsdbDumpvars 1 "tb_top_module.dut.data_1"  +all +trace_process;fsdbDumpflush 

*Verdi* : Dumping the signal (tb_top_module.dut.data_1).
*Verdi* : Flush all FSDB Files at 0 ps.

Verdi>fsdbDumpvars 1 "tb_top_module.dut.data_2"  +all +trace_process;fsdbDumpflush 

*Verdi* : Dumping the signal (tb_top_module.dut.data_2).
*Verdi* : Flush all FSDB Files at 0 ps.

Verdi>fsdbDumpvars 1 "tb_top_module.dut.data_3"  +all +trace_process;fsdbDumpflush 

*Verdi* : Dumping the signal (tb_top_module.dut.data_3).
*Verdi* : Flush all FSDB Files at 0 ps.

Verdi>fsdbDumpvars 1 "tb_top_module.dut.voted_q"  +all +trace_process;fsdbDumpflush 

*Verdi* : Dumping the signal (tb_top_module.dut.voted_q).
*Verdi* : Flush all FSDB Files at 0 ps.

Verdi>fsdbDumpvars 1 "tb_top_module.dut.encoder_data_1.coded_data"  +all +trace_process;fsdbDumpflush 

*Verdi* : Dumping the signal (tb_top_module.dut.encoder_data_1.coded_data).
*Verdi* : Flush all FSDB Files at 0 ps.

Verdi>fsdbDumpvars 1 "tb_top_module.dut.encoder_data_2.coded_data"  +all +trace_process;fsdbDumpflush 

*Verdi* : Dumping the signal (tb_top_module.dut.encoder_data_2.coded_data).
*Verdi* : Flush all FSDB Files at 0 ps.

Verdi>fsdbDumpvars 1 "tb_top_module.dut.encoder_data_3.coded_data"  +all +trace_process;fsdbDumpflush 

*Verdi* : Dumping the signal (tb_top_module.dut.encoder_data_3.coded_data).
*Verdi* : Flush all FSDB Files at 0 ps.

Verdi>fsdbDumpvars 1 "tb_top_module.dut.voter_inst.data_voted"  +all +trace_process;fsdbDumpflush 

*Verdi* : Dumping the signal (tb_top_module.dut.voter_inst.data_voted).
*Verdi* : Flush all FSDB Files at 0 ps.

Verdi>fsdbDumpvars 1 "tb_top_module.dut.decoder_inst.unnamed\$\$_0.syndrome_1"  +all +trace_process;fsdbDumpflush 

*Verdi* : Dumping the signal (tb_top_module.dut.decoder_inst.unnamed$$_0.syndrome_1).
*Verdi* : Flush all FSDB Files at 0 ps.

Verdi>fsdbDumpvars 1 "tb_top_module.dut.decoder_inst.unnamed\$\$_0.syndrome_2"  +all +trace_process;fsdbDumpflush 

*Verdi* : Dumping the signal (tb_top_module.dut.decoder_inst.unnamed$$_0.syndrome_2).
*Verdi* : Flush all FSDB Files at 0 ps.

Verdi>fsdbDumpvars 1 "tb_top_module.dut.decoder_inst.unnamed\$\$_0.syndrome_3"  +all +trace_process;fsdbDumpflush 

*Verdi* : Dumping the signal (tb_top_module.dut.decoder_inst.unnamed$$_0.syndrome_3).
*Verdi* : Flush all FSDB Files at 0 ps.

Verdi>run
$finish called from file "tb.sv", line 239.
$finish at simulation time               160000
Simulation complete, time is 160000 ps.
tb.sv, 239 :     $finish;
           V C S   S i m u l a t i o n   R e p o r t 
Time: 160000 ps
CPU Time:      0.200 seconds;       Data structure size:   0.0Mb
Sun May 18 19:55:05 2025
debExit
