****************************************
Report : qor
Design : top
Version: U-2022.12-SP6
Date   : Wed May 28 17:56:21 2025
****************************************


Scenario           'scenarioFF'
Timing Path Group  '**in2reg_default**'
----------------------------------------
Worst Hold Violation:              0.00
Total Hold Violation:              0.00
No. of Hold Violations:               0
----------------------------------------

Scenario           'scenarioFF'
Timing Path Group  '**reg2out_default**'
----------------------------------------
Worst Hold Violation:              0.00
Total Hold Violation:              0.00
No. of Hold Violations:               0
----------------------------------------

Scenario           'scenarioFF'
Timing Path Group  'SYS_CLK'
----------------------------------------
Worst Hold Violation:              0.00
Total Hold Violation:              0.00
No. of Hold Violations:               0
----------------------------------------

Scenario           'scenarioSS'
Timing Path Group  '**in2reg_default**'
----------------------------------------
Levels of Logic:                      1
Critical Path Length:              3.35
Critical Path Slack:               0.34
Critical Path Clk Period:         10.00
Total Negative Slack:              0.00
No. of Violating Paths:               0
----------------------------------------

Scenario           'scenarioSS'
Timing Path Group  '**reg2out_default**'
----------------------------------------
Levels of Logic:                      0
Critical Path Length:              0.49
Critical Path Slack:               8.21
Critical Path Clk Period:         10.00
Total Negative Slack:              0.00
No. of Violating Paths:               0
----------------------------------------

Scenario           'scenarioSS'
Timing Path Group  'SYS_CLK'
----------------------------------------
Levels of Logic:                      2
Critical Path Length:              0.90
Critical Path Slack:               3.71
Critical Path Clk Period:         10.00
Total Negative Slack:              0.00
No. of Violating Paths:               0
----------------------------------------


Cell Count
----------------------------------------
Hierarchical Cell Count:              0
Hierarchical Port Count:              0
Leaf Cell Count:                    631
Buf/Inv Cell Count:                   5
Buf Cell Count:                       0
Inv Cell Count:                       5
Combinational Cell Count:           423
   Single-bit Isolation Cell Count:                        0
   Multi-bit Isolation Cell Count:                         0
   Isolation Cell Banking Ratio:                           0.00%
   Single-bit Level Shifter Cell Count:                    0
   Multi-bit Level Shifter Cell Count:                     0
   Level Shifter Cell Banking Ratio:                       0.00%
   Single-bit ELS Cell Count:                              0
   Multi-bit ELS Cell Count:                               0
   ELS Cell Banking Ratio:                                 0.00%
Sequential Cell Count:              208
   Integrated Clock-Gating Cell Count:                     5
   Sequential Macro Cell Count:                            0
   Single-bit Sequential Cell Count:                       203
   Multi-bit Sequential Cell Count:                        0
   Sequential Cell Banking Ratio:                          0.00%
   BitsPerflop:                                            1.00
Macro Count:                          0
----------------------------------------


Area
----------------------------------------
Combinational Area:             1246.80
Noncombinational Area:          2307.20
Buf/Inv Area:                      6.00
Total Buffer Area:                 0.00
Total Inverter Area:               6.00
Macro/Black Box Area:              0.00
Net Area:                             0
Net XLength:                    6576.10
Net YLength:                    8042.67
----------------------------------------
Cell Area (netlist):                           3554.00
Cell Area (netlist and physical only):         3554.00
Net Length:                    14618.77


Design Rules
----------------------------------------
Total Number of Nets:               682
Nets with Violations:                 4
Max Trans Violations:                 4
Max Cap Violations:                   4
----------------------------------------

1
