****************************************
Report : area
Design : top
Version: U-2022.12-SP6
Date   : Wed May 28 17:56:21 2025
****************************************

Number of ports:                           37
Number of nets:                           682
Number of cells:                          631
Number of combinational cells:            423
Number of sequential cells:               208
Number of macros/black boxes:               0
Number of buf/inv:                          5
Number of references:                      43

Combinational area:                   1246.80
Buf/Inv area:                            6.00
Noncombinational area:                2307.20
Macro/Black Box area:                    0.00

Total cell area:                      3554.00
1
