Verdi>restart
*Verdi* Loading libsscore_vcs202303.so
FSDB Dumper for VCS, Release Verdi_U-2023.03-SP2, Linux x86_64/64bit, 08/28/2023
(C) 1996 - 2023 by Synopsys, Inc.
*Verdi* FSDB WARNING: The FSDB file already exists. Overwriting the FSDB file may crash the programs that are using this file.
*Verdi* : Create FSDB file '/mnt/vol_NFS_rh003/estudiantes/DANIELA_VARGAS/Version_final/0516/versiones_finales/Registro/TSMC_Hamming_8/FLOW/common/rtl/sverilog/inter.fsdb'
*Verdi* : Flush all FSDB Files at 0 ps.
*Verdi* : Enable RPC Server(3639400)
*Verdi* : Flush all FSDB Files at 0 ps.
Chronologic VCS simulator copyright 1991-2023
Contains Synopsys proprietary information.
Compiler version U-2023.03-SP2_Full64; Runtime version U-2023.03-SP2_Full64;  May 17 17:41 2025
xterm-256color is Not a valid terminal...
Verdi>run
Test 1: Modo SISO (00)
Test 2: Modo SIPO (01)
Test 3: Modo PISO (10)
$finish called from file "tb.sv", line 138.
$finish at simulation time               425000
Simulation complete, time is 425000 ps.
tb.sv, 138 :     #20 $finish;
           V C S   S i m u l a t i o n   R e p o r t 
Time: 425000 ps
CPU Time:      0.110 seconds;       Data structure size:   0.0Mb
Sat May 17 17:43:55 2025
debExit
