Command: /mnt/vol_NFS_rh003/estudiantes/DANIELA_VARGAS/Version_final/0516/versiones_finales/Registro/TSMC_Hamming_8/FLOW/common/rtl/sverilog/results -sml=verdi +UVM_VERDI_TRACE=UVM_AWARE +fsdb+gate=off -ucli2Proc -ucli -l /mnt/vol_NFS_rh003/estudiantes/DANIELA_VARGAS/Version_final/0516/versiones_finales/Registro/TSMC_Hamming_8/FLOW/common/rtl/sverilog/verdiLog/sim.log
Chronologic VCS simulator copyright 1991-2023
Contains Synopsys proprietary information.
Compiler version U-2023.03-SP2_Full64; Runtime version U-2023.03-SP2_Full64;  May 17 17:41 2025

ucli% loaddl -simv /mnt/vol_synopsys2023/synopsys/verdi/U-2023.03-SP2/share/PLI/VCS/LINUXAMD64/libnovas.so LoadFSDBDumpCmd;LoadFSDBDumpCmd
LoadFSDBDumpCmd success
ucli% config ckptfsdbcheck off;config endofsim noexit;config onfail {enable all};config followactivescope on;catch {setUcliVerdiConnected};set watch::resultTagsForVerdiBP {<ucli_break_bp_status_begin> <ucli_break_bp_status_end>};set ucliCore::support_restore_through_stask_in_verdi 1;cbug::config pretty_print auto;fsdbDumpfile {/mnt/vol_NFS_rh003/estudiantes/DANIELA_VARGAS/Version_final/0516/versiones_finales/Registro/TSMC_Hamming_8/FLOW/common/rtl/sverilog/inter.fsdb} ;fsdbDumpflush ; 
*Verdi* Loading libsscore_vcs202303.so
FSDB Dumper for VCS, Release Verdi_U-2023.03-SP2, Linux x86_64/64bit, 08/28/2023
(C) 1996 - 2023 by Synopsys, Inc.
*Verdi* FSDB WARNING: The FSDB file already exists. Overwriting the FSDB file may crash the programs that are using this file.
*Verdi* : Create FSDB file '/mnt/vol_NFS_rh003/estudiantes/DANIELA_VARGAS/Version_final/0516/versiones_finales/Registro/TSMC_Hamming_8/FLOW/common/rtl/sverilog/inter.fsdb'
*Verdi* : Flush all FSDB Files at 0 ps.

ucli% fsdbDumpvars 1 "universal_register_8bit_tb.dut.siso_in"  +all +trace_process;fsdbDumpflush 
*Verdi* : Dumping the signal (universal_register_8bit_tb.dut.siso_in).
*Verdi* : Flush all FSDB Files at 0 ps.

ucli% fsdbDumpvars 1 "universal_register_8bit_tb.dut.siso_out"  +all +trace_process;fsdbDumpflush 
*Verdi* : Dumping the signal (universal_register_8bit_tb.dut.siso_out).
*Verdi* : Flush all FSDB Files at 0 ps.

ucli% fsdbDumpvars 1 "universal_register_8bit_tb.dut.parallel_in"  +all +trace_process;fsdbDumpflush 
*Verdi* : Dumping the signal (universal_register_8bit_tb.dut.parallel_in).
*Verdi* : Flush all FSDB Files at 0 ps.

ucli% fsdbDumpvars 1 "universal_register_8bit_tb.dut.parallel_out"  +all +trace_process;fsdbDumpflush 
*Verdi* : Dumping the signal (universal_register_8bit_tb.dut.parallel_out).
*Verdi* : Flush all FSDB Files at 0 ps.

ucli% fsdbDumpvars 1 "universal_register_8bit_tb.dut.reg_data"  +all +trace_process;fsdbDumpflush 
*Verdi* : Dumping the signal (universal_register_8bit_tb.dut.reg_data).
*Verdi* : Flush all FSDB Files at 0 ps.

ucli% fsdbDumpvars 1 "universal_register_8bit_tb.dut.reg_data_next"  +all +trace_process;fsdbDumpflush 
*Verdi* : Dumping the signal (universal_register_8bit_tb.dut.reg_data_next).
*Verdi* : Flush all FSDB Files at 0 ps.

ucli% fsdbDumpvars 1 "universal_register_8bit_tb.enable"  +all +trace_process;fsdbDumpflush 
*Verdi* : Dumping the signal (universal_register_8bit_tb.enable).
*Verdi* : Flush all FSDB Files at 0 ps.

ucli% synEnv::hasFataled
0
ucli% ucliCore::getToolPID
3639400
ucli% sps_interactive
*Verdi* : Enable RPC Server(3639400)

ucli% ucliCore::getToolPID
3639400
ucli% ucliCore::getToolPID
3639400
ucli% if {[catch {ucliCore::setFocus tool}]} {}

ucli% puts $ucliCore::nativeUcliMode
0

ucli% ucliCore::getToolTopPID
3639400
ucli% pid
3639412
ucli% synUtils::sendTool -active {_icl_createSharedMemory /tmp/vcs_dve_general.VARGAS_CHAVARRIA_2025.3639400 }

ucli% if { [info vars watch::vcbp_str_len_limit_of_get_value] != ""} {set watch::vcbp_str_len_limit_of_get_value 1024}
1024
ucli% info command stateVerdiChangeCB

ucli% proc stateVerdiChangeCB args { if {$ucliGUI::state eq "terminated"} {puts "\n<VERDI_Terminated>\n";catch {setVerdiSimTerminated}}}

ucli% trace variable ucliGUI::state wu stateVerdiChangeCB

ucli% if {[catch {rename synopsys::restore verdiHack::restore} ]} {puts "0"}

ucli% proc synopsys::restore {args} { verdiHack::restore $args; puts "\n<VERDI_RESTORE>\n"}

ucli% if {[catch {rename quit verdiHack::quit} ]} {puts "0"}

ucli% proc quit {args} { if {[string length $args] == 0} { verdiHack::quit; } elseif {([string equal "-h" $args] == 1)||([string equal "-he" $args] == 1)||([string equal "-hel" $args] == 1)||([string equal "-help" $args] == 1)} { puts "\n quit           # Exit the simulation.\n \[-noprompt\]        (Exit the simulation and Verdi.)\n"} elseif {([string equal "-n" $args] == 1)||([string equal "-no" $args] == 1)||([string equal "-nop" $args] == 1)||([string equal "-nopr" $args] == 1)||([string equal "-nopro" $args] == 1)||([string equal "-noprom" $args] == 1)||([string equal "-nopromp" $args] == 1)||([string equal "-noprompt" $args] == 1)} { puts "\nVERDI_EXIT_N\n" } else { verdiHack::quit $args; } }

ucli% if {[catch {rename exit verdiHack::exit} ]} {puts "0"}

ucli% proc exit {args} { if {[string length $args] == 0} { verdiHack::exit; } elseif {([string equal "-h" $args] == 1)||([string equal "-he" $args] == 1)||([string equal "-hel" $args] == 1)||([string equal "-help" $args] == 1)} { puts "\n exit           # Exit the simulation.\n \[-noprompt\]        (Exit the simulation and Verdi.)\n"} elseif {([string equal "-n" $args] == 1)||([string equal "-no" $args] == 1)||([string equal "-nop" $args] == 1)||([string equal "-nopr" $args] == 1)||([string equal "-nopro" $args] == 1)||([string equal "-noprom" $args] == 1)||([string equal "-nopromp" $args] == 1)||([string equal "-noprompt" $args] == 1)} { puts "\nVERDI_EXIT_N\n" } else { verdiHack::exit $args; } }

ucli% proc checkpoint::beforeRecreate {} { sps_interactive }

ucli% if {[catch {ucliCore::setFocus tool}]} {}

ucli% save::getUserdefinedProcs
::stateVerdiChangeCB ::LoadFSDBDumpCmd
ucli% set ucliCore::resultTagsForVerdi [list <?special_verdi_begin?> <?special_verdi_end?>]
<?special_verdi_begin?> <?special_verdi_end?>
ucli% if {[catch {ucliCore::setFocus tool}]} {}

ucli% fsdbDumpflush 
*Verdi* : Flush all FSDB Files at 0 ps.

ucli% if {[catch {ucliCore::setFocus tool}]} {}

ucli% fsdbDumpflush 
*Verdi* : Flush all FSDB Files at 0 ps.

ucli% senv
activeDomain: Verilog
activeFile: tb.sv
activeFrame: 
activeLine: 4
activeScope: universal_register_8bit_tb
activeThread: 
endCol: 0
file: tb.sv
frame: 
fsdbFilename: 
hasTB: 0
inputFilename: 
keyFilename: ucli.key
line: 4
logFilename: /mnt/vol_NFS_rh003/estudiantes/DANIELA_VARGAS/Version_final/0516/versiones_finales/Registro/TSMC_Hamming_8/FLOW/common/rtl/sverilog/verdiLog/sim.log
macroIndex: -1
macroOffset: -1
pid: 3639400
scope: universal_register_8bit_tb
startCol: 0
state: stopped
thread: 
time: 0
timePrecision: 1 ps
vcdFilename: 
vpdFilename:
ucli% synUtils::resolveSourceFilename tb.sv
tb.sv
ucli% puts $::ucliCore::cbug_active
0

ucli% if {[catch {ucliCore::setFocus tool}]} {}

ucli% checkpoint -list -all
There are no checkpoints present.
ucli% if {[catch {ucliCore::setFocus tool}]} {}

ucli% stop
No stop points are set
ucli% if {[catch {ucliCore::setFocus tool}]} {}

ucli% run
<slp!&*()_+>
Test 1: Modo SISO (00)
<slb!&*()_+>---<sls!&*()_+>loc: -1<sls!&*()_+>src: tb.sv<sls!&*()_+>line: 62<sls!&*()_+>time: 5000 ps<sls!&*()_+>length: 0<sls!&*()_+>...<sls!&*()_+><sle!&*()_+>
<slp!&*()_+>
Test 2: Modo SIPO (01)
<slb!&*()_+>---<sls!&*()_+>loc: -1<sls!&*()_+>src: tb.sv<sls!&*()_+>line: 88<sls!&*()_+>time: 125000 ps<sls!&*()_+>length: 0<sls!&*()_+>...<sls!&*()_+><sle!&*()_+>
<slp!&*()_+>
Test 3: Modo PISO (10)
<slb!&*()_+>---<sls!&*()_+>loc: -1<sls!&*()_+>src: tb.sv<sls!&*()_+>line: 110<sls!&*()_+>time: 225000 ps<sls!&*()_+>length: 0<sls!&*()_+>...<sls!&*()_+><sle!&*()_+>
$finish called from file "tb.sv", line 138.
$finish at simulation time               425000
Simulation complete, time is 425000 ps.
tb.sv, 138 :     #20 $finish;

ucli% synEnv::hasFataled
0
ucli% ucliCore::getToolPID
3639400
ucli% save::getUserdefinedProcs
::stateVerdiChangeCB ::LoadFSDBDumpCmd
ucli% if {[catch {ucliCore::setFocus tool}]} {}

ucli% fsdbDumpflush 
*Verdi* : Flush all FSDB Files at 425,000 ps.

ucli% senv
activeDomain: Verilog
activeFile: tb.sv
activeFrame: 
activeLine: 138
activeScope: universal_register_8bit_tb
activeThread: 
endCol: 0
file: tb.sv
frame: 
fsdbFilename: 
hasTB: 0
inputFilename: 
keyFilename: ucli.key
line: 138
logFilename: /mnt/vol_NFS_rh003/estudiantes/DANIELA_VARGAS/Version_final/0516/versiones_finales/Registro/TSMC_Hamming_8/FLOW/common/rtl/sverilog/verdiLog/sim.log
macroIndex: -1
macroOffset: -1
pid: 3639400
scope: universal_register_8bit_tb
startCol: 0
state: stopped
thread: 
time: 425000
timePrecision: 1 ps
vcdFilename: 
vpdFilename:
ucli% synUtils::resolveSourceFilename tb.sv
tb.sv
ucli% puts $::ucliCore::cbug_active
0

ucli% if {[catch {ucliCore::setFocus tool}]} {}

ucli% checkpoint -list -all
There are no checkpoints present.
ucli% if {[catch {ucliCore::setFocus tool}]} {}

ucli% stop
No stop points are set
ucli% if {[catch {ucliCore::setFocus tool}]} {}

ucli% finish; quit
           V C S   S i m u l a t i o n   R e p o r t 
Time: 425000 ps
CPU Time:      0.110 seconds;       Data structure size:   0.0Mb
Sat May 17 17:43:55 2025

<VERDI_Terminated>

