****************************************
Report : design
Design : top
Version: U-2022.12-SP6
Date   : Sun Jun  1 10:57:14 2025
****************************************

Total number of std cells in library : 896
Total number of dont_use lib cells   : 76
Total number of dont_touch lib cells : 71
Total number of buffers              : 44
Total number of inverters            : 35
Total number of flip-flops           : 249
Total number of latches              : 84
Total number of ICGs                 : 20

Cell Instance Type  Count         Area
--------------------------------------
TOTAL LEAF CELLS        8       17.600
unit                    8       17.600
Standard cells          8       17.600
unit                    8       17.600
Hard macro cells        0        0.000
unit                    8       17.600
Soft macro cells        0        0.000
unit                    8       17.600
Always on cells         0        0.000
unit                    8       17.600
Physical only           0        0.000
unit                    8       17.600
Fixed cells             0        0.000
unit                    8       17.600
Moveable cells          8       17.600
unit                    8       17.600
Placed cells            8       17.600
unit                    8       17.600
Sequential              0        0.000
unit                    8       17.600
Buffer/inverter         4        4.800
unit                    8       17.600
ICG cells               0        0.000
unit                    8       17.600

Logic Hierarchies                    : 0
Design Masters count                 : 2
Total Flat nets count                : 22
Total FloatingNets count             : 0
Total no of Ports                    : 18
Number of Master Clocks in design    : 0
Number of Generated Clocks in design : 0
Number of Path Groups in design      : 6 (0 of them Non Default)
Number of Scan Chains in design      : 0
List of Modes                        : mode1
List of Corners                      : cornerSS, cornerFF
List of Scenarios                    : scenarioFF, scenarioSS

Core Area                            : 28.800
Chip Area                            : 644.800
Total Site Row Area                  : 28.800
Number of Blockages                  : 0
Total area of Blockages              : 0.000
Number of Power Domains              : 1
Number of Voltage Areas              : 1
Number of Group Bounds               : 0
Number of Exclusive MoveBounds       : 0
Number of Hard or Soft MoveBounds    : 0
Number of Multibit Registers         : 0
Number of Multibit LS/ISO Cells      : 0
Number of Top Level RP Groups        : 0
Number of Tech Layers                : 37 (27 of them have unknown routing dir.)

Total wire length                    : 0.00 micron
Total number of wires                : 0
Total number of contacts             : 0
1
