****************************************
Report : area
Design : top
Version: U-2022.12-SP6
Date   : Thu May 22 15:53:09 2025
****************************************

Number of ports:                           37
Number of nets:                           678
Number of cells:                          628
Number of combinational cells:            420
Number of sequential cells:               208
Number of macros/black boxes:               0
Number of buf/inv:                          5
Number of references:                      43

Combinational area:                   1247.60
Buf/Inv area:                            6.00
Noncombinational area:                2308.00
Macro/Black Box area:                    0.00

Total cell area:                      3555.60
1
