****************************************
Report : area
Design : top
Version: U-2022.12-SP6
Date   : Mon May 26 00:00:01 2025
****************************************

Number of ports:                         1414
Number of nets:                          2715
Number of cells:                         1384
Number of combinational cells:           1189
Number of sequential cells:               195
Number of macros/black boxes:               0
Number of buf/inv:                         83
Number of references:                      37

Combinational area:                   3270.00
Buf/Inv area:                          105.60
Noncombinational area:                2250.00
Macro/Black Box area:                    0.00

Total cell area:                      5520.00
1
