Command: /mnt/vol_NFS_rh003/estudiantes/DANIELA_VARGAS/Version_final/0516/versiones_finales/semana14/Contador_Hamming/TSMC_16/FLOW/common/rtl/sverilog/results_1 -sml=verdi +UVM_VERDI_TRACE=UVM_AWARE +fsdb+gate=off -ucli2Proc -ucli -l /mnt/vol_NFS_rh003/estudiantes/DANIELA_VARGAS/Version_final/0516/versiones_finales/semana14/Contador_Hamming/TSMC_16/FLOW/common/rtl/sverilog/verdiLog/sim.log
Chronologic VCS simulator copyright 1991-2020
Contains Synopsys proprietary information.
Compiler version R-2020.12-SP2_Full64; Runtime version R-2020.12-SP2_Full64;  May 28 20:19 2025

ucli% synUtils::getArch
linux64
ucli% loaddl -simv /mnt/vol_NFS_rh003/tools/verdi/R-2020.12-SP2/share/PLI/VCS/LINUXAMD64/libnovas.so LoadFSDBDumpCmd;LoadFSDBDumpCmd
LoadFSDBDumpCmd success
ucli% config ckptfsdbcheck off;config endofsim noexit;config onfail {enable all};config followactivescope on;catch {setUcliVerdiConnected};set watch::resultTagsForVerdiBP {<ucli_break_bp_status_begin> <ucli_break_bp_status_end>};set ucliCore::support_restore_through_stask_in_verdi 1;cbug::config pretty_print auto;fsdbDumpfile {/mnt/vol_NFS_rh003/estudiantes/DANIELA_VARGAS/Version_final/0516/versiones_finales/semana14/Contador_Hamming/TSMC_16/FLOW/common/rtl/sverilog/inter.fsdb} ;fsdbDumpflush ; 
*Verdi* Loading libsscore_vcs202012.so
FSDB Dumper for VCS, Release Verdi_R-2020.12-SP2, Linux x86_64/64bit, 05/23/2021
(C) 1996 - 2021 by Synopsys, Inc.
*Verdi* : Create FSDB file '/mnt/vol_NFS_rh003/estudiantes/DANIELA_VARGAS/Version_final/0516/versiones_finales/semana14/Contador_Hamming/TSMC_16/FLOW/common/rtl/sverilog/inter.fsdb'
*Verdi* : Flush all FSDB Files at 0 ps.

ucli% synEnv::hasFataled
0
ucli% ucliCore::getToolPID
4046283
ucli% sps_interactive
*Verdi* : Enable RPC Server(4046283)

ucli% ucliCore::getToolPID
4046283
ucli% ucliCore::getToolPID
4046283
ucli% if {[catch {ucliCore::setFocus tool}]} {}

ucli% puts $ucliCore::nativeUcliMode
0

ucli% ucliCore::getToolTopPID
4046283
ucli% pid
4046304
ucli% synUtils::sendTool -active {_icl_createSharedMemory /tmp/vcs_dve_general.VARGAS_CHAVARRIA_2025.4046283 }

ucli% if { [info vars watch::vcbp_str_len_limit_of_get_value] != ""} {set watch::vcbp_str_len_limit_of_get_value 1024}
1024
ucli% info command stateVerdiChangeCB

ucli% proc stateVerdiChangeCB args { if {$ucliGUI::state eq "terminated"} {puts "\n<VERDI_Terminated>\n";catch {setVerdiSimTerminated}}}

ucli% trace variable ucliGUI::state wu stateVerdiChangeCB

ucli% if {[catch {rename synopsys::restore verdiHack::restore} ]} {puts "0"}

ucli% proc synopsys::restore {args} { verdiHack::restore $args; puts "\n<VERDI_RESTORE>\n"}

ucli% if {[catch {rename quit verdiHack::quit} ]} {puts "0"}

ucli% proc quit {args} { if {[string length $args] == 0} { verdiHack::quit; } elseif {([string equal "-h" $args] == 1)||([string equal "-he" $args] == 1)||([string equal "-hel" $args] == 1)||([string equal "-help" $args] == 1)} { puts "\n quit           # Exit the simulation.\n \[-noprompt\]        (Exit the simulation and Verdi.)\n"} elseif {([string equal "-n" $args] == 1)||([string equal "-no" $args] == 1)||([string equal "-nop" $args] == 1)||([string equal "-nopr" $args] == 1)||([string equal "-nopro" $args] == 1)||([string equal "-noprom" $args] == 1)||([string equal "-nopromp" $args] == 1)||([string equal "-noprompt" $args] == 1)} { puts "\nVERDI_EXIT_N\n" } else { verdiHack::quit $args; } }

ucli% if {[catch {rename exit verdiHack::exit} ]} {puts "0"}

ucli% proc exit {args} { if {[string length $args] == 0} { verdiHack::exit; } elseif {([string equal "-h" $args] == 1)||([string equal "-he" $args] == 1)||([string equal "-hel" $args] == 1)||([string equal "-help" $args] == 1)} { puts "\n exit           # Exit the simulation.\n \[-noprompt\]        (Exit the simulation and Verdi.)\n"} elseif {([string equal "-n" $args] == 1)||([string equal "-no" $args] == 1)||([string equal "-nop" $args] == 1)||([string equal "-nopr" $args] == 1)||([string equal "-nopro" $args] == 1)||([string equal "-noprom" $args] == 1)||([string equal "-nopromp" $args] == 1)||([string equal "-noprompt" $args] == 1)} { puts "\nVERDI_EXIT_N\n" } else { verdiHack::exit $args; } }

ucli% proc checkpoint::beforeRecreate {} { sps_interactive }

ucli% if {[catch {ucliCore::setFocus tool}]} {}

ucli% save::getUserdefinedProcs
::stateVerdiChangeCB ::LoadFSDBDumpCmd
ucli% info procs
ipi_get_str fsdbDumpMDAByFile fsdbDumpMDA echo fsdbDumpMemNow fsdbAutoSwitchDumpfile unknown sps_interactive auto_import stat fsdbDumpfile setenv auto_execok pkg_mkIndex stateVerdiChangeCB fsdbDumpSingle proc_body ipi_begin fsdbDumpoff getenv fsdbDumplimit fsdbDumpPattern ipi_handle ipi_get_prop fsdbDumpvarsByFile fsdbDumpMDAInScope lminus ipi_sim_get ls auto_load_index proc_args fsdbAddRuntimeSignal fsdbDumpSC print_message_info ridbDump fsdbDumpSVAoff fsdbSuppress fsdbDumpvars help fsdbDumpMDAOnChange ipi_control auto_qualify fsdbDumpMem tclPkgUnknown printenv ipi_handle_by_name helpdoc fsdbDumpMemInScope fsdbDumpFinish is_true fsdbDumpon sh fsdbQueryInfo LoadFSDBDumpCmd fsdbDumpPSL fsdbDumpSVA ipi_end wrapperSpecmanSn fsdbDumpSVAon fsdbDumpClassObjectByFile is_false auto_load fsdbDumpPSLon ipi_get_int64 fsdbSubstituteHier ipi_get_value ipi_iterate exit fsdbDumpMemInFile tclLog fsdbDumpflush get_unix_variable mem_debug ipi_scan fsdbDumpPSLoff fsdbDumpClassObject fsdbDumpvarsToFile set_unix_variable bgerror fsdbDumpStrength clock add_group fsdbSwitchDumpfile source add_wave ipi_set_prop unsetenv fsdbDumpvarsES readline fsdbDisplay ipi_handle_free set_group ipi_get quit define_proc_attributes tclPkgSetup fsdbDumpMDANow ipi_init_play_tcl fsdbDumpIO
ucli% set ucliCore::resultTagsForVerdi [list <?special_verdi_begin?> <?special_verdi_end?>]
<?special_verdi_begin?> <?special_verdi_end?>
ucli% if {[catch {ucliCore::setFocus tool}]} {}

ucli% fsdbDumpflush 
*Verdi* : Flush all FSDB Files at 0 ps.

ucli% senv
activeDomain: Verilog
activeFile: tb.sv
activeFrame: 
activeLine: 6
activeScope: tb_top
activeThread: 
endCol: 0
file: tb.sv
frame: 
fsdbFilename: 
hasTB: 0
inputFilename: 
keyFilename: ucli.key
line: 6
logFilename: /mnt/vol_NFS_rh003/estudiantes/DANIELA_VARGAS/Version_final/0516/versiones_finales/semana14/Contador_Hamming/TSMC_16/FLOW/common/rtl/sverilog/verdiLog/sim.log
macroIndex: -1
macroOffset: -1
pid: 4046283
scope: tb_top
startCol: 0
state: stopped
thread: 
time: 0
timePrecision: 1 ps
vcdFilename: 
vpdFilename:
ucli% synUtils::resolveSourceFilename tb.sv
tb.sv
ucli% puts $::ucliCore::cbug_active
0

ucli% if {[catch {ucliCore::setFocus tool}]} {}

ucli% checkpoint -list -all
There are no checkpoints present.
ucli% stop
No stop points are set
ucli% if {[catch {ucliCore::setFocus tool}]} {}

ucli% fsdbDumpvars 1 "tb_top.dut.clk"  +all +trace_process;fsdbDumpvars 1 "tb_top.dut.rst"  +all +trace_process;fsdbDumpvars 1 "tb_top.dut.enable"  +all +trace_process;fsdbDumpvars 1 "tb_top.dut.counter"  +all +trace_process;fsdbDumpvars 1 "tb_top.dut.width"  +all +trace_process;fsdbDumpvars 1 "tb_top.dut.blocks"  +all +trace_process;fsdbDumpvars 1 "tb_top.dut.parity_bits"  +all +trace_process;fsdbDumpvars 1 "tb_top.dut.parity_stored"  +all +trace_process;fsdbDumpvars 1 "tb_top.dut.busy"  +all +trace_process;fsdbDumpvars 1 "tb_top.dut.error_detected"  +all +trace_process;fsdbDumpvars 1 "tb_top.dut.syndrome"  +all +trace_process;fsdbDumpvars 1 "tb_top.dut.corrected_counter"  +all +trace_process;fsdbDumpvars 1 "tb_top.dut.corrected_parity"  +all +trace_process;fsdbDumpvars 1 "tb_top.dut.enable_last"  +all +trace_process;fsdbDumpflush 
*Verdi* : Dumping the signal (tb_top.dut.clk).
*Verdi* : Dumping the signal (tb_top.dut.rst).
*Verdi* : Dumping the signal (tb_top.dut.enable).
*Verdi* : Dumping the signal (tb_top.dut.counter).
*Verdi* : Dumping the signal (tb_top.dut.width).
*Verdi* : Dumping the signal (tb_top.dut.blocks).
*Verdi* : Dumping the signal (tb_top.dut.parity_bits).
*Verdi* : Dumping the signal (tb_top.dut.parity_stored).
*Verdi* : Dumping the signal (tb_top.dut.busy).
*Verdi* : Dumping the signal (tb_top.dut.error_detected).
*Verdi* : Dumping the signal (tb_top.dut.syndrome).
*Verdi* : Dumping the signal (tb_top.dut.corrected_counter).
*Verdi* : Dumping the signal (tb_top.dut.corrected_parity).
*Verdi* : Dumping the signal (tb_top.dut.enable_last).
*Verdi* : Flush all FSDB Files at 0 ps.

ucli% if {[catch {ucliCore::setFocus tool}]} {}

ucli% fsdbDumpvars 1 "tb_top.dut.counter_and_parity.clk"  +all +trace_process;fsdbDumpvars 1 "tb_top.dut.counter_and_parity.rst"  +all +trace_process;fsdbDumpvars 1 "tb_top.dut.counter_and_parity.enable"  +all +trace_process;fsdbDumpvars 1 "tb_top.dut.counter_and_parity.corrected_counter"  +all +trace_process;fsdbDumpvars 1 "tb_top.dut.counter_and_parity.corrected_parity"  +all +trace_process;fsdbDumpvars 1 "tb_top.dut.counter_and_parity.counter"  +all +trace_process;fsdbDumpvars 1 "tb_top.dut.counter_and_parity.parity_stored"  +all +trace_process;fsdbDumpvars 1 "tb_top.dut.counter_and_parity.busy"  +all +trace_process;fsdbDumpvars 1 "tb_top.dut.counter_and_parity.error_detected"  +all +trace_process;fsdbDumpvars 1 "tb_top.dut.counter_and_parity.enable_last"  +all +trace_process;fsdbDumpvars 1 "tb_top.dut.counter_and_parity.width"  +all +trace_process;fsdbDumpvars 1 "tb_top.dut.counter_and_parity.blocks"  +all +trace_process;fsdbDumpvars 1 "tb_top.dut.counter_and_parity.parity_bits"  +all +trace_process;fsdbDumpvars 1 "tb_top.dut.counter_and_parity.count_reg"  +all +trace_process;fsdbDumpvars 1 "tb_top.dut.counter_and_parity.count_neg"  +all +trace_process;fsdbDumpvars 1 "tb_top.dut.counter_and_parity.counter_stored"  +all +trace_process;fsdbDumpvars 1 "tb_top.dut.counter_and_parity.rst_done"  +all +trace_process;fsdbDumpvars 1 "tb_top.dut.counter_and_parity.i"  +all +trace_process;fsdbDumpflush 
*Verdi* : Dumping the signal (tb_top.dut.counter_and_parity.clk).
*Verdi* : Dumping the signal (tb_top.dut.counter_and_parity.rst).
*Verdi* : Dumping the signal (tb_top.dut.counter_and_parity.enable).
*Verdi* : Dumping the signal (tb_top.dut.counter_and_parity.corrected_counter).
*Verdi* : Dumping the signal (tb_top.dut.counter_and_parity.corrected_parity).
*Verdi* : Dumping the signal (tb_top.dut.counter_and_parity.counter).
*Verdi* : Dumping the signal (tb_top.dut.counter_and_parity.parity_stored).
*Verdi* : Dumping the signal (tb_top.dut.counter_and_parity.busy).
*Verdi* : Dumping the signal (tb_top.dut.counter_and_parity.error_detected).
*Verdi* : Dumping the signal (tb_top.dut.counter_and_parity.enable_last).
*Verdi* : Dumping the signal (tb_top.dut.counter_and_parity.width).
*Verdi* : Dumping the signal (tb_top.dut.counter_and_parity.blocks).
*Verdi* : Dumping the signal (tb_top.dut.counter_and_parity.parity_bits).
*Verdi* : Dumping the signal (tb_top.dut.counter_and_parity.count_reg).
*Verdi* : Dumping the signal (tb_top.dut.counter_and_parity.count_neg).
*Verdi* : Dumping the signal (tb_top.dut.counter_and_parity.counter_stored).
*Verdi* : Dumping the signal (tb_top.dut.counter_and_parity.rst_done).
*Verdi* : Dumping the signal (tb_top.dut.counter_and_parity.i).
*Verdi* : Flush all FSDB Files at 0 ps.

ucli% if {[catch {ucliCore::setFocus tool}]} {}

ucli% fsdbDumpvars 1 "tb_top.dut.syndrome_inst.clk"  +all +trace_process;fsdbDumpvars 1 "tb_top.dut.syndrome_inst.enable"  +all +trace_process;fsdbDumpvars 1 "tb_top.dut.syndrome_inst.parity_stored"  +all +trace_process;fsdbDumpvars 1 "tb_top.dut.syndrome_inst.counter_reg"  +all +trace_process;fsdbDumpvars 1 "tb_top.dut.syndrome_inst.syndrome"  +all +trace_process;fsdbDumpvars 1 "tb_top.dut.syndrome_inst.busy"  +all +trace_process;fsdbDumpvars 1 "tb_top.dut.syndrome_inst.corrected_counter"  +all +trace_process;fsdbDumpvars 1 "tb_top.dut.syndrome_inst.error_detected"  +all +trace_process;fsdbDumpvars 1 "tb_top.dut.syndrome_inst.corrected_parity"  +all +trace_process;fsdbDumpvars 1 "tb_top.dut.syndrome_inst.enable_last"  +all +trace_process;fsdbDumpvars 1 "tb_top.dut.syndrome_inst.rst"  +all +trace_process;fsdbDumpvars 1 "tb_top.dut.syndrome_inst.width"  +all +trace_process;fsdbDumpvars 1 "tb_top.dut.syndrome_inst.blocks"  +all +trace_process;fsdbDumpvars 1 "tb_top.dut.syndrome_inst.parity_bits"  +all +trace_process;fsdbDumpvars 1 "tb_top.dut.syndrome_inst.error_detected_parity"  +all +trace_process;fsdbDumpvars 1 "tb_top.dut.syndrome_inst.i"  +all +trace_process;fsdbDumpflush 
*Verdi* : Dumping the signal (tb_top.dut.syndrome_inst.clk).
*Verdi* : Dumping the signal (tb_top.dut.syndrome_inst.enable).
*Verdi* : Dumping the signal (tb_top.dut.syndrome_inst.parity_stored).
*Verdi* : Dumping the signal (tb_top.dut.syndrome_inst.counter_reg).
*Verdi* : Dumping the signal (tb_top.dut.syndrome_inst.syndrome).
*Verdi* : Dumping the signal (tb_top.dut.syndrome_inst.busy).
*Verdi* : Dumping the signal (tb_top.dut.syndrome_inst.corrected_counter).
*Verdi* : Dumping the signal (tb_top.dut.syndrome_inst.error_detected).
*Verdi* : Dumping the signal (tb_top.dut.syndrome_inst.corrected_parity).
*Verdi* : Dumping the signal (tb_top.dut.syndrome_inst.enable_last).
*Verdi* : Dumping the signal (tb_top.dut.syndrome_inst.rst).
*Verdi* : Dumping the signal (tb_top.dut.syndrome_inst.width).
*Verdi* : Dumping the signal (tb_top.dut.syndrome_inst.blocks).
*Verdi* : Dumping the signal (tb_top.dut.syndrome_inst.parity_bits).
*Verdi* : Dumping the signal (tb_top.dut.syndrome_inst.error_detected_parity).
*Verdi* : Dumping the signal (tb_top.dut.syndrome_inst.i).
*Verdi* : Flush all FSDB Files at 0 ps.

ucli% if {[catch {ucliCore::setFocus tool}]} {}

ucli% run
tb.sv, 52 :         $stop;

ucli% synEnv::hasFataled
0
ucli% ucliCore::getToolPID
4046283
ucli% synEnv::isFinished
0
ucli% save::getUserdefinedProcs
::stateVerdiChangeCB ::LoadFSDBDumpCmd
ucli% if {[catch {ucliCore::setFocus tool}]} {}

ucli% fsdbDumpflush 
*Verdi* : Flush all FSDB Files at 415,000 ps.

ucli% senv
activeDomain: Verilog
activeFile: tb.sv
activeFrame: 
activeLine: 52
activeScope: tb_top
activeThread: 
endCol: 0
file: tb.sv
frame: 
fsdbFilename: 
hasTB: 0
inputFilename: 
keyFilename: ucli.key
line: 52
logFilename: /mnt/vol_NFS_rh003/estudiantes/DANIELA_VARGAS/Version_final/0516/versiones_finales/semana14/Contador_Hamming/TSMC_16/FLOW/common/rtl/sverilog/verdiLog/sim.log
macroIndex: -1
macroOffset: -1
pid: 4046283
scope: tb_top
startCol: 0
state: stopped
thread: 
time: 415000
timePrecision: 1 ps
vcdFilename: 
vpdFilename:
ucli% synUtils::resolveSourceFilename tb.sv
tb.sv
ucli% puts $::ucliCore::cbug_active
0

ucli% if {[catch {ucliCore::setFocus tool}]} {}

ucli% checkpoint -list -all
There are no checkpoints present.
ucli% if {[catch {ucliCore::setFocus tool}]} {}

ucli% stop
No stop points are set
ucli% if {[catch {ucliCore::setFocus tool}]} {}

ucli% finish; quit
           V C S   S i m u l a t i o n   R e p o r t 
Time: 415000 ps
CPU Time:      0.160 seconds;       Data structure size:   0.0Mb
Wed May 28 20:36:39 2025

<VERDI_Terminated>

