version: (200506)

available memory: 64M bytes
used memory: 155648 bytes [need 152K bytes if disable swap]

used block: 5 [memory(5) file(0)]
                 [ 8K(3) 64K(2) { total 152K bytes } ]
overhead: (9538) bytes for (5) blocks [Average: (1907) bytes/block]

write  => 0(times) 0K(bytes) [0K bytes to file]
read   => 2(times) 36K(bytes) [5K bytes compressed data from file]
access => 94278(times) 742M(bytes)
          [hit ratio: 99.9979%]

time: write(0) read(0)  unit: second

swap file directory: (/mnt/vol_NFS_rh003/estudiantes/DANIELA_VARGAS/Version_final/0516/versiones_finales/semana14/Contador_Hamming/TSMC_Hamming_16_version2/FLOW/common/rtl/sverilog/verdiLog)
used swap file number: (3)



swap file manager:
arrSize: (256)
idxCnt: (4)
closeHead: (1)
closeTail: (3)
openCnt: (3)
fid(3): fd(1073741825) fileName(/mnt/vol_NFS_rh003/estudiantes/DANIELA_VARGAS/Version_final/0516/versiones_finales/semana14/Contador_Hamming/TSMC_Hamming_16_version2/FLOW/common/rtl/sverilog/results_3.daidir/kdb.elab++/work.lib++/top.sv#inc___vcs_unit__1__1#.tdc)
	size(7963) lastModTime(1748339185) curModTime(1748339185)
	mode(rb)	hot(0) cool(2) pos(0)
fid(2): fd(33) fileName(/mnt/vol_NFS_rh003/estudiantes/DANIELA_VARGAS/Version_final/0516/versiones_finales/semana14/Contador_Hamming/TSMC_Hamming_16_version2/FLOW/common/rtl/sverilog/verdiLog/_swap_0001#8323328#3952168)
	size(0) lastModTime(0) curModTime(1748339254)
	mode(w+b)	hot(3) cool(1) pos(0)
fid(1): fd(1073741824) fileName(/mnt/vol_NFS_rh003/estudiantes/DANIELA_VARGAS/Version_final/0516/versiones_finales/semana14/Contador_Hamming/TSMC_Hamming_16_version2/FLOW/common/rtl/sverilog/results_3.daidir/kdb.elab++/work.lib++/tb_3.sv.tdc)
	size(2627) lastModTime(1748339185) curModTime(1748339185)
	mode(rb)	hot(2) cool(0) pos(0)
fid(0): fd(0) fileName(NULL)
	mode(NULL)	hot(0) cool(0) pos(0)
==================================================
mySelf(15414010) pre(1554bd30) next(0)
version(200506)
date(May 19 2021 05:00:27)
