Warning: Scenario scenarioFF is not configured for setup analysis: skipping. (UIC-058)
****************************************
Report : timing
        -path_type full
        -delay_type max
        -max_paths 1
        -report_by design
Design : top
Version: U-2022.12-SP6
Date   : Wed May 28 18:59:38 2025
****************************************

  Startpoint: rst (input port clocked by SYS_CLK)
  Endpoint: counter_and_parity/count_neg_reg[3] (recovery check against falling-edge clock clocked by SYS_CLK)
  Mode: mode1
  Corner: cornerSS
  Scenario: scenarioSS
  Path Group: **in2reg_default**
  Path Type: max

  Point                                            Incr      Path  
  ------------------------------------------------------------------------
  clock SYS_CLK (rise edge)                        0.00      0.00
  clock network delay (ideal)                      0.00      0.00
  input external delay                             0.80      0.80 f
  rst (in)                                         0.00      0.80 f
  phfnr_buf_35/ZN (INVD1HPBWP)                     0.35      1.15 r
  counter_and_parity/count_neg_reg[3]/CDN (SDFNCND0HPBWP)
                                                   0.00      1.15 r
  data arrival time                                          1.15

  clock SYS_CLK (fall edge)                        5.00      5.00
  clock network delay (ideal)                      0.00      5.00
  counter_and_parity/count_neg_reg[3]/CPN (SDFNCND0HPBWP)
                                                   0.00      5.00 f
  clock uncertainty                               -0.30      4.70
  library setup time                               0.09      4.79
  data required time                                         4.79
  ------------------------------------------------------------------------
  data required time                                         4.79
  data arrival time                                         -1.15
  ------------------------------------------------------------------------
  slack (MET)                                                3.64


1
