Warning: Scenario scenarioFF is not configured for setup analysis: skipping. (UIC-058)
****************************************
Report : timing
        -path_type full
        -delay_type max
        -max_paths 1
        -report_by design
Design : top
Version: U-2022.12-SP6
Date   : Sun May 25 02:11:38 2025
****************************************

  Startpoint: load (input port clocked by SYS_CLK)
  Endpoint: p1_reg[3] (rising edge-triggered flip-flop clocked by SYS_CLK)
  Mode: mode1
  Corner: cornerSS
  Scenario: scenarioSS
  Path Group: **in2reg_default**
  Path Type: max

  Point                                            Incr      Path  
  ------------------------------------------------------------------------
  clock SYS_CLK (rise edge)                        0.00      0.00
  clock network delay (propagated)                 0.40      0.40
  input external delay                             0.80      1.20 r
  load (in)                                        0.00      1.20 r
  ctmi_231/Z (AN2D2HPBWP)                          0.26      1.46 r
  place_optctmTdsLR_2_4217_roptpi_4241/Z (OR2D2HPBWP)
                                                   0.37      1.82 r
  place_optHFSINV_712_779/ZN (CKND0HPBWP)          0.24      2.06 f
  place_optHFSINV_391_777/ZN (INVD2HPBWP)          0.37      2.44 r
  place_optHFSBUF_321_776/Z (CKBD2HPBWP)           0.39      2.82 r
  ctmi_5059/ZN (OAI221D1HPBWP)                     0.45      3.28 f
  ctmi_5058/ZN (IAO22D0HPBWP)                      0.36      3.64 r
  ctmi_5377/ZN (MAOI22D0HPBWP)                     0.20      3.83 r
  place_optctmTdsLR_1_4212/Z (MUX2D0HPBWP)         0.15      3.99 r
  p1_reg[3]/D (SDFCNQD0HPBWP)                      0.00      3.99 r
  data arrival time                                          3.99

  clock SYS_CLK (rise edge)                       10.00     10.00
  clock network delay (propagated)                 0.24     10.24
  p1_reg[3]/CP (SDFCNQD0HPBWP)                     0.00     10.24 r
  clock uncertainty                               -0.30      9.94
  library setup time                              -0.07      9.86
  data required time                                         9.86
  ------------------------------------------------------------------------
  data required time                                         9.86
  data arrival time                                         -3.99
  ------------------------------------------------------------------------
  slack (MET)                                                5.88


1
