****************************************
Report : area
Design : top
Version: U-2022.12-SP6
Date   : Sun May 25 02:04:06 2025
****************************************

Number of ports:                          266
Number of nets:                          1983
Number of cells:                         1698
Number of combinational cells:           1473
Number of sequential cells:               225
Number of macros/black boxes:               0
Number of buf/inv:                        127
Number of references:                      73

Combinational area:                   4489.20
Buf/Inv area:                          215.60
Noncombinational area:                2728.80
Macro/Black Box area:                    0.00

Total cell area:                      7218.00
1
