Warning: Scenario scenarioFF is not configured for setup analysis: skipping. (UIC-058)
****************************************
Report : timing
        -path_type full
        -delay_type max
        -max_paths 1
        -report_by design
Design : top
Version: U-2022.12-SP6
Date   : Sun May 25 02:04:06 2025
****************************************

  Startpoint: p2_reg[8] (rising edge-triggered flip-flop clocked by SYS_CLK)
  Endpoint: clock_gate_p1_reg (rising clock gating-check end-point clocked by SYS_CLK)
  Mode: mode1
  Corner: cornerSS
  Scenario: scenarioSS
  Path Group: SYS_CLK
  Path Type: max

  Point                                            Incr      Path  
  ------------------------------------------------------------------------
  clock SYS_CLK (rise edge)                        0.00      0.00
  clock network delay (propagated)                 0.39      0.39

  p2_reg[8]/CP (SDFCNQD0HPBWP)                     0.00      0.39 r
  p2_reg[8]/Q (SDFCNQD0HPBWP)                      0.30      0.69 f
  place_optcopt_gre_mt_inst_4324/Z (CKBD0HPBWP)    0.15      0.84 f
  place_optcopt_gre_mt_inst_4323/Z (CKBD0HPBWP)    0.18      1.02 f
  place_optcopt_gre_mt_inst_4322/Z (CKBD0HPBWP)    0.17      1.19 f
  place_optcopt_gre_mt_inst_4321/Z (CKBD0HPBWP)    0.13      1.32 f
  place_optcopt_gre_mt_inst_4320/Z (CKBD0HPBWP)    0.16      1.48 f
  place_optcopt_gre_mt_inst_4319/Z (BUFFD0HPBWP)   0.17      1.65 f
  place_optcopt_gre_mt_inst_4318/Z (CKBD0HPBWP)    0.13      1.78 f
  ctmi_4164/ZN (XNR3D0HPBWP)                       0.20      1.98 r
  ctmi_4163/ZN (CKND2D0HPBWP)                      0.27      2.25 f
  ctmi_4162/ZN (IND4D0HPBWP)                       0.42      2.67 f
  ctmi_4161/ZN (NR4D0HPBWP)                        0.34      3.01 r
  ctmi_3987/ZN (ND4D0HPBWP)                        0.31      3.33 f
  clock_gate_p1_reg/E (CKLNQD8HPBWP)               0.00      3.33 f
  data arrival time                                          3.33

  clock SYS_CLK (rise edge)                       10.00     10.00
  clock network delay (propagated)                 0.00     10.00
  clock_gate_p1_reg/CP (CKLNQD8HPBWP)              0.00     10.00 r
  clock uncertainty                               -0.30      9.70
  library setup time                              -0.13      9.58
  data required time                                         9.58
  ------------------------------------------------------------------------
  data required time                                         9.58
  data arrival time                                         -3.33
  ------------------------------------------------------------------------
  slack (MET)                                                6.25


1
