****************************************
Report : area
Design : top
Version: U-2022.12-SP6
Date   : Sun May 25 01:56:01 2025
****************************************

Number of ports:                          266
Number of nets:                          1879
Number of cells:                         1594
Number of combinational cells:           1369
Number of sequential cells:               225
Number of macros/black boxes:               0
Number of buf/inv:                         66
Number of references:                      53

Combinational area:                   4317.20
Buf/Inv area:                           79.20
Noncombinational area:                2724.40
Macro/Black Box area:                    0.00

Total cell area:                      7041.60
1
