Information: Corner cornerFF: no PVT mismatches. (PVT-032)
Information: Corner cornerSS: no PVT mismatches. (PVT-032)
****************************************
Report : power
        -significant_digits 2
Design : top
Version: U-2022.12-SP6
Date   : Sun May 25 01:56:00 2025
****************************************
Information: Activity propagation will be performed for scenario scenarioSS.
Information: Doing activity propagation for mode 'mode1' and corner 'cornerSS' with effort level 'medium'. (POW-024)
Information: Timer-derived activity data is cached on scenario scenarioSS (POW-052)
Infomation: Fast mode activity propagation power.rtl_activity_annotation setup is ignored. Always use accurate mode.
Information: Running switching activity propagation in scalar mode!

 **** Information : No. of simulation cycles = 6 ****
Information: Propagated activity on scenario scenarioFF identical to that on scenarioSS (POW-006)
Information: The stitching and editing of coupling caps is turned OFF for design 'top_lib:top/auto_floorplan.design'. (TIM-125)
Information: Design Average RC for design top  (NEX-011)
Information: r = 0.874038 ohm/um, via_r = 1.815407 ohm/cut, c = 0.140042 ff/um, cc = 0.000000 ff/um (X dir) (NEX-017)
Information: r = 0.862668 ohm/um, via_r = 1.815407 ohm/cut, c = 0.154358 ff/um, cc = 0.000000 ff/um (Y dir) (NEX-017)
Information: The RC mode used is VR for design 'top'. (NEX-022)
Information: Update timing completed net estimation for all the timing graph nets (TIM-111)
Information: Net estimation statistics: timing graph nets = 1877, routed nets = 0, across physical hierarchy nets = 0, parasitics cached nets = 1877, delay annotated nets = 0, parasitics annotated nets = 0, multi-voltage nets = 0. (TIM-112)
************************************************************
Timer Settings:
Delay Calculation Style:                   auto
Signal Integrity Analysis:                 disabled
Timing Window Analysis:                    disabled
Advanced Waveform Propagation:             disabled
Variation Type:                            fixed_derate
Clock Reconvergence Pessimism Removal:     disabled
Advanced Receiver Model:                   disabled
ML Acceleration:                           off
************************************************************
Mode: mode1
Corner: cornerFF
Scenario: scenarioFF
Voltage: 1.32
Temperature: 125.00

Voltage Unit         : 1V
Capacitance Unit     : 1pF
Time Unit            : 1ns
Temperature Unit     : 1C
Dynamic Power Unit   : 1nW
Leakage Power Unit   : 1nW

Switched supply net power scaling:
scaling for leakage power

Supply nets:
VDD (power) probability 1.00 (default)
VSS (ground) probability 1.00 (default)
Warning: Power table extrapolation (extrapolation mode) for port D on cell reg_data_reg[127] for parameter Tinp. Lowest table value = 0.004000, highest table value = 0.331200, value = 0.484600 (POW-046)
Warning: Power table extrapolation (extrapolation mode) for port D on cell p3_reg[30] for parameter Tinp. Lowest table value = 0.004000, highest table value = 0.331200, value = 0.472641 (POW-046)
Warning: Power table extrapolation (extrapolation mode) for port D on cell p3_reg[29] for parameter Tinp. Lowest table value = 0.004000, highest table value = 0.331200, value = 0.479965 (POW-046)
Warning: Power table extrapolation (extrapolation mode) for port D on cell p3_reg[28] for parameter Tinp. Lowest table value = 0.004000, highest table value = 0.331200, value = 0.440636 (POW-046)
Warning: Power table extrapolation (extrapolation mode) for port D on cell p3_reg[27] for parameter Tinp. Lowest table value = 0.004000, highest table value = 0.331200, value = 0.451870 (POW-046)
Warning: Power table extrapolation (extrapolation mode) for port D on cell p3_reg[26] for parameter Tinp. Lowest table value = 0.004000, highest table value = 0.331200, value = 0.473099 (POW-046)
Warning: Power table extrapolation (extrapolation mode) for port D on cell p3_reg[25] for parameter Tinp. Lowest table value = 0.004000, highest table value = 0.331200, value = 0.483780 (POW-046)
Warning: Power table extrapolation (extrapolation mode) for port D on cell p3_reg[24] for parameter Tinp. Lowest table value = 0.004000, highest table value = 0.331200, value = 0.474129 (POW-046)
Warning: Power table extrapolation (extrapolation mode) for port D on cell p3_reg[23] for parameter Tinp. Lowest table value = 0.004000, highest table value = 0.331200, value = 0.481396 (POW-046)
Warning: Power table extrapolation (extrapolation mode) for port D on cell p3_reg[22] for parameter Tinp. Lowest table value = 0.004000, highest table value = 0.331200, value = 0.474243 (POW-046)
Note - message 'POW-046' limit (10) exceeded. Remainder will be suppressed.

  Cell Internal Power    = 2.84e+05 nW ( 77.0%)
  Net Switching Power    = 8.47e+04 nW ( 23.0%)
Total Dynamic Power      = 3.68e+05 nW (100.0%)

Cell Leakage Power       = 1.74e+05 nW


  Attributes
  ----------
      u  -  User defined power group
      i  -  Includes clock pin internal power

Power Group         Internal Power        Switching Power          Leakage Power            Total Power    (   %  )    Attrs
-----------------------------------------------------------------------------------------------------------------------------
io_pad                    0.00e+00               0.00e+00               0.00e+00               0.00e+00    (  0.0%)         
memory                    0.00e+00               0.00e+00               0.00e+00               0.00e+00    (  0.0%)         
black_box                 0.00e+00               0.00e+00               0.00e+00               0.00e+00    (  0.0%)         
clock_network             2.18e+05               3.53e+04               2.16e+02               2.54e+05    ( 46.8%)        i
register                  2.74e+04               1.06e+04               5.87e+04               9.67e+04    ( 17.8%)         
sequential                0.00e+00               0.00e+00               0.00e+00               0.00e+00    (  0.0%)         
combinational             3.82e+04               3.88e+04               1.15e+05               1.92e+05    ( 35.4%)         
-----------------------------------------------------------------------------------------------------------------------------
Total                     2.84e+05 nW            8.47e+04 nW            1.74e+05 nW            5.42e+05 nW
Mode: mode1
Corner: cornerSS
Scenario: scenarioSS
Voltage: 1.08
Temperature: 125.00

Voltage Unit         : 1V
Capacitance Unit     : 1pF
Time Unit            : 1ns
Temperature Unit     : 1C
Dynamic Power Unit   : 1nW
Leakage Power Unit   : 1nW

Switched supply net power scaling:
scaling for leakage power

Supply nets:
VDD (power) probability 1.00 (default)
VSS (ground) probability 1.00 (default)

  Cell Internal Power    = 1.46e+05 nW ( 72.3%)
  Net Switching Power    = 5.59e+04 nW ( 27.7%)
Total Dynamic Power      = 2.02e+05 nW (100.0%)

Cell Leakage Power       = 2.06e+03 nW


  Attributes
  ----------
      u  -  User defined power group
      i  -  Includes clock pin internal power

Power Group         Internal Power        Switching Power          Leakage Power            Total Power    (   %  )    Attrs
-----------------------------------------------------------------------------------------------------------------------------
io_pad                    0.00e+00               0.00e+00               0.00e+00               0.00e+00    (  0.0%)         
memory                    0.00e+00               0.00e+00               0.00e+00               0.00e+00    (  0.0%)         
black_box                 0.00e+00               0.00e+00               0.00e+00               0.00e+00    (  0.0%)         
clock_network             1.13e+05               2.33e+04               2.74e+00               1.36e+05    ( 66.9%)        i
register                  1.50e+04               6.97e+03               6.64e+02               2.26e+04    ( 11.1%)         
sequential                0.00e+00               0.00e+00               0.00e+00               0.00e+00    (  0.0%)         
combinational             1.79e+04               2.55e+04               1.39e+03               4.48e+04    ( 22.0%)         
-----------------------------------------------------------------------------------------------------------------------------
Total                     1.46e+05 nW            5.59e+04 nW            2.06e+03 nW            2.04e+05 nW
1
