Warning: Scenario scenarioFF is not configured for setup analysis: skipping. (UIC-058)
****************************************
Report : timing
        -path_type full
        -delay_type max
        -max_paths 1
        -report_by design
Design : top
Version: U-2022.12-SP6
Date   : Sun May 25 02:00:56 2025
****************************************

  Startpoint: load (input port clocked by SYS_CLK)
  Endpoint: p1_reg[3] (rising edge-triggered flip-flop clocked by SYS_CLK)
  Mode: mode1
  Corner: cornerSS
  Scenario: scenarioSS
  Path Group: **in2reg_default**
  Path Type: max

  Point                                            Incr      Path  
  ------------------------------------------------------------------------
  clock SYS_CLK (rise edge)                        0.00      0.00
  clock network delay (ideal)                      0.00      0.00
  input external delay                             0.80      0.80 r
  load (in)                                        0.00      0.80 r
  ctmi_231/Z (AN2D1HPBWP)                          0.38      1.18 r
  ctmi_230/Z (OR2D2HPBWP)                          0.37      1.55 r
  place_optHFSINV_712_779/ZN (CKND0HPBWP)          0.21      1.76 f
  place_optHFSINV_391_777/ZN (CKND2HPBWP)          0.28      2.04 r
  place_optHFSBUF_321_776/Z (BUFFD1HPBWP)          0.43      2.47 r
  ctmi_5061/ZN (OAI221D0HPBWP)                     0.35      2.83 f
  ctmi_5058/ZN (MAOI22D0HPBWP)                     0.27      3.10 r
  ctmi_5377/ZN (MAOI22D0HPBWP)                     0.20      3.30 r
  ctmi_5376/Z (MUX3D0HPBWP)                        0.15      3.45 r
  p1_reg[3]/D (SDFCNQD0HPBWP)                      0.00      3.45 r
  data arrival time                                          3.45

  clock SYS_CLK (rise edge)                       10.00     10.00
  clock network delay (ideal)                      0.00     10.00
  p1_reg[3]/CP (SDFCNQD0HPBWP)                     0.00     10.00 r
  clock uncertainty                               -0.30      9.70
  library setup time                              -0.08      9.62
  data required time                                         9.62
  ------------------------------------------------------------------------
  data required time                                         9.62
  data arrival time                                         -3.45
  ------------------------------------------------------------------------
  slack (MET)                                                6.17


1
