****************************************
Report : power
        -significant_digits 2
Design : top
Version: U-2022.12-SP6
Date   : Sun May 25 02:00:55 2025
****************************************
Information: Activity propagation will be performed for scenario scenarioSS.
Information: Doing activity propagation for mode 'mode1' and corner 'cornerSS' with effort level 'medium'. (POW-024)
Information: Timer-derived activity data is cached on scenario scenarioSS (POW-052)
Infomation: Fast mode activity propagation power.rtl_activity_annotation setup is ignored. Always use accurate mode.
Information: Running switching activity propagation in scalar mode!

 **** Information : No. of simulation cycles = 6 ****
Information: Propagated activity on scenario scenarioFF identical to that on scenarioSS (POW-006)
Information: The stitching and editing of coupling caps is turned OFF for design 'top_lib:top/place_opt.design'. (TIM-125)
Information: Design Average RC for design top  (NEX-011)
Information: r = 0.989981 ohm/um, via_r = 1.815407 ohm/cut, c = 0.178457 ff/um, cc = 0.000000 ff/um (X dir) (NEX-017)
Information: r = 0.860552 ohm/um, via_r = 1.815407 ohm/cut, c = 0.166075 ff/um, cc = 0.000000 ff/um (Y dir) (NEX-017)
Information: The RC mode used is VR for design 'top'. (NEX-022)
Information: Update timing completed net estimation for all the timing graph nets (TIM-111)
Information: Net estimation statistics: timing graph nets = 1936, routed nets = 0, across physical hierarchy nets = 0, parasitics cached nets = 1936, delay annotated nets = 0, parasitics annotated nets = 0, multi-voltage nets = 0. (TIM-112)
Mode: mode1
Corner: cornerFF
Scenario: scenarioFF
Voltage: 1.32
Temperature: 125.00

Voltage Unit         : 1V
Capacitance Unit     : 1pF
Time Unit            : 1ns
Temperature Unit     : 1C
Dynamic Power Unit   : 1nW
Leakage Power Unit   : 1nW

Switched supply net power scaling:
scaling for leakage power

Supply nets:
VDD (power) probability 1.00 (default)
VSS (ground) probability 1.00 (default)
Warning: Power table extrapolation (extrapolation mode) for port ZN on cell ctmi_4723 for parameter Tinp. Lowest table value = 0.004000, highest table value = 0.331200, value = 0.002861 (POW-046)
Warning: Power table extrapolation (extrapolation mode) for port ZN on cell phfnr_buf_711 for parameter Tinp. Lowest table value = 0.004000, highest table value = 0.331200, value = 0.002861 (POW-046)
Warning: Power table extrapolation (extrapolation mode) for port ZN on cell phfnr_buf_710 for parameter Tinp. Lowest table value = 0.004000, highest table value = 0.331200, value = 0.000877 (POW-046)
Warning: Power table extrapolation (extrapolation mode) for port Z on cell ctmi_230 for parameter Tinp. Lowest table value = 0.004000, highest table value = 0.331200, value = 0.001583 (POW-046)
Warning: Power table extrapolation (extrapolation mode) for port Z on cell ctmi_231 for parameter Tinp. Lowest table value = 0.004000, highest table value = 0.331200, value = 0.000515 (POW-046)
Warning: Power table extrapolation (extrapolation mode) for port Z on cell ctmi_232 for parameter Tinp. Lowest table value = 0.004000, highest table value = 0.331200, value = 0.002689 (POW-046)
Warning: Power table extrapolation (extrapolation mode) for port ZN on cell place_optctmTdsLR_1_969 for parameter Tinp. Lowest table value = 0.004000, highest table value = 0.331200, value = 0.000591 (POW-046)
Warning: Power table extrapolation (extrapolation mode) for port CDN on cell reg_data_reg[50] for parameter Tinp. Lowest table value = 0.004000, highest table value = 0.331200, value = 0.003929 (POW-046)
Warning: Power table extrapolation (extrapolation mode) for port Q on cell reg_data_reg[50] for parameter Tinp. Lowest table value = 0.004000, highest table value = 0.331200, value = 0.003891 (POW-046)
Warning: Power table extrapolation (extrapolation mode) for port QN on cell reg_data_reg[50] for parameter Tinp. Lowest table value = 0.004000, highest table value = 0.331200, value = 0.003891 (POW-046)
Note - message 'POW-046' limit (10) exceeded. Remainder will be suppressed.

  Cell Internal Power    = 2.75e+05 nW ( 74.3%)
  Net Switching Power    = 9.51e+04 nW ( 25.7%)
Total Dynamic Power      = 3.70e+05 nW (100.0%)

Cell Leakage Power       = 1.66e+05 nW


  Attributes
  ----------
      u  -  User defined power group
      i  -  Includes clock pin internal power

Power Group         Internal Power        Switching Power          Leakage Power            Total Power    (   %  )    Attrs
-----------------------------------------------------------------------------------------------------------------------------
io_pad                    0.00e+00               0.00e+00               0.00e+00               0.00e+00    (  0.0%)         
memory                    0.00e+00               0.00e+00               0.00e+00               0.00e+00    (  0.0%)         
black_box                 0.00e+00               0.00e+00               3.08e+01               3.08e+01    (  0.0%)         
clock_network             2.18e+05               3.36e+04               2.16e+02               2.52e+05    ( 47.0%)        i
register                  2.65e+04               9.70e+03               5.86e+04               9.49e+04    ( 17.7%)         
sequential                0.00e+00               0.00e+00               0.00e+00               0.00e+00    (  0.0%)         
combinational             3.05e+04               5.18e+04               1.07e+05               1.89e+05    ( 35.3%)         
-----------------------------------------------------------------------------------------------------------------------------
Total                     2.75e+05 nW            9.51e+04 nW            1.66e+05 nW            5.36e+05 nW
Mode: mode1
Corner: cornerSS
Scenario: scenarioSS
Voltage: 1.08
Temperature: 125.00

Voltage Unit         : 1V
Capacitance Unit     : 1pF
Time Unit            : 1ns
Temperature Unit     : 1C
Dynamic Power Unit   : 1nW
Leakage Power Unit   : 1nW

Switched supply net power scaling:
scaling for leakage power

Supply nets:
VDD (power) probability 1.00 (default)
VSS (ground) probability 1.00 (default)

  Cell Internal Power    = 1.44e+05 nW ( 69.6%)
  Net Switching Power    = 6.30e+04 nW ( 30.4%)
Total Dynamic Power      = 2.07e+05 nW (100.0%)

Cell Leakage Power       = 1.81e+03 nW


  Attributes
  ----------
      u  -  User defined power group
      i  -  Includes clock pin internal power

Power Group         Internal Power        Switching Power          Leakage Power            Total Power    (   %  )    Attrs
-----------------------------------------------------------------------------------------------------------------------------
io_pad                    0.00e+00               0.00e+00               0.00e+00               0.00e+00    (  0.0%)         
memory                    0.00e+00               0.00e+00               0.00e+00               0.00e+00    (  0.0%)         
black_box                 0.00e+00               0.00e+00               1.73e+00               1.73e+00    (  0.0%)         
clock_network             1.13e+05               2.21e+04               2.74e+00               1.35e+05    ( 64.7%)        i
register                  1.50e+04               6.40e+03               6.62e+02               2.21e+04    ( 10.6%)         
sequential                0.00e+00               0.00e+00               0.00e+00               0.00e+00    (  0.0%)         
combinational             1.61e+04               3.45e+04               1.14e+03               5.18e+04    ( 24.8%)         
-----------------------------------------------------------------------------------------------------------------------------
Total                     1.44e+05 nW            6.30e+04 nW            1.81e+03 nW            2.09e+05 nW
1
