Information: Corner cornerFF: no PVT mismatches. (PVT-032)
Information: Corner cornerSS: no PVT mismatches. (PVT-032)
Warning: No valid clocks available in mode 'mode1'. Setting clock frequency to 1 GHz. (POW-034)
****************************************
Report : power
        -significant_digits 2
Design : top
Version: U-2022.12-SP6
Date   : Sun Jun  1 00:43:56 2025
****************************************
Information: Activity propagation will be performed for scenario scenarioSS.
Information: Doing activity propagation for mode 'mode1' and corner 'cornerSS' with effort level 'medium'. (POW-024)
Information: Timer-derived activity data is cached on scenario scenarioSS (POW-052)
Warning: No valid clocks available in mode 'mode1'. Setting clock frequency to 1 GHz. (POW-034)
Infomation: Fast mode activity propagation power.rtl_activity_annotation setup is ignored. Always use accurate mode.
Information: Running switching activity propagation in scalar mode!

 **** Information : No. of simulation cycles = 6 ****
Information: Propagated activity on scenario scenarioFF identical to that on scenarioSS (POW-006)
Information: The stitching and editing of coupling caps is turned OFF for design 'top_lib:top/auto_floorplan.design'. (TIM-125)
Information: Design Average RC for design top  (NEX-011)
Information: r = 0.821209 ohm/um, via_r = 1.815407 ohm/cut, c = 0.111760 ff/um, cc = 0.000000 ff/um (X dir) (NEX-017)
Information: r = 0.819126 ohm/um, via_r = 1.815407 ohm/cut, c = 0.131812 ff/um, cc = 0.000000 ff/um (Y dir) (NEX-017)
Information: The RC mode used is VR for design 'top'. (NEX-022)
Information: Update timing completed net estimation for all the timing graph nets (TIM-111)
Information: Net estimation statistics: timing graph nets = 44, routed nets = 0, across physical hierarchy nets = 0, parasitics cached nets = 44, delay annotated nets = 0, parasitics annotated nets = 0, multi-voltage nets = 0. (TIM-112)
************************************************************
Timer Settings:
Delay Calculation Style:                   auto
Signal Integrity Analysis:                 disabled
Timing Window Analysis:                    disabled
Advanced Waveform Propagation:             disabled
Variation Type:                            fixed_derate
Clock Reconvergence Pessimism Removal:     disabled
Advanced Receiver Model:                   disabled
ML Acceleration:                           off
************************************************************
Mode: mode1
Corner: cornerFF
Scenario: scenarioFF
Voltage: 1.32
Temperature: 125.00

Voltage Unit         : 1V
Capacitance Unit     : 1pF
Time Unit            : 1ns
Temperature Unit     : 1C
Dynamic Power Unit   : 1nW
Leakage Power Unit   : 1nW
Warning: No valid clocks available in mode 'mode1'. Setting clock frequency to 1 GHz. (POW-034)

Switched supply net power scaling:
scaling for leakage power

Supply nets:
VDD (power) probability 1.00 (default)
VSS (ground) probability 1.00 (default)
Warning: Power table extrapolation (extrapolation mode) for port ZN on cell voter_1/ctmi_34 for parameter Tinp. Lowest table value = 0.004000, highest table value = 0.331200, value = 0.000191 (POW-046)
Warning: Power table extrapolation (extrapolation mode) for port ZN on cell voter_1/ctmi_36 for parameter Tinp. Lowest table value = 0.004000, highest table value = 0.331200, value = 0.000191 (POW-046)
Warning: Power table extrapolation (extrapolation mode) for port ZN on cell voter_1/ctmi_38 for parameter Tinp. Lowest table value = 0.004000, highest table value = 0.331200, value = 0.000191 (POW-046)
Warning: Power table extrapolation (extrapolation mode) for port ZN on cell voter_1/ctmi_32 for parameter Tinp. Lowest table value = 0.004000, highest table value = 0.331200, value = 0.000191 (POW-046)
Warning: Power table extrapolation (extrapolation mode) for port ZN on cell voter_2/ctmi_34 for parameter Tinp. Lowest table value = 0.004000, highest table value = 0.331200, value = 0.000210 (POW-046)
Warning: Power table extrapolation (extrapolation mode) for port ZN on cell voter_2/ctmi_36 for parameter Tinp. Lowest table value = 0.004000, highest table value = 0.331200, value = 0.000191 (POW-046)
Warning: Power table extrapolation (extrapolation mode) for port ZN on cell voter_2/ctmi_38 for parameter Tinp. Lowest table value = 0.004000, highest table value = 0.331200, value = 0.000229 (POW-046)
Warning: Power table extrapolation (extrapolation mode) for port ZN on cell voter_2/ctmi_32 for parameter Tinp. Lowest table value = 0.004000, highest table value = 0.331200, value = 0.000172 (POW-046)
Warning: Power table extrapolation (extrapolation mode) for port ZN on cell voter_3/ctmi_34 for parameter Tinp. Lowest table value = 0.004000, highest table value = 0.331200, value = 0.000229 (POW-046)
Warning: Power table extrapolation (extrapolation mode) for port ZN on cell voter_3/ctmi_36 for parameter Tinp. Lowest table value = 0.004000, highest table value = 0.331200, value = 0.000210 (POW-046)
Note - message 'POW-046' limit (10) exceeded. Remainder will be suppressed.

  Cell Internal Power    = 1.52e+04 nW ( 63.4%)
  Net Switching Power    = 8.80e+03 nW ( 36.6%)
Total Dynamic Power      = 2.40e+04 nW (100.0%)

Cell Leakage Power       = 1.51e+03 nW


  Attributes
  ----------
      u  -  User defined power group

Power Group         Internal Power        Switching Power          Leakage Power            Total Power    (   %  )    Attrs
-----------------------------------------------------------------------------------------------------------------------------
io_pad                    0.00e+00               0.00e+00               0.00e+00               0.00e+00    (  0.0%)         
memory                    0.00e+00               0.00e+00               0.00e+00               0.00e+00    (  0.0%)         
black_box                 0.00e+00               0.00e+00               0.00e+00               0.00e+00    (  0.0%)         
clock_network             0.00e+00               0.00e+00               0.00e+00               0.00e+00    (  0.0%)         
register                  0.00e+00               0.00e+00               0.00e+00               0.00e+00    (  0.0%)         
sequential                0.00e+00               0.00e+00               0.00e+00               0.00e+00    (  0.0%)         
combinational             1.52e+04               8.80e+03               1.51e+03               2.55e+04    (100.0%)         
-----------------------------------------------------------------------------------------------------------------------------
Total                     1.52e+04 nW            8.80e+03 nW            1.51e+03 nW            2.55e+04 nW
Mode: mode1
Corner: cornerSS
Scenario: scenarioSS
Voltage: 1.08
Temperature: 125.00

Voltage Unit         : 1V
Capacitance Unit     : 1pF
Time Unit            : 1ns
Temperature Unit     : 1C
Dynamic Power Unit   : 1nW
Leakage Power Unit   : 1nW
Warning: No valid clocks available in mode 'mode1'. Setting clock frequency to 1 GHz. (POW-034)

Switched supply net power scaling:
scaling for leakage power

Supply nets:
VDD (power) probability 1.00 (default)
VSS (ground) probability 1.00 (default)

  Cell Internal Power    = 9.45e+03 nW ( 62.7%)
  Net Switching Power    = 5.63e+03 nW ( 37.3%)
Total Dynamic Power      = 1.51e+04 nW (100.0%)

Cell Leakage Power       = 2.11e+01 nW


  Attributes
  ----------
      u  -  User defined power group

Power Group         Internal Power        Switching Power          Leakage Power            Total Power    (   %  )    Attrs
-----------------------------------------------------------------------------------------------------------------------------
io_pad                    0.00e+00               0.00e+00               0.00e+00               0.00e+00    (  0.0%)         
memory                    0.00e+00               0.00e+00               0.00e+00               0.00e+00    (  0.0%)         
black_box                 0.00e+00               0.00e+00               0.00e+00               0.00e+00    (  0.0%)         
clock_network             0.00e+00               0.00e+00               0.00e+00               0.00e+00    (  0.0%)         
register                  0.00e+00               0.00e+00               0.00e+00               0.00e+00    (  0.0%)         
sequential                0.00e+00               0.00e+00               0.00e+00               0.00e+00    (  0.0%)         
combinational             9.45e+03               5.63e+03               2.11e+01               1.51e+04    (100.0%)         
-----------------------------------------------------------------------------------------------------------------------------
Total                     9.45e+03 nW            5.63e+03 nW            2.11e+01 nW            1.51e+04 nW
1
