Invoking simulator...

./prueba1 -sml=verdi +UVM_VERDI_TRACE=UVM_AWARE +fsdb+gate=off -ucli2Proc -ucli
debImport "-i" "-simflow" "-dbdir" "./prueba1.daidir"
*Verdi* Loading libsscore_vcs202012.so

*Verdi* : Enable RPC Server(1190719)

srcTBInvokeSim
Chronologic VCS simulator copyright 1991-2020
Contains Synopsys proprietary information.
Compiler version R-2020.12-SP2_Full64; Runtime version R-2020.12-SP2_Full64;  May 22 17:38 2025
xterm-256color is Not a valid terminal...
Verdi>fsdbDumpvars 1 "tb_TMR_system.uut.counter_1"  +all +trace_process;fsdbDumpflush 

*Verdi* : Begin traversing the scope (tb_TMR_system.uut.counter_1), layer (1).
*Verdi* : Enable +trace_process and +all dumping.
*Verdi* : End of traversing.
*Verdi* : Flush all FSDB Files at 0 ps.

Verdi>fsdbDumpvars 1 "tb_TMR_system.uut.counter_2"  +all +trace_process;fsdbDumpflush 

*Verdi* : Begin traversing the scope (tb_TMR_system.uut.counter_2), layer (1).
*Verdi* : Enable +trace_process and +all dumping.
*Verdi* : End of traversing.
*Verdi* : Flush all FSDB Files at 0 ps.

Verdi>fsdbDumpvars 1 "tb_TMR_system.uut.counter_3"  +all +trace_process;fsdbDumpflush 

*Verdi* : Begin traversing the scope (tb_TMR_system.uut.counter_3), layer (1).
*Verdi* : Enable +trace_process and +all dumping.
*Verdi* : End of traversing.
*Verdi* : Flush all FSDB Files at 0 ps.

Verdi>fsdbDumpvars 1 "tb_TMR_system.uut.voter"  +all +trace_process;fsdbDumpflush 

*Verdi* : Begin traversing the scope (tb_TMR_system.uut.voter), layer (1).
*Verdi* : Enable +trace_process and +all dumping.
*Verdi* : End of traversing.
*Verdi* : Flush all FSDB Files at 0 ps.

Verdi>run
tb.sv, 47 :         $stop;
           V C S   S i m u l a t i o n   R e p o r t 
Time: 295000 ps
CPU Time:      0.130 seconds;       Data structure size:   0.1Mb
Thu May 22 17:47:51 2025
debExit
