version: (200506)

available memory: 64M bytes
used memory: 327680 bytes [need 320K bytes if disable swap]

used block: 19 [memory(19) file(0)]
                 [ 8K(16) 64K(3) { total 320K bytes } ]
overhead: (9572) bytes for (19) blocks [Average: (503) bytes/block]

write  => 0(times) 0K(bytes) [0K bytes to file]
read   => 3(times) 113K(bytes) [11K bytes compressed data from file]
access => 196204(times) 1545M(bytes)
          [hit ratio: 99.9985%]

time: write(0) read(0)  unit: second

swap file directory: (/mnt/vol_NFS_rh003/estudiantes/DANIELA_VARGAS/Version_final/0516/versiones_finales/Contador/TSMC_TMR_8/FLOW/fc_flow/results/verdiLog)
used swap file number: (3)



swap file manager:
arrSize: (256)
idxCnt: (4)
closeHead: (1)
closeTail: (3)
openCnt: (3)
fid(3): fd(1073741825) fileName(/mnt/vol_NFS_rh003/estudiantes/DANIELA_VARGAS/Version_final/0516/versiones_finales/Contador/TSMC_TMR_8/FLOW/fc_flow/results/prueba1.daidir/kdb.elab++/work.lib++/top_initial_syn.v#inc___vcs_unit__1__1#.tdc)
	size(21661) lastModTime(1747957049) curModTime(1747957049)
	mode(rb)	hot(0) cool(2) pos(0)
fid(2): fd(33) fileName(/mnt/vol_NFS_rh003/estudiantes/DANIELA_VARGAS/Version_final/0516/versiones_finales/Contador/TSMC_TMR_8/FLOW/fc_flow/results/verdiLog/_swap_0001#8323328#1190644)
	size(0) lastModTime(0) curModTime(1747957081)
	mode(w+b)	hot(3) cool(1) pos(0)
fid(1): fd(1073741824) fileName(/mnt/vol_NFS_rh003/estudiantes/DANIELA_VARGAS/Version_final/0516/versiones_finales/Contador/TSMC_TMR_8/FLOW/fc_flow/results/prueba1.daidir/kdb.elab++/work.lib++/tb.sv.tdc)
	size(2120) lastModTime(1747957049) curModTime(1747957049)
	mode(rb)	hot(2) cool(0) pos(0)
fid(0): fd(0) fileName(NULL)
	mode(NULL)	hot(0) cool(0) pos(0)
==================================================
mySelf(153495f0) pre(16b750a0) next(0)
version(200506)
date(May 19 2021 05:00:27)
