Warning: Scenario scenarioSS is not configured for hold analysis: skipping. (UIC-058)
****************************************
Report : timing
        -path_type full
        -delay_type min
        -max_paths 1
        -report_by design
Design : top
Version: U-2022.12-SP6
Date   : Sun May 25 01:42:33 2025
****************************************

  Startpoint: p2_reg[14] (rising edge-triggered flip-flop clocked by SYS_CLK)
  Endpoint: p2_reg[14] (rising edge-triggered flip-flop clocked by SYS_CLK)
  Mode: mode1
  Corner: cornerFF
  Scenario: scenarioFF
  Path Group: SYS_CLK
  Path Type: min

  Point                                            Incr      Path  
  ------------------------------------------------------------------------
  clock SYS_CLK (rise edge)                        0.00      0.00
  clock network delay (propagated)                 0.19      0.19

  p2_reg[14]/CP (SDFCNQD0HPBWP)                    0.00      0.19 r
  p2_reg[14]/Q (SDFCNQD0HPBWP)                     0.13      0.32 f
  ctmi_2573/ZN (IAO22D1HPBWP)                      0.04      0.36 r
  ctmi_2569/ZN (OAI22D0HPBWP)                      0.03      0.39 f
  p2_reg[14]/D (SDFCNQD0HPBWP)                     0.00      0.39 f
  data arrival time                                          0.39

  clock SYS_CLK (rise edge)                        0.00      0.00
  clock network delay (propagated)                 0.19      0.19
  p2_reg[14]/CP (SDFCNQD0HPBWP)                    0.00      0.19 r
  library hold time                                0.00      0.20
  data required time                                         0.20
  ------------------------------------------------------------------------
  data required time                                         0.20
  data arrival time                                         -0.39
  ------------------------------------------------------------------------
  slack (MET)                                                0.20


1
