****************************************
Report : area
Design : top
Version: U-2022.12-SP6
Date   : Sun May 25 01:36:08 2025
****************************************

Number of ports:                          138
Number of nets:                           933
Number of cells:                          788
Number of combinational cells:            675
Number of sequential cells:               113
Number of macros/black boxes:               0
Number of buf/inv:                         25
Number of references:                      45

Combinational area:                   2168.00
Buf/Inv area:                           30.00
Noncombinational area:                1364.40
Macro/Black Box area:                    0.00

Total cell area:                      3532.40
1
