Information: Corner cornerFF: no PVT mismatches. (PVT-032)
Information: Corner cornerSS: no PVT mismatches. (PVT-032)
****************************************
Report : power
        -significant_digits 2
Design : top
Version: U-2022.12-SP6
Date   : Sun May 25 01:36:07 2025
****************************************
Information: Activity propagation will be performed for scenario scenarioSS.
Information: Doing activity propagation for mode 'mode1' and corner 'cornerSS' with effort level 'medium'. (POW-024)
Information: Timer-derived activity data is cached on scenario scenarioSS (POW-052)
Infomation: Fast mode activity propagation power.rtl_activity_annotation setup is ignored. Always use accurate mode.
Information: Running switching activity propagation in scalar mode!

 **** Information : No. of simulation cycles = 7 ****
Information: Propagated activity on scenario scenarioFF identical to that on scenarioSS (POW-006)
Information: The stitching and editing of coupling caps is turned OFF for design 'top_lib:top/auto_floorplan.design'. (TIM-125)
Information: Design Average RC for design top  (NEX-011)
Information: r = 0.858161 ohm/um, via_r = 1.815407 ohm/cut, c = 0.133187 ff/um, cc = 0.000000 ff/um (X dir) (NEX-017)
Information: r = 0.857214 ohm/um, via_r = 1.815407 ohm/cut, c = 0.150645 ff/um, cc = 0.000000 ff/um (Y dir) (NEX-017)
Information: The RC mode used is VR for design 'top'. (NEX-022)
Information: Update timing completed net estimation for all the timing graph nets (TIM-111)
Information: Net estimation statistics: timing graph nets = 931, routed nets = 0, across physical hierarchy nets = 0, parasitics cached nets = 931, delay annotated nets = 0, parasitics annotated nets = 0, multi-voltage nets = 0. (TIM-112)
************************************************************
Timer Settings:
Delay Calculation Style:                   auto
Signal Integrity Analysis:                 disabled
Timing Window Analysis:                    disabled
Advanced Waveform Propagation:             disabled
Variation Type:                            fixed_derate
Clock Reconvergence Pessimism Removal:     disabled
Advanced Receiver Model:                   disabled
ML Acceleration:                           off
************************************************************
Mode: mode1
Corner: cornerFF
Scenario: scenarioFF
Voltage: 1.32
Temperature: 125.00

Voltage Unit         : 1V
Capacitance Unit     : 1pF
Time Unit            : 1ns
Temperature Unit     : 1C
Dynamic Power Unit   : 1nW
Leakage Power Unit   : 1nW

Switched supply net power scaling:
scaling for leakage power

Supply nets:
VDD (power) probability 1.00 (default)
VSS (ground) probability 1.00 (default)
Warning: Power table extrapolation (extrapolation mode) for port Z on cell ctmi_2715 for parameter Tinp. Lowest table value = 0.004000, highest table value = 0.331200, value = 1.092796 (POW-046)
Warning: Power table extrapolation (extrapolation mode) for port ZN on cell ctmi_2464 for parameter Tinp. Lowest table value = 0.004000, highest table value = 0.331200, value = 0.385990 (POW-046)
Warning: Power table extrapolation (extrapolation mode) for port ZN on cell ctmi_2475 for parameter Tinp. Lowest table value = 0.004000, highest table value = 0.331200, value = 0.386829 (POW-046)
Warning: Power table extrapolation (extrapolation mode) for port ZN on cell ctmi_2486 for parameter Tinp. Lowest table value = 0.004000, highest table value = 0.331200, value = 0.384521 (POW-046)
Warning: Power table extrapolation (extrapolation mode) for port ZN on cell ctmi_2497 for parameter Tinp. Lowest table value = 0.004000, highest table value = 0.331200, value = 0.386829 (POW-046)
Warning: Power table extrapolation (extrapolation mode) for port ZN on cell ctmi_2563 for parameter Tinp. Lowest table value = 0.004000, highest table value = 0.331200, value = 0.744705 (POW-046)
Warning: Power table extrapolation (extrapolation mode) for port ZN on cell ctmi_2665 for parameter Tinp. Lowest table value = 0.004000, highest table value = 0.331200, value = 0.744705 (POW-046)
Warning: Power table extrapolation (extrapolation mode) for port ZN on cell ctmi_2530 for parameter Tinp. Lowest table value = 0.004000, highest table value = 0.331200, value = 0.743484 (POW-046)
Warning: Power table extrapolation (extrapolation mode) for port ZN on cell ctmi_2406 for parameter Tinp. Lowest table value = 0.004000, highest table value = 0.331200, value = 0.743675 (POW-046)
Warning: Power table extrapolation (extrapolation mode) for port ZN on cell ctmi_2552 for parameter Tinp. Lowest table value = 0.004000, highest table value = 0.331200, value = 0.742264 (POW-046)
Note - message 'POW-046' limit (10) exceeded. Remainder will be suppressed.

  Cell Internal Power    = 1.41e+05 nW ( 77.1%)
  Net Switching Power    = 4.18e+04 nW ( 22.9%)
Total Dynamic Power      = 1.83e+05 nW (100.0%)

Cell Leakage Power       = 8.62e+04 nW


  Attributes
  ----------
      u  -  User defined power group
      i  -  Includes clock pin internal power

Power Group         Internal Power        Switching Power          Leakage Power            Total Power    (   %  )    Attrs
-----------------------------------------------------------------------------------------------------------------------------
io_pad                    0.00e+00               0.00e+00               0.00e+00               0.00e+00    (  0.0%)         
memory                    0.00e+00               0.00e+00               0.00e+00               0.00e+00    (  0.0%)         
black_box                 0.00e+00               0.00e+00               0.00e+00               0.00e+00    (  0.0%)         
clock_network             1.10e+05               1.73e+04               2.16e+02               1.27e+05    ( 47.3%)        i
register                  1.34e+04               5.19e+03               2.92e+04               4.78e+04    ( 17.8%)         
sequential                0.00e+00               0.00e+00               0.00e+00               0.00e+00    (  0.0%)         
combinational             1.77e+04               1.93e+04               5.68e+04               9.37e+04    ( 34.9%)         
-----------------------------------------------------------------------------------------------------------------------------
Total                     1.41e+05 nW            4.18e+04 nW            8.62e+04 nW            2.69e+05 nW
Mode: mode1
Corner: cornerSS
Scenario: scenarioSS
Voltage: 1.08
Temperature: 125.00

Voltage Unit         : 1V
Capacitance Unit     : 1pF
Time Unit            : 1ns
Temperature Unit     : 1C
Dynamic Power Unit   : 1nW
Leakage Power Unit   : 1nW

Switched supply net power scaling:
scaling for leakage power

Supply nets:
VDD (power) probability 1.00 (default)
VSS (ground) probability 1.00 (default)

  Cell Internal Power    = 7.33e+04 nW ( 72.7%)
  Net Switching Power    = 2.75e+04 nW ( 27.3%)
Total Dynamic Power      = 1.01e+05 nW (100.0%)

Cell Leakage Power       = 1.02e+03 nW


  Attributes
  ----------
      u  -  User defined power group
      i  -  Includes clock pin internal power

Power Group         Internal Power        Switching Power          Leakage Power            Total Power    (   %  )    Attrs
-----------------------------------------------------------------------------------------------------------------------------
io_pad                    0.00e+00               0.00e+00               0.00e+00               0.00e+00    (  0.0%)         
memory                    0.00e+00               0.00e+00               0.00e+00               0.00e+00    (  0.0%)         
black_box                 0.00e+00               0.00e+00               0.00e+00               0.00e+00    (  0.0%)         
clock_network             5.67e+04               1.14e+04               2.74e+00               6.82e+04    ( 67.0%)        i
register                  7.53e+03               3.39e+03               3.30e+02               1.13e+04    ( 11.1%)         
sequential                0.00e+00               0.00e+00               0.00e+00               0.00e+00    (  0.0%)         
combinational             9.00e+03               1.27e+04               6.86e+02               2.24e+04    ( 22.0%)         
-----------------------------------------------------------------------------------------------------------------------------
Total                     7.33e+04 nW            2.75e+04 nW            1.02e+03 nW            1.02e+05 nW
1
