Warning: Scenario scenarioFF is not configured for setup analysis: skipping. (UIC-058)
****************************************
Report : timing
        -path_type full
        -delay_type max
        -max_paths 1
        -report_by design
Design : top
Version: U-2022.12-SP6
Date   : Sun May 25 01:40:18 2025
****************************************

  Startpoint: load (input port clocked by SYS_CLK)
  Endpoint: p2_reg[5] (rising edge-triggered flip-flop clocked by SYS_CLK)
  Mode: mode1
  Corner: cornerSS
  Scenario: scenarioSS
  Path Group: **in2reg_default**
  Path Type: max

  Point                                            Incr      Path  
  ------------------------------------------------------------------------
  clock SYS_CLK (rise edge)                        0.00      0.00
  clock network delay (ideal)                      0.00      0.00
  input external delay                             0.80      0.80 r
  load (in)                                        0.00      0.80 r
  ctmi_118/Z (CKAN2D2HPBWP)                        0.28      1.08 r
  ctmi_117/Z (OR2D2HPBWP)                          0.35      1.42 r
  place_optHFSBUF_331_370/Z (BUFFD1HPBWP)          0.43      1.85 r
  ctmi_2500/ZN (OAI221D0HPBWP)                     0.41      2.27 f
  ctmi_2499/ZN (MAOI22D0HPBWP)                     0.24      2.51 f
  ctmi_2629/ZN (MOAI22D0HPBWP)                     0.17      2.68 f
  ctmi_2628/ZN (OAI22D0HPBWP)                      0.13      2.82 r
  p2_reg[5]/D (SDFCNQD0HPBWP)                      0.00      2.82 r
  data arrival time                                          2.82

  clock SYS_CLK (rise edge)                       10.00     10.00
  clock network delay (ideal)                      0.00     10.00
  p2_reg[5]/CP (SDFCNQD0HPBWP)                     0.00     10.00 r
  clock uncertainty                               -0.30      9.70
  library setup time                              -0.10      9.60
  data required time                                         9.60
  ------------------------------------------------------------------------
  data required time                                         9.60
  data arrival time                                         -2.82
  ------------------------------------------------------------------------
  slack (MET)                                                6.78


1
