****************************************
Report : qor
Design : top
Version: U-2022.12-SP6
Date   : Tue Jun  3 21:56:29 2025
****************************************


Scenario           'scenarioFF'
Timing Path Group  '**in2reg_default**'
----------------------------------------
Worst Hold Violation:              0.00
Total Hold Violation:              0.00
No. of Hold Violations:               0
----------------------------------------

Scenario           'scenarioFF'
Timing Path Group  '**reg2out_default**'
----------------------------------------
Worst Hold Violation:              0.00
Total Hold Violation:              0.00
No. of Hold Violations:               0
----------------------------------------

Scenario           'scenarioFF'
Timing Path Group  '**in2out_default**'
----------------------------------------
Worst Hold Violation:              0.00
Total Hold Violation:              0.00
No. of Hold Violations:               0
----------------------------------------

Scenario           'scenarioFF'
Timing Path Group  'SYS_CLK'
----------------------------------------
Worst Hold Violation:              0.00
Total Hold Violation:              0.00
No. of Hold Violations:               0
----------------------------------------

Scenario           'scenarioSS'
Timing Path Group  '**in2reg_default**'
----------------------------------------
Levels of Logic:                      4
Critical Path Length:              1.45
Critical Path Slack:               8.20
Critical Path Clk Period:         10.00
Total Negative Slack:              0.00
No. of Violating Paths:               0
----------------------------------------

Scenario           'scenarioSS'
Timing Path Group  '**reg2out_default**'
----------------------------------------
Levels of Logic:                      1
Critical Path Length:              0.51
Critical Path Slack:               8.19
Critical Path Clk Period:         10.00
Total Negative Slack:              0.00
No. of Violating Paths:               0
----------------------------------------

Scenario           'scenarioSS'
Timing Path Group  '**in2out_default**'
----------------------------------------
Levels of Logic:                      2
Critical Path Length:              0.96
Critical Path Slack:               7.74
Critical Path Clk Period:         10.00
Total Negative Slack:              0.00
No. of Violating Paths:               0
----------------------------------------

Scenario           'scenarioSS'
Timing Path Group  'SYS_CLK'
----------------------------------------
Levels of Logic:                      1
Critical Path Length:              0.62
Critical Path Slack:               9.04
Critical Path Clk Period:         10.00
Total Negative Slack:              0.00
No. of Violating Paths:               0
----------------------------------------


Cell Count
----------------------------------------
Hierarchical Cell Count:              0
Hierarchical Port Count:              0
Leaf Cell Count:                     75
Buf/Inv Cell Count:                   3
Buf Cell Count:                       0
Inv Cell Count:                       3
Combinational Cell Count:            42
   Single-bit Isolation Cell Count:                        0
   Multi-bit Isolation Cell Count:                         0
   Isolation Cell Banking Ratio:                           0.00%
   Single-bit Level Shifter Cell Count:                    0
   Multi-bit Level Shifter Cell Count:                     0
   Level Shifter Cell Banking Ratio:                       0.00%
   Single-bit ELS Cell Count:                              0
   Multi-bit ELS Cell Count:                               0
   ELS Cell Banking Ratio:                                 0.00%
Sequential Cell Count:               33
   Integrated Clock-Gating Cell Count:                     1
   Sequential Macro Cell Count:                            0
   Single-bit Sequential Cell Count:                       32
   Multi-bit Sequential Cell Count:                        0
   Sequential Cell Banking Ratio:                          0.00%
   BitsPerflop:                                            1.00
Macro Count:                          0
----------------------------------------


Area
----------------------------------------
Combinational Area:              175.20
Noncombinational Area:           378.80
Buf/Inv Area:                      3.60
Total Buffer Area:                 0.00
Total Inverter Area:               3.60
Macro/Black Box Area:              0.00
Net Area:                             0
Net XLength:                    1836.46
Net YLength:                    1053.69
----------------------------------------
Cell Area (netlist):                            554.00
Cell Area (netlist and physical only):          554.00
Net Length:                     2890.15


Design Rules
----------------------------------------
Total Number of Nets:               116
Nets with Violations:                 0
Max Trans Violations:                 0
Max Cap Violations:                   0
----------------------------------------

1
