Warning: Scenario scenarioSS is not configured for hold analysis: skipping. (UIC-058)
****************************************
Report : timing
        -path_type full
        -delay_type min
        -max_paths 1
        -report_by design
Design : top
Version: U-2022.12-SP6
Date   : Tue Jun  3 21:56:29 2025
****************************************

  Startpoint: reg_data_reg[19] (rising edge-triggered flip-flop clocked by SYS_CLK)
  Endpoint: reg_data_reg[20] (rising edge-triggered flip-flop clocked by SYS_CLK)
  Mode: mode1
  Corner: cornerFF
  Scenario: scenarioFF
  Path Group: SYS_CLK
  Path Type: min

  Point                                            Incr      Path  
  ------------------------------------------------------------------------
  clock SYS_CLK (rise edge)                        0.00      0.00
  clock network delay (ideal)                      0.00      0.00

  reg_data_reg[19]/CP (SDFCNQD0HPBWP)              0.00      0.00 r
  reg_data_reg[19]/Q (SDFCNQD0HPBWP)               0.14      0.14 f
  ctmi_357/Z (AO222D0HPBWP)                        0.06      0.20 f
  reg_data_reg[20]/D (SDFCNQD0HPBWP)               0.00      0.20 f
  data arrival time                                          0.20

  clock SYS_CLK (rise edge)                        0.00      0.00
  clock network delay (ideal)                      0.00      0.00
  reg_data_reg[20]/CP (SDFCNQD0HPBWP)              0.00      0.00 r
  library hold time                                0.01      0.01
  data required time                                         0.01
  ------------------------------------------------------------------------
  data required time                                         0.01
  data arrival time                                         -0.20
  ------------------------------------------------------------------------
  slack (MET)                                                0.19


1
