Warning: Scenario scenarioSS is not configured for hold analysis: skipping. (UIC-058)
****************************************
Report : timing
        -path_type full
        -delay_type min
        -max_paths 1
        -report_by design
Design : top
Version: U-2022.12-SP6
Date   : Mon Jun  9 17:50:08 2025
****************************************

  Startpoint: counter_2/q_reg[0] (rising edge-triggered flip-flop clocked by SYS_CLK)
  Endpoint: counter_2/q_reg[0] (rising edge-triggered flip-flop clocked by SYS_CLK)
  Mode: mode1
  Corner: cornerFF
  Scenario: scenarioFF
  Path Group: SYS_CLK
  Path Type: min

  Point                                            Incr      Path  
  ------------------------------------------------------------------------
  clock SYS_CLK (rise edge)                        0.00      0.00
  clock network delay (ideal)                      0.00      0.00

  counter_2/q_reg[0]/CP (SDFCNQD0HPBWP)            0.00      0.00 r
  counter_2/q_reg[0]/Q (SDFCNQD0HPBWP)             0.18      0.18 r
  counter_2/ctmi_224/ZN (OAI22D1HPBWP)             0.03      0.22 f
  counter_2/q_reg[0]/D (SDFCNQD0HPBWP)             0.00      0.22 f
  data arrival time                                          0.22

  clock SYS_CLK (rise edge)                        0.00      0.00
  clock network delay (ideal)                      0.00      0.00
  counter_2/q_reg[0]/CP (SDFCNQD0HPBWP)            0.00      0.00 r
  library hold time                                0.01      0.01
  data required time                                         0.01
  ------------------------------------------------------------------------
  data required time                                         0.01
  data arrival time                                         -0.22
  ------------------------------------------------------------------------
  slack (MET)                                                0.21


1
