****************************************
Report : qor
Design : top
Version: U-2022.12-SP6
Date   : Thu May 29 22:03:47 2025
****************************************


Scenario           'scenarioFF'
Timing Path Group  '**in2reg_default**'
----------------------------------------
Worst Hold Violation:              0.00
Total Hold Violation:              0.00
No. of Hold Violations:               0
----------------------------------------

Scenario           'scenarioFF'
Timing Path Group  '**reg2out_default**'
----------------------------------------
Worst Hold Violation:              0.00
Total Hold Violation:              0.00
No. of Hold Violations:               0
----------------------------------------

Scenario           'scenarioFF'
Timing Path Group  'SYS_CLK'
----------------------------------------
Worst Hold Violation:              0.00
Total Hold Violation:              0.00
No. of Hold Violations:               0
----------------------------------------

Scenario           'scenarioSS'
Timing Path Group  '**in2reg_default**'
----------------------------------------
Levels of Logic:                      1
Critical Path Length:              1.50
Critical Path Slack:               8.00
Critical Path Clk Period:         10.00
Total Negative Slack:              0.00
No. of Violating Paths:               0
----------------------------------------

Scenario           'scenarioSS'
Timing Path Group  '**reg2out_default**'
----------------------------------------
Levels of Logic:                      0
Critical Path Length:              0.45
Critical Path Slack:               8.25
Critical Path Clk Period:         10.00
Total Negative Slack:              0.00
No. of Violating Paths:               0
----------------------------------------

Scenario           'scenarioSS'
Timing Path Group  'SYS_CLK'
----------------------------------------
Levels of Logic:                     16
Critical Path Length:              1.83
Critical Path Slack:               7.77
Critical Path Clk Period:         10.00
Total Negative Slack:              0.00
No. of Violating Paths:               0
----------------------------------------


Cell Count
----------------------------------------
Hierarchical Cell Count:              3
Hierarchical Port Count:            179
Leaf Cell Count:                    308
Buf/Inv Cell Count:                   5
Buf Cell Count:                       0
Inv Cell Count:                       5
Combinational Cell Count:           217
   Single-bit Isolation Cell Count:                        0
   Multi-bit Isolation Cell Count:                         0
   Isolation Cell Banking Ratio:                           0.00%
   Single-bit Level Shifter Cell Count:                    0
   Multi-bit Level Shifter Cell Count:                     0
   Level Shifter Cell Banking Ratio:                       0.00%
   Single-bit ELS Cell Count:                              0
   Multi-bit ELS Cell Count:                               0
   ELS Cell Banking Ratio:                                 0.00%
Sequential Cell Count:               91
   Integrated Clock-Gating Cell Count:                     5
   Sequential Macro Cell Count:                            0
   Single-bit Sequential Cell Count:                       86
   Multi-bit Sequential Cell Count:                        0
   Sequential Cell Banking Ratio:                          0.00%
   BitsPerflop:                                            1.00
Macro Count:                          0
----------------------------------------


Area
----------------------------------------
Combinational Area:              629.60
Noncombinational Area:           976.40
Buf/Inv Area:                      6.00
Total Buffer Area:                 0.00
Total Inverter Area:               6.00
Macro/Black Box Area:              0.00
Net Area:                             0
Net XLength:                    2962.67
Net YLength:                    3038.99
----------------------------------------
Cell Area (netlist):                           1606.00
Cell Area (netlist and physical only):         1606.00
Net Length:                     6001.66


Design Rules
----------------------------------------
Total Number of Nets:               330
Nets with Violations:                 2
Max Trans Violations:                 2
Max Cap Violations:                   2
----------------------------------------

1
