Warning: Scenario scenarioFF is not configured for setup analysis: skipping. (UIC-058)
****************************************
Report : timing
        -path_type full
        -delay_type max
        -max_paths 1
        -report_by design
Design : top
Version: U-2022.12-SP6
Date   : Thu May 29 15:01:10 2025
****************************************

  Startpoint: rst (input port clocked by SYS_CLK)
  Endpoint: counter_and_parity/count_reg_reg[13] (recovery check against rising-edge clock clocked by SYS_CLK)
  Mode: mode1
  Corner: cornerSS
  Scenario: scenarioSS
  Path Group: **in2reg_default**
  Path Type: max

  Point                                            Incr      Path  
  ------------------------------------------------------------------------
  clock SYS_CLK (rise edge)                        0.00      0.00
  clock network delay (ideal)                      0.00      0.00
  input external delay                             0.80      0.80 f
  rst (in)                                         0.00      0.80 f
  phfnr_buf_92/ZN (INVD1HPBWP)                     1.04      1.84 r
  counter_and_parity/count_reg_reg[13]/CDN (SDFCNQD1HPBWP)
                                                   0.00      1.84 r
  data arrival time                                          1.84

  clock SYS_CLK (rise edge)                       10.00     10.00
  clock network delay (ideal)                      0.00     10.00
  counter_and_parity/count_reg_reg[13]/CP (SDFCNQD1HPBWP)
                                                   0.00     10.00 r
  clock uncertainty                               -0.30      9.70
  library setup time                              -0.39      9.31
  data required time                                         9.31
  ------------------------------------------------------------------------
  data required time                                         9.31
  data arrival time                                         -1.84
  ------------------------------------------------------------------------
  slack (MET)                                                7.47


1
