version: (200506)

available memory: 64M bytes
used memory: 188416 bytes [need 184K bytes if disable swap]

used block: 9 [memory(9) file(0)]
                 [ 8K(7) 64K(2) { total 184K bytes } ]
overhead: (9538) bytes for (9) blocks [Average: (1059) bytes/block]

write  => 0(times) 0K(bytes) [0K bytes to file]
read   => 2(times) 33K(bytes) [2K bytes compressed data from file]
access => 1520612(times) 11888M(bytes)
          [hit ratio: 99.9999%]

time: write(0) read(0)  unit: second

swap file directory: (/mnt/vol_NFS_rh003/estudiantes/DANIELA_VARGAS/TFG_10/TFG/sintesis/Votador/TSMC_TMR/FLOW/fc_flow/results/verdiLog)
used swap file number: (3)



swap file manager:
arrSize: (256)
idxCnt: (4)
closeHead: (1)
closeTail: (3)
openCnt: (3)
fid(3): fd(1073741825) fileName(/mnt/vol_NFS_rh003/estudiantes/DANIELA_VARGAS/TFG_10/TFG/sintesis/Votador/TSMC_TMR/FLOW/fc_flow/results/results.daidir/kdb.elab++/work.lib++/top_initial_syn.v#inc___vcs_unit__1__1#.tdc)
	size(3491) lastModTime(1747017116) curModTime(1747017116)
	mode(rb)	hot(0) cool(2) pos(0)
fid(2): fd(34) fileName(/mnt/vol_NFS_rh003/estudiantes/DANIELA_VARGAS/TFG_10/TFG/sintesis/Votador/TSMC_TMR/FLOW/fc_flow/results/verdiLog/_swap_0001#8323328#3473456)
	size(0) lastModTime(0) curModTime(1747017134)
	mode(w+b)	hot(3) cool(1) pos(0)
fid(1): fd(1073741824) fileName(/mnt/vol_NFS_rh003/estudiantes/DANIELA_VARGAS/TFG_10/TFG/sintesis/Votador/TSMC_TMR/FLOW/fc_flow/results/results.daidir/kdb.elab++/work.lib++/tb.sv.tdc)
	size(1977) lastModTime(1747017116) curModTime(1747017116)
	mode(rb)	hot(2) cool(0) pos(0)
fid(0): fd(0) fileName(NULL)
	mode(NULL)	hot(0) cool(0) pos(0)
==================================================
mySelf(0x1ac3dd80) pre(0x19837960) next((nil))
version(200506)
date(Aug 13 2023 07:34:34)
