Information: Corner cornerFF: no PVT mismatches. (PVT-032)
Information: Corner cornerSS: no PVT mismatches. (PVT-032)
****************************************
Report : power
        -significant_digits 2
Design : top
Version: U-2022.12-SP6
Date   : Tue May 20 15:52:08 2025
****************************************
Information: Activity propagation will be performed for scenario scenarioFF.
Information: Doing activity propagation for mode 'mode1' and corner 'cornerFF' with effort level 'medium'. (POW-024)
Information: Timer-derived activity data is cached on scenario scenarioFF (POW-052)
Infomation: Fast mode activity propagation power.rtl_activity_annotation setup is ignored. Always use accurate mode.
Information: Running switching activity propagation in scalar mode!

 **** Information : No. of simulation cycles = 6 ****
Information: Propagated activity on scenario scenarioSS identical to that on scenarioFF (POW-006)
Information: The stitching and editing of coupling caps is turned OFF for design 'top_lib:top/auto_floorplan.design'. (TIM-125)
Information: Design Average RC for design top  (NEX-011)
Information: r = 0.826468 ohm/um, via_r = 1.815407 ohm/cut, c = 0.115905 ff/um, cc = 0.000000 ff/um (X dir) (NEX-017)
Information: r = 0.829987 ohm/um, via_r = 1.815407 ohm/cut, c = 0.136745 ff/um, cc = 0.000000 ff/um (Y dir) (NEX-017)
Information: The RC mode used is VR for design 'top'. (NEX-022)
Information: Update timing completed net estimation for all the timing graph nets (TIM-111)
Information: Net estimation statistics: timing graph nets = 78, routed nets = 0, across physical hierarchy nets = 0, parasitics cached nets = 78, delay annotated nets = 0, parasitics annotated nets = 0, multi-voltage nets = 0. (TIM-112)
************************************************************
Timer Settings:
Delay Calculation Style:                   auto
Signal Integrity Analysis:                 disabled
Timing Window Analysis:                    disabled
Advanced Waveform Propagation:             disabled
Variation Type:                            fixed_derate
Clock Reconvergence Pessimism Removal:     disabled
Advanced Receiver Model:                   disabled
ML Acceleration:                           off
************************************************************
Mode: mode1
Corner: cornerFF
Scenario: scenarioFF
Voltage: 1.32
Temperature: 125.00

Voltage Unit         : 1V
Capacitance Unit     : 1pF
Time Unit            : 1ns
Temperature Unit     : 1C
Dynamic Power Unit   : 1nW
Leakage Power Unit   : 1nW

Switched supply net power scaling:
scaling for leakage power

Supply nets:
VDD (power) probability 1.00 (default)
VSS (ground) probability 1.00 (default)
Warning: Power table extrapolation (extrapolation mode) for port ZN on cell phfnr_buf_48 for parameter Tinp. Lowest table value = 0.004000, highest table value = 0.331200, value = 0.000172 (POW-046)
Warning: Power table extrapolation (extrapolation mode) for port CDN on cell p2_reg for parameter Tinp. Lowest table value = 0.004000, highest table value = 0.331200, value = 0.000381 (POW-046)
Warning: Power table extrapolation (extrapolation mode) for port Q on cell p2_reg for parameter Tinp. Lowest table value = 0.004000, highest table value = 0.331200, value = 0.000381 (POW-046)
Warning: Power table extrapolation (extrapolation mode) for port CDN on cell reg_data_reg[0] for parameter Tinp. Lowest table value = 0.004000, highest table value = 0.331200, value = 0.000458 (POW-046)
Warning: Power table extrapolation (extrapolation mode) for port Q on cell reg_data_reg[0] for parameter Tinp. Lowest table value = 0.004000, highest table value = 0.331200, value = 0.000458 (POW-046)
Warning: Power table extrapolation (extrapolation mode) for port ZN on cell phfnr_buf_49 for parameter Tinp. Lowest table value = 0.004000, highest table value = 0.331200, value = 0.000782 (POW-046)
Warning: Power table extrapolation (extrapolation mode) for port CDN on cell p3_reg for parameter Tinp. Lowest table value = 0.004000, highest table value = 0.331200, value = 0.000477 (POW-046)
Warning: Power table extrapolation (extrapolation mode) for port Q on cell p3_reg for parameter Tinp. Lowest table value = 0.004000, highest table value = 0.331200, value = 0.000458 (POW-046)
Warning: Power table extrapolation (extrapolation mode) for port Z on cell ctmi_210 for parameter Tinp. Lowest table value = 0.004000, highest table value = 0.331200, value = 0.000248 (POW-046)
Warning: Power table extrapolation (extrapolation mode) for port CDN on cell p1_reg for parameter Tinp. Lowest table value = 0.004000, highest table value = 0.331200, value = 0.000439 (POW-046)
Note - message 'POW-046' limit (10) exceeded. Remainder will be suppressed.

  Cell Internal Power    = 1.23e+04 nW ( 78.9%)
  Net Switching Power    = 3.29e+03 nW ( 21.1%)
Total Dynamic Power      = 1.56e+04 nW (100.0%)

Cell Leakage Power       = 6.01e+03 nW


  Attributes
  ----------
      u  -  User defined power group
      i  -  Includes clock pin internal power

Power Group         Internal Power        Switching Power          Leakage Power            Total Power    (   %  )    Attrs
-----------------------------------------------------------------------------------------------------------------------------
io_pad                    0.00e+00               0.00e+00               0.00e+00               0.00e+00    (  0.0%)         
memory                    0.00e+00               0.00e+00               0.00e+00               0.00e+00    (  0.0%)         
black_box                 0.00e+00               0.00e+00               0.00e+00               0.00e+00    (  0.0%)         
clock_network             9.41e+03               1.02e+03               2.16e+02               1.07e+04    ( 49.3%)        i
register                  1.23e+03               4.18e+02               1.76e+03               3.41e+03    ( 15.8%)         
sequential                0.00e+00               0.00e+00               0.00e+00               0.00e+00    (  0.0%)         
combinational             1.67e+03               1.85e+03               4.04e+03               7.55e+03    ( 35.0%)         
-----------------------------------------------------------------------------------------------------------------------------
Total                     1.23e+04 nW            3.29e+03 nW            6.01e+03 nW            2.16e+04 nW
Mode: mode1
Corner: cornerSS
Scenario: scenarioSS
Voltage: 1.08
Temperature: 125.00

Voltage Unit         : 1V
Capacitance Unit     : 1pF
Time Unit            : 1ns
Temperature Unit     : 1C
Dynamic Power Unit   : 1nW
Leakage Power Unit   : 1nW

Switched supply net power scaling:
scaling for leakage power

Supply nets:
VDD (power) probability 1.00 (default)
VSS (ground) probability 1.00 (default)

  Cell Internal Power    = 6.42e+03 nW ( 74.9%)
  Net Switching Power    = 2.15e+03 nW ( 25.1%)
Total Dynamic Power      = 8.57e+03 nW (100.0%)

Cell Leakage Power       = 6.94e+01 nW


  Attributes
  ----------
      u  -  User defined power group
      i  -  Includes clock pin internal power

Power Group         Internal Power        Switching Power          Leakage Power            Total Power    (   %  )    Attrs
-----------------------------------------------------------------------------------------------------------------------------
io_pad                    0.00e+00               0.00e+00               0.00e+00               0.00e+00    (  0.0%)         
memory                    0.00e+00               0.00e+00               0.00e+00               0.00e+00    (  0.0%)         
black_box                 0.00e+00               0.00e+00               0.00e+00               0.00e+00    (  0.0%)         
clock_network             4.74e+03               6.73e+02               2.75e+00               5.42e+03    ( 62.7%)        i
register                  6.96e+02               2.74e+02               1.94e+01               9.90e+02    ( 11.5%)         
sequential                0.00e+00               0.00e+00               0.00e+00               0.00e+00    (  0.0%)         
combinational             9.82e+02               1.20e+03               4.73e+01               2.23e+03    ( 25.8%)         
-----------------------------------------------------------------------------------------------------------------------------
Total                     6.42e+03 nW            2.15e+03 nW            6.94e+01 nW            8.64e+03 nW
1
