


                              Fusion Compiler (TM)

             Version U-2022.12-SP6 for linux64 - Aug 25, 2023 -SLE

                    Copyright (c) 1988 - 2023 Synopsys, Inc.
   This software and the associated documentation are proprietary to Synopsys,
 Inc. This software may only be used in accordance with the terms and conditions
 of a written license agreement with Synopsys, Inc. All other use, reproduction,
   or distribution of this software is strictly prohibited.  Licensed Products
     communicate with Synopsys servers for the purpose of providing software
    updates, detecting software piracy and verifying that customers are using
    Licensed Products in conformity with the applicable License Key for such
  Licensed Products. Synopsys will use information gathered in connection with
    this process to deliver software updates and pursue software pirates and
                                   infringers.

 Inclusivity & Diversity - Visit SolvNetPlus to read the "Synopsys Statement on
            Inclusivity and Diversity" (Refer to article 000036315 at
                        https://solvnetplus.synopsys.com)
 
Information: Term was not able to be set up using xterm-256color . Using "xterm" by default instead. (CLE-10)
##################################################
####          Inital Logic Synthesis          ####
##################################################
#### ----- Paths and reference names ----- #### 
# Sourcing common setup script
source -echo ../../setup/icc2_dp_setup.tcl
set CURR_DIR  [pwd]
set PROY_HOME ${CURR_DIR}/../..;
set TSMC_HOME "/mnt/vol_NFS_rh003/profesores/pmendoza/KITS/TSMCHOME";
############################
## RTL file name and type ##
############################
set DESIGN_NAME "top"
set HDL "sverilog"
set DESIGN_LIBRARY "${DESIGN_NAME}_lib"
#################################
set time [get_date]
puts "Command Start at: ${time}"
Command Start at: Mon May 19 20:36:42 2025
####################################
### 1. Variables for design prep ###
####################################
### SDC File
set SDCNAME "${DESIGN_NAME}"
### Ref Libs
set NDM_LIBS_PATH "../../setup/ndm_libraries/ndm/"
set STD_TIME_FRAME "../../setup/ndm_libraries/ndm/tcbn65lphpbwp_1.ndm"
set REFERENCE_LIBRARY "{${STD_TIME_FRAME} }"
set REFERENCE_LIBRARY 		[list   ${NDM_LIBS_PATH}/tcbn65lphpbwpcghvt_1_physical_only.ndm \
									${NDM_LIBS_PATH}/tcbn65lphpbwp_1_physical_only.ndm \
									${NDM_LIBS_PATH}/tpdn65lpgv2od3_sd_physical_only.ndm \
									${NDM_LIBS_PATH}/tpfn65lpgv2od3_physical_only.ndm \
									${NDM_LIBS_PATH}/tpbn65v_physical_only.ndm \
									${NDM_LIBS_PATH}/tpin65gv_physical_only.ndm \
									${NDM_LIBS_PATH}/tcbn65lphpbwpcghvt_1.ndm \
									${NDM_LIBS_PATH}/tcbn65lphpbwp_1.ndm \
									${NDM_LIBS_PATH}/tpdn65lpgv2od3_sdml.ndm \
									${NDM_LIBS_PATH}/tpfn65lpgv2od3ml.ndm \
									${NDM_LIBS_PATH}/ts1n65lpa2048x32m4_140a_5m.ndm ];
################################
### 2. Tech files and setup ####
################################
set TECH_FILE "${TSMC_HOME}/digital/Back_End/milkyway/tcbn65lphpbwp_140a/techfiles/tsmcn65_9lmT2.tf"
set TECH_LIB ""
#######################
## Layers and widths ##
#######################
set STANDARD_CELLS_WIDTH 0.42
set MAX_ROUTING_LAYER   "M6"
set MIN_ROUTING_LAYER   "M2"
set TARGET_SKEW         0.1
set RTL_PATH		"${CURR_DIR}/../../../common/rtl"
set SDC_PATH		"${CURR_DIR}/../../../common/sdc"
set SDC_FILE		"${CURR_DIR}/${DESIGN_NAME}.sdc"
####################################################
set VERILOG_PATH	"${RTL_PATH}/verilog"
set SVERILOG_PATH	"${RTL_PATH}/sverilog" 
set VHDL_PATH		"${RTL_PATH}/vhdl"
set RESULTS_PATH	"${CURR_DIR}/../../results"
set REPORTS_PATH	"${CURR_DIR}/../../reports"
###########
## Paths ##
###########
set DRC_RUNSET_FILE	"${CURR_DIR}/../../DRC/ICVLN65S_9M_6X2Z.26_1a"
set GDS_MAP_FILE        "${TSMC_HOME}/digital/Back_End/milkyway/tcbn65lphpbwpcg_200a/gdsout_6X2Z.map"
set ICV                "-I /mnt/vol_synopsys2023/pdks/xfab/design/xkit/xh018/synopsys/v9_0/ICValidator/v9_0_2"
####################
## Auto-floorplan ##
####################
set CONTROL_AUTO           "core"
# Percentage of cell area usage
set CORE_UTILIZATION_AUTO  0.5
# Move the nucleus 10 units
set CORE_OFFSET_AUTO       10
# Core shape
set SHAPE_AUTO             "R"
# Aspect ratio
set SIDE_RATIO_AUTO        {1 1.5}
# Flip the first row of the cell
set FFR_AUTO               "true"
# Using the M3 layer for pins
set LAYER_PIN_AUTO         {M3}
# Allows pins on all sides of the cell
set SIDES_AUTO             {1 2 3 4}
# Distance between pins
set PIN_SPACE_AUTO         4
######################
## Floorplan manual ##
######################
set CONTROL_M            "core"
# Percentage of cell area usage
set CORE_UTILIZATION_M   0.5
# Move the nucleus 10 units 
set CORE_OFFSET_M        10
# Core shape
set SHAPE_M              "R"
# Aspect ratio 
set SIDE_RATIO_M         {1.5 1}
# Flip the first row of the cell
set FFR_M                "true" 
# Using the M3 layer for pins
set LAYER_PIN_M          {M3}
# Allows pins on all sides of the cell
set SIDES_M              {1 2 3 4}
# Distance between pins
set PIN_SPACE_M          4 
#########################
## Configure MultiCore ##
#########################
set_host_options -name Oculi -max_cores 2
#report_host_options
source ${CURR_DIR}/../../setup/utilities.tcl
set UNSELECT_RULES "PO.DN.2* OD.DN.2* M*.DN.1* CSR.R.1* DM*.R.1*"
PO.DN.2* OD.DN.2* M*.DN.1* CSR.R.1* DM*.R.1*
# Open the design library
open_lib ${DESIGN_LIBRARY}
Information: Loading library file '/mnt/vol_NFS_rh003/estudiantes/DANIELA_VARGAS/Version_final/0516/versiones_finales/Contador/TSMC_Hamming_16_version2/FLOW/fc_flow/flow/work/top_lib' (FILE-007)
Information: Loading library file '/mnt/vol_NFS_rh003/estudiantes/DANIELA_VARGAS/Version_final/0516/versiones_finales/Contador/TSMC_Hamming_16_version2/FLOW/fc_flow/setup/ndm_libraries/ndm/tcbn65lphpbwpcghvt_1_physical_only.ndm' (FILE-007)
Information: Loading library file '/mnt/vol_NFS_rh003/estudiantes/DANIELA_VARGAS/Version_final/0516/versiones_finales/Contador/TSMC_Hamming_16_version2/FLOW/fc_flow/setup/ndm_libraries/ndm/tcbn65lphpbwp_1_physical_only.ndm' (FILE-007)
Information: Loading library file '/mnt/vol_NFS_rh003/estudiantes/DANIELA_VARGAS/Version_final/0516/versiones_finales/Contador/TSMC_Hamming_16_version2/FLOW/fc_flow/setup/ndm_libraries/ndm/tpdn65lpgv2od3_sd_physical_only.ndm' (FILE-007)
Information: Loading library file '/mnt/vol_NFS_rh003/estudiantes/DANIELA_VARGAS/Version_final/0516/versiones_finales/Contador/TSMC_Hamming_16_version2/FLOW/fc_flow/setup/ndm_libraries/ndm/tpfn65lpgv2od3_physical_only.ndm' (FILE-007)
Information: Loading library file '/mnt/vol_NFS_rh003/estudiantes/DANIELA_VARGAS/Version_final/0516/versiones_finales/Contador/TSMC_Hamming_16_version2/FLOW/fc_flow/setup/ndm_libraries/ndm/tpbn65v_physical_only.ndm' (FILE-007)
Information: Loading library file '/mnt/vol_NFS_rh003/estudiantes/DANIELA_VARGAS/Version_final/0516/versiones_finales/Contador/TSMC_Hamming_16_version2/FLOW/fc_flow/setup/ndm_libraries/ndm/tpin65gv_physical_only.ndm' (FILE-007)
Information: Loading library file '/mnt/vol_NFS_rh003/estudiantes/DANIELA_VARGAS/Version_final/0516/versiones_finales/Contador/TSMC_Hamming_16_version2/FLOW/fc_flow/setup/ndm_libraries/ndm/tcbn65lphpbwpcghvt_1.ndm' (FILE-007)
Information: Loading library file '/mnt/vol_NFS_rh003/estudiantes/DANIELA_VARGAS/Version_final/0516/versiones_finales/Contador/TSMC_Hamming_16_version2/FLOW/fc_flow/setup/ndm_libraries/ndm/tcbn65lphpbwp_1.ndm' (FILE-007)
Information: Loading library file '/mnt/vol_NFS_rh003/estudiantes/DANIELA_VARGAS/Version_final/0516/versiones_finales/Contador/TSMC_Hamming_16_version2/FLOW/fc_flow/setup/ndm_libraries/ndm/tpdn65lpgv2od3_sdml.ndm' (FILE-007)
Information: Loading library file '/mnt/vol_NFS_rh003/estudiantes/DANIELA_VARGAS/Version_final/0516/versiones_finales/Contador/TSMC_Hamming_16_version2/FLOW/fc_flow/setup/ndm_libraries/ndm/tpfn65lpgv2od3ml.ndm' (FILE-007)
Information: Loading library file '/mnt/vol_NFS_rh003/estudiantes/DANIELA_VARGAS/Version_final/0516/versiones_finales/Contador/TSMC_Hamming_16_version2/FLOW/fc_flow/setup/ndm_libraries/ndm/ts1n65lpa2048x32m4_140a_5m.ndm' (FILE-007)
Warning: Technology used to create frame-view and current technology have inconsistency: Fat table contents are different. (FRAM-054)
Warning: Technology 'tcbn65lphpbwpcghvt.tf' used for frame-view creation in library 'tcbn65lphpbwpcghvt_1_physical_only', is inconsistent with the current technology 'tsmcn65_9lmT2.tf' of library 'top_lib'. Please run derive_design_level_via_regions to generate up-do-date via region in the design library. (NDM-102)
Warning: Technology used to create frame-view and current technology have inconsistency: Fat table contents are different. (FRAM-054)
Warning: Technology 'tpdn65lpgv2od3_sd.tf' used for frame-view creation in library 'tpdn65lpgv2od3_sd_physical_only', is inconsistent with the current technology 'tsmcn65_9lmT2.tf' of library 'top_lib'. Please run derive_design_level_via_regions to generate up-do-date via region in the design library. (NDM-102)
Warning: Technology used to create frame-view and current technology have inconsistency: Fat table contents are different. (FRAM-054)
Warning: Technology 'tpfn65lpgv2od3.tf' used for frame-view creation in library 'tpfn65lpgv2od3_physical_only', is inconsistent with the current technology 'tsmcn65_9lmT2.tf' of library 'top_lib'. Please run derive_design_level_via_regions to generate up-do-date via region in the design library. (NDM-102)
Warning: Technology used to create frame-view and current technology have inconsistency: Fat table contents are different. (FRAM-054)
Warning: Technology 'tcbn65lphpbwpcghvt.tf' used for frame-view creation in library 'tcbn65lphpbwpcghvt_1', is inconsistent with the current technology 'tsmcn65_9lmT2.tf' of library 'top_lib'. Please run derive_design_level_via_regions to generate up-do-date via region in the design library. (NDM-102)
Warning: Technology used to create frame-view and current technology have inconsistency: Fat table contents are different. (FRAM-054)
Warning: Technology 'tpdn65lpgv2od3_sd.tf' used for frame-view creation in library 'tpdn65lpgv2od3_sdml', is inconsistent with the current technology 'tsmcn65_9lmT2.tf' of library 'top_lib'. Please run derive_design_level_via_regions to generate up-do-date via region in the design library. (NDM-102)
Warning: Technology used to create frame-view and current technology have inconsistency: Fat table contents are different. (FRAM-054)
Warning: Technology 'tpfn65lpgv2od3.tf' used for frame-view creation in library 'tpfn65lpgv2od3ml', is inconsistent with the current technology 'tsmcn65_9lmT2.tf' of library 'top_lib'. Please run derive_design_level_via_regions to generate up-do-date via region in the design library. (NDM-102)
{top_lib}
#### ----- Reading and analyze the RTL ----- ####
if {[string equal verilog ${HDL}]} {
	analyze -format verilog [glob ${VERILOG_PATH}/*.v]
} elseif {[string equal sverilog ${HDL}]} {
	analyze -format sverilog [glob ${SVERILOG_PATH}/*.sv]
} elseif {[string equal vhdl ${HDL}]} {
	analyze -format vhdl [glob ${VHDL_PATH}/*.vhd]
} else {
	echo "Error: HDL variable's value is not verilog or vhdl. Please fix the value."
}
Information: By default, the HDL template library is 'WORK' (LBR-??).
Running PRESTO HDLC
Compiling source file /mnt/vol_NFS_rh003/estudiantes/DANIELA_VARGAS/Version_final/0516/versiones_finales/Contador/TSMC_Hamming_16_version2/FLOW/fc_flow/flow/work/../../../common/rtl/sverilog/tb.sv
Opening include file /mnt/vol_NFS_rh003/estudiantes/DANIELA_VARGAS/Version_final/0516/versiones_finales/Contador/TSMC_Hamming_16_version2/FLOW/fc_flow/flow/work/../../../common/rtl/sverilog/top.sv
Error:  /mnt/vol_NFS_rh003/estudiantes/DANIELA_VARGAS/Version_final/0516/versiones_finales/Contador/TSMC_Hamming_16_version2/FLOW/fc_flow/flow/work/../../../common/rtl/sverilog/top.sv:164: Procedural-continuous assignments are not supported by synthesis. (VER-966)
Error:  Cannot recover from previous errors. (VER-518)
*** Presto compilation terminated with 2 errors. ***
Error: Presto analyze failed 
Elapsed = 00:00:00.04, CPU = 00:00:00.01
0
#### ----- Elaborate and hierarchize the design ----- ####
# Elaborate
elaborate ${DESIGN_NAME}
Presto compilation completed successfully. (top)
Information: Elaborating HDL template WORK:counter_and_parity instantiated from 'top'. (ELAB-193)

Inferred memory devices in process
	in routine counter_and_parity line 77 in file
		'/mnt/vol_NFS_rh003/estudiantes/DANIELA_VARGAS/Version_final/0516/versiones_finales/Contador/TSMC_Hamming_16_version2/FLOW/fc_flow/flow/work/../../../common/rtl/sverilog/top.sv'.
===============================================================================
|    Register Name    |   Type    | Width | Bus | MB | AR | AS | SR | SS | ST |
===============================================================================
|    count_neg_reg    | Flip-flop |  16   |  Y  | Y  | Y  | N  | N  | N  | N  |
===============================================================================

Inferred memory devices in process
	in routine counter_and_parity line 85 in file
		'/mnt/vol_NFS_rh003/estudiantes/DANIELA_VARGAS/Version_final/0516/versiones_finales/Contador/TSMC_Hamming_16_version2/FLOW/fc_flow/flow/work/../../../common/rtl/sverilog/top.sv'.
===============================================================================
|    Register Name    |   Type    | Width | Bus | MB | AR | AS | SR | SS | ST |
===============================================================================
|     parity_reg      | Flip-flop |  12   |  Y  | Y  | Y  | N  | N  | N  | N  |
|    count_reg_reg    | Flip-flop |  16   |  Y  | Y  | Y  | N  | N  | N  | N  |
| counter_stored_reg  | Flip-flop |  16   |  Y  | Y  | Y  | N  | N  | N  | N  |
|  parity_stored_reg  | Flip-flop |  12   |  Y  | Y  | Y  | N  | N  | N  | N  |
|      busy_reg       | Flip-flop |   1   |  N  | N  | Y  | N  | N  | N  | N  |
|   enable_last_reg   | Flip-flop |   1   |  N  | N  | Y  | N  | N  | N  | N  |
|   reset_done_reg    | Flip-flop |   1   |  N  | N  | Y  | N  | N  | N  | N  |
===============================================================================
Presto compilation completed successfully. (counter_and_parity)
Number of modules read: 2
Top level ports:        19
Total in all modules
  Ports:                93
  Nets:                 291
  Instances:            133
Elapsed = 00:00:00.15, CPU = 00:00:00.11
1
# Set top module in the design
set_top_module ${DESIGN_NAME}
Warning: Unable to resolve reference to 'syndrome' first referenced from module 'top'. (LNK-005)
Information: User units loaded from library 'tcbn65lphpbwpcghvt_1' (LNK-040)
Information: Block 'top_lib:top.design' has 1 unbound instances. (LNK-073)
Information: Block 'top_lib:top.design' has 1 unresolved references. (LNK-074)
Information: Total 1 mismatches are found on block 'top_lib:top.design'. (DMM-116)
Information: Added key list 'DesignWare' to design 'top'. (DWS-0216)
Error: Block 'top' failed to properly link during 'set_top_module'. (DES-220)
Elapsed = 00:00:00.31, CPU = 00:00:00.26
Information: script '/mnt/vol_NFS_rh003/estudiantes/DANIELA_VARGAS/Version_final/0516/versiones_finales/Contador/TSMC_Hamming_16_version2/FLOW/fc_flow/flow/scripts/01_inital_syn.tcl'
            	stopped at line 35 due to error. (CMD-081)
Extended error info:

    while executing
"set_top_module ${DESIGN_NAME}"
    (file "/mnt/vol_NFS_rh003/estudiantes/DANIELA_VARGAS/Version_final/0516/versiones_finales/Contador/TSMC_Hamming_16_version2/FLOW/fc_flow/flow/scripts/01_init" line 35)
 -- End Extended Error Info
fc_shell> exit
Maximum memory usage for this session: 462.46 MB
Maximum memory usage for this session including child processes: 462.46 MB
CPU usage for this session:      8 seconds (  0.00 hours)
Elapsed time for this session:     27 seconds (  0.01 hours)
Thank you for using Fusion Compiler.
