Verdi>restart
Chronologic VCS simulator copyright 1991-2023
Contains Synopsys proprietary information.
Compiler version U-2023.03-SP2_Full64; Runtime version U-2023.03-SP2_Full64;  May 11 20:04 2025
*Verdi* Loading libsscore_vcs202303.so
FSDB Dumper for VCS, Release Verdi_U-2023.03-SP2, Linux x86_64/64bit, 08/28/2023
(C) 1996 - 2023 by Synopsys, Inc.
*Verdi* FSDB WARNING: The FSDB file already exists. Overwriting the FSDB file may crash the programs that are using this file.
*Verdi* : Create FSDB file '/mnt/vol_NFS_rh003/estudiantes/DANIELA_VARGAS/TFG_10/TFG/sintesis/Votador/TSMC_TMR/FLOW/common/rtl/sverilog/inter.fsdb'
*Verdi* : Flush all FSDB Files at 0 ps.
*Verdi* : Enable RPC Server(3460718)
*Verdi* : Flush all FSDB Files at 0 ps.
xterm-256color is Not a valid terminal...
Verdi>run
$finish called from file "tb_errores_no_corregibles.sv", line 120.
$finish at simulation time                80000
Simulation complete, time is 80000 ps.
tb_errores_no_corregibles.sv, 120 :         $finish;
           V C S   S i m u l a t i o n   R e p o r t 
Time: 80000 ps
CPU Time:      0.110 seconds;       Data structure size:   0.0Mb
Sun May 11 20:27:02 2025
debExit
