Warning: Scenario scenarioFF is not configured for setup analysis: skipping. (UIC-058)
****************************************
Report : timing
        -path_type full
        -delay_type max
        -max_paths 1
        -report_by design
Design : top
Version: U-2022.12-SP6
Date   : Thu May 22 17:32:37 2025
****************************************

  Startpoint: counter_1/q_reg[2] (rising edge-triggered flip-flop clocked by SYS_CLK)
  Endpoint: q_out[2] (output port clocked by SYS_CLK)
  Mode: mode1
  Corner: cornerSS
  Scenario: scenarioSS
  Path Group: **reg2out_default**
  Path Type: max

  Point                                            Incr      Path  
  ------------------------------------------------------------------------
  clock SYS_CLK (rise edge)                        0.00      0.00
  clock network delay (ideal)                      0.00      0.00

  counter_1/q_reg[2]/CP (SDFCNQD0HPBWP)            0.00      0.00 r
  counter_1/q_reg[2]/Q (SDFCNQD0HPBWP)             0.34      0.34 f
  q_out[2] (out)                                   0.00      0.34 f
  data arrival time                                          0.34

  clock SYS_CLK (rise edge)                       10.00     10.00
  clock network delay (ideal)                      0.00     10.00
  clock uncertainty                               -0.30      9.70
  output external delay                           -1.00      8.70
  data required time                                         8.70
  ------------------------------------------------------------------------
  data required time                                         8.70
  data arrival time                                         -0.34
  ------------------------------------------------------------------------
  slack (MET)                                                8.36


1
