Warning: Scenario scenarioSS is not configured for hold analysis: skipping. (UIC-058)
****************************************
Report : timing
        -path_type full
        -delay_type min
        -max_paths 1
        -report_by design
Design : top
Version: U-2022.12-SP6
Date   : Thu May 22 17:32:37 2025
****************************************

  Startpoint: counter_1/q_reg[1] (rising edge-triggered flip-flop clocked by SYS_CLK)
  Endpoint: counter_1/q_reg[1] (rising edge-triggered flip-flop clocked by SYS_CLK)
  Mode: mode1
  Corner: cornerFF
  Scenario: scenarioFF
  Path Group: SYS_CLK
  Path Type: min

  Point                                            Incr      Path  
  ------------------------------------------------------------------------
  clock SYS_CLK (rise edge)                        0.00      0.00
  clock network delay (ideal)                      0.00      0.00

  counter_1/q_reg[1]/CP (SDFCND0HPBWP)             0.00      0.00 r
  counter_1/q_reg[1]/Q (SDFCND0HPBWP)              0.13      0.13 r
  ctmi_129/ZN (OAI22D0HPBWP)                       0.03      0.16 f
  counter_1/q_reg[1]/D (SDFCND0HPBWP)              0.00      0.16 f
  data arrival time                                          0.16

  clock SYS_CLK (rise edge)                        0.00      0.00
  clock network delay (ideal)                      0.00      0.00
  counter_1/q_reg[1]/CP (SDFCND0HPBWP)             0.00      0.00 r
  library hold time                                0.01      0.01
  data required time                                         0.01
  ------------------------------------------------------------------------
  data required time                                         0.01
  data arrival time                                         -0.16
  ------------------------------------------------------------------------
  slack (MET)                                                0.15


1
