version: (200506)

available memory: 64M bytes
used memory: 81920 bytes [need 80K bytes if disable swap]

used block: 3 [memory(3) file(0)]
                 [ 8K(2) 64K(1) { total 80K bytes } ]
overhead: (9538) bytes for (3) blocks [Average: (3179) bytes/block]

write  => 0(times) 0K(bytes) [0K bytes to file]
read   => 1(times) 15K(bytes) [2K bytes compressed data from file]
access => 49936(times) 393M(bytes)
          [hit ratio: 99.998%]

time: write(0) read(0)  unit: second

swap file directory: (/mnt/vol_NFS_rh003/estudiantes/DANIELA_VARGAS/Version_final/0516/versiones_finales/Registro/TSMC_Hamming_8_version3/FLOW/common/rtl/sverilog/verdiLog)
used swap file number: (1)



swap file manager:
arrSize: (256)
idxCnt: (3)
closeHead: (1)
closeTail: (2)
openCnt: (2)
fid(2): fd(33) fileName(/mnt/vol_NFS_rh003/estudiantes/DANIELA_VARGAS/Version_final/0516/versiones_finales/Registro/TSMC_Hamming_8_version3/FLOW/common/rtl/sverilog/verdiLog/_swap_0001#8323328#285600)
	size(0) lastModTime(0) curModTime(1747859917)
	mode(w+b)	hot(0) cool(1) pos(0)
fid(1): fd(1073741824) fileName(/mnt/vol_NFS_rh003/estudiantes/DANIELA_VARGAS/Version_final/0516/versiones_finales/Registro/TSMC_Hamming_8_version3/FLOW/common/rtl/sverilog/prueba_1.daidir/kdb.elab++/work.lib++/tb.sv.tdc)
	size(4399) lastModTime(1747851752) curModTime(1747851752)
	mode(rb)	hot(2) cool(0) pos(0)
fid(0): fd(0) fileName(NULL)
	mode(NULL)	hot(0) cool(0) pos(0)
==================================================
mySelf(17716470) pre(16d39b80) next(0)
version(200506)
date(May 19 2021 05:00:27)
