version: (200506)

available memory: 64M bytes
used memory: 2M bytes [need 2M bytes if disable swap]

used block: 105 [memory(105) file(0)]
                 [ 8K(96) 64K(9) { total 2M bytes } ]
overhead: (16144) bytes for (105) blocks [Average: (153) bytes/block]

write  => 0(times) 0K(bytes) [0K bytes to file]
read   => 9(times) 460K(bytes) [41K bytes compressed data from file]
access => 613812(times) 4864M(bytes)
          [hit ratio: 99.9985%]

time: write(0) read(0)  unit: second

swap file directory: (/mnt/vol_NFS_rh003/estudiantes/DANIELA_VARGAS/Version_final/0516/versiones_finales/semana14/Contador_Hamming/TSMC_64_V2/FLOW/fc_flow/results/verdiLog)
used swap file number: (3)



swap file manager:
arrSize: (256)
idxCnt: (4)
closeHead: (1)
closeTail: (3)
openCnt: (3)
fid(3): fd(1073741825) fileName(/mnt/vol_NFS_rh003/estudiantes/DANIELA_VARGAS/Version_final/0516/versiones_finales/semana14/Contador_Hamming/TSMC_64_V2/FLOW/fc_flow/results/results.daidir/kdb.elab++/work.lib++/top_initial_syn.v#inc___vcs_unit__1__1#.tdc)
	size(147226) lastModTime(1748839685) curModTime(1748839685)
	mode(rb)	hot(0) cool(2) pos(0)
fid(2): fd(33) fileName(/mnt/vol_NFS_rh003/estudiantes/DANIELA_VARGAS/Version_final/0516/versiones_finales/semana14/Contador_Hamming/TSMC_64_V2/FLOW/fc_flow/results/verdiLog/_swap_0001#8323328#586512)
	size(0) lastModTime(0) curModTime(1748839720)
	mode(w+b)	hot(3) cool(1) pos(0)
fid(1): fd(1073741824) fileName(/mnt/vol_NFS_rh003/estudiantes/DANIELA_VARGAS/Version_final/0516/versiones_finales/semana14/Contador_Hamming/TSMC_64_V2/FLOW/fc_flow/results/results.daidir/kdb.elab++/work.lib++/tb.sv.tdc)
	size(2035) lastModTime(1748839685) curModTime(1748839685)
	mode(rb)	hot(2) cool(0) pos(0)
fid(0): fd(0) fileName(NULL)
	mode(NULL)	hot(0) cool(0) pos(0)
==================================================
mySelf(14f57320) pre(16190770) next(0)
version(200506)
date(May 19 2021 05:00:27)
