Information: Corner cornerFF: no PVT mismatches. (PVT-032)
Information: Corner cornerSS: no PVT mismatches. (PVT-032)
****************************************
Report : power
        -significant_digits 2
Design : top
Version: U-2022.12-SP6
Date   : Thu May 22 11:58:35 2025
****************************************
Information: Activity propagation will be performed for scenario scenarioSS.
Information: Doing activity propagation for mode 'mode1' and corner 'cornerSS' with effort level 'medium'. (POW-024)
Information: Timer-derived activity data is cached on scenario scenarioSS (POW-052)
Infomation: Fast mode activity propagation power.rtl_activity_annotation setup is ignored. Always use accurate mode.
Information: Running switching activity propagation in scalar mode!

 **** Information : No. of simulation cycles = 7 ****
Information: Propagated activity on scenario scenarioFF identical to that on scenarioSS (POW-006)
Information: The stitching and editing of coupling caps is turned OFF for design 'top_lib:top/auto_floorplan.design'. (TIM-125)
Information: Design Average RC for design top  (NEX-011)
Information: r = 0.847579 ohm/um, via_r = 1.815407 ohm/cut, c = 0.128183 ff/um, cc = 0.000000 ff/um (X dir) (NEX-017)
Information: r = 0.851760 ohm/um, via_r = 1.815407 ohm/cut, c = 0.147462 ff/um, cc = 0.000000 ff/um (Y dir) (NEX-017)
Information: The RC mode used is VR for design 'top'. (NEX-022)
Information: Update timing completed net estimation for all the timing graph nets (TIM-111)
Information: Net estimation statistics: timing graph nets = 476, routed nets = 0, across physical hierarchy nets = 0, parasitics cached nets = 476, delay annotated nets = 0, parasitics annotated nets = 0, multi-voltage nets = 0. (TIM-112)
************************************************************
Timer Settings:
Delay Calculation Style:                   auto
Signal Integrity Analysis:                 disabled
Timing Window Analysis:                    disabled
Advanced Waveform Propagation:             disabled
Variation Type:                            fixed_derate
Clock Reconvergence Pessimism Removal:     disabled
Advanced Receiver Model:                   disabled
ML Acceleration:                           off
************************************************************
Mode: mode1
Corner: cornerFF
Scenario: scenarioFF
Voltage: 1.32
Temperature: 125.00

Voltage Unit         : 1V
Capacitance Unit     : 1pF
Time Unit            : 1ns
Temperature Unit     : 1C
Dynamic Power Unit   : 1nW
Leakage Power Unit   : 1nW

Switched supply net power scaling:
scaling for leakage power

Supply nets:
VDD (power) probability 1.00 (default)
VSS (ground) probability 1.00 (default)
Warning: Power table extrapolation (extrapolation mode) for port ZN on cell ctmi_1284 for parameter Tinp. Lowest table value = 0.004000, highest table value = 0.331200, value = 0.371876 (POW-046)
Warning: Power table extrapolation (extrapolation mode) for port Z on cell ctmi_56 for parameter Tinp. Lowest table value = 0.004000, highest table value = 0.331200, value = 0.000267 (POW-046)
Warning: Power table extrapolation (extrapolation mode) for port Z on cell ctmi_1368 for parameter Tinp. Lowest table value = 0.004000, highest table value = 0.331200, value = 0.546570 (POW-046)
Warning: Power table extrapolation (extrapolation mode) for port ZN on cell ctmi_1253 for parameter Tinp. Lowest table value = 0.004000, highest table value = 0.331200, value = 0.379696 (POW-046)
Warning: Power table extrapolation (extrapolation mode) for port ZN on cell ctmi_1264 for parameter Tinp. Lowest table value = 0.004000, highest table value = 0.331200, value = 0.380535 (POW-046)
Warning: Power table extrapolation (extrapolation mode) for port ZN on cell ctmi_1275 for parameter Tinp. Lowest table value = 0.004000, highest table value = 0.331200, value = 0.380535 (POW-046)
Warning: Power table extrapolation (extrapolation mode) for port ZN on cell ctmi_1342 for parameter Tinp. Lowest table value = 0.004000, highest table value = 0.331200, value = 0.371876 (POW-046)
Warning: Power table extrapolation (extrapolation mode) for port ZN on cell ctmi_1262 for parameter Tinp. Lowest table value = 0.004000, highest table value = 0.331200, value = 0.371647 (POW-046)
Warning: Power table extrapolation (extrapolation mode) for port ZN on cell ctmi_1328 for parameter Tinp. Lowest table value = 0.004000, highest table value = 0.331200, value = 0.371647 (POW-046)
Warning: Power table extrapolation (extrapolation mode) for port ZN on cell ctmi_1273 for parameter Tinp. Lowest table value = 0.004000, highest table value = 0.331200, value = 0.373306 (POW-046)
Note - message 'POW-046' limit (10) exceeded. Remainder will be suppressed.

  Cell Internal Power    = 7.19e+04 nW ( 77.0%)
  Net Switching Power    = 2.15e+04 nW ( 23.0%)
Total Dynamic Power      = 9.34e+04 nW (100.0%)

Cell Leakage Power       = 4.45e+04 nW


  Attributes
  ----------
      u  -  User defined power group
      i  -  Includes clock pin internal power

Power Group         Internal Power        Switching Power          Leakage Power            Total Power    (   %  )    Attrs
-----------------------------------------------------------------------------------------------------------------------------
io_pad                    0.00e+00               0.00e+00               0.00e+00               0.00e+00    (  0.0%)         
memory                    0.00e+00               0.00e+00               0.00e+00               0.00e+00    (  0.0%)         
black_box                 0.00e+00               0.00e+00               0.00e+00               0.00e+00    (  0.0%)         
clock_network             5.61e+04               8.71e+03               2.16e+02               6.50e+04    ( 47.1%)        i
register                  6.95e+03               2.66e+03               1.47e+04               2.43e+04    ( 17.6%)         
sequential                0.00e+00               0.00e+00               0.00e+00               0.00e+00    (  0.0%)         
combinational             8.87e+03               1.02e+04               2.96e+04               4.86e+04    ( 35.2%)         
-----------------------------------------------------------------------------------------------------------------------------
Total                     7.19e+04 nW            2.15e+04 nW            4.45e+04 nW            1.38e+05 nW
Mode: mode1
Corner: cornerSS
Scenario: scenarioSS
Voltage: 1.08
Temperature: 125.00

Voltage Unit         : 1V
Capacitance Unit     : 1pF
Time Unit            : 1ns
Temperature Unit     : 1C
Dynamic Power Unit   : 1nW
Leakage Power Unit   : 1nW

Switched supply net power scaling:
scaling for leakage power

Supply nets:
VDD (power) probability 1.00 (default)
VSS (ground) probability 1.00 (default)

  Cell Internal Power    = 3.78e+04 nW ( 72.7%)
  Net Switching Power    = 1.42e+04 nW ( 27.3%)
Total Dynamic Power      = 5.20e+04 nW (100.0%)

Cell Leakage Power       = 5.30e+02 nW


  Attributes
  ----------
      u  -  User defined power group
      i  -  Includes clock pin internal power

Power Group         Internal Power        Switching Power          Leakage Power            Total Power    (   %  )    Attrs
-----------------------------------------------------------------------------------------------------------------------------
io_pad                    0.00e+00               0.00e+00               0.00e+00               0.00e+00    (  0.0%)         
memory                    0.00e+00               0.00e+00               0.00e+00               0.00e+00    (  0.0%)         
black_box                 0.00e+00               0.00e+00               0.00e+00               0.00e+00    (  0.0%)         
clock_network             2.89e+04               5.75e+03               2.74e+00               3.47e+04    ( 66.1%)        i
register                  3.96e+03               1.73e+03               1.66e+02               5.86e+03    ( 11.2%)         
sequential                0.00e+00               0.00e+00               0.00e+00               0.00e+00    (  0.0%)         
combinational             4.89e+03               6.69e+03               3.61e+02               1.19e+04    ( 22.7%)         
-----------------------------------------------------------------------------------------------------------------------------
Total                     3.78e+04 nW            1.42e+04 nW            5.30e+02 nW            5.25e+04 nW
1
