Warning: Scenario scenarioSS is not configured for hold analysis: skipping. (UIC-058)
****************************************
Report : timing
        -path_type full
        -delay_type min
        -max_paths 1
        -report_by design
Design : top
Version: U-2022.12-SP6
Date   : Tue Jun  3 22:39:35 2025
****************************************

  Startpoint: q_reg[63] (rising edge-triggered flip-flop clocked by SYS_CLK)
  Endpoint: q_reg[63] (rising edge-triggered flip-flop clocked by SYS_CLK)
  Mode: mode1
  Corner: cornerFF
  Scenario: scenarioFF
  Path Group: SYS_CLK
  Path Type: min

  Point                                            Incr      Path  
  ------------------------------------------------------------------------
  clock SYS_CLK (rise edge)                        0.00      0.00
  clock network delay (ideal)                      0.00      0.00

  q_reg[63]/CP (SDFCNQD0HPBWP)                     0.00      0.00 r
  q_reg[63]/Q (SDFCNQD0HPBWP)                      0.14      0.14 r
  add_15/ctmi_71/ZN (MAOI22D0HPBWP)                0.03      0.17 f
  q_reg[63]/D (SDFCNQD0HPBWP)                      0.00      0.17 f
  data arrival time                                          0.17

  clock SYS_CLK (rise edge)                        0.00      0.00
  clock network delay (ideal)                      0.00      0.00
  q_reg[63]/CP (SDFCNQD0HPBWP)                     0.00      0.00 r
  library hold time                                0.01      0.01
  data required time                                         0.01
  ------------------------------------------------------------------------
  data required time                                         0.01
  data arrival time                                         -0.17
  ------------------------------------------------------------------------
  slack (MET)                                                0.15


1
