****************************************
Report : area
Design : top
Version: U-2022.12-SP6
Date   : Tue Jun  3 22:39:35 2025
****************************************

Number of ports:                          263
Number of nets:                           325
Number of cells:                          130
Number of combinational cells:             65
Number of sequential cells:                65
Number of macros/black boxes:               0
Number of buf/inv:                          2
Number of references:                       6

Combinational area:                    402.40
Buf/Inv area:                            2.40
Noncombinational area:                 750.00
Macro/Black Box area:                    0.00

Total cell area:                      1152.40
1
