Warning: Scenario scenarioFF is not configured for setup analysis: skipping. (UIC-058)
****************************************
Report : timing
        -path_type full
        -delay_type max
        -max_paths 1
        -report_by design
Design : top
Version: U-2022.12-SP6
Date   : Tue Jun  3 22:39:35 2025
****************************************

  Startpoint: q_reg[0] (rising edge-triggered flip-flop clocked by SYS_CLK)
  Endpoint: q_reg[63] (rising edge-triggered flip-flop clocked by SYS_CLK)
  Mode: mode1
  Corner: cornerSS
  Scenario: scenarioSS
  Path Group: SYS_CLK
  Path Type: max

  Point                                            Incr      Path  
  ------------------------------------------------------------------------
  clock SYS_CLK (rise edge)                        0.00      0.00
  clock network delay (ideal)                      0.00      0.00

  q_reg[0]/CP (SDFCNQD0HPBWP)                      0.00      0.00 r
  q_reg[0]/Q (SDFCNQD0HPBWP)                       0.36      0.36 r
  add_15/U_2/CO (HA1D0HPBWP)                       0.14      0.50 r
  add_15/U_5/CO (HA1D0HPBWP)                       0.11      0.61 r
  add_15/U_7/CO (HA1D0HPBWP)                       0.11      0.72 r
  add_15/U_10/CO (HA1D0HPBWP)                      0.11      0.83 r
  add_15/U_12/CO (HA1D0HPBWP)                      0.11      0.94 r
  add_15/U_15/CO (HA1D0HPBWP)                      0.11      1.05 r
  add_15/U_17/CO (HA1D0HPBWP)                      0.11      1.16 r
  add_15/U_20/CO (HA1D0HPBWP)                      0.11      1.27 r
  add_15/U_22/CO (HA1D0HPBWP)                      0.12      1.39 r
  add_15/U_25/CO (HA1D0HPBWP)                      0.11      1.50 r
  add_15/U_27/CO (HA1D0HPBWP)                      0.11      1.61 r
  add_15/U_30/CO (HA1D0HPBWP)                      0.11      1.71 r
  add_15/U_32/CO (HA1D0HPBWP)                      0.11      1.82 r
  add_15/U_35/CO (HA1D0HPBWP)                      0.11      1.92 r
  add_15/U_37/CO (HA1D0HPBWP)                      0.11      2.03 r
  add_15/U_40/CO (HA1D0HPBWP)                      0.11      2.14 r
  add_15/U_42/CO (HA1D0HPBWP)                      0.11      2.25 r
  add_15/U_45/CO (HA1D0HPBWP)                      0.11      2.35 r
  add_15/U_47/CO (HA1D0HPBWP)                      0.11      2.46 r
  add_15/U_50/CO (HA1D0HPBWP)                      0.11      2.58 r
  add_15/U_52/CO (HA1D0HPBWP)                      0.11      2.69 r
  add_15/U_55/CO (HA1D0HPBWP)                      0.11      2.79 r
  add_15/U_57/CO (HA1D0HPBWP)                      0.10      2.90 r
  add_15/U_60/CO (HA1D0HPBWP)                      0.11      3.01 r
  add_15/U_62/CO (HA1D0HPBWP)                      0.11      3.11 r
  add_15/U_65/CO (HA1D0HPBWP)                      0.12      3.23 r
  add_15/U_67/CO (HA1D0HPBWP)                      0.11      3.34 r
  add_15/U_70/CO (HA1D0HPBWP)                      0.11      3.44 r
  add_15/U_72/CO (HA1D0HPBWP)                      0.11      3.55 r
  add_15/U_75/CO (HA1D0HPBWP)                      0.11      3.66 r
  add_15/U_77/CO (HA1D0HPBWP)                      0.11      3.77 r
  add_15/U_80/CO (HA1D0HPBWP)                      0.11      3.88 r
  add_15/U_82/CO (HA1D0HPBWP)                      0.11      4.00 r
  add_15/U_85/CO (HA1D0HPBWP)                      0.11      4.11 r
  add_15/U_87/CO (HA1D0HPBWP)                      0.10      4.21 r
  add_15/U_90/CO (HA1D0HPBWP)                      0.10      4.31 r
  add_15/U_92/CO (HA1D0HPBWP)                      0.10      4.42 r
  add_15/U_95/CO (HA1D0HPBWP)                      0.11      4.52 r
  add_15/U_97/CO (HA1D0HPBWP)                      0.11      4.63 r
  add_15/U_100/CO (HA1D0HPBWP)                     0.11      4.74 r
  add_15/U_102/CO (HA1D0HPBWP)                     0.11      4.85 r
  add_15/U_105/CO (HA1D0HPBWP)                     0.11      4.95 r
  add_15/U_107/CO (HA1D0HPBWP)                     0.12      5.07 r
  add_15/U_110/CO (HA1D0HPBWP)                     0.11      5.18 r
  add_15/U_112/CO (HA1D0HPBWP)                     0.10      5.28 r
  add_15/U_115/CO (HA1D0HPBWP)                     0.10      5.38 r
  add_15/U_117/CO (HA1D0HPBWP)                     0.11      5.50 r
  add_15/U_120/CO (HA1D0HPBWP)                     0.11      5.61 r
  add_15/U_122/CO (HA1D0HPBWP)                     0.11      5.72 r
  add_15/U_125/CO (HA1D0HPBWP)                     0.10      5.82 r
  add_15/U_127/CO (HA1D0HPBWP)                     0.10      5.92 r
  add_15/U_130/CO (HA1D0HPBWP)                     0.11      6.03 r
  add_15/U_132/CO (HA1D0HPBWP)                     0.11      6.14 r
  add_15/U_135/CO (HA1D0HPBWP)                     0.10      6.24 r
  add_15/U_137/CO (HA1D0HPBWP)                     0.11      6.35 r
  add_15/U_140/CO (HA1D0HPBWP)                     0.11      6.45 r
  add_15/U_142/CO (HA1D0HPBWP)                     0.11      6.56 r
  add_15/U_145/CO (HA1D0HPBWP)                     0.11      6.67 r
  add_15/U_147/CO (HA1D0HPBWP)                     0.10      6.77 r
  add_15/U_150/CO (HA1D0HPBWP)                     0.10      6.88 r
  add_15/U_152/CO (HA1D0HPBWP)                     0.10      6.98 r
  add_15/U_155/CO (HA1D0HPBWP)                     0.09      7.07 r
  add_15/ctmi_71/ZN (MAOI22D0HPBWP)                0.13      7.20 r
  q_reg[63]/D (SDFCNQD0HPBWP)                      0.00      7.20 r
  data arrival time                                          7.20

  clock SYS_CLK (rise edge)                       10.00     10.00
  clock network delay (ideal)                      0.00     10.00
  q_reg[63]/CP (SDFCNQD0HPBWP)                     0.00     10.00 r
  clock uncertainty                               -0.30      9.70
  library setup time                              -0.08      9.62
  data required time                                         9.62
  ------------------------------------------------------------------------
  data required time                                         9.62
  data arrival time                                         -7.20
  ------------------------------------------------------------------------
  slack (MET)                                                2.42


1
