Information: Corner cornerFF: no PVT mismatches. (PVT-032)
Information: Corner cornerSS: no PVT mismatches. (PVT-032)
****************************************
Report : power
        -significant_digits 2
Design : top
Version: U-2022.12-SP6
Date   : Tue Jun  3 22:39:35 2025
****************************************
Information: Activity propagation will be performed for scenario scenarioFF.
Information: Doing activity propagation for mode 'mode1' and corner 'cornerFF' with effort level 'medium'. (POW-024)
Information: Timer-derived activity data is cached on scenario scenarioFF (POW-052)
Infomation: Fast mode activity propagation power.rtl_activity_annotation setup is ignored. Always use accurate mode.
Information: Running switching activity propagation in scalar mode!

 **** Information : No. of simulation cycles = 6 ****
Information: Propagated activity on scenario scenarioSS identical to that on scenarioFF (POW-006)
Information: The stitching and editing of coupling caps is turned OFF for design 'top_lib:top/auto_floorplan.design'. (TIM-125)
Information: Design Average RC for design top  (NEX-011)
Information: r = 0.831736 ohm/um, via_r = 1.815407 ohm/cut, c = 0.117239 ff/um, cc = 0.000000 ff/um (X dir) (NEX-017)
Information: r = 0.824561 ohm/um, via_r = 1.815407 ohm/cut, c = 0.135312 ff/um, cc = 0.000000 ff/um (Y dir) (NEX-017)
Information: The RC mode used is VR for design 'top'. (NEX-022)
Information: Update timing completed net estimation for all the timing graph nets (TIM-111)
Information: Net estimation statistics: timing graph nets = 195, routed nets = 0, across physical hierarchy nets = 0, parasitics cached nets = 195, delay annotated nets = 0, parasitics annotated nets = 0, multi-voltage nets = 0. (TIM-112)
************************************************************
Timer Settings:
Delay Calculation Style:                   auto
Signal Integrity Analysis:                 disabled
Timing Window Analysis:                    disabled
Advanced Waveform Propagation:             disabled
Variation Type:                            fixed_derate
Clock Reconvergence Pessimism Removal:     disabled
Advanced Receiver Model:                   disabled
ML Acceleration:                           off
************************************************************
Mode: mode1
Corner: cornerFF
Scenario: scenarioFF
Voltage: 1.32
Temperature: 125.00

Voltage Unit         : 1V
Capacitance Unit     : 1pF
Time Unit            : 1ns
Temperature Unit     : 1C
Dynamic Power Unit   : 1nW
Leakage Power Unit   : 1nW

Switched supply net power scaling:
scaling for leakage power

Supply nets:
VDD (power) probability 1.00 (default)
VSS (ground) probability 1.00 (default)
Warning: Power table extrapolation (extrapolation mode) for port CDN on cell q_reg[61] for parameter Tinp. Lowest table value = 0.004000, highest table value = 0.331200, value = 0.892372 (POW-046)
Warning: Power table extrapolation (extrapolation mode) for port CDN on cell q_reg[60] for parameter Tinp. Lowest table value = 0.004000, highest table value = 0.331200, value = 0.892372 (POW-046)
Warning: Power table extrapolation (extrapolation mode) for port CDN on cell q_reg[59] for parameter Tinp. Lowest table value = 0.004000, highest table value = 0.331200, value = 0.896358 (POW-046)
Warning: Power table extrapolation (extrapolation mode) for port CDN on cell q_reg[58] for parameter Tinp. Lowest table value = 0.004000, highest table value = 0.331200, value = 0.895100 (POW-046)
Warning: Power table extrapolation (extrapolation mode) for port CDN on cell q_reg[57] for parameter Tinp. Lowest table value = 0.004000, highest table value = 0.331200, value = 0.895100 (POW-046)
Warning: Power table extrapolation (extrapolation mode) for port CDN on cell q_reg[56] for parameter Tinp. Lowest table value = 0.004000, highest table value = 0.331200, value = 0.895100 (POW-046)
Warning: Power table extrapolation (extrapolation mode) for port CDN on cell q_reg[55] for parameter Tinp. Lowest table value = 0.004000, highest table value = 0.331200, value = 0.895100 (POW-046)
Warning: Power table extrapolation (extrapolation mode) for port CDN on cell q_reg[54] for parameter Tinp. Lowest table value = 0.004000, highest table value = 0.331200, value = 0.895100 (POW-046)
Warning: Power table extrapolation (extrapolation mode) for port CDN on cell q_reg[53] for parameter Tinp. Lowest table value = 0.004000, highest table value = 0.331200, value = 0.895100 (POW-046)
Warning: Power table extrapolation (extrapolation mode) for port CDN on cell q_reg[52] for parameter Tinp. Lowest table value = 0.004000, highest table value = 0.331200, value = 0.895100 (POW-046)
Note - message 'POW-046' limit (10) exceeded. Remainder will be suppressed.

  Cell Internal Power    = 6.63e+04 nW ( 86.3%)
  Net Switching Power    = 1.05e+04 nW ( 13.7%)
Total Dynamic Power      = 7.68e+04 nW (100.0%)

Cell Leakage Power       = 3.57e+04 nW


  Attributes
  ----------
      u  -  User defined power group
      i  -  Includes clock pin internal power

Power Group         Internal Power        Switching Power          Leakage Power            Total Power    (   %  )    Attrs
-----------------------------------------------------------------------------------------------------------------------------
io_pad                    0.00e+00               0.00e+00               0.00e+00               0.00e+00    (  0.0%)         
memory                    0.00e+00               0.00e+00               0.00e+00               0.00e+00    (  0.0%)         
black_box                 0.00e+00               0.00e+00               0.00e+00               0.00e+00    (  0.0%)         
clock_network             6.38e+04               8.49e+03               2.16e+02               7.25e+04    ( 64.5%)        i
register                  2.08e+03               3.34e+02               1.45e+04               1.69e+04    ( 15.0%)         
sequential                0.00e+00               0.00e+00               0.00e+00               0.00e+00    (  0.0%)         
combinational             3.57e+02               1.72e+03               2.11e+04               2.31e+04    ( 20.5%)         
-----------------------------------------------------------------------------------------------------------------------------
Total                     6.63e+04 nW            1.05e+04 nW            3.57e+04 nW            1.13e+05 nW
Mode: mode1
Corner: cornerSS
Scenario: scenarioSS
Voltage: 1.08
Temperature: 125.00

Voltage Unit         : 1V
Capacitance Unit     : 1pF
Time Unit            : 1ns
Temperature Unit     : 1C
Dynamic Power Unit   : 1nW
Leakage Power Unit   : 1nW

Switched supply net power scaling:
scaling for leakage power

Supply nets:
VDD (power) probability 1.00 (default)
VSS (ground) probability 1.00 (default)

  Cell Internal Power    = 3.44e+04 nW ( 83.3%)
  Net Switching Power    = 6.91e+03 nW ( 16.7%)
Total Dynamic Power      = 4.13e+04 nW (100.0%)

Cell Leakage Power       = 4.52e+02 nW


  Attributes
  ----------
      u  -  User defined power group
      i  -  Includes clock pin internal power

Power Group         Internal Power        Switching Power          Leakage Power            Total Power    (   %  )    Attrs
-----------------------------------------------------------------------------------------------------------------------------
io_pad                    0.00e+00               0.00e+00               0.00e+00               0.00e+00    (  0.0%)         
memory                    0.00e+00               0.00e+00               0.00e+00               0.00e+00    (  0.0%)         
black_box                 0.00e+00               0.00e+00               0.00e+00               0.00e+00    (  0.0%)         
clock_network             3.31e+04               5.54e+03               2.75e+00               3.86e+04    ( 92.4%)        i
register                  1.15e+03               2.27e+02               1.63e+02               1.54e+03    (  3.7%)         
sequential                0.00e+00               0.00e+00               0.00e+00               0.00e+00    (  0.0%)         
combinational             2.02e+02               1.14e+03               2.86e+02               1.63e+03    (  3.9%)         
-----------------------------------------------------------------------------------------------------------------------------
Total                     3.44e+04 nW            6.91e+03 nW            4.52e+02 nW            4.18e+04 nW
1
