Warning: Scenario scenarioSS is not configured for hold analysis: skipping. (UIC-058)
****************************************
Report : timing
        -path_type full
        -delay_type min
        -max_paths 1
        -report_by design
Design : top
Version: U-2022.12-SP6
Date   : Mon May 26 20:54:50 2025
****************************************

  Startpoint: counter_1/q_reg[0] (rising edge-triggered flip-flop clocked by SYS_CLK)
  Endpoint: counter_1/q_reg[0] (rising edge-triggered flip-flop clocked by SYS_CLK)
  Mode: mode1
  Corner: cornerFF
  Scenario: scenarioFF
  Path Group: SYS_CLK
  Path Type: min

  Point                                            Incr      Path  
  ------------------------------------------------------------------------
  clock SYS_CLK (rise edge)                        0.00      0.00
  clock network delay (ideal)                      0.00      0.00

  counter_1/q_reg[0]/CP (SDFCNQD1HPBWP)            0.00      0.00 r
  counter_1/q_reg[0]/Q (SDFCNQD1HPBWP)             0.15      0.15 r
  counter_1/ctmi_861/ZN (AOI22D0HPBWP)             0.05      0.20 f
  counter_1/q_reg[0]/D (SDFCNQD1HPBWP)             0.00      0.20 f
  data arrival time                                          0.20

  clock SYS_CLK (rise edge)                        0.00      0.00
  clock network delay (ideal)                      0.00      0.00
  counter_1/q_reg[0]/CP (SDFCNQD1HPBWP)            0.00      0.00 r
  library hold time                                0.00      0.00
  data required time                                         0.00
  ------------------------------------------------------------------------
  data required time                                         0.00
  data arrival time                                         -0.20
  ------------------------------------------------------------------------
  slack (MET)                                                0.20


1
