Information: Corner cornerFF: no PVT mismatches. (PVT-032)
Information: Corner cornerSS: no PVT mismatches. (PVT-032)
****************************************
Report : power
        -significant_digits 2
Design : top
Version: U-2022.12-SP6
Date   : Mon May 26 20:54:49 2025
****************************************
Information: Activity propagation will be performed for scenario scenarioSS.
Information: Doing activity propagation for mode 'mode1' and corner 'cornerSS' with effort level 'medium'. (POW-024)
Information: Timer-derived activity data is cached on scenario scenarioSS (POW-052)
Infomation: Fast mode activity propagation power.rtl_activity_annotation setup is ignored. Always use accurate mode.
Information: Running switching activity propagation in scalar mode!

 **** Information : No. of simulation cycles = 6 ****
Information: Propagated activity on scenario scenarioFF identical to that on scenarioSS (POW-006)
Information: The stitching and editing of coupling caps is turned OFF for design 'top_lib:top/auto_floorplan.design'. (TIM-125)
Information: Design Average RC for design top  (NEX-011)
Information: r = 0.852869 ohm/um, via_r = 1.815407 ohm/cut, c = 0.132376 ff/um, cc = 0.000000 ff/um (X dir) (NEX-017)
Information: r = 0.865396 ohm/um, via_r = 1.815407 ohm/cut, c = 0.152924 ff/um, cc = 0.000000 ff/um (Y dir) (NEX-017)
Information: The RC mode used is VR for design 'top'. (NEX-022)
Information: Update timing completed net estimation for all the timing graph nets (TIM-111)
Information: Net estimation statistics: timing graph nets = 1602, routed nets = 0, across physical hierarchy nets = 0, parasitics cached nets = 1602, delay annotated nets = 0, parasitics annotated nets = 0, multi-voltage nets = 0. (TIM-112)
************************************************************
Timer Settings:
Delay Calculation Style:                   auto
Signal Integrity Analysis:                 disabled
Timing Window Analysis:                    disabled
Advanced Waveform Propagation:             disabled
Variation Type:                            fixed_derate
Clock Reconvergence Pessimism Removal:     disabled
Advanced Receiver Model:                   disabled
ML Acceleration:                           off
************************************************************
Mode: mode1
Corner: cornerFF
Scenario: scenarioFF
Voltage: 1.32
Temperature: 125.00

Voltage Unit         : 1V
Capacitance Unit     : 1pF
Time Unit            : 1ns
Temperature Unit     : 1C
Dynamic Power Unit   : 1nW
Leakage Power Unit   : 1nW

Switched supply net power scaling:
scaling for leakage power

Supply nets:
VDD (power) probability 1.00 (default)
VSS (ground) probability 1.00 (default)
Warning: Power table extrapolation (extrapolation mode) for port ZN on cell counter_1/phfnr_buf_105 for parameter Tinp. Lowest table value = 0.004000, highest table value = 0.331200, value = 0.001431 (POW-046)
Warning: Power table extrapolation (extrapolation mode) for port ZN on cell counter_1/phfnr_buf_105 for parameter Cout. Lowest table value = 0.000900, highest table value = 0.075400, value = 0.217818 (POW-046)
Warning: Power table extrapolation (extrapolation mode) for port CDN on cell counter_1/q_reg[61] for parameter Tinp. Lowest table value = 0.004000, highest table value = 0.331200, value = 1.076717 (POW-046)
Warning: Power table extrapolation (extrapolation mode) for port CDN on cell counter_1/q_reg[60] for parameter Tinp. Lowest table value = 0.004000, highest table value = 0.331200, value = 1.076717 (POW-046)
Warning: Power table extrapolation (extrapolation mode) for port CDN on cell counter_1/q_reg[59] for parameter Tinp. Lowest table value = 0.004000, highest table value = 0.331200, value = 1.076717 (POW-046)
Warning: Power table extrapolation (extrapolation mode) for port CDN on cell counter_1/q_reg[58] for parameter Tinp. Lowest table value = 0.004000, highest table value = 0.331200, value = 1.076717 (POW-046)
Warning: Power table extrapolation (extrapolation mode) for port CDN on cell counter_1/q_reg[57] for parameter Tinp. Lowest table value = 0.004000, highest table value = 0.331200, value = 1.076717 (POW-046)
Warning: Power table extrapolation (extrapolation mode) for port CDN on cell counter_1/q_reg[56] for parameter Tinp. Lowest table value = 0.004000, highest table value = 0.331200, value = 1.073456 (POW-046)
Warning: Power table extrapolation (extrapolation mode) for port CDN on cell counter_1/q_reg[55] for parameter Tinp. Lowest table value = 0.004000, highest table value = 0.331200, value = 1.073456 (POW-046)
Warning: Power table extrapolation (extrapolation mode) for port CDN on cell counter_1/q_reg[54] for parameter Tinp. Lowest table value = 0.004000, highest table value = 0.331200, value = 1.075840 (POW-046)
Note - message 'POW-046' limit (10) exceeded. Remainder will be suppressed.

  Cell Internal Power    = 1.65e+05 nW ( 78.8%)
  Net Switching Power    = 4.45e+04 nW ( 21.2%)
Total Dynamic Power      = 2.10e+05 nW (100.0%)

Cell Leakage Power       = 2.16e+05 nW


  Attributes
  ----------
      u  -  User defined power group
      i  -  Includes clock pin internal power

Power Group         Internal Power        Switching Power          Leakage Power            Total Power    (   %  )    Attrs
-----------------------------------------------------------------------------------------------------------------------------
io_pad                    0.00e+00               0.00e+00               0.00e+00               0.00e+00    (  0.0%)         
memory                    0.00e+00               0.00e+00               0.00e+00               0.00e+00    (  0.0%)         
black_box                 0.00e+00               0.00e+00               0.00e+00               0.00e+00    (  0.0%)         
clock_network             1.54e+05               3.03e+04               8.58e+02               1.85e+05    ( 43.4%)        i
register                  7.24e+03               2.07e+03               4.46e+04               5.40e+04    ( 12.7%)         
sequential                0.00e+00               0.00e+00               0.00e+00               0.00e+00    (  0.0%)         
combinational             4.33e+03               1.21e+04               1.71e+05               1.87e+05    ( 44.0%)         
-----------------------------------------------------------------------------------------------------------------------------
Total                     1.65e+05 nW            4.45e+04 nW            2.16e+05 nW            4.26e+05 nW
Mode: mode1
Corner: cornerSS
Scenario: scenarioSS
Voltage: 1.08
Temperature: 125.00

Voltage Unit         : 1V
Capacitance Unit     : 1pF
Time Unit            : 1ns
Temperature Unit     : 1C
Dynamic Power Unit   : 1nW
Leakage Power Unit   : 1nW

Switched supply net power scaling:
scaling for leakage power

Supply nets:
VDD (power) probability 1.00 (default)
VSS (ground) probability 1.00 (default)

  Cell Internal Power    = 8.49e+04 nW ( 74.0%)
  Net Switching Power    = 2.98e+04 nW ( 26.0%)
Total Dynamic Power      = 1.15e+05 nW (100.0%)

Cell Leakage Power       = 2.75e+03 nW


  Attributes
  ----------
      u  -  User defined power group
      i  -  Includes clock pin internal power

Power Group         Internal Power        Switching Power          Leakage Power            Total Power    (   %  )    Attrs
-----------------------------------------------------------------------------------------------------------------------------
io_pad                    0.00e+00               0.00e+00               0.00e+00               0.00e+00    (  0.0%)         
memory                    0.00e+00               0.00e+00               0.00e+00               0.00e+00    (  0.0%)         
black_box                 0.00e+00               0.00e+00               0.00e+00               0.00e+00    (  0.0%)         
clock_network             7.92e+04               2.04e+04               1.10e+01               9.96e+04    ( 84.8%)        i
register                  3.66e+03               1.37e+03               5.09e+02               5.54e+03    (  4.7%)         
sequential                0.00e+00               0.00e+00               0.00e+00               0.00e+00    (  0.0%)         
combinational             2.06e+03               8.08e+03               2.23e+03               1.24e+04    ( 10.5%)         
-----------------------------------------------------------------------------------------------------------------------------
Total                     8.49e+04 nW            2.98e+04 nW            2.75e+03 nW            1.18e+05 nW
1
