Invoking simulator...

./resultados_sin_errores -sml=verdi +UVM_VERDI_TRACE=UVM_AWARE +fsdb+gate=off -ucli2Proc -ucli
debImport "-i" "-simflow" "-dbdir" "./resultados_sin_errores.daidir"
*Verdi* Loading libsscore_vcs202012.so

*Verdi* : Enable RPC Server(33845)

srcTBInvokeSim
Chronologic VCS simulator copyright 1991-2020
Contains Synopsys proprietary information.
Compiler version R-2020.12-SP2_Full64; Runtime version R-2020.12-SP2_Full64;  May 29 13:37 2025
xterm-256color is Not a valid terminal...
Verdi>fsdbDumpvars 1 "tb_top.dut.counter_and_parity"  +all +trace_process;fsdbDumpflush 

*Verdi* : Begin traversing the scope (tb_top.dut.counter_and_parity), layer (1).
*Verdi* : Enable +trace_process and +all dumping.
*Verdi* : End of traversing.
*Verdi* : Flush all FSDB Files at 0 ps.

Verdi>run
tb_sin_errores.sv, 45 :         $stop;
Verdi>fsdbDumpvars 1 "tb_top.dut.counter_and_parity.width"  +all +trace_process;fsdbDumpflush 

*Verdi* : Dumping the signal (tb_top.dut.counter_and_parity.width).
*Verdi* : Flush all FSDB Files at 125,000 ps.

           V C S   S i m u l a t i o n   R e p o r t 
Time: 125000 ps
CPU Time:      0.150 seconds;       Data structure size:   0.0Mb
Thu May 29 14:41:13 2025
debExit
