version: (200506)

available memory: 64M bytes
used memory: 90112 bytes [need 88K bytes if disable swap]

used block: 4 [memory(4) file(0)]
                 [ 8K(3) 64K(1) { total 88K bytes } ]
overhead: (9538) bytes for (4) blocks [Average: (2384) bytes/block]

write  => 0(times) 0K(bytes) [0K bytes to file]
read   => 1(times) 13K(bytes) [2K bytes compressed data from file]
access => 73052(times) 577M(bytes)
          [hit ratio: 99.9986%]

time: write(0) read(0)  unit: second

swap file directory: (/mnt/vol_NFS_rh003/estudiantes/DANIELA_VARGAS/Version_final/0516/versiones_finales/Registro/TSMC_TMR_32/FLOW/common/rtl/sverilog/verdiLog)
used swap file number: (1)



swap file manager:
arrSize: (256)
idxCnt: (3)
closeHead: (1)
closeTail: (2)
openCnt: (2)
fid(2): fd(33) fileName(/mnt/vol_NFS_rh003/estudiantes/DANIELA_VARGAS/Version_final/0516/versiones_finales/Registro/TSMC_TMR_32/FLOW/common/rtl/sverilog/verdiLog/_swap_0001#8323328#256216)
	size(0) lastModTime(0) curModTime(1747847845)
	mode(w+b)	hot(0) cool(1) pos(0)
fid(1): fd(1073741824) fileName(/mnt/vol_NFS_rh003/estudiantes/DANIELA_VARGAS/Version_final/0516/versiones_finales/Registro/TSMC_TMR_32/FLOW/common/rtl/sverilog/prueba_1.daidir/kdb.elab++/work.lib++/tb.sv.tdc)
	size(4044) lastModTime(1747847829) curModTime(1747847829)
	mode(rb)	hot(2) cool(0) pos(0)
fid(0): fd(0) fileName(NULL)
	mode(NULL)	hot(0) cool(0) pos(0)
==================================================
mySelf(16e460c0) pre(1699f340) next(0)
version(200506)
date(May 19 2021 05:00:27)
