Warning: Scenario scenarioFF is not configured for setup analysis: skipping. (UIC-058)
****************************************
Report : timing
        -path_type full
        -delay_type max
        -max_paths 1
        -report_by design
Design : top
Version: U-2022.12-SP6
Date   : Wed May 21 14:48:28 2025
****************************************

  Startpoint: reg_data_reg[0] (rising edge-triggered flip-flop clocked by SYS_CLK)
  Endpoint: parallel_out[3] (output port clocked by SYS_CLK)
  Mode: mode1
  Corner: cornerSS
  Scenario: scenarioSS
  Path Group: **reg2out_default**
  Path Type: max

  Point                                            Incr      Path  
  ------------------------------------------------------------------------
  clock SYS_CLK (rise edge)                        0.00      0.00
  clock network delay (ideal)                      0.00      0.00

  reg_data_reg[0]/CP (SDFCND0HPBWP)                0.00      0.00 r
  reg_data_reg[0]/QN (SDFCND0HPBWP)                0.45      0.45 r
  ctmi_254/ZN (OAI22D1HPBWP)                       0.12      0.56 f
  ctmi_268/ZN (MOAI22D0HPBWP)                      0.17      0.73 f
  ctmi_267/ZN (MUX2ND0HPBWP)                       0.21      0.94 f
  ctmi_288/ZN (NR2XD0HPBWP)                        0.12      1.06 r
  ctmi_287/ZN (CKND2D1HPBWP)                       0.08      1.14 f
  ctmi_286/ZN (MUX2ND0HPBWP)                       0.16      1.29 f
  parallel_out[3] (out)                            0.00      1.29 f
  data arrival time                                          1.29

  clock SYS_CLK (rise edge)                       10.00     10.00
  clock network delay (ideal)                      0.00     10.00
  clock uncertainty                               -0.30      9.70
  output external delay                           -1.00      8.70
  data required time                                         8.70
  ------------------------------------------------------------------------
  data required time                                         8.70
  data arrival time                                         -1.29
  ------------------------------------------------------------------------
  slack (MET)                                                7.41


1
