Information: Corner cornerFF: no PVT mismatches. (PVT-032)
Information: Corner cornerSS: no PVT mismatches. (PVT-032)
****************************************
Report : power
        -significant_digits 2
Design : top
Version: U-2022.12-SP6
Date   : Tue Jun  3 23:14:37 2025
****************************************
Information: Activity propagation will be performed for scenario scenarioFF.
Information: Doing activity propagation for mode 'mode1' and corner 'cornerFF' with effort level 'medium'. (POW-024)
Information: Timer-derived activity data is cached on scenario scenarioFF (POW-052)
Infomation: Fast mode activity propagation power.rtl_activity_annotation setup is ignored. Always use accurate mode.
Information: Running switching activity propagation in scalar mode!

 **** Information : No. of simulation cycles = 6 ****
Information: Propagated activity on scenario scenarioSS identical to that on scenarioFF (POW-006)
Information: The stitching and editing of coupling caps is turned OFF for design 'top_lib:top/auto_floorplan.design'. (TIM-125)
Information: Design Average RC for design top  (NEX-011)
Information: r = 0.874038 ohm/um, via_r = 1.815407 ohm/cut, c = 0.137263 ff/um, cc = 0.000000 ff/um (X dir) (NEX-017)
Information: r = 0.843585 ohm/um, via_r = 1.815407 ohm/cut, c = 0.147629 ff/um, cc = 0.000000 ff/um (Y dir) (NEX-017)
Information: The RC mode used is VR for design 'top'. (NEX-022)
Information: Update timing completed net estimation for all the timing graph nets (TIM-111)
Information: Net estimation statistics: timing graph nets = 402, routed nets = 0, across physical hierarchy nets = 0, parasitics cached nets = 402, delay annotated nets = 0, parasitics annotated nets = 0, multi-voltage nets = 0. (TIM-112)
************************************************************
Timer Settings:
Delay Calculation Style:                   auto
Signal Integrity Analysis:                 disabled
Timing Window Analysis:                    disabled
Advanced Waveform Propagation:             disabled
Variation Type:                            fixed_derate
Clock Reconvergence Pessimism Removal:     disabled
Advanced Receiver Model:                   disabled
ML Acceleration:                           off
************************************************************
Mode: mode1
Corner: cornerFF
Scenario: scenarioFF
Voltage: 1.32
Temperature: 125.00

Voltage Unit         : 1V
Capacitance Unit     : 1pF
Time Unit            : 1ns
Temperature Unit     : 1C
Dynamic Power Unit   : 1nW
Leakage Power Unit   : 1nW

Switched supply net power scaling:
scaling for leakage power

Supply nets:
VDD (power) probability 1.00 (default)
VSS (ground) probability 1.00 (default)
Warning: Power table extrapolation (extrapolation mode) for port Z on cell ctmi_1434 for parameter Tinp. Lowest table value = 0.004000, highest table value = 0.331200, value = 0.000172 (POW-046)
Warning: Power table extrapolation (extrapolation mode) for port Z on cell ctmi_1306 for parameter Tinp. Lowest table value = 0.004000, highest table value = 0.331200, value = 0.527477 (POW-046)
Warning: Power table extrapolation (extrapolation mode) for port Z on cell ctmi_1307 for parameter Cout. Lowest table value = 0.000900, highest table value = 0.150800, value = 0.213915 (POW-046)
Warning: Power table extrapolation (extrapolation mode) for port Z on cell ctmi_1308 for parameter Tinp. Lowest table value = 0.004000, highest table value = 0.331200, value = 0.525150 (POW-046)
Warning: Power table extrapolation (extrapolation mode) for port Z on cell ctmi_128 for parameter Tinp. Lowest table value = 0.004000, highest table value = 0.331200, value = 0.000172 (POW-046)
Warning: Power table extrapolation (extrapolation mode) for port Z on cell ctmi_1309 for parameter Tinp. Lowest table value = 0.004000, highest table value = 0.331200, value = 0.528336 (POW-046)
Warning: Power table extrapolation (extrapolation mode) for port Z on cell ctmi_1310 for parameter Tinp. Lowest table value = 0.004000, highest table value = 0.331200, value = 0.528336 (POW-046)
Warning: Power table extrapolation (extrapolation mode) for port Z on cell ctmi_1311 for parameter Tinp. Lowest table value = 0.004000, highest table value = 0.331200, value = 0.528336 (POW-046)
Warning: Power table extrapolation (extrapolation mode) for port Z on cell ctmi_1301 for parameter Tinp. Lowest table value = 0.004000, highest table value = 0.331200, value = 0.000114 (POW-046)
Warning: Power table extrapolation (extrapolation mode) for port ZN on cell phfnr_buf_144 for parameter Tinp. Lowest table value = 0.004000, highest table value = 0.331200, value = 0.000191 (POW-046)
Note - message 'POW-046' limit (10) exceeded. Remainder will be suppressed.

  Cell Internal Power    = 1.38e+05 nW ( 81.8%)
  Net Switching Power    = 3.07e+04 nW ( 18.2%)
Total Dynamic Power      = 1.68e+05 nW (100.0%)

Cell Leakage Power       = 4.08e+04 nW


  Attributes
  ----------
      u  -  User defined power group
      i  -  Includes clock pin internal power

Power Group         Internal Power        Switching Power          Leakage Power            Total Power    (   %  )    Attrs
-----------------------------------------------------------------------------------------------------------------------------
io_pad                    0.00e+00               0.00e+00               0.00e+00               0.00e+00    (  0.0%)         
memory                    0.00e+00               0.00e+00               0.00e+00               0.00e+00    (  0.0%)         
black_box                 0.00e+00               0.00e+00               0.00e+00               0.00e+00    (  0.0%)         
clock_network             1.10e+05               1.57e+04               2.15e+02               1.26e+05    ( 60.4%)        i
register                  1.66e+04               4.32e+03               3.06e+04               5.15e+04    ( 24.6%)         
sequential                0.00e+00               0.00e+00               0.00e+00               0.00e+00    (  0.0%)         
combinational             1.08e+04               1.07e+04               9.91e+03               3.13e+04    ( 15.0%)         
-----------------------------------------------------------------------------------------------------------------------------
Total                     1.38e+05 nW            3.07e+04 nW            4.08e+04 nW            2.09e+05 nW
Mode: mode1
Corner: cornerSS
Scenario: scenarioSS
Voltage: 1.08
Temperature: 125.00

Voltage Unit         : 1V
Capacitance Unit     : 1pF
Time Unit            : 1ns
Temperature Unit     : 1C
Dynamic Power Unit   : 1nW
Leakage Power Unit   : 1nW

Switched supply net power scaling:
scaling for leakage power

Supply nets:
VDD (power) probability 1.00 (default)
VSS (ground) probability 1.00 (default)

  Cell Internal Power    = 7.20e+04 nW ( 78.0%)
  Net Switching Power    = 2.03e+04 nW ( 22.0%)
Total Dynamic Power      = 9.23e+04 nW (100.0%)

Cell Leakage Power       = 4.50e+02 nW


  Attributes
  ----------
      u  -  User defined power group
      i  -  Includes clock pin internal power

Power Group         Internal Power        Switching Power          Leakage Power            Total Power    (   %  )    Attrs
-----------------------------------------------------------------------------------------------------------------------------
io_pad                    0.00e+00               0.00e+00               0.00e+00               0.00e+00    (  0.0%)         
memory                    0.00e+00               0.00e+00               0.00e+00               0.00e+00    (  0.0%)         
black_box                 0.00e+00               0.00e+00               0.00e+00               0.00e+00    (  0.0%)         
clock_network             5.71e+04               1.03e+04               2.73e+00               6.74e+04    ( 72.6%)        i
register                  9.37e+03               2.93e+03               3.43e+02               1.26e+04    ( 13.6%)         
sequential                0.00e+00               0.00e+00               0.00e+00               0.00e+00    (  0.0%)         
combinational             5.55e+03               7.07e+03               1.04e+02               1.27e+04    ( 13.7%)         
-----------------------------------------------------------------------------------------------------------------------------
Total                     7.20e+04 nW            2.03e+04 nW            4.50e+02 nW            9.27e+04 nW
1
