Warning: Scenario scenarioSS is not configured for hold analysis: skipping. (UIC-058)
****************************************
Report : timing
        -path_type full
        -delay_type min
        -max_paths 1
        -report_by design
Design : top
Version: U-2022.12-SP6
Date   : Tue Jun  3 23:14:38 2025
****************************************

  Startpoint: reg_data_reg[24] (rising edge-triggered flip-flop clocked by SYS_CLK)
  Endpoint: reg_data_reg[25] (rising edge-triggered flip-flop clocked by SYS_CLK)
  Mode: mode1
  Corner: cornerFF
  Scenario: scenarioFF
  Path Group: SYS_CLK
  Path Type: min

  Point                                            Incr      Path  
  ------------------------------------------------------------------------
  clock SYS_CLK (rise edge)                        0.00      0.00
  clock network delay (ideal)                      0.00      0.00

  reg_data_reg[24]/CP (SDFCNQD1HPBWP)              0.00      0.00 r
  reg_data_reg[24]/Q (SDFCNQD1HPBWP)               0.13      0.13 f
  ctmi_1408/Z (AO222D0HPBWP)                       0.06      0.19 f
  reg_data_reg[25]/D (SDFCNQD1HPBWP)               0.00      0.19 f
  data arrival time                                          0.19

  clock SYS_CLK (rise edge)                        0.00      0.00
  clock network delay (ideal)                      0.00      0.00
  reg_data_reg[25]/CP (SDFCNQD1HPBWP)              0.00      0.00 r
  library hold time                                0.01      0.01
  data required time                                         0.01
  ------------------------------------------------------------------------
  data required time                                         0.01
  data arrival time                                         -0.19
  ------------------------------------------------------------------------
  slack (MET)                                                0.18


1
