Invoking simulator...

./results -sml=verdi +UVM_VERDI_TRACE=UVM_AWARE +fsdb+gate=off -ucli2Proc -ucli
debImport "-i" "-simflow" "-dbdir" "./results.daidir"
*Verdi* Loading libsscore_vcs202012.so

*Verdi* : Enable RPC Server(730579)

srcTBInvokeSim
Chronologic VCS simulator copyright 1991-2020
Contains Synopsys proprietary information.
Compiler version R-2020.12-SP2_Full64; Runtime version R-2020.12-SP2_Full64;  Jun  2 19:26 2025
xterm-256color is Not a valid terminal...
Verdi>fsdbDumpvars 1 "tb_TMR_system.uut"  +all +trace_process;fsdbDumpflush 

*Verdi* : Begin traversing the scope (tb_TMR_system.uut), layer (1).
*Verdi* : Enable +trace_process and +all dumping.
*Verdi* : End of traversing.
*Verdi* : Flush all FSDB Files at 0 ps.

Verdi>fsdbDumpvars 1 "tb_TMR_system.uut.counter_1"  +all +trace_process;fsdbDumpflush 

*Verdi* : Begin traversing the scope (tb_TMR_system.uut.counter_1), layer (1).
*Verdi* : Enable +trace_process and +all dumping.
*Verdi* : End of traversing.
*Verdi* : Flush all FSDB Files at 0 ps.

Verdi>fsdbDumpvars 1 "tb_TMR_system.uut.counter_2"  +all +trace_process;fsdbDumpflush 

*Verdi* : Begin traversing the scope (tb_TMR_system.uut.counter_2), layer (1).
*Verdi* : Enable +trace_process and +all dumping.
*Verdi* : End of traversing.
*Verdi* : Flush all FSDB Files at 0 ps.

Verdi>fsdbDumpvars 1 "tb_TMR_system.uut.counter_3"  +all +trace_process;fsdbDumpflush 

*Verdi* : Begin traversing the scope (tb_TMR_system.uut.counter_3), layer (1).
*Verdi* : Enable +trace_process and +all dumping.
*Verdi* : End of traversing.
*Verdi* : Flush all FSDB Files at 0 ps.

Verdi>fsdbDumpvars 1 "tb_TMR_system.uut.voter"  +all +trace_process;fsdbDumpflush 

*Verdi* : Begin traversing the scope (tb_TMR_system.uut.voter), layer (1).
*Verdi* : Enable +trace_process and +all dumping.
*Verdi* : End of traversing.
*Verdi* : Flush all FSDB Files at 0 ps.

Verdi>run
tb3.sv, 69 :         $stop;
           V C S   S i m u l a t i o n   R e p o r t 
Time: 365000 ps
CPU Time:      0.090 seconds;       Data structure size:   0.0Mb
Mon Jun  2 19:54:13 2025

<VERDI_Terminated>

debExit
