version: (200506)

available memory: 64M bytes
used memory: 155648 bytes [need 152K bytes if disable swap]

used block: 5 [memory(5) file(0)]
                 [ 8K(3) 64K(2) { total 152K bytes } ]
overhead: (9538) bytes for (5) blocks [Average: (1907) bytes/block]

write  => 0(times) 0K(bytes) [0K bytes to file]
read   => 2(times) 20K(bytes) [3K bytes compressed data from file]
access => 141839(times) 1115M(bytes)
          [hit ratio: 99.9986%]

time: write(0) read(0)  unit: second

swap file directory: (/mnt/vol_NFS_rh003/estudiantes/DANIELA_VARGAS/Version_final/0516/versiones_finales/semana14/Contador_TMR/TSMC_TMR_8/FLOW/common/rtl/sverilog/verdiLog)
used swap file number: (3)



swap file manager:
arrSize: (256)
idxCnt: (4)
closeHead: (1)
closeTail: (3)
openCnt: (3)
fid(3): fd(1073741825) fileName(/mnt/vol_NFS_rh003/estudiantes/DANIELA_VARGAS/Version_final/0516/versiones_finales/semana14/Contador_TMR/TSMC_TMR_8/FLOW/common/rtl/sverilog/results.daidir/kdb.elab++/work.lib++/top.sv#inc___vcs_unit__1__1#.tdc)
	size(3504) lastModTime(1748913963) curModTime(1748913963)
	mode(rb)	hot(0) cool(2) pos(0)
fid(2): fd(33) fileName(/mnt/vol_NFS_rh003/estudiantes/DANIELA_VARGAS/Version_final/0516/versiones_finales/semana14/Contador_TMR/TSMC_TMR_8/FLOW/common/rtl/sverilog/verdiLog/_swap_0001#8323328#730496)
	size(0) lastModTime(0) curModTime(1748914010)
	mode(w+b)	hot(3) cool(1) pos(0)
fid(1): fd(1073741824) fileName(/mnt/vol_NFS_rh003/estudiantes/DANIELA_VARGAS/Version_final/0516/versiones_finales/semana14/Contador_TMR/TSMC_TMR_8/FLOW/common/rtl/sverilog/results.daidir/kdb.elab++/work.lib++/tb3.sv.tdc)
	size(2723) lastModTime(1748913963) curModTime(1748913963)
	mode(rb)	hot(2) cool(0) pos(0)
fid(0): fd(0) fileName(NULL)
	mode(NULL)	hot(0) cool(0) pos(0)
==================================================
mySelf(15385e60) pre(1618ff10) next(0)
version(200506)
date(May 19 2021 05:00:27)
