Information: Corner cornerFF: no PVT mismatches. (PVT-032)
Information: Corner cornerSS: no PVT mismatches. (PVT-032)
****************************************
Report : power
        -significant_digits 2
Design : top
Version: U-2022.12-SP6
Date   : Wed May 28 19:56:55 2025
****************************************
Information: Activity propagation will be performed for scenario scenarioFF.
Information: Doing activity propagation for mode 'mode1' and corner 'cornerFF' with effort level 'medium'. (POW-024)
Information: Timer-derived activity data is cached on scenario scenarioFF (POW-052)
Infomation: Fast mode activity propagation power.rtl_activity_annotation setup is ignored. Always use accurate mode.
Information: Running switching activity propagation in scalar mode!

 **** Information : No. of simulation cycles = 7 ****
Information: Propagated activity on scenario scenarioSS identical to that on scenarioFF (POW-006)
Information: The stitching and editing of coupling caps is turned OFF for design 'top_lib:top/auto_floorplan.design'. (TIM-125)
Information: Design Average RC for design top  (NEX-011)
Information: r = 0.847579 ohm/um, via_r = 1.815407 ohm/cut, c = 0.128610 ff/um, cc = 0.000000 ff/um (X dir) (NEX-017)
Information: r = 0.854487 ohm/um, via_r = 1.815407 ohm/cut, c = 0.148445 ff/um, cc = 0.000000 ff/um (Y dir) (NEX-017)
Information: The RC mode used is VR for design 'top'. (NEX-022)
Information: Update timing completed net estimation for all the timing graph nets (TIM-111)
Information: Net estimation statistics: timing graph nets = 1830, routed nets = 0, across physical hierarchy nets = 0, parasitics cached nets = 1830, delay annotated nets = 0, parasitics annotated nets = 0, multi-voltage nets = 0. (TIM-112)
************************************************************
Timer Settings:
Delay Calculation Style:                   auto
Signal Integrity Analysis:                 disabled
Timing Window Analysis:                    disabled
Advanced Waveform Propagation:             disabled
Variation Type:                            fixed_derate
Clock Reconvergence Pessimism Removal:     disabled
Advanced Receiver Model:                   disabled
ML Acceleration:                           off
************************************************************
Mode: mode1
Corner: cornerFF
Scenario: scenarioFF
Voltage: 1.32
Temperature: 125.00

Voltage Unit         : 1V
Capacitance Unit     : 1pF
Time Unit            : 1ns
Temperature Unit     : 1C
Dynamic Power Unit   : 1nW
Leakage Power Unit   : 1nW

Switched supply net power scaling:
scaling for leakage power

Supply nets:
VDD (power) probability 1.00 (default)
VSS (ground) probability 1.00 (default)
Warning: Power table extrapolation (extrapolation mode) for port CDN on cell counter_and_parity/count_neg_reg[126] for parameter Tinp. Lowest table value = 0.004000, highest table value = 0.331200, value = 7.838764 (POW-046)
Warning: Fall toggles on pin counter_and_parity/count_neg_reg[126]/QN are impossible given input states; converted to rise toggles. (POW-069)
Warning: Power table extrapolation (extrapolation mode) for port QN on cell counter_and_parity/count_neg_reg[126] for parameter Tinp. Lowest table value = 0.004000, highest table value = 0.331200, value = 5.363293 (POW-046)
Warning: Power table extrapolation (extrapolation mode) for port QN on cell counter_and_parity/count_neg_reg[126] for parameter Cout. Lowest table value = 0.000600, highest table value = 0.037700, value = 0.000000 (POW-046)
Warning: Power table extrapolation (extrapolation mode) for port E on cell syndrome_inst/syndrome_reg[44] for parameter Tinp. Lowest table value = 0.004000, highest table value = 0.331200, value = 0.410919 (POW-046)
Warning: Power table extrapolation (extrapolation mode) for port Q on cell syndrome_inst/syndrome_reg[44] for parameter Tinp. Lowest table value = 0.004000, highest table value = 0.331200, value = 0.410919 (POW-046)
Warning: Power table extrapolation (extrapolation mode) for port CDN on cell counter_and_parity/count_reg_reg[50] for parameter Tinp. Lowest table value = 0.004000, highest table value = 0.331200, value = 7.838249 (POW-046)
Warning: Fall toggles on pin counter_and_parity/count_reg_reg[50]/QN are impossible given input states; converted to rise toggles. (POW-069)
Warning: Power table extrapolation (extrapolation mode) for port QN on cell counter_and_parity/count_reg_reg[50] for parameter Tinp. Lowest table value = 0.004000, highest table value = 0.331200, value = 5.365009 (POW-046)
Warning: Power table extrapolation (extrapolation mode) for port E on cell syndrome_inst/syndrome_reg[42] for parameter Tinp. Lowest table value = 0.004000, highest table value = 0.331200, value = 0.410919 (POW-046)
Warning: Power table extrapolation (extrapolation mode) for port EN on cell syndrome_inst/syndrome_reg[37] for parameter Tinp. Lowest table value = 0.004000, highest table value = 0.331200, value = 0.370541 (POW-046)
Warning: Fall toggles on pin syndrome_inst/syndrome_reg[37]/QN are impossible given input states; converted to rise toggles. (POW-069)
Warning: Power table extrapolation (extrapolation mode) for port E on cell syndrome_inst/syndrome_reg[41] for parameter Tinp. Lowest table value = 0.004000, highest table value = 0.331200, value = 0.410919 (POW-046)
Note - message 'POW-046' limit (10) exceeded. Remainder will be suppressed.
Warning: Fall toggles on pin syndrome_inst/syndrome_reg[34]/QN are impossible given input states; converted to rise toggles. (POW-069)
Warning: Fall toggles on pin syndrome_inst/syndrome_reg[27]/QN are impossible given input states; converted to rise toggles. (POW-069)
Warning: Fall toggles on pin syndrome_inst/syndrome_reg[25]/QN are impossible given input states; converted to rise toggles. (POW-069)
Warning: Fall toggles on pin syndrome_inst/syndrome_reg[22]/QN are impossible given input states; converted to rise toggles. (POW-069)
Warning: Fall toggles on pin syndrome_inst/syndrome_reg[19]/QN are impossible given input states; converted to rise toggles. (POW-069)
Warning: Fall toggles on pin syndrome_inst/syndrome_reg[13]/QN are impossible given input states; converted to rise toggles. (POW-069)
Warning: Fall toggles on pin syndrome_inst/syndrome_reg[10]/QN are impossible given input states; converted to rise toggles. (POW-069)
Note - message 'POW-069' limit (10) exceeded. Remainder will be suppressed.

  Cell Internal Power    = 4.49e+05 nW ( 93.6%)
  Net Switching Power    = 3.06e+04 nW (  6.4%)
Total Dynamic Power      = 4.80e+05 nW (100.0%)

Cell Leakage Power       = 2.32e+05 nW


  Attributes
  ----------
      u  -  User defined power group
      i  -  Includes clock pin internal power

Power Group         Internal Power        Switching Power          Leakage Power            Total Power    (   %  )    Attrs
-----------------------------------------------------------------------------------------------------------------------------
io_pad                    0.00e+00               0.00e+00               0.00e+00               0.00e+00    (  0.0%)         
memory                    0.00e+00               0.00e+00               0.00e+00               0.00e+00    (  0.0%)         
black_box                 0.00e+00               0.00e+00               0.00e+00               0.00e+00    (  0.0%)         
clock_network             4.26e+05               8.85e+03               1.06e+03               4.36e+05    ( 61.2%)        i
register                  1.60e+04               1.52e+03               1.35e+05               1.53e+05    ( 21.5%)         
sequential                4.32e+03               7.32e+01               8.72e+03               1.31e+04    (  1.8%)         
combinational             2.76e+03               2.02e+04               8.74e+04               1.10e+05    ( 15.5%)         
-----------------------------------------------------------------------------------------------------------------------------
Total                     4.49e+05 nW            3.06e+04 nW            2.32e+05 nW            7.12e+05 nW
Mode: mode1
Corner: cornerSS
Scenario: scenarioSS
Voltage: 1.08
Temperature: 125.00

Voltage Unit         : 1V
Capacitance Unit     : 1pF
Time Unit            : 1ns
Temperature Unit     : 1C
Dynamic Power Unit   : 1nW
Leakage Power Unit   : 1nW

Switched supply net power scaling:
scaling for leakage power

Supply nets:
VDD (power) probability 1.00 (default)
VSS (ground) probability 1.00 (default)

  Cell Internal Power    = 2.29e+05 nW ( 91.8%)
  Net Switching Power    = 2.04e+04 nW (  8.2%)
Total Dynamic Power      = 2.49e+05 nW (100.0%)

Cell Leakage Power       = 2.62e+03 nW


  Attributes
  ----------
      u  -  User defined power group
      i  -  Includes clock pin internal power

Power Group         Internal Power        Switching Power          Leakage Power            Total Power    (   %  )    Attrs
-----------------------------------------------------------------------------------------------------------------------------
io_pad                    0.00e+00               0.00e+00               0.00e+00               0.00e+00    (  0.0%)         
memory                    0.00e+00               0.00e+00               0.00e+00               0.00e+00    (  0.0%)         
black_box                 0.00e+00               0.00e+00               0.00e+00               0.00e+00    (  0.0%)         
clock_network             2.18e+05               5.90e+03               1.35e+01               2.24e+05    ( 88.9%)        i
register                  7.89e+03               1.00e+03               1.55e+03               1.04e+04    (  4.1%)         
sequential                1.52e+03               4.68e+01               1.04e+02               1.67e+03    (  0.7%)         
combinational             1.40e+03               1.34e+04               9.50e+02               1.58e+04    (  6.3%)         
-----------------------------------------------------------------------------------------------------------------------------
Total                     2.29e+05 nW            2.04e+04 nW            2.62e+03 nW            2.52e+05 nW
1
