****************************************
Report : qor
Design : top
Version: U-2022.12-SP6
Date   : Thu May 29 21:54:08 2025
****************************************


Scenario           'scenarioFF'
Timing Path Group  '**in2reg_default**'
----------------------------------------
Worst Hold Violation:              0.00
Total Hold Violation:              0.00
No. of Hold Violations:               0
----------------------------------------

Scenario           'scenarioFF'
Timing Path Group  '**reg2out_default**'
----------------------------------------
Worst Hold Violation:              0.00
Total Hold Violation:              0.00
No. of Hold Violations:               0
----------------------------------------

Scenario           'scenarioFF'
Timing Path Group  'SYS_CLK'
----------------------------------------
Worst Hold Violation:              0.00
Total Hold Violation:              0.00
No. of Hold Violations:               0
----------------------------------------

Scenario           'scenarioSS'
Timing Path Group  '**in2reg_default**'
----------------------------------------
Levels of Logic:                      4
Critical Path Length:              2.93
Critical Path Slack:               6.69
Critical Path Clk Period:         10.00
Total Negative Slack:              0.00
No. of Violating Paths:               0
----------------------------------------

Scenario           'scenarioSS'
Timing Path Group  '**reg2out_default**'
----------------------------------------
Levels of Logic:                      0
Critical Path Length:              0.47
Critical Path Slack:               8.23
Critical Path Clk Period:         10.00
Total Negative Slack:              0.00
No. of Violating Paths:               0
----------------------------------------

Scenario           'scenarioSS'
Timing Path Group  'SYS_CLK'
----------------------------------------
Levels of Logic:                     32
Critical Path Length:              3.60
Critical Path Slack:               6.07
Critical Path Clk Period:         10.00
Total Negative Slack:              0.00
No. of Violating Paths:               0
----------------------------------------


Cell Count
----------------------------------------
Hierarchical Cell Count:              3
Hierarchical Port Count:            335
Leaf Cell Count:                    603
Buf/Inv Cell Count:                   6
Buf Cell Count:                       0
Inv Cell Count:                       6
Combinational Cell Count:           428
   Single-bit Isolation Cell Count:                        0
   Multi-bit Isolation Cell Count:                         0
   Isolation Cell Banking Ratio:                           0.00%
   Single-bit Level Shifter Cell Count:                    0
   Multi-bit Level Shifter Cell Count:                     0
   Level Shifter Cell Banking Ratio:                       0.00%
   Single-bit ELS Cell Count:                              0
   Multi-bit ELS Cell Count:                               0
   ELS Cell Banking Ratio:                                 0.00%
Sequential Cell Count:              175
   Integrated Clock-Gating Cell Count:                     5
   Sequential Macro Cell Count:                            0
   Single-bit Sequential Cell Count:                       170
   Multi-bit Sequential Cell Count:                        0
   Sequential Cell Banking Ratio:                          0.00%
   BitsPerflop:                                            1.00
Macro Count:                          0
----------------------------------------


Area
----------------------------------------
Combinational Area:             1247.60
Noncombinational Area:          1888.40
Buf/Inv Area:                      7.20
Total Buffer Area:                 0.00
Total Inverter Area:               7.20
Macro/Black Box Area:              0.00
Net Area:                             0
Net XLength:                    5796.41
Net YLength:                    6383.75
----------------------------------------
Cell Area (netlist):                           3136.00
Cell Area (netlist and physical only):         3136.00
Net Length:                    12180.16


Design Rules
----------------------------------------
Total Number of Nets:               639
Nets with Violations:                 4
Max Trans Violations:                 4
Max Cap Violations:                   4
----------------------------------------

1
